# mc-number	             name	     mass	    width	deg	Qb	Qs	Qc	Qbot	isospin	charge	decays	   Nyield
#      3312	             Ksi-	  1.32131	0.00000e+00	2	1	 -2	0	0	0.5	 -1	  1	3.14993e-06
# 1:pbar [GeV]	2:m [GeV]	3:Feq 1	4:Feq 2	5:Fshear 1	6:Fshear 2	7:Fshear 3	8:Fbulk 1	9:Fbulk 2	10:Ftemp 1	11:Ftemp 2	12:Fvel 1	13:Fvel 2	14:Fvel 3
    3.62517e-03	    1.32131e+00	    9.63470e-07	    1.00618e-06	    1.50887e-11	    4.75631e-08	    1.58508e-11	    1.47874e-06	    1.57144e-06	    9.99468e-06	    1.04565e-05	    3.79618e-09	    6.77522e-06	    3.97612e-09
    7.25044e-03	    1.32131e+00	    1.92675e-06	    2.01216e-06	    1.20701e-10	    9.52066e-08	    1.26797e-10	    2.95709e-06	    3.14245e-06	    1.99876e-05	    2.09110e-05	    1.51834e-08	    6.78580e-06	    1.59031e-08
    1.08759e-02	    1.32131e+00	    2.88965e-06	    3.01773e-06	    4.07315e-10	    1.43011e-07	    4.27885e-10	    4.43464e-06	    4.71261e-06	    2.99769e-05	    3.13618e-05	    3.41578e-08	    6.80343e-06	    3.57767e-08
    1.45016e-02	    1.32131e+00	    3.85198e-06	    4.02271e-06	    9.65320e-10	    1.91056e-07	    1.01407e-09	    5.91100e-06	    6.28150e-06	    3.99609e-05	    4.18070e-05	    6.07127e-08	    6.82809e-06	    6.35901e-08
    1.81278e-02	    1.32131e+00	    4.81355e-06	    5.02689e-06	    1.88497e-09	    2.39422e-07	    1.98015e-09	    7.38577e-06	    7.84869e-06	    4.99377e-05	    5.22447e-05	    9.48389e-08	    6.85979e-06	    9.93334e-08
    2.17544e-02	    1.32131e+00	    5.77416e-06	    6.03006e-06	    3.25634e-09	    2.88188e-07	    3.42076e-09	    8.85856e-06	    9.41377e-06	    5.99057e-05	    6.26729e-05	    1.36525e-07	    6.89851e-06	    1.42994e-07
    2.53815e-02	    1.32131e+00	    6.73364e-06	    7.03204e-06	    5.16928e-09	    3.37436e-07	    5.43026e-09	    1.03290e-05	    1.09763e-05	    6.98629e-05	    7.30898e-05	    1.85756e-07	    6.94424e-06	    1.94557e-07
    2.90094e-02	    1.32131e+00	    7.69179e-06	    8.03262e-06	    7.71336e-09	    3.87243e-07	    8.10276e-09	    1.17966e-05	    1.25359e-05	    7.98077e-05	    8.34936e-05	    2.42515e-07	    6.99695e-06	    2.54005e-07
    3.26380e-02	    1.32131e+00	    8.64842e-06	    9.03159e-06	    1.09779e-08	    4.37690e-07	    1.15320e-08	    1.32611e-05	    1.40921e-05	    8.97382e-05	    9.38824e-05	    3.06782e-07	    7.05664e-06	    3.21315e-07
    3.62674e-02	    1.32131e+00	    9.60335e-06	    1.00288e-05	    1.50517e-08	    4.88854e-07	    1.58114e-08	    1.47220e-05	    1.56445e-05	    9.96527e-05	    1.04254e-04	    3.78535e-07	    7.12328e-06	    3.96466e-07
    3.98979e-02	    1.32131e+00	    1.05564e-05	    1.10240e-05	    2.00233e-08	    5.40815e-07	    2.10338e-08	    1.61789e-05	    1.71926e-05	    1.09549e-04	    1.14607e-04	    4.57750e-07	    7.19684e-06	    4.79430e-07
    4.35293e-02	    1.32131e+00	    1.15073e-05	    1.20170e-05	    2.59809e-08	    5.93650e-07	    2.72918e-08	    1.76315e-05	    1.87361e-05	    1.19427e-04	    1.24940e-04	    5.44398e-07	    7.27730e-06	    5.70179e-07
    4.71619e-02	    1.32131e+00	    1.24560e-05	    1.30076e-05	    3.30119e-08	    6.47437e-07	    3.46774e-08	    1.90794e-05	    2.02746e-05	    1.29282e-04	    1.35250e-04	    6.38450e-07	    7.36463e-06	    6.68680e-07
    5.07958e-02	    1.32131e+00	    1.34022e-05	    1.39956e-05	    4.12033e-08	    7.02253e-07	    4.32817e-08	    2.05221e-05	    2.18076e-05	    1.39115e-04	    1.45535e-04	    7.39873e-07	    7.45880e-06	    7.74899e-07
    5.44310e-02	    1.32131e+00	    1.43458e-05	    1.49808e-05	    5.06417e-08	    7.58175e-07	    5.31958e-08	    2.19594e-05	    2.33347e-05	    1.48923e-04	    1.55794e-04	    8.48632e-07	    7.55978e-06	    8.88799e-07
    5.80676e-02	    1.32131e+00	    1.52865e-05	    1.59630e-05	    6.14128e-08	    8.15277e-07	    6.45095e-08	    2.33907e-05	    2.48556e-05	    1.58704e-04	    1.66026e-04	    9.64688e-07	    7.66752e-06	    1.01034e-06
    6.17058e-02	    1.32131e+00	    1.62242e-05	    1.69421e-05	    7.36018e-08	    8.73636e-07	    7.73124e-08	    2.48157e-05	    2.63697e-05	    1.68457e-04	    1.76227e-04	    1.08800e-06	    7.78199e-06	    1.13948e-06
    6.53456e-02	    1.32131e+00	    1.71587e-05	    1.79178e-05	    8.72932e-08	    9.33327e-07	    9.16930e-08	    2.62341e-05	    2.78767e-05	    1.78180e-04	    1.86396e-04	    1.21853e-06	    7.90315e-06	    1.27617e-06
    6.89871e-02	    1.32131e+00	    1.80899e-05	    1.88899e-05	    1.02570e-07	    9.94422e-07	    1.07739e-07	    2.76455e-05	    2.93762e-05	    1.87871e-04	    1.96532e-04	    1.35623e-06	    8.03095e-06	    1.42037e-06
    7.26304e-02	    1.32131e+00	    1.90174e-05	    1.98583e-05	    1.19517e-07	    1.05699e-06	    1.25538e-07	    2.90494e-05	    3.08677e-05	    1.97529e-04	    2.06633e-04	    1.50105e-06	    8.16535e-06	    1.57202e-06
    7.62757e-02	    1.32131e+00	    1.99412e-05	    2.08227e-05	    1.38214e-07	    1.12112e-06	    1.45175e-07	    3.04455e-05	    3.23510e-05	    2.07151e-04	    2.16696e-04	    1.65294e-06	    8.30629e-06	    1.73107e-06
    7.99230e-02	    1.32131e+00	    2.08611e-05	    2.17829e-05	    1.58743e-07	    1.18686e-06	    1.66736e-07	    3.18335e-05	    3.38255e-05	    2.16736e-04	    2.26720e-04	    1.81184e-06	    8.45373e-06	    1.89746e-06
    8.35723e-02	    1.32131e+00	    2.17768e-05	    2.27389e-05	    1.81184e-07	    1.25430e-06	    1.90305e-07	    3.32129e-05	    3.52909e-05	    2.26282e-04	    2.36704e-04	    1.97771e-06	    8.60762e-06	    2.07114e-06
    8.72239e-02	    1.32131e+00	    2.26882e-05	    2.36903e-05	    2.05617e-07	    1.32350e-06	    2.15965e-07	    3.45834e-05	    3.67468e-05	    2.35788e-04	    2.46644e-04	    2.15048e-06	    8.76789e-06	    2.25204e-06
    9.08778e-02	    1.32131e+00	    2.35952e-05	    2.46370e-05	    2.32120e-07	    1.39453e-06	    2.43798e-07	    3.59447e-05	    3.81929e-05	    2.45252e-04	    2.56540e-04	    2.33009e-06	    8.93448e-06	    2.44011e-06
    9.45342e-02	    1.32131e+00	    2.44974e-05	    2.55787e-05	    2.60770e-07	    1.46745e-06	    2.73885e-07	    3.72963e-05	    3.96286e-05	    2.54672e-04	    2.66390e-04	    2.51649e-06	    9.10735e-06	    2.63526e-06
    9.81930e-02	    1.32131e+00	    2.53949e-05	    2.65154e-05	    2.91642e-07	    1.54234e-06	    3.06305e-07	    3.86379e-05	    4.10536e-05	    2.64046e-04	    2.76191e-04	    2.70960e-06	    9.28642e-06	    2.83744e-06
    1.01854e-01	    1.32131e+00	    2.62873e-05	    2.74468e-05	    3.24812e-07	    1.61927e-06	    3.41138e-07	    3.99691e-05	    4.24676e-05	    2.73373e-04	    2.85943e-04	    2.90935e-06	    9.47162e-06	    3.04657e-06
    1.05519e-01	    1.32131e+00	    2.71745e-05	    2.83727e-05	    3.60354e-07	    1.69828e-06	    3.78460e-07	    4.12897e-05	    4.38702e-05	    2.82651e-04	    2.95643e-04	    3.11568e-06	    9.66289e-06	    3.26258e-06
    1.09185e-01	    1.32131e+00	    2.80564e-05	    2.92930e-05	    3.98340e-07	    1.77946e-06	    4.18347e-07	    4.25992e-05	    4.52609e-05	    2.91878e-04	    3.05289e-04	    3.32852e-06	    9.86017e-06	    3.48539e-06
    1.12855e-01	    1.32131e+00	    2.89327e-05	    3.02074e-05	    4.38841e-07	    1.86285e-06	    4.60874e-07	    4.38972e-05	    4.66395e-05	    3.01053e-04	    3.14881e-04	    3.54778e-06	    1.00634e-05	    3.71493e-06
    1.16528e-01	    1.32131e+00	    2.98033e-05	    3.11158e-05	    4.81927e-07	    1.94852e-06	    5.06114e-07	    4.51835e-05	    4.80055e-05	    3.10174e-04	    3.24415e-04	    3.77339e-06	    1.02724e-05	    3.95110e-06
    1.20204e-01	    1.32131e+00	    3.06680e-05	    3.20181e-05	    5.27667e-07	    2.03653e-06	    5.54139e-07	    4.64577e-05	    4.93587e-05	    3.19240e-04	    3.33891e-04	    4.00527e-06	    1.04872e-05	    4.19382e-06
    1.23883e-01	    1.32131e+00	    3.15266e-05	    3.29139e-05	    5.76128e-07	    2.12695e-06	    6.05019e-07	    4.77195e-05	    5.06985e-05	    3.28248e-04	    3.43306e-04	    4.24334e-06	    1.07078e-05	    4.44301e-06
    1.27566e-01	    1.32131e+00	    3.23790e-05	    3.38032e-05	    6.27375e-07	    2.21981e-06	    6.58823e-07	    4.89685e-05	    5.20248e-05	    3.37197e-04	    3.52660e-04	    4.48751e-06	    1.09339e-05	    4.69858e-06
    1.31252e-01	    1.32131e+00	    3.32250e-05	    3.46857e-05	    6.81473e-07	    2.31519e-06	    7.15617e-07	    5.02044e-05	    5.33370e-05	    3.46086e-04	    3.61949e-04	    4.73770e-06	    1.11655e-05	    4.96044e-06
    1.34941e-01	    1.32131e+00	    3.40645e-05	    3.55613e-05	    7.38485e-07	    2.41313e-06	    7.75469e-07	    5.14269e-05	    5.46349e-05	    3.54913e-04	    3.71173e-04	    4.99381e-06	    1.14026e-05	    5.22849e-06
    1.38634e-01	    1.32131e+00	    3.48972e-05	    3.64299e-05	    7.98471e-07	    2.51368e-06	    8.38441e-07	    5.26356e-05	    5.59182e-05	    3.63676e-04	    3.80330e-04	    5.25576e-06	    1.16451e-05	    5.50263e-06
    1.42331e-01	    1.32131e+00	    3.57229e-05	    3.72911e-05	    8.61492e-07	    2.61690e-06	    9.04595e-07	    5.38303e-05	    5.71865e-05	    3.72374e-04	    3.89418e-04	    5.52346e-06	    1.18928e-05	    5.78277e-06
    1.46031e-01	    1.32131e+00	    3.65417e-05	    3.81450e-05	    9.27604e-07	    2.72284e-06	    9.73993e-07	    5.50106e-05	    5.84394e-05	    3.81005e-04	    3.98435e-04	    5.79679e-06	    1.21457e-05	    6.06880e-06
    1.49736e-01	    1.32131e+00	    3.73531e-05	    3.89912e-05	    9.96865e-07	    2.83155e-06	    1.04669e-06	    5.61762e-05	    5.96766e-05	    3.89567e-04	    4.07380e-04	    6.07568e-06	    1.24036e-05	    6.36062e-06
    1.53444e-01	    1.32131e+00	    3.81572e-05	    3.98297e-05	    1.06933e-06	    2.94306e-06	    1.12275e-06	    5.73268e-05	    6.08979e-05	    3.98059e-04	    4.16258e-04	    6.36001e-06	    1.26666e-05	    6.65813e-06
    1.57157e-01	    1.32131e+00	    3.89538e-05	    4.06602e-05	    1.14505e-06	    3.05743e-06	    1.20222e-06	    5.84621e-05	    6.21028e-05	    4.06480e-04	    4.25047e-04	    6.64968e-06	    1.29344e-05	    6.96121e-06
    1.60874e-01	    1.32131e+00	    3.97426e-05	    4.14826e-05	    1.22408e-06	    3.17469e-06	    1.28516e-06	    5.95818e-05	    6.32911e-05	    4.14828e-04	    4.33766e-04	    6.94460e-06	    1.32070e-05	    7.26976e-06
    1.64595e-01	    1.32131e+00	    4.05236e-05	    4.22967e-05	    1.30646e-06	    3.29490e-06	    1.37162e-06	    6.06856e-05	    6.44625e-05	    4.23101e-04	    4.42406e-04	    7.24464e-06	    1.34843e-05	    7.58367e-06
    1.68320e-01	    1.32131e+00	    4.12966e-05	    4.31024e-05	    1.39224e-06	    3.41808e-06	    1.46164e-06	    6.17733e-05	    6.56166e-05	    4.31298e-04	    4.50965e-04	    7.54971e-06	    1.37661e-05	    7.90281e-06
    1.72050e-01	    1.32131e+00	    4.20613e-05	    4.38995e-05	    1.48148e-06	    3.54428e-06	    1.55528e-06	    6.28445e-05	    6.67532e-05	    4.39417e-04	    4.59443e-04	    7.85969e-06	    1.40524e-05	    8.22707e-06
    1.75785e-01	    1.32131e+00	    4.28178e-05	    4.46879e-05	    1.57420e-06	    3.67353e-06	    1.65258e-06	    6.38990e-05	    6.78719e-05	    4.47457e-04	    4.67837e-04	    8.17447e-06	    1.43430e-05	    8.55633e-06
    1.79525e-01	    1.32131e+00	    4.35658e-05	    4.54673e-05	    1.67046e-06	    3.80586e-06	    1.75358e-06	    6.49364e-05	    6.89725e-05	    4.55417e-04	    4.76147e-04	    8.49393e-06	    1.46379e-05	    8.89047e-06
    1.83269e-01	    1.32131e+00	    4.43051e-05	    4.62377e-05	    1.77030e-06	    3.94131e-06	    1.85833e-06	    6.59566e-05	    7.00547e-05	    4.63294e-04	    4.84369e-04	    8.81796e-06	    1.49369e-05	    9.22936e-06
    1.87019e-01	    1.32131e+00	    4.50357e-05	    4.69989e-05	    1.87374e-06	    4.07991e-06	    1.96686e-06	    6.69593e-05	    7.11182e-05	    4.71088e-04	    4.92504e-04	    9.14644e-06	    1.52400e-05	    9.57289e-06
    1.90773e-01	    1.32131e+00	    4.57574e-05	    4.77506e-05	    1.98083e-06	    4.22168e-06	    2.07921e-06	    6.79442e-05	    7.21627e-05	    4.78797e-04	    5.00549e-04	    9.47925e-06	    1.55469e-05	    9.92092e-06
    1.94533e-01	    1.32131e+00	    4.64700e-05	    4.84929e-05	    2.09160e-06	    4.36665e-06	    2.19541e-06	    6.89111e-05	    7.31881e-05	    4.86419e-04	    5.08504e-04	    9.81625e-06	    1.58576e-05	    1.02733e-05
    1.98298e-01	    1.32131e+00	    4.71734e-05	    4.92255e-05	    2.20608e-06	    4.51485e-06	    2.31549e-06	    6.98597e-05	    7.41939e-05	    4.93954e-04	    5.16365e-04	    1.01573e-05	    1.61719e-05	    1.06300e-05
    2.02068e-01	    1.32131e+00	    4.78675e-05	    4.99483e-05	    2.32429e-06	    4.66629e-06	    2.43950e-06	    7.07897e-05	    7.51800e-05	    5.01400e-04	    5.24133e-04	    1.05024e-05	    1.64898e-05	    1.09907e-05
    2.05844e-01	    1.32131e+00	    4.85521e-05	    5.06611e-05	    2.44628e-06	    4.82100e-06	    2.56744e-06	    7.17010e-05	    7.61461e-05	    5.08755e-04	    5.31805e-04	    1.08512e-05	    1.68111e-05	    1.13554e-05
    2.09626e-01	    1.32131e+00	    4.92271e-05	    5.13638e-05	    2.57205e-06	    4.97899e-06	    2.69935e-06	    7.25934e-05	    7.70920e-05	    5.16018e-04	    5.39381e-04	    1.12038e-05	    1.71357e-05	    1.17240e-05
    2.13413e-01	    1.32131e+00	    4.98923e-05	    5.20563e-05	    2.70164e-06	    5.14028e-06	    2.83526e-06	    7.34665e-05	    7.80174e-05	    5.23188e-04	    5.46858e-04	    1.15599e-05	    1.74635e-05	    1.20962e-05
    2.17206e-01	    1.32131e+00	    5.05477e-05	    5.27384e-05	    2.83506e-06	    5.30489e-06	    2.97517e-06	    7.43202e-05	    7.89221e-05	    5.30263e-04	    5.54235e-04	    1.19195e-05	    1.77942e-05	    1.24720e-05
    2.21006e-01	    1.32131e+00	    5.11931e-05	    5.34100e-05	    2.97233e-06	    5.47281e-06	    3.11911e-06	    7.51543e-05	    7.98059e-05	    5.37243e-04	    5.61512e-04	    1.22823e-05	    1.81279e-05	    1.28513e-05
    2.24811e-01	    1.32131e+00	    5.18283e-05	    5.40709e-05	    3.11346e-06	    5.64407e-06	    3.26710e-06	    7.59686e-05	    8.06686e-05	    5.44125e-04	    5.68686e-04	    1.26483e-05	    1.84643e-05	    1.32338e-05
    2.28622e-01	    1.32131e+00	    5.24533e-05	    5.47211e-05	    3.25848e-06	    5.81867e-06	    3.41914e-06	    7.67629e-05	    8.15100e-05	    5.50909e-04	    5.75757e-04	    1.30173e-05	    1.88034e-05	    1.36194e-05
    2.32440e-01	    1.32131e+00	    5.30679e-05	    5.53604e-05	    3.40738e-06	    5.99661e-06	    3.57525e-06	    7.75369e-05	    8.23298e-05	    5.57593e-04	    5.82722e-04	    1.33892e-05	    1.91450e-05	    1.40079e-05
    2.36265e-01	    1.32131e+00	    5.36720e-05	    5.59886e-05	    3.56018e-06	    6.17790e-06	    3.73544e-06	    7.82906e-05	    8.31279e-05	    5.64177e-04	    5.89581e-04	    1.37638e-05	    1.94889e-05	    1.43993e-05
    2.40095e-01	    1.32131e+00	    5.42655e-05	    5.66057e-05	    3.71688e-06	    6.36254e-06	    3.89970e-06	    7.90236e-05	    8.39040e-05	    5.70658e-04	    5.96333e-04	    1.41410e-05	    1.98350e-05	    1.47934e-05
    2.43933e-01	    1.32131e+00	    5.48482e-05	    5.72115e-05	    3.87748e-06	    6.55051e-06	    4.06805e-06	    7.97360e-05	    8.46581e-05	    5.77036e-04	    6.02976e-04	    1.45207e-05	    2.01833e-05	    1.51900e-05
    2.47777e-01	    1.32131e+00	    5.54202e-05	    5.78059e-05	    4.04200e-06	    6.74182e-06	    4.24047e-06	    8.04274e-05	    8.53899e-05	    5.83309e-04	    6.09508e-04	    1.49027e-05	    2.05334e-05	    1.55890e-05
    2.51628e-01	    1.32131e+00	    5.59811e-05	    5.83889e-05	    4.21041e-06	    6.93647e-06	    4.41698e-06	    8.10978e-05	    8.60993e-05	    5.89477e-04	    6.15930e-04	    1.52868e-05	    2.08854e-05	    1.59902e-05
    2.55487e-01	    1.32131e+00	    5.65310e-05	    5.89602e-05	    4.38273e-06	    7.13443e-06	    4.59756e-06	    8.17469e-05	    8.67861e-05	    5.95537e-04	    6.22239e-04	    1.56729e-05	    2.12390e-05	    1.63934e-05
    2.59352e-01	    1.32131e+00	    5.70697e-05	    5.95197e-05	    4.55894e-06	    7.33570e-06	    4.78220e-06	    8.23747e-05	    8.74502e-05	    6.01490e-04	    6.28434e-04	    1.60609e-05	    2.15942e-05	    1.67986e-05
    2.63225e-01	    1.32131e+00	    5.75972e-05	    6.00675e-05	    4.73903e-06	    7.54027e-06	    4.97090e-06	    8.29810e-05	    8.80913e-05	    6.07334e-04	    6.34515e-04	    1.64506e-05	    2.19507e-05	    1.72054e-05
    2.67105e-01	    1.32131e+00	    5.81132e-05	    6.06033e-05	    4.92299e-06	    7.74811e-06	    5.16364e-06	    8.35657e-05	    8.87095e-05	    6.13067e-04	    6.40479e-04	    1.68418e-05	    2.23084e-05	    1.76139e-05
    2.70992e-01	    1.32131e+00	    5.86178e-05	    6.11270e-05	    5.11080e-06	    7.95921e-06	    5.36040e-06	    8.41286e-05	    8.93045e-05	    6.18689e-04	    6.46326e-04	    1.72344e-05	    2.26672e-05	    1.80238e-05
    2.74887e-01	    1.32131e+00	    5.91109e-05	    6.16386e-05	    5.30245e-06	    8.17354e-06	    5.56117e-06	    8.46697e-05	    8.98762e-05	    6.24200e-04	    6.52056e-04	    1.76283e-05	    2.30269e-05	    1.84349e-05
    2.78790e-01	    1.32131e+00	    5.95922e-05	    6.21380e-05	    5.49792e-06	    8.39108e-06	    5.76591e-06	    8.51888e-05	    9.04245e-05	    6.29596e-04	    6.57666e-04	    1.80233e-05	    2.33874e-05	    1.88471e-05
    2.82701e-01	    1.32131e+00	    6.00618e-05	    6.26250e-05	    5.69719e-06	    8.61180e-06	    5.97461e-06	    8.56859e-05	    9.09494e-05	    6.34879e-04	    6.63156e-04	    1.84192e-05	    2.37485e-05	    1.92603e-05
    2.86620e-01	    1.32131e+00	    6.05196e-05	    6.30997e-05	    5.90022e-06	    8.83568e-06	    6.18725e-06	    8.61608e-05	    9.14507e-05	    6.40046e-04	    6.68525e-04	    1.88159e-05	    2.41101e-05	    1.96742e-05
    2.90547e-01	    1.32131e+00	    6.09654e-05	    6.35618e-05	    6.10699e-06	    9.06267e-06	    6.40377e-06	    8.66134e-05	    9.19283e-05	    6.45097e-04	    6.73771e-04	    1.92132e-05	    2.44720e-05	    2.00887e-05
    2.94483e-01	    1.32131e+00	    6.13993e-05	    6.40112e-05	    6.31747e-06	    9.29276e-06	    6.62417e-06	    8.70438e-05	    9.23822e-05	    6.50031e-04	    6.78894e-04	    1.96109e-05	    2.48340e-05	    2.05036e-05
    2.98426e-01	    1.32131e+00	    6.18210e-05	    6.44481e-05	    6.53163e-06	    9.52588e-06	    6.84838e-06	    8.74517e-05	    9.28122e-05	    6.54847e-04	    6.83893e-04	    2.00089e-05	    2.51961e-05	    2.09188e-05
    3.02379e-01	    1.32131e+00	    6.22306e-05	    6.48721e-05	    6.74942e-06	    9.76202e-06	    7.07639e-06	    8.78372e-05	    9.32184e-05	    6.59544e-04	    6.88768e-04	    2.04071e-05	    2.55580e-05	    2.13341e-05
    3.06340e-01	    1.32131e+00	    6.26279e-05	    6.52833e-05	    6.97081e-06	    1.00011e-05	    7.30814e-06	    8.82002e-05	    9.36006e-05	    6.64121e-04	    6.93516e-04	    2.08053e-05	    2.59197e-05	    2.17493e-05
    3.10309e-01	    1.32131e+00	    6.30129e-05	    6.56817e-05	    7.19576e-06	    1.02431e-05	    7.54360e-06	    8.85407e-05	    9.39588e-05	    6.68578e-04	    6.98137e-04	    2.12032e-05	    2.62808e-05	    2.21642e-05
    3.14288e-01	    1.32131e+00	    6.33856e-05	    6.60670e-05	    7.42421e-06	    1.04880e-05	    7.78270e-06	    8.88585e-05	    9.42931e-05	    6.72913e-04	    7.02631e-04	    2.16008e-05	    2.66414e-05	    2.25787e-05
    3.18276e-01	    1.32131e+00	    6.37458e-05	    6.64393e-05	    7.65613e-06	    1.07357e-05	    8.02540e-06	    8.91537e-05	    9.46032e-05	    6.77126e-04	    7.06996e-04	    2.19979e-05	    2.70012e-05	    2.29927e-05
    3.22273e-01	    1.32131e+00	    6.40935e-05	    6.67985e-05	    7.89147e-06	    1.09862e-05	    8.27165e-06	    8.94263e-05	    9.48893e-05	    6.81216e-04	    7.11232e-04	    2.23943e-05	    2.73600e-05	    2.34058e-05
    3.26279e-01	    1.32131e+00	    6.44286e-05	    6.71445e-05	    8.13016e-06	    1.12394e-05	    8.52139e-06	    8.96763e-05	    9.51513e-05	    6.85182e-04	    7.15338e-04	    2.27899e-05	    2.77178e-05	    2.38180e-05
    3.30295e-01	    1.32131e+00	    6.47512e-05	    6.74773e-05	    8.37216e-06	    1.14953e-05	    8.77456e-06	    8.99035e-05	    9.53892e-05	    6.89024e-04	    7.19313e-04	    2.31845e-05	    2.80743e-05	    2.42291e-05
    3.34321e-01	    1.32131e+00	    6.50610e-05	    6.77968e-05	    8.61740e-06	    1.17537e-05	    9.03110e-06	    9.01081e-05	    9.56030e-05	    6.92741e-04	    7.23157e-04	    2.35779e-05	    2.84295e-05	    2.46390e-05
    3.38356e-01	    1.32131e+00	    6.53581e-05	    6.81029e-05	    8.86582e-06	    1.20147e-05	    9.29093e-06	    9.02901e-05	    9.57927e-05	    6.96332e-04	    7.26869e-04	    2.39699e-05	    2.87830e-05	    2.50473e-05
    3.42401e-01	    1.32131e+00	    6.56425e-05	    6.83957e-05	    9.11736e-06	    1.22781e-05	    9.55400e-06	    9.04494e-05	    9.59583e-05	    6.99797e-04	    7.30448e-04	    2.43605e-05	    2.91349e-05	    2.54541e-05
    3.46456e-01	    1.32131e+00	    6.59140e-05	    6.86751e-05	    9.37194e-06	    1.25439e-05	    9.82022e-06	    9.05860e-05	    9.61000e-05	    7.03135e-04	    7.33894e-04	    2.47494e-05	    2.94849e-05	    2.58590e-05
    3.50522e-01	    1.32131e+00	    6.61727e-05	    6.89410e-05	    9.62951e-06	    1.28121e-05	    1.00895e-05	    9.07002e-05	    9.62176e-05	    7.06346e-04	    7.37206e-04	    2.51364e-05	    2.98328e-05	    2.62620e-05
    3.54597e-01	    1.32131e+00	    6.64185e-05	    6.91935e-05	    9.88999e-06	    1.30825e-05	    1.03619e-05	    9.07917e-05	    9.63113e-05	    7.09428e-04	    7.40384e-04	    2.55215e-05	    3.01785e-05	    2.66628e-05
    3.58684e-01	    1.32131e+00	    6.66514e-05	    6.94324e-05	    1.01533e-05	    1.33550e-05	    1.06371e-05	    9.08608e-05	    9.63811e-05	    7.12382e-04	    7.43426e-04	    2.59043e-05	    3.05219e-05	    2.70613e-05
    3.62781e-01	    1.32131e+00	    6.68713e-05	    6.96577e-05	    1.04194e-05	    1.36297e-05	    1.09152e-05	    9.09074e-05	    9.64270e-05	    7.15206e-04	    7.46333e-04	    2.62849e-05	    3.08628e-05	    2.74572e-05
    3.66888e-01	    1.32131e+00	    6.70783e-05	    6.98694e-05	    1.06881e-05	    1.39064e-05	    1.11960e-05	    9.09317e-05	    9.64493e-05	    7.17902e-04	    7.49104e-04	    2.66629e-05	    3.12010e-05	    2.78506e-05
    3.71007e-01	    1.32131e+00	    6.72723e-05	    7.00676e-05	    1.09594e-05	    1.41849e-05	    1.14796e-05	    9.09337e-05	    9.64478e-05	    7.20467e-04	    7.51739e-04	    2.70383e-05	    3.15363e-05	    2.82410e-05
    3.75137e-01	    1.32131e+00	    6.74532e-05	    7.02521e-05	    1.12332e-05	    1.44654e-05	    1.17656e-05	    9.09135e-05	    9.64228e-05	    7.22902e-04	    7.54237e-04	    2.74109e-05	    3.18687e-05	    2.86285e-05
    3.79278e-01	    1.32131e+00	    6.76211e-05	    7.04229e-05	    1.15094e-05	    1.47476e-05	    1.20542e-05	    9.08711e-05	    9.63742e-05	    7.25206e-04	    7.56598e-04	    2.77805e-05	    3.21980e-05	    2.90128e-05
    3.83430e-01	    1.32131e+00	    6.77760e-05	    7.05802e-05	    1.17880e-05	    1.50314e-05	    1.23452e-05	    9.08067e-05	    9.63023e-05	    7.27379e-04	    7.58821e-04	    2.81469e-05	    3.25239e-05	    2.93937e-05
    3.87594e-01	    1.32131e+00	    6.79177e-05	    7.07237e-05	    1.20688e-05	    1.53168e-05	    1.26384e-05	    9.07204e-05	    9.62072e-05	    7.29421e-04	    7.60907e-04	    2.85100e-05	    3.28464e-05	    2.97710e-05
    3.91770e-01	    1.32131e+00	    6.80465e-05	    7.08536e-05	    1.23517e-05	    1.56037e-05	    1.29338e-05	    9.06124e-05	    9.60889e-05	    7.31332e-04	    7.62854e-04	    2.88697e-05	    3.31652e-05	    3.01447e-05
    3.95957e-01	    1.32131e+00	    6.81621e-05	    7.09698e-05	    1.26366e-05	    1.58919e-05	    1.32313e-05	    9.04826e-05	    9.59476e-05	    7.33110e-04	    7.64664e-04	    2.92256e-05	    3.34803e-05	    3.05145e-05
    4.00157e-01	    1.32131e+00	    6.82647e-05	    7.10724e-05	    1.29234e-05	    1.61814e-05	    1.35308e-05	    9.03313e-05	    9.57835e-05	    7.34757e-04	    7.66335e-04	    2.95778e-05	    3.37915e-05	    3.08803e-05
    4.04368e-01	    1.32131e+00	    6.83543e-05	    7.11613e-05	    1.32121e-05	    1.64721e-05	    1.38321e-05	    9.01586e-05	    9.55966e-05	    7.36271e-04	    7.67867e-04	    2.99261e-05	    3.40986e-05	    3.12419e-05
    4.08593e-01	    1.32131e+00	    6.84307e-05	    7.12365e-05	    1.35025e-05	    1.67638e-05	    1.41352e-05	    8.99646e-05	    9.53872e-05	    7.37653e-04	    7.69260e-04	    3.02702e-05	    3.44015e-05	    3.15991e-05
    4.12829e-01	    1.32131e+00	    6.84942e-05	    7.12982e-05	    1.37945e-05	    1.70565e-05	    1.44399e-05	    8.97495e-05	    9.51555e-05	    7.38902e-04	    7.70515e-04	    3.06100e-05	    3.47000e-05	    3.19518e-05
    4.17079e-01	    1.32131e+00	    6.85446e-05	    7.13462e-05	    1.40879e-05	    1.73500e-05	    1.47460e-05	    8.95135e-05	    9.49015e-05	    7.40019e-04	    7.71631e-04	    3.09454e-05	    3.49940e-05	    3.22997e-05
    4.21341e-01	    1.32131e+00	    6.85820e-05	    7.13806e-05	    1.43828e-05	    1.76442e-05	    1.50536e-05	    8.92567e-05	    9.46255e-05	    7.41003e-04	    7.72608e-04	    3.12762e-05	    3.52833e-05	    3.26428e-05
    4.25616e-01	    1.32131e+00	    6.86064e-05	    7.14015e-05	    1.46789e-05	    1.79390e-05	    1.53625e-05	    8.89793e-05	    9.43277e-05	    7.41854e-04	    7.73446e-04	    3.16022e-05	    3.55677e-05	    3.29809e-05
    4.29905e-01	    1.32131e+00	    6.86179e-05	    7.14088e-05	    1.49761e-05	    1.82343e-05	    1.56724e-05	    8.86816e-05	    9.40083e-05	    7.42573e-04	    7.74145e-04	    3.19234e-05	    3.58472e-05	    3.33138e-05
    4.34206e-01	    1.32131e+00	    6.86164e-05	    7.14026e-05	    1.52743e-05	    1.85300e-05	    1.59834e-05	    8.83636e-05	    9.36675e-05	    7.43159e-04	    7.74705e-04	    3.22394e-05	    3.61216e-05	    3.36414e-05
    4.38522e-01	    1.32131e+00	    6.86021e-05	    7.13830e-05	    1.55735e-05	    1.88260e-05	    1.62952e-05	    8.80256e-05	    9.33055e-05	    7.43613e-04	    7.75127e-04	    3.25503e-05	    3.63907e-05	    3.39634e-05
    4.42851e-01	    1.32131e+00	    6.85749e-05	    7.13499e-05	    1.58734e-05	    1.91220e-05	    1.66078e-05	    8.76679e-05	    9.29226e-05	    7.43935e-04	    7.75410e-04	    3.28559e-05	    3.66545e-05	    3.42798e-05
    4.47194e-01	    1.32131e+00	    6.85349e-05	    7.13035e-05	    1.61739e-05	    1.94181e-05	    1.69210e-05	    8.72906e-05	    9.25189e-05	    7.44124e-04	    7.75554e-04	    3.31559e-05	    3.69126e-05	    3.45904e-05
    4.51551e-01	    1.32131e+00	    6.84821e-05	    7.12438e-05	    1.64749e-05	    1.97140e-05	    1.72346e-05	    8.68939e-05	    9.20947e-05	    7.44181e-04	    7.75561e-04	    3.34503e-05	    3.71651e-05	    3.48950e-05
    4.55923e-01	    1.32131e+00	    6.84166e-05	    7.11708e-05	    1.67763e-05	    2.00097e-05	    1.75486e-05	    8.64781e-05	    9.16504e-05	    7.44107e-04	    7.75430e-04	    3.37388e-05	    3.74118e-05	    3.51935e-05
    4.60309e-01	    1.32131e+00	    6.83384e-05	    7.10845e-05	    1.70779e-05	    2.03050e-05	    1.78628e-05	    8.60435e-05	    9.11860e-05	    7.43901e-04	    7.75161e-04	    3.40215e-05	    3.76525e-05	    3.54858e-05
    4.64709e-01	    1.32131e+00	    6.82477e-05	    7.09852e-05	    1.73796e-05	    2.05997e-05	    1.81770e-05	    8.55902e-05	    9.07020e-05	    7.43564e-04	    7.74755e-04	    3.42980e-05	    3.78872e-05	    3.57716e-05
    4.69125e-01	    1.32131e+00	    6.81444e-05	    7.08727e-05	    1.76813e-05	    2.08938e-05	    1.84911e-05	    8.51186e-05	    9.01986e-05	    7.43096e-04	    7.74212e-04	    3.45684e-05	    3.81156e-05	    3.60509e-05
    4.73555e-01	    1.32131e+00	    6.80286e-05	    7.07472e-05	    1.79828e-05	    2.11871e-05	    1.88049e-05	    8.46289e-05	    8.96760e-05	    7.42497e-04	    7.73533e-04	    3.48324e-05	    3.83377e-05	    3.63235e-05
    4.78001e-01	    1.32131e+00	    6.79004e-05	    7.06088e-05	    1.82840e-05	    2.14795e-05	    1.91183e-05	    8.41214e-05	    8.91346e-05	    7.41769e-04	    7.72718e-04	    3.50899e-05	    3.85532e-05	    3.65893e-05
    4.82462e-01	    1.32131e+00	    6.77598e-05	    7.04576e-05	    1.85847e-05	    2.17708e-05	    1.94312e-05	    8.35964e-05	    8.85746e-05	    7.40910e-04	    7.71767e-04	    3.53408e-05	    3.87622e-05	    3.68481e-05
    4.86939e-01	    1.32131e+00	    6.76070e-05	    7.02935e-05	    1.88847e-05	    2.20609e-05	    1.97433e-05	    8.30541e-05	    8.79964e-05	    7.39923e-04	    7.70681e-04	    3.55849e-05	    3.89645e-05	    3.70998e-05
    4.91432e-01	    1.32131e+00	    6.74420e-05	    7.01168e-05	    1.91840e-05	    2.23496e-05	    2.00546e-05	    8.24948e-05	    8.74003e-05	    7.38807e-04	    7.69461e-04	    3.58222e-05	    3.91599e-05	    3.73442e-05
    4.95941e-01	    1.32131e+00	    6.72649e-05	    6.99274e-05	    1.94824e-05	    2.26368e-05	    2.03649e-05	    8.19189e-05	    8.67866e-05	    7.37563e-04	    7.68108e-04	    3.60524e-05	    3.93484e-05	    3.75813e-05
    5.00466e-01	    1.32131e+00	    6.70758e-05	    6.97256e-05	    1.97798e-05	    2.29224e-05	    2.06740e-05	    8.13266e-05	    8.61556e-05	    7.36191e-04	    7.66621e-04	    3.62755e-05	    3.95297e-05	    3.78109e-05
    5.05007e-01	    1.32131e+00	    6.68747e-05	    6.95113e-05	    2.00759e-05	    2.32062e-05	    2.09817e-05	    8.07183e-05	    8.55077e-05	    7.34692e-04	    7.65002e-04	    3.64914e-05	    3.97039e-05	    3.80329e-05
    5.09565e-01	    1.32131e+00	    6.66619e-05	    6.92847e-05	    2.03706e-05	    2.34880e-05	    2.12879e-05	    8.00942e-05	    8.48431e-05	    7.33068e-04	    7.63251e-04	    3.66999e-05	    3.98708e-05	    3.82471e-05
    5.14140e-01	    1.32131e+00	    6.64373e-05	    6.90460e-05	    2.06638e-05	    2.37678e-05	    2.15925e-05	    7.94548e-05	    8.41624e-05	    7.31318e-04	    7.61369e-04	    3.69010e-05	    4.00303e-05	    3.84535e-05
    5.18732e-01	    1.32131e+00	    6.62011e-05	    6.87951e-05	    2.09553e-05	    2.40453e-05	    2.18952e-05	    7.88003e-05	    8.34657e-05	    7.29443e-04	    7.59357e-04	    3.70944e-05	    4.01822e-05	    3.86519e-05
    5.23341e-01	    1.32131e+00	    6.59533e-05	    6.85322e-05	    2.12450e-05	    2.43204e-05	    2.21960e-05	    7.81311e-05	    8.27536e-05	    7.27444e-04	    7.57215e-04	    3.72801e-05	    4.03266e-05	    3.88422e-05
    5.27968e-01	    1.32131e+00	    6.56942e-05	    6.82575e-05	    2.15327e-05	    2.45930e-05	    2.24946e-05	    7.74475e-05	    8.20262e-05	    7.25322e-04	    7.54946e-04	    3.74581e-05	    4.04632e-05	    3.90243e-05
    5.32613e-01	    1.32131e+00	    6.54237e-05	    6.79711e-05	    2.18182e-05	    2.48629e-05	    2.27909e-05	    7.67499e-05	    8.12841e-05	    7.23077e-04	    7.52549e-04	    3.76281e-05	    4.05920e-05	    3.91982e-05
    5.37275e-01	    1.32131e+00	    6.51421e-05	    6.76730e-05	    2.21014e-05	    2.51300e-05	    2.30846e-05	    7.60386e-05	    8.05276e-05	    7.20711e-04	    7.50025e-04	    3.77901e-05	    4.07129e-05	    3.93636e-05
    5.41956e-01	    1.32131e+00	    6.48494e-05	    6.73635e-05	    2.23821e-05	    2.53940e-05	    2.33758e-05	    7.53140e-05	    7.97571e-05	    7.18225e-04	    7.47376e-04	    3.79440e-05	    4.08259e-05	    3.95205e-05
    5.46655e-01	    1.32131e+00	    6.45458e-05	    6.70426e-05	    2.26602e-05	    2.56549e-05	    2.36640e-05	    7.45765e-05	    7.89730e-05	    7.15619e-04	    7.44602e-04	    3.80897e-05	    4.09307e-05	    3.96689e-05
    5.51373e-01	    1.32131e+00	    6.42314e-05	    6.67105e-05	    2.29355e-05	    2.59125e-05	    2.39493e-05	    7.38264e-05	    7.81756e-05	    7.12895e-04	    7.41706e-04	    3.82272e-05	    4.10274e-05	    3.98085e-05
    5.56110e-01	    1.32131e+00	    6.39063e-05	    6.63673e-05	    2.32078e-05	    2.61667e-05	    2.42315e-05	    7.30641e-05	    7.73654e-05	    7.10054e-04	    7.38686e-04	    3.83562e-05	    4.11159e-05	    3.99394e-05
    5.60866e-01	    1.32131e+00	    6.35707e-05	    6.60132e-05	    2.34770e-05	    2.64172e-05	    2.45103e-05	    7.22900e-05	    7.65428e-05	    7.07096e-04	    7.35546e-04	    3.84768e-05	    4.11960e-05	    4.00614e-05
    5.65641e-01	    1.32131e+00	    6.32247e-05	    6.56483e-05	    2.37430e-05	    2.66640e-05	    2.47856e-05	    7.15045e-05	    7.57082e-05	    7.04022e-04	    7.32286e-04	    3.85889e-05	    4.12677e-05	    4.01745e-05
    5.70436e-01	    1.32131e+00	    6.28685e-05	    6.52728e-05	    2.40054e-05	    2.69068e-05	    2.50572e-05	    7.07079e-05	    7.48620e-05	    7.00835e-04	    7.28907e-04	    3.86923e-05	    4.13310e-05	    4.02785e-05
    5.75250e-01	    1.32131e+00	    6.25021e-05	    6.48868e-05	    2.42643e-05	    2.71456e-05	    2.53250e-05	    6.99007e-05	    7.40047e-05	    6.97535e-04	    7.25411e-04	    3.87871e-05	    4.13858e-05	    4.03735e-05
    5.80085e-01	    1.32131e+00	    6.21258e-05	    6.44905e-05	    2.45194e-05	    2.73802e-05	    2.55888e-05	    6.90833e-05	    7.31366e-05	    6.94123e-04	    7.21799e-04	    3.88731e-05	    4.14320e-05	    4.04593e-05
    5.84941e-01	    1.32131e+00	    6.17397e-05	    6.40840e-05	    2.47706e-05	    2.76103e-05	    2.58484e-05	    6.82561e-05	    7.22582e-05	    6.90601e-04	    7.18073e-04	    3.89503e-05	    4.14696e-05	    4.05359e-05
    5.89816e-01	    1.32131e+00	    6.13440e-05	    6.36676e-05	    2.50176e-05	    2.78360e-05	    2.61037e-05	    6.74195e-05	    7.13700e-05	    6.86970e-04	    7.14233e-04	    3.90187e-05	    4.14984e-05	    4.06032e-05
    5.94713e-01	    1.32131e+00	    6.09387e-05	    6.32414e-05	    2.52604e-05	    2.80569e-05	    2.63545e-05	    6.65738e-05	    7.04723e-05	    6.83231e-04	    7.10281e-04	    3.90781e-05	    4.15185e-05	    4.06612e-05
    5.99631e-01	    1.32131e+00	    6.05242e-05	    6.28055e-05	    2.54988e-05	    2.82731e-05	    2.66005e-05	    6.57196e-05	    6.95656e-05	    6.79386e-04	    7.06219e-04	    3.91285e-05	    4.15299e-05	    4.07098e-05
    6.04571e-01	    1.32131e+00	    6.01005e-05	    6.23602e-05	    2.57327e-05	    2.84842e-05	    2.68418e-05	    6.48572e-05	    6.86504e-05	    6.75435e-04	    7.02048e-04	    3.91699e-05	    4.15324e-05	    4.07490e-05
    6.09532e-01	    1.32131e+00	    5.96679e-05	    6.19056e-05	    2.59618e-05	    2.86903e-05	    2.70780e-05	    6.39870e-05	    6.77271e-05	    6.71382e-04	    6.97769e-04	    3.92023e-05	    4.15261e-05	    4.07787e-05
    6.14515e-01	    1.32131e+00	    5.92264e-05	    6.14419e-05	    2.61860e-05	    2.88910e-05	    2.73091e-05	    6.31096e-05	    6.67962e-05	    6.67226e-04	    6.93386e-04	    3.92255e-05	    4.15108e-05	    4.07989e-05
    6.19520e-01	    1.32131e+00	    5.87764e-05	    6.09693e-05	    2.64051e-05	    2.90863e-05	    2.75348e-05	    6.22252e-05	    6.58581e-05	    6.62971e-04	    6.88898e-04	    3.92396e-05	    4.14867e-05	    4.08096e-05
    6.24548e-01	    1.32131e+00	    5.83179e-05	    6.04880e-05	    2.66191e-05	    2.92761e-05	    2.77550e-05	    6.13343e-05	    6.49132e-05	    6.58616e-04	    6.84307e-04	    3.92445e-05	    4.14536e-05	    4.08106e-05
    6.29598e-01	    1.32131e+00	    5.78511e-05	    5.99982e-05	    2.68277e-05	    2.94601e-05	    2.79696e-05	    6.04375e-05	    6.39621e-05	    6.54164e-04	    6.79616e-04	    3.92403e-05	    4.14115e-05	    4.08021e-05
    6.34672e-01	    1.32131e+00	    5.73763e-05	    5.95000e-05	    2.70308e-05	    2.96383e-05	    2.81784e-05	    5.95350e-05	    6.30051e-05	    6.49617e-04	    6.74827e-04	    3.92268e-05	    4.13605e-05	    4.07840e-05
    6.39769e-01	    1.32131e+00	    5.68935e-05	    5.89938e-05	    2.72282e-05	    2.98105e-05	    2.83812e-05	    5.86273e-05	    6.20428e-05	    6.44975e-04	    6.69940e-04	    3.92041e-05	    4.13005e-05	    4.07562e-05
    6.44890e-01	    1.32131e+00	    5.64031e-05	    5.84796e-05	    2.74198e-05	    2.99765e-05	    2.85779e-05	    5.77149e-05	    6.10756e-05	    6.40242e-04	    6.64957e-04	    3.91721e-05	    4.12314e-05	    4.07189e-05
    6.50035e-01	    1.32131e+00	    5.59052e-05	    5.79577e-05	    2.76055e-05	    3.01363e-05	    2.87683e-05	    5.67983e-05	    6.01039e-05	    6.35418e-04	    6.59881e-04	    3.91309e-05	    4.11534e-05	    4.06718e-05
    6.55204e-01	    1.32131e+00	    5.54001e-05	    5.74283e-05	    2.77851e-05	    3.02897e-05	    2.89523e-05	    5.58777e-05	    5.91283e-05	    6.30505e-04	    6.54714e-04	    3.90805e-05	    4.10664e-05	    4.06152e-05
    6.60398e-01	    1.32131e+00	    5.48878e-05	    5.68916e-05	    2.79584e-05	    3.04365e-05	    2.91297e-05	    5.49537e-05	    5.81492e-05	    6.25505e-04	    6.49457e-04	    3.90208e-05	    4.09705e-05	    4.05489e-05
    6.65617e-01	    1.32131e+00	    5.43686e-05	    5.63478e-05	    2.81254e-05	    3.05767e-05	    2.93004e-05	    5.40268e-05	    5.71671e-05	    6.20421e-04	    6.44112e-04	    3.89518e-05	    4.08655e-05	    4.04730e-05
    6.70861e-01	    1.32131e+00	    5.38427e-05	    5.57972e-05	    2.82858e-05	    3.07101e-05	    2.94643e-05	    5.30973e-05	    5.61824e-05	    6.15253e-04	    6.38682e-04	    3.88737e-05	    4.07516e-05	    4.03875e-05
    6.76130e-01	    1.32131e+00	    5.33104e-05	    5.52399e-05	    2.84396e-05	    3.08366e-05	    2.96211e-05	    5.21657e-05	    5.51955e-05	    6.10004e-04	    6.33168e-04	    3.87863e-05	    4.06288e-05	    4.02924e-05
    6.81425e-01	    1.32131e+00	    5.27718e-05	    5.46762e-05	    2.85866e-05	    3.09561e-05	    2.97709e-05	    5.12324e-05	    5.42071e-05	    6.04676e-04	    6.27572e-04	    3.86897e-05	    4.04971e-05	    4.01877e-05
    6.86747e-01	    1.32131e+00	    5.22272e-05	    5.41064e-05	    2.87267e-05	    3.10684e-05	    2.99134e-05	    5.02979e-05	    5.32174e-05	    5.99271e-04	    6.21897e-04	    3.85840e-05	    4.03566e-05	    4.00736e-05
    6.92095e-01	    1.32131e+00	    5.16767e-05	    5.35305e-05	    2.88598e-05	    3.11734e-05	    3.00485e-05	    4.93626e-05	    5.22270e-05	    5.93790e-04	    6.16144e-04	    3.84692e-05	    4.02072e-05	    3.99499e-05
    6.97470e-01	    1.32131e+00	    5.11206e-05	    5.29489e-05	    2.89857e-05	    3.12711e-05	    3.01760e-05	    4.84269e-05	    5.12363e-05	    5.88236e-04	    6.10316e-04	    3.83453e-05	    4.00490e-05	    3.98168e-05
    7.02873e-01	    1.32131e+00	    5.05592e-05	    5.23619e-05	    2.91043e-05	    3.13613e-05	    3.02960e-05	    4.74913e-05	    5.02459e-05	    5.82611e-04	    6.04415e-04	    3.82124e-05	    3.98821e-05	    3.96744e-05
    7.08303e-01	    1.32131e+00	    4.99925e-05	    5.17695e-05	    2.92155e-05	    3.14439e-05	    3.04081e-05	    4.65561e-05	    4.92560e-05	    5.76917e-04	    5.98443e-04	    3.80704e-05	    3.97065e-05	    3.95226e-05
    7.13761e-01	    1.32131e+00	    4.94209e-05	    5.11721e-05	    2.93192e-05	    3.15188e-05	    3.05125e-05	    4.56220e-05	    4.82673e-05	    5.71156e-04	    5.92402e-04	    3.79195e-05	    3.95223e-05	    3.93615e-05
    7.19247e-01	    1.32131e+00	    4.88446e-05	    5.05699e-05	    2.94153e-05	    3.15859e-05	    3.06088e-05	    4.46891e-05	    4.72802e-05	    5.65330e-04	    5.86295e-04	    3.77598e-05	    3.93296e-05	    3.91912e-05
    7.24762e-01	    1.32131e+00	    4.82638e-05	    4.99631e-05	    2.95036e-05	    3.16451e-05	    3.06970e-05	    4.37581e-05	    4.62950e-05	    5.59441e-04	    5.80123e-04	    3.75912e-05	    3.91283e-05	    3.90118e-05
    7.30306e-01	    1.32131e+00	    4.76787e-05	    4.93521e-05	    2.95841e-05	    3.16964e-05	    3.07771e-05	    4.28292e-05	    4.53122e-05	    5.53492e-04	    5.73890e-04	    3.74139e-05	    3.89187e-05	    3.88233e-05
    7.35879e-01	    1.32131e+00	    4.70896e-05	    4.87369e-05	    2.96567e-05	    3.17396e-05	    3.08489e-05	    4.19029e-05	    4.43324e-05	    5.47484e-04	    5.67598e-04	    3.72279e-05	    3.87007e-05	    3.86258e-05
    7.41482e-01	    1.32131e+00	    4.64967e-05	    4.81179e-05	    2.97213e-05	    3.17747e-05	    3.09122e-05	    4.09797e-05	    4.33558e-05	    5.41421e-04	    5.61248e-04	    3.70334e-05	    3.84744e-05	    3.84194e-05
    7.47116e-01	    1.32131e+00	    4.59002e-05	    4.74953e-05	    2.97778e-05	    3.18016e-05	    3.09672e-05	    4.00599e-05	    4.23830e-05	    5.35304e-04	    5.54844e-04	    3.68303e-05	    3.82400e-05	    3.82042e-05
    7.52780e-01	    1.32131e+00	    4.53003e-05	    4.68693e-05	    2.98261e-05	    3.18202e-05	    3.10135e-05	    3.91440e-05	    4.14144e-05	    5.29136e-04	    5.48388e-04	    3.66188e-05	    3.79976e-05	    3.79803e-05
    7.58475e-01	    1.32131e+00	    4.46974e-05	    4.62403e-05	    2.98662e-05	    3.18305e-05	    3.10513e-05	    3.82323e-05	    4.04503e-05	    5.22918e-04	    5.41881e-04	    3.63990e-05	    3.77471e-05	    3.77478e-05
    7.64201e-01	    1.32131e+00	    4.40916e-05	    4.56084e-05	    2.98979e-05	    3.18323e-05	    3.10803e-05	    3.73252e-05	    3.94913e-05	    5.16654e-04	    5.35327e-04	    3.61710e-05	    3.74888e-05	    3.75068e-05
    7.69959e-01	    1.32131e+00	    4.34832e-05	    4.49738e-05	    2.99212e-05	    3.18257e-05	    3.11006e-05	    3.64231e-05	    3.85376e-05	    5.10345e-04	    5.28729e-04	    3.59349e-05	    3.72227e-05	    3.72574e-05
    7.75750e-01	    1.32131e+00	    4.28724e-05	    4.43370e-05	    2.99361e-05	    3.18106e-05	    3.11120e-05	    3.55265e-05	    3.75898e-05	    5.03995e-04	    5.22088e-04	    3.56907e-05	    3.69490e-05	    3.69998e-05
    7.81573e-01	    1.32131e+00	    4.22595e-05	    4.36980e-05	    2.99424e-05	    3.17870e-05	    3.11146e-05	    3.46356e-05	    3.66483e-05	    4.97605e-04	    5.15407e-04	    3.54387e-05	    3.66678e-05	    3.67340e-05
    7.87429e-01	    1.32131e+00	    4.16446e-05	    4.30571e-05	    2.99402e-05	    3.17547e-05	    3.11082e-05	    3.37509e-05	    3.57133e-05	    4.91177e-04	    5.08688e-04	    3.51790e-05	    3.63792e-05	    3.64602e-05
    7.93319e-01	    1.32131e+00	    4.10281e-05	    4.24146e-05	    2.99293e-05	    3.17138e-05	    3.10928e-05	    3.28727e-05	    3.47853e-05	    4.84715e-04	    5.01935e-04	    3.49115e-05	    3.60833e-05	    3.61785e-05
    7.99243e-01	    1.32131e+00	    4.04101e-05	    4.17708e-05	    2.99098e-05	    3.16643e-05	    3.10684e-05	    3.20015e-05	    3.38648e-05	    4.78220e-04	    4.95150e-04	    3.46366e-05	    3.57802e-05	    3.58891e-05
    8.05201e-01	    1.32131e+00	    3.97909e-05	    4.11259e-05	    2.98816e-05	    3.16061e-05	    3.10350e-05	    3.11374e-05	    3.29519e-05	    4.71696e-04	    4.88334e-04	    3.43543e-05	    3.54702e-05	    3.55921e-05
    8.11194e-01	    1.32131e+00	    3.91708e-05	    4.04800e-05	    2.98447e-05	    3.15391e-05	    3.09924e-05	    3.02810e-05	    3.20472e-05	    4.65144e-04	    4.81492e-04	    3.40648e-05	    3.51533e-05	    3.52876e-05
    8.17222e-01	    1.32131e+00	    3.85500e-05	    3.98336e-05	    2.97990e-05	    3.14635e-05	    3.09408e-05	    2.94325e-05	    3.11509e-05	    4.58567e-04	    4.74625e-04	    3.37682e-05	    3.48297e-05	    3.49759e-05
    8.23287e-01	    1.32131e+00	    3.79287e-05	    3.91868e-05	    2.97445e-05	    3.13791e-05	    3.08801e-05	    2.85922e-05	    3.02635e-05	    4.51968e-04	    4.67736e-04	    3.34646e-05	    3.44995e-05	    3.46570e-05
    8.29387e-01	    1.32131e+00	    3.73071e-05	    3.85399e-05	    2.96813e-05	    3.12861e-05	    3.08102e-05	    2.77606e-05	    2.93852e-05	    4.45348e-04	    4.60828e-04	    3.31543e-05	    3.41630e-05	    3.43311e-05
    8.35524e-01	    1.32131e+00	    3.66856e-05	    3.78931e-05	    2.96093e-05	    3.11843e-05	    3.07312e-05	    2.69378e-05	    2.85164e-05	    4.38712e-04	    4.53902e-04	    3.28374e-05	    3.38202e-05	    3.39984e-05
    8.41699e-01	    1.32131e+00	    3.60643e-05	    3.72467e-05	    2.95285e-05	    3.10738e-05	    3.06431e-05	    2.61242e-05	    2.76574e-05	    4.32060e-04	    4.46963e-04	    3.25140e-05	    3.34713e-05	    3.36592e-05
    8.47911e-01	    1.32131e+00	    3.54435e-05	    3.66009e-05	    2.94390e-05	    3.09547e-05	    3.05459e-05	    2.53202e-05	    2.68086e-05	    4.25395e-04	    4.40013e-04	    3.21843e-05	    3.31165e-05	    3.33134e-05
    8.54162e-01	    1.32131e+00	    3.48233e-05	    3.59560e-05	    2.93407e-05	    3.08269e-05	    3.04396e-05	    2.45259e-05	    2.59701e-05	    4.18721e-04	    4.33053e-04	    3.18485e-05	    3.27560e-05	    3.29614e-05
    8.60452e-01	    1.32131e+00	    3.42042e-05	    3.53122e-05	    2.92336e-05	    3.06905e-05	    3.03243e-05	    2.37417e-05	    2.51424e-05	    4.12039e-04	    4.26087e-04	    3.15067e-05	    3.23900e-05	    3.26033e-05
    8.66781e-01	    1.32131e+00	    3.35862e-05	    3.46697e-05	    2.91179e-05	    3.05456e-05	    3.01999e-05	    2.29679e-05	    2.43257e-05	    4.05353e-04	    4.19117e-04	    3.11592e-05	    3.20186e-05	    3.22394e-05
    8.73149e-01	    1.32131e+00	    3.29696e-05	    3.40288e-05	    2.89935e-05	    3.03921e-05	    3.00665e-05	    2.22047e-05	    2.35202e-05	    3.98664e-04	    4.12147e-04	    3.08062e-05	    3.16419e-05	    3.18697e-05
    8.79559e-01	    1.32131e+00	    3.23546e-05	    3.33898e-05	    2.88605e-05	    3.02301e-05	    2.99243e-05	    2.14523e-05	    2.27263e-05	    3.91975e-04	    4.05178e-04	    3.04477e-05	    3.12603e-05	    3.14945e-05
    8.86009e-01	    1.32131e+00	    3.17415e-05	    3.27528e-05	    2.87189e-05	    3.00597e-05	    2.97731e-05	    2.07111e-05	    2.19442e-05	    3.85288e-04	    3.98213e-04	    3.00841e-05	    3.08739e-05	    3.11141e-05
    8.92501e-01	    1.32131e+00	    3.11305e-05	    3.21180e-05	    2.85687e-05	    2.98810e-05	    2.96131e-05	    1.99812e-05	    2.11740e-05	    3.78607e-04	    3.91255e-04	    2.97154e-05	    3.04829e-05	    3.07285e-05
    8.99035e-01	    1.32131e+00	    3.05218e-05	    3.14859e-05	    2.84102e-05	    2.96940e-05	    2.94444e-05	    1.92628e-05	    2.04162e-05	    3.71933e-04	    3.84306e-04	    2.93420e-05	    3.00875e-05	    3.03381e-05
    9.05611e-01	    1.32131e+00	    2.99156e-05	    3.08564e-05	    2.82432e-05	    2.94988e-05	    2.92670e-05	    1.85562e-05	    1.96708e-05	    3.65270e-04	    3.77369e-04	    2.89640e-05	    2.96879e-05	    2.99430e-05
    9.12231e-01	    1.32131e+00	    2.93122e-05	    3.02300e-05	    2.80680e-05	    2.92954e-05	    2.90811e-05	    1.78616e-05	    1.89381e-05	    3.58618e-04	    3.70446e-04	    2.85816e-05	    2.92843e-05	    2.95435e-05
    9.18895e-01	    1.32131e+00	    2.87117e-05	    2.96067e-05	    2.78845e-05	    2.90841e-05	    2.88866e-05	    1.71791e-05	    1.82183e-05	    3.51982e-04	    3.63541e-04	    2.81950e-05	    2.88769e-05	    2.91397e-05
    9.25604e-01	    1.32131e+00	    2.81145e-05	    2.89869e-05	    2.76929e-05	    2.88649e-05	    2.86837e-05	    1.65090e-05	    1.75115e-05	    3.45363e-04	    3.56655e-04	    2.78045e-05	    2.84659e-05	    2.87320e-05
    9.32358e-01	    1.32131e+00	    2.75206e-05	    2.83707e-05	    2.74932e-05	    2.86379e-05	    2.84726e-05	    1.58514e-05	    1.68180e-05	    3.38764e-04	    3.49791e-04	    2.74102e-05	    2.80516e-05	    2.83204e-05
    9.39157e-01	    1.32131e+00	    2.69303e-05	    2.77584e-05	    2.72857e-05	    2.84032e-05	    2.82533e-05	    1.52064e-05	    1.61379e-05	    3.32188e-04	    3.42952e-04	    2.70124e-05	    2.76341e-05	    2.79053e-05
    9.46003e-01	    1.32131e+00	    2.63438e-05	    2.71501e-05	    2.70703e-05	    2.81609e-05	    2.80260e-05	    1.45742e-05	    1.54713e-05	    3.25636e-04	    3.36140e-04	    2.66113e-05	    2.72138e-05	    2.74869e-05
    9.52896e-01	    1.32131e+00	    2.57614e-05	    2.65461e-05	    2.68472e-05	    2.79112e-05	    2.77907e-05	    1.39550e-05	    1.48184e-05	    3.19111e-04	    3.29358e-04	    2.62071e-05	    2.67907e-05	    2.70654e-05
    9.59837e-01	    1.32131e+00	    2.51831e-05	    2.59466e-05	    2.66166e-05	    2.76541e-05	    2.75476e-05	    1.33488e-05	    1.41793e-05	    3.12615e-04	    3.22607e-04	    2.58000e-05	    2.63651e-05	    2.66411e-05
    9.66826e-01	    1.32131e+00	    2.46092e-05	    2.53518e-05	    2.63785e-05	    2.73900e-05	    2.72969e-05	    1.27558e-05	    1.35541e-05	    3.06151e-04	    3.15891e-04	    2.53903e-05	    2.59373e-05	    2.62141e-05
    9.73865e-01	    1.32131e+00	    2.40400e-05	    2.47618e-05	    2.61332e-05	    2.71188e-05	    2.70387e-05	    1.21761e-05	    1.29430e-05	    2.99721e-04	    3.09211e-04	    2.49782e-05	    2.55075e-05	    2.57848e-05
    9.80953e-01	    1.32131e+00	    2.34755e-05	    2.41769e-05	    2.58807e-05	    2.68407e-05	    2.67732e-05	    1.16097e-05	    1.23459e-05	    2.93328e-04	    3.02571e-04	    2.45640e-05	    2.50758e-05	    2.53533e-05
    9.88092e-01	    1.32131e+00	    2.29159e-05	    2.35973e-05	    2.56212e-05	    2.65560e-05	    2.65005e-05	    1.10567e-05	    1.17630e-05	    2.86973e-04	    2.95972e-04	    2.41477e-05	    2.46427e-05	    2.49199e-05
    9.95282e-01	    1.32131e+00	    2.23615e-05	    2.30231e-05	    2.53549e-05	    2.62648e-05	    2.62209e-05	    1.05172e-05	    1.11943e-05	    2.80658e-04	    2.89417e-04	    2.37298e-05	    2.42081e-05	    2.44849e-05
    1.00252e+00	    1.32131e+00	    2.18124e-05	    2.24545e-05	    2.50819e-05	    2.59672e-05	    2.59344e-05	    9.99130e-06	    1.06400e-05	    2.74387e-04	    2.82907e-04	    2.33105e-05	    2.37725e-05	    2.40485e-05
    1.00982e+00	    1.32131e+00	    2.12688e-05	    2.18917e-05	    2.48025e-05	    2.56634e-05	    2.56412e-05	    9.47892e-06	    1.00999e-05	    2.68160e-04	    2.76446e-04	    2.28898e-05	    2.33360e-05	    2.36109e-05
    1.01717e+00	    1.32131e+00	    2.07308e-05	    2.13348e-05	    2.45168e-05	    2.53537e-05	    2.53416e-05	    8.98014e-06	    9.57417e-06	    2.61981e-04	    2.70035e-04	    2.24682e-05	    2.28989e-05	    2.31723e-05
    1.02457e+00	    1.32131e+00	    2.01987e-05	    2.07841e-05	    2.42249e-05	    2.50381e-05	    2.50358e-05	    8.49497e-06	    9.06280e-06	    2.55851e-04	    2.63677e-04	    2.20458e-05	    2.24614e-05	    2.27332e-05
    1.03203e+00	    1.32131e+00	    1.96725e-05	    2.02396e-05	    2.39271e-05	    2.47170e-05	    2.47239e-05	    8.02341e-06	    8.56579e-06	    2.49772e-04	    2.57373e-04	    2.16229e-05	    2.20237e-05	    2.22935e-05
    1.03954e+00	    1.32131e+00	    1.91524e-05	    1.97016e-05	    2.36236e-05	    2.43905e-05	    2.44062e-05	    7.56546e-06	    8.08310e-06	    2.43747e-04	    2.51126e-04	    2.11997e-05	    2.15860e-05	    2.18537e-05
    1.04712e+00	    1.32131e+00	    1.86386e-05	    1.91702e-05	    2.33146e-05	    2.40588e-05	    2.40829e-05	    7.12108e-06	    7.61473e-06	    2.37777e-04	    2.44937e-04	    2.07764e-05	    2.11487e-05	    2.14139e-05
    1.05474e+00	    1.32131e+00	    1.81312e-05	    1.86455e-05	    2.30003e-05	    2.37222e-05	    2.37542e-05	    6.69025e-06	    7.16063e-06	    2.31864e-04	    2.38809e-04	    2.03533e-05	    2.07119e-05	    2.09745e-05
    1.06243e+00	    1.32131e+00	    1.76303e-05	    1.81276e-05	    2.26809e-05	    2.33809e-05	    2.34203e-05	    6.27293e-06	    6.72074e-06	    2.26010e-04	    2.32743e-04	    1.99306e-05	    2.02758e-05	    2.05356e-05
    1.07018e+00	    1.32131e+00	    1.71361e-05	    1.76168e-05	    2.23566e-05	    2.30350e-05	    2.30815e-05	    5.86905e-06	    6.29501e-06	    2.20217e-04	    2.26742e-04	    1.95085e-05	    1.98408e-05	    2.00974e-05
    1.07799e+00	    1.32131e+00	    1.66487e-05	    1.71131e-05	    2.20277e-05	    2.26848e-05	    2.27380e-05	    5.47854e-06	    5.88337e-06	    2.14487e-04	    2.20807e-04	    1.90873e-05	    1.94069e-05	    1.96603e-05
    1.08586e+00	    1.32131e+00	    1.61682e-05	    1.66166e-05	    2.16944e-05	    2.23307e-05	    2.23901e-05	    5.10134e-06	    5.48571e-06	    2.08820e-04	    2.14939e-04	    1.86673e-05	    1.89745e-05	    1.92245e-05
    1.09379e+00	    1.32131e+00	    1.56947e-05	    1.61275e-05	    2.13569e-05	    2.19727e-05	    2.20379e-05	    4.73734e-06	    5.10195e-06	    2.03220e-04	    2.09142e-04	    1.82485e-05	    1.85437e-05	    1.87901e-05
    1.10178e+00	    1.32131e+00	    1.52283e-05	    1.56458e-05	    2.10154e-05	    2.16111e-05	    2.16817e-05	    4.38644e-06	    4.73198e-06	    1.97688e-04	    2.03415e-04	    1.78313e-05	    1.81149e-05	    1.83575e-05
    1.10984e+00	    1.32131e+00	    1.47692e-05	    1.51717e-05	    2.06703e-05	    2.12463e-05	    2.13219e-05	    4.04854e-06	    4.37567e-06	    1.92225e-04	    1.97761e-04	    1.74159e-05	    1.76881e-05	    1.79268e-05
    1.11796e+00	    1.32131e+00	    1.43174e-05	    1.47053e-05	    2.03218e-05	    2.08783e-05	    2.09586e-05	    3.72350e-06	    4.03289e-06	    1.86832e-04	    1.92182e-04	    1.70025e-05	    1.72637e-05	    1.74983e-05
    1.12615e+00	    1.32131e+00	    1.38730e-05	    1.42466e-05	    1.99700e-05	    2.05076e-05	    2.05922e-05	    3.41121e-06	    3.70350e-06	    1.81511e-04	    1.86679e-04	    1.65913e-05	    1.68418e-05	    1.70723e-05
    1.13441e+00	    1.32131e+00	    1.34362e-05	    1.37958e-05	    1.96154e-05	    2.01344e-05	    2.02228e-05	    3.11150e-06	    3.38734e-06	    1.76265e-04	    1.81253e-04	    1.61825e-05	    1.64227e-05	    1.66488e-05
    1.14273e+00	    1.32131e+00	    1.30069e-05	    1.33529e-05	    1.92580e-05	    1.97588e-05	    1.98508e-05	    2.82424e-06	    3.08426e-06	    1.71092e-04	    1.75905e-04	    1.57764e-05	    1.60065e-05	    1.62283e-05
    1.15112e+00	    1.32131e+00	    1.25852e-05	    1.29179e-05	    1.88982e-05	    1.93812e-05	    1.94765e-05	    2.54926e-06	    2.79408e-06	    1.65996e-04	    1.70637e-04	    1.53732e-05	    1.55935e-05	    1.58108e-05
    1.15959e+00	    1.32131e+00	    1.21713e-05	    1.24910e-05	    1.85363e-05	    1.90019e-05	    1.91000e-05	    2.28638e-06	    2.51661e-06	    1.60978e-04	    1.65451e-04	    1.49730e-05	    1.51839e-05	    1.53965e-05
    1.16812e+00	    1.32131e+00	    1.17651e-05	    1.20722e-05	    1.81726e-05	    1.86210e-05	    1.87217e-05	    2.03542e-06	    2.25166e-06	    1.56038e-04	    1.60346e-04	    1.45761e-05	    1.47778e-05	    1.49858e-05
    1.17673e+00	    1.32131e+00	    1.13668e-05	    1.16616e-05	    1.78072e-05	    1.82390e-05	    1.83419e-05	    1.79620e-06	    1.99904e-06	    1.51177e-04	    1.55325e-04	    1.41827e-05	    1.43755e-05	    1.45788e-05
    1.18541e+00	    1.32131e+00	    1.09764e-05	    1.12592e-05	    1.74404e-05	    1.78559e-05	    1.79608e-05	    1.56852e-06	    1.75853e-06	    1.46397e-04	    1.50389e-04	    1.37929e-05	    1.39771e-05	    1.41756e-05
    1.19417e+00	    1.32131e+00	    1.05938e-05	    1.08650e-05	    1.70726e-05	    1.74722e-05	    1.75787e-05	    1.35217e-06	    1.52991e-06	    1.41699e-04	    1.45537e-04	    1.34069e-05	    1.35829e-05	    1.37766e-05
    1.20300e+00	    1.32131e+00	    1.02192e-05	    1.04791e-05	    1.67040e-05	    1.70881e-05	    1.71959e-05	    1.14694e-06	    1.31295e-06	    1.37083e-04	    1.40772e-04	    1.30250e-05	    1.31929e-05	    1.33818e-05
    1.21192e+00	    1.32131e+00	    9.85261e-06	    1.01015e-05	    1.63348e-05	    1.67039e-05	    1.68127e-05	    9.52604e-07	    1.10744e-06	    1.32550e-04	    1.36094e-04	    1.26473e-05	    1.28075e-05	    1.29914e-05
    1.22090e+00	    1.32131e+00	    9.49399e-06	    9.73214e-06	    1.59654e-05	    1.63197e-05	    1.64294e-05	    7.68938e-07	    9.13110e-07	    1.28101e-04	    1.31503e-04	    1.22740e-05	    1.24267e-05	    1.26057e-05
    1.22997e+00	    1.32131e+00	    9.14337e-06	    9.37115e-06	    1.55961e-05	    1.59360e-05	    1.60462e-05	    5.95707e-07	    7.29728e-07	    1.23737e-04	    1.27001e-04	    1.19053e-05	    1.20507e-05	    1.22248e-05
    1.23912e+00	    1.32131e+00	    8.80077e-06	    9.01850e-06	    1.52270e-05	    1.55530e-05	    1.56635e-05	    4.32670e-07	    5.57037e-07	    1.19458e-04	    1.22588e-04	    1.15413e-05	    1.16797e-05	    1.18488e-05
    1.24836e+00	    1.32131e+00	    8.46619e-06	    8.67417e-06	    1.48584e-05	    1.51708e-05	    1.52814e-05	    2.79581e-07	    3.94777e-07	    1.15265e-04	    1.18264e-04	    1.11821e-05	    1.13138e-05	    1.14780e-05
    1.25767e+00	    1.32131e+00	    8.13963e-06	    8.33816e-06	    1.44907e-05	    1.47899e-05	    1.49004e-05	    1.36187e-07	    2.42682e-07	    1.11158e-04	    1.14030e-04	    1.08279e-05	    1.09532e-05	    1.11125e-05
    1.26708e+00	    1.32131e+00	    7.82106e-06	    8.01045e-06	    1.41241e-05	    1.44105e-05	    1.45206e-05	    2.23338e-09	    1.00482e-07	    1.07138e-04	    1.09886e-04	    1.04790e-05	    1.05980e-05	    1.07524e-05
    1.27656e+00	    1.32131e+00	    7.51049e-06	    7.69103e-06	    1.37588e-05	    1.40327e-05	    1.41423e-05	   -1.22543e-07	   -3.20974e-08	    1.03205e-04	    1.05834e-04	    1.01353e-05	    1.02483e-05	    1.03978e-05
    1.28614e+00	    1.32131e+00	    7.20787e-06	    7.37986e-06	    1.33952e-05	    1.36570e-05	    1.37658e-05	   -2.38406e-07	   -1.55336e-07	    9.93589e-05	    1.01871e-04	    9.79709e-06	    9.90435e-06	    1.00490e-05
    1.29581e+00	    1.32131e+00	    6.91319e-06	    7.07692e-06	    1.30334e-05	    1.32835e-05	    1.33914e-05	   -3.45625e-07	   -2.69516e-07	    9.56004e-05	    9.80001e-05	    9.46443e-06	    9.56615e-06	    9.70598e-06
    1.30557e+00	    1.32131e+00	    6.62640e-06	    6.78215e-06	    1.26737e-05	    1.29125e-05	    1.30193e-05	   -4.44472e-07	   -3.74923e-07	    9.19294e-05	    9.42200e-05	    9.13745e-06	    9.23384e-06	    9.36891e-06
    1.31542e+00	    1.32131e+00	    6.34747e-06	    6.49553e-06	    1.23165e-05	    1.25442e-05	    1.26498e-05	   -5.35222e-07	   -4.71847e-07	    8.83461e-05	    9.05308e-05	    8.81626e-06	    8.90755e-06	    9.03790e-06
    1.32536e+00	    1.32131e+00	    6.07635e-06	    6.21699e-06	    1.19619e-05	    1.21790e-05	    1.22831e-05	   -6.18151e-07	   -5.60577e-07	    8.48502e-05	    8.69327e-05	    8.50098e-06	    8.58737e-06	    8.71305e-06
    1.33540e+00	    1.32131e+00	    5.81298e-06	    5.94648e-06	    1.16101e-05	    1.18170e-05	    1.19195e-05	   -6.93539e-07	   -6.41407e-07	    8.14419e-05	    8.34253e-05	    8.19169e-06	    8.27338e-06	    8.39446e-06
    1.34554e+00	    1.32131e+00	    5.55731e-06	    5.68393e-06	    1.12615e-05	    1.14584e-05	    1.15593e-05	   -7.61666e-07	   -7.14630e-07	    7.81208e-05	    8.00086e-05	    7.88848e-06	    7.96567e-06	    8.08221e-06
    1.35578e+00	    1.32131e+00	    5.30927e-06	    5.42927e-06	    1.09163e-05	    1.11035e-05	    1.12026e-05	   -8.22813e-07	   -7.80541e-07	    7.48867e-05	    7.66822e-05	    7.59144e-06	    7.66433e-06	    7.77640e-06
    1.36612e+00	    1.32131e+00	    5.06880e-06	    5.18244e-06	    1.05746e-05	    1.07525e-05	    1.08497e-05	   -8.77262e-07	   -8.39434e-07	    7.17394e-05	    7.34457e-05	    7.30064e-06	    7.36941e-06	    7.47708e-06
    1.37656e+00	    1.32131e+00	    4.83582e-06	    4.94335e-06	    1.02367e-05	    1.04057e-05	    1.05009e-05	   -9.25293e-07	   -8.91605e-07	    6.86784e-05	    7.02988e-05	    7.01615e-06	    7.08099e-06	    7.18434e-06
    1.38711e+00	    1.32131e+00	    4.61024e-06	    4.71191e-06	    9.90282e-06	    1.00632e-05	    1.01563e-05	   -9.67188e-07	   -9.37348e-07	    6.57034e-05	    6.72409e-05	    6.73804e-06	    6.79911e-06	    6.89823e-06
    1.39776e+00	    1.32131e+00	    4.39199e-06	    4.48803e-06	    9.57318e-06	    9.72528e-06	    9.81624e-06	   -1.00323e-06	   -9.76955e-07	    6.28137e-05	    6.42715e-05	    6.46634e-06	    6.52383e-06	    6.61879e-06
    1.40853e+00	    1.32131e+00	    4.18098e-06	    4.27163e-06	    9.24797e-06	    9.39208e-06	    9.48081e-06	   -1.03369e-06	   -1.01072e-06	    6.00088e-05	    6.13899e-05	    6.20111e-06	    6.25517e-06	    6.34607e-06
    1.41940e+00	    1.32131e+00	    3.97710e-06	    4.06259e-06	    8.92738e-06	    9.06380e-06	    9.15024e-06	   -1.05885e-06	   -1.03893e-06	    5.72881e-05	    5.85955e-05	    5.94238e-06	    5.99318e-06	    6.08011e-06
    1.43039e+00	    1.32131e+00	    3.78027e-06	    3.86082e-06	    8.61160e-06	    8.74065e-06	    8.82474e-06	   -1.07898e-06	   -1.06187e-06	    5.46509e-05	    5.58874e-05	    5.69018e-06	    5.73788e-06	    5.82092e-06
    1.44149e+00	    1.32131e+00	    3.59037e-06	    3.66621e-06	    8.30081e-06	    8.42277e-06	    8.50447e-06	   -1.09436e-06	   -1.07982e-06	    5.20963e-05	    5.32649e-05	    5.44453e-06	    5.48928e-06	    5.56854e-06
    1.45270e+00	    1.32131e+00	    3.40731e-06	    3.47864e-06	    7.99518e-06	    8.11035e-06	    8.18962e-06	   -1.10525e-06	   -1.09308e-06	    4.96237e-05	    5.07270e-05	    5.20545e-06	    5.24739e-06	    5.32296e-06
    1.46404e+00	    1.32131e+00	    3.23096e-06	    3.29799e-06	    7.69487e-06	    7.80353e-06	    7.88034e-06	   -1.11193e-06	   -1.10190e-06	    4.72320e-05	    4.82728e-05	    4.97294e-06	    5.01221e-06	    5.08420e-06
    1.47549e+00	    1.32131e+00	    3.06123e-06	    3.12415e-06	    7.40004e-06	    7.50246e-06	    7.57680e-06	   -1.11464e-06	   -1.10658e-06	    4.49203e-05	    4.59013e-05	    4.74700e-06	    4.78374e-06	    4.85224e-06
    1.48707e+00	    1.32131e+00	    2.89797e-06	    2.95700e-06	    7.11083e-06	    7.20729e-06	    7.27913e-06	   -1.11365e-06	   -1.10736e-06	    4.26877e-05	    4.36114e-05	    4.52762e-06	    4.56196e-06	    4.62707e-06
    1.49878e+00	    1.32131e+00	    2.74109e-06	    2.79639e-06	    6.82738e-06	    6.91813e-06	    6.98747e-06	   -1.10921e-06	   -1.10453e-06	    4.05330e-05	    4.14021e-05	    4.31478e-06	    4.34685e-06	    4.40868e-06
    1.51061e+00	    1.32131e+00	    2.59044e-06	    2.64221e-06	    6.54980e-06	    6.63511e-06	    6.70195e-06	   -1.10157e-06	   -1.09833e-06	    3.84553e-05	    3.92721e-05	    4.10847e-06	    4.13839e-06	    4.19703e-06
    1.52257e+00	    1.32131e+00	    2.44591e-06	    2.49432e-06	    6.27822e-06	    6.35833e-06	    6.42268e-06	   -1.09097e-06	   -1.08901e-06	    3.64532e-05	    3.72202e-05	    3.90864e-06	    3.93652e-06	    3.99209e-06
    1.53467e+00	    1.32131e+00	    2.30735e-06	    2.35258e-06	    6.01275e-06	    6.08791e-06	    6.14977e-06	   -1.07764e-06	   -1.07683e-06	    3.45257e-05	    3.52452e-05	    3.71526e-06	    3.74122e-06	    3.79382e-06
    1.54690e+00	    1.32131e+00	    2.17465e-06	    2.21686e-06	    5.75348e-06	    5.82392e-06	    5.88332e-06	   -1.06182e-06	   -1.06202e-06	    3.26714e-05	    3.33457e-05	    3.52828e-06	    3.55243e-06	    3.60216e-06
    1.55927e+00	    1.32131e+00	    2.04766e-06	    2.08701e-06	    5.50049e-06	    5.56644e-06	    5.62340e-06	   -1.04372e-06	   -1.04481e-06	    3.08891e-05	    3.15203e-05	    3.34766e-06	    3.37010e-06	    3.41706e-06
    1.57178e+00	    1.32131e+00	    1.92624e-06	    1.96289e-06	    5.25386e-06	    5.31555e-06	    5.37009e-06	   -1.02357e-06	   -1.02544e-06	    2.91775e-05	    2.97678e-05	    3.17334e-06	    3.19416e-06	    3.23846e-06
    1.58443e+00	    1.32131e+00	    1.81027e-06	    1.84436e-06	    5.01366e-06	    5.07129e-06	    5.12346e-06	   -1.00158e-06	   -1.00411e-06	    2.75351e-05	    2.80866e-05	    3.00524e-06	    3.02454e-06	    3.06629e-06
    1.59723e+00	    1.32131e+00	    1.69959e-06	    1.73126e-06	    4.77995e-06	    4.83373e-06	    4.88355e-06	   -9.77943e-07	   -9.81050e-07	    2.59606e-05	    2.64752e-05	    2.84329e-06	    2.86117e-06	    2.90046e-06
    1.61018e+00	    1.32131e+00	    1.59406e-06	    1.62346e-06	    4.55276e-06	    4.60290e-06	    4.65041e-06	   -9.52864e-07	   -9.56451e-07	    2.44524e-05	    2.49322e-05	    2.68743e-06	    2.70397e-06	    2.74090e-06
    1.62328e+00	    1.32131e+00	    1.49355e-06	    1.52080e-06	    4.33213e-06	    4.37883e-06	    4.42408e-06	   -9.26528e-07	   -9.30512e-07	    2.30093e-05	    2.34560e-05	    2.53756e-06	    2.55284e-06	    2.58752e-06
    1.63654e+00	    1.32131e+00	    1.39790e-06	    1.42314e-06	    4.11809e-06	    4.16153e-06	    4.20456e-06	   -8.99117e-07	   -9.03422e-07	    2.16295e-05	    2.20450e-05	    2.39360e-06	    2.40770e-06	    2.44021e-06
    1.64995e+00	    1.32131e+00	    1.30698e-06	    1.33032e-06	    3.91065e-06	    3.95100e-06	    3.99188e-06	   -8.70803e-07	   -8.75361e-07	    2.03117e-05	    2.06977e-05	    2.25545e-06	    2.26845e-06	    2.29890e-06
    1.66353e+00	    1.32131e+00	    1.22064e-06	    1.24219e-06	    3.70981e-06	    3.74726e-06	    3.78603e-06	   -8.41752e-07	   -8.46499e-07	    1.90543e-05	    1.94124e-05	    2.12301e-06	    2.13498e-06	    2.16346e-06
    1.67727e+00	    1.32131e+00	    1.13873e-06	    1.15861e-06	    3.51557e-06	    3.55028e-06	    3.58700e-06	   -8.12120e-07	   -8.17001e-07	    1.78556e-05	    1.81875e-05	    1.99618e-06	    2.00719e-06	    2.03379e-06
    1.69117e+00	    1.32131e+00	    1.06110e-06	    1.07942e-06	    3.32791e-06	    3.36004e-06	    3.39477e-06	   -7.82057e-07	   -7.87021e-07	    1.67141e-05	    1.70214e-05	    1.87485e-06	    1.88496e-06	    1.90977e-06
    1.70525e+00	    1.32131e+00	    9.87625e-07	    1.00448e-06	    3.14680e-06	    3.17651e-06	    3.20930e-06	   -7.51703e-07	   -7.56706e-07	    1.56283e-05	    1.59123e-05	    1.75890e-06	    1.76818e-06	    1.79129e-06
    1.71951e+00	    1.32131e+00	    9.18146e-07	    9.33635e-07	    2.97221e-06	    2.99965e-06	    3.03057e-06	   -7.21192e-07	   -7.26192e-07	    1.45964e-05	    1.48586e-05	    1.64822e-06	    1.65672e-06	    1.67823e-06
    1.73394e+00	    1.32131e+00	    8.52522e-07	    8.66735e-07	    2.80410e-06	    2.82940e-06	    2.85851e-06	   -6.90648e-07	   -6.95610e-07	    1.36169e-05	    1.38587e-05	    1.54269e-06	    1.55046e-06	    1.57044e-06
    1.74856e+00	    1.32131e+00	    7.90612e-07	    8.03636e-07	    2.64240e-06	    2.66570e-06	    2.69307e-06	   -6.60187e-07	   -6.65081e-07	    1.26880e-05	    1.29107e-05	    1.44218e-06	    1.44928e-06	    1.46782e-06
    1.76336e+00	    1.32131e+00	    7.32274e-07	    7.44191e-07	    2.48706e-06	    2.50848e-06	    2.53417e-06	   -6.29917e-07	   -6.34717e-07	    1.18083e-05	    1.20130e-05	    1.34656e-06	    1.35304e-06	    1.37021e-06
    1.77835e+00	    1.32131e+00	    6.77367e-07	    6.88257e-07	    2.33799e-06	    2.35767e-06	    2.38175e-06	   -5.99940e-07	   -6.04621e-07	    1.09760e-05	    1.11640e-05	    1.25571e-06	    1.26162e-06	    1.27750e-06
    1.79354e+00	    1.32131e+00	    6.25754e-07	    6.35689e-07	    2.19513e-06	    2.21317e-06	    2.23570e-06	   -5.70346e-07	   -5.74892e-07	    1.01895e-05	    1.03619e-05	    1.16950e-06	    1.17486e-06	    1.18953e-06
    1.80893e+00	    1.32131e+00	    5.77297e-07	    5.86349e-07	    2.05838e-06	    2.07490e-06	    2.09595e-06	   -5.41222e-07	   -5.45615e-07	    9.44724e-06	    9.60510e-06	    1.08777e-06	    1.09265e-06	    1.10618e-06
    1.82452e+00	    1.32131e+00	    5.31863e-07	    5.40096e-07	    1.92764e-06	    1.94275e-06	    1.96238e-06	   -5.12643e-07	   -5.16871e-07	    8.74750e-06	    8.89182e-06	    1.01041e-06	    1.01483e-06	    1.02729e-06
    1.84032e+00	    1.32131e+00	    4.89317e-07	    4.96794e-07	    1.80281e-06	    1.81660e-06	    1.83488e-06	   -4.84680e-07	   -4.88732e-07	    8.08869e-06	    8.22044e-06	    9.37273e-07	    9.41277e-07	    9.52729e-07
    1.85633e+00	    1.32131e+00	    4.49530e-07	    4.56309e-07	    1.68378e-06	    1.69635e-06	    1.71334e-06	   -4.57393e-07	   -4.61262e-07	    7.46923e-06	    7.58931e-06	    8.68216e-07	    8.71835e-07	    8.82346e-07
    1.87255e+00	    1.32131e+00	    4.12373e-07	    4.18510e-07	    1.57043e-06	    1.58187e-06	    1.59764e-06	   -4.30838e-07	   -4.34519e-07	    6.88752e-06	    6.99679e-06	    8.03101e-07	    8.06368e-07	    8.15998e-07
    1.88900e+00	    1.32131e+00	    3.77722e-07	    3.83267e-07	    1.46263e-06	    1.47303e-06	    1.48764e-06	   -4.05062e-07	   -4.08552e-07	    6.34198e-06	    6.44126e-06	    7.41788e-07	    7.44731e-07	    7.53541e-07
    1.90568e+00	    1.32131e+00	    3.45453e-07	    3.50455e-07	    1.36027e-06	    1.36970e-06	    1.38321e-06	   -3.80107e-07	   -3.83405e-07	    5.83107e-06	    5.92113e-06	    6.84135e-07	    6.86783e-07	    6.94828e-07
    1.92258e+00	    1.32131e+00	    3.15446e-07	    3.19951e-07	    1.26319e-06	    1.27173e-06	    1.28420e-06	   -3.56006e-07	   -3.59112e-07	    5.35327e-06	    5.43481e-06	    6.30003e-07	    6.32381e-07	    6.39713e-07
    1.93973e+00	    1.32131e+00	    2.87584e-07	    2.91634e-07	    1.17127e-06	    1.17899e-06	    1.19047e-06	   -3.32790e-07	   -3.35705e-07	    4.90705e-06	    4.98076e-06	    5.79250e-07	    5.81382e-07	    5.88053e-07
    1.95712e+00	    1.32131e+00	    2.61754e-07	    2.65388e-07	    1.08435e-06	    1.09132e-06	    1.10188e-06	   -3.10478e-07	   -3.13207e-07	    4.49096e-06	    4.55746e-06	    5.31737e-07	    5.33645e-07	    5.39704e-07
    1.97475e+00	    1.32131e+00	    2.37845e-07	    2.41100e-07	    1.00229e-06	    1.00857e-06	    1.01826e-06	   -2.89089e-07	   -2.91635e-07	    4.10352e-06	    4.16342e-06	    4.87326e-07	    4.89029e-07	    4.94522e-07
    1.99264e+00	    1.32131e+00	    2.15749e-07	    2.18659e-07	    9.24935e-07	    9.30579e-07	    9.39458e-07	   -2.68634e-07	   -2.71001e-07	    3.74333e-06	    3.79718e-06	    4.45879e-07	    4.47397e-07	    4.52367e-07
    2.01079e+00	    1.32131e+00	    1.95363e-07	    1.97958e-07	    8.52134e-07	    8.57199e-07	    8.65316e-07	   -2.49118e-07	   -2.51313e-07	    3.40899e-06	    3.45731e-06	    4.07260e-07	    4.08611e-07	    4.13098e-07
    2.02921e+00	    1.32131e+00	    1.76585e-07	    1.78896e-07	    7.83728e-07	    7.88265e-07	    7.95670e-07	   -2.30543e-07	   -2.32573e-07	    3.09914e-06	    3.14242e-06	    3.71335e-07	    3.72535e-07	    3.76579e-07
    2.04790e+00	    1.32131e+00	    1.59318e-07	    1.61371e-07	    7.19559e-07	    7.23614e-07	    7.30356e-07	   -2.12907e-07	   -2.14777e-07	    2.81247e-06	    2.85115e-06	    3.37974e-07	    3.39037e-07	    3.42674e-07
    2.06687e+00	    1.32131e+00	    1.43469e-07	    1.45289e-07	    6.59465e-07	    6.63083e-07	    6.69207e-07	   -1.96201e-07	   -1.97920e-07	    2.54769e-06	    2.58219e-06	    3.07045e-07	    3.07985e-07	    3.11249e-07
    2.08612e+00	    1.32131e+00	    1.28947e-07	    1.30558e-07	    6.03286e-07	    6.06506e-07	    6.12058e-07	   -1.80414e-07	   -1.81989e-07	    2.30355e-06	    2.33425e-06	    2.78423e-07	    2.79253e-07	    2.82176e-07
    2.10567e+00	    1.32131e+00	    1.15666e-07	    1.17088e-07	    5.50859e-07	    5.53720e-07	    5.58742e-07	   -1.65533e-07	   -1.66972e-07	    2.07883e-06	    2.10611e-06	    2.51984e-07	    2.52714e-07	    2.55325e-07
    2.12552e+00	    1.32131e+00	    1.03543e-07	    1.04795e-07	    5.02024e-07	    5.04559e-07	    5.09092e-07	   -1.51538e-07	   -1.52849e-07	    1.87238e-06	    1.89655e-06	    2.27605e-07	    2.28246e-07	    2.30575e-07
    2.14568e+00	    1.32131e+00	    9.24978e-08	    9.35982e-08	    4.56618e-07	    4.58860e-07	    4.62941e-07	   -1.38410e-07	   -1.39601e-07	    1.68305e-06	    1.70443e-06	    2.05169e-07	    2.05731e-07	    2.07802e-07
    2.16616e+00	    1.32131e+00	    8.24550e-08	    8.34197e-08	    4.14481e-07	    4.16460e-07	    4.20126e-07	   -1.26126e-07	   -1.27203e-07	    1.50976e-06	    1.52862e-06	    1.84562e-07	    1.85053e-07	    1.86891e-07
    2.18696e+00	    1.32131e+00	    7.33422e-08	    7.41858e-08	    3.75455e-07	    3.77196e-07	    3.80482e-07	   -1.14659e-07	   -1.15632e-07	    1.35147e-06	    1.36806e-06	    1.65671e-07	    1.66100e-07	    1.67727e-07
    2.20809e+00	    1.32131e+00	    6.50904e-08	    6.58264e-08	    3.39382e-07	    3.40911e-07	    3.43848e-07	   -1.03983e-07	   -1.04858e-07	    1.20716e-06	    1.22173e-06	    1.48390e-07	    1.48763e-07	    1.50200e-07
    2.22956e+00	    1.32131e+00	    5.76345e-08	    5.82748e-08	    3.06107e-07	    3.07447e-07	    3.10065e-07	   -9.40676e-08	   -9.48528e-08	    1.07587e-06	    1.08863e-06	    1.32614e-07	    1.32938e-07	    1.34204e-07
    2.25138e+00	    1.32131e+00	    5.09124e-08	    5.14681e-08	    2.75479e-07	    2.76649e-07	    2.78977e-07	   -8.48835e-08	   -8.55857e-08	    9.56674e-07	    9.67823e-07	    1.18244e-07	    1.18524e-07	    1.19636e-07
    2.27356e+00	    1.32131e+00	    4.48655e-08	    4.53465e-08	    2.47346e-07	    2.48366e-07	    2.50431e-07	   -7.63987e-08	   -7.70247e-08	    8.48701e-07	    8.58416e-07	    1.05182e-07	    1.05424e-07	    1.06398e-07
    2.29611e+00	    1.32131e+00	    3.94388e-08	    3.98539e-08	    2.21564e-07	    2.22450e-07	    2.24277e-07	   -6.85812e-08	   -6.91374e-08	    7.51110e-07	    7.59552e-07	    9.33375e-08	    9.35458e-08	    9.43970e-08
    2.31904e+00	    1.32131e+00	    3.45801e-08	    3.49374e-08	    1.97990e-07	    1.98758e-07	    2.00369e-07	   -6.13978e-08	   -6.18905e-08	    6.63104e-07	    6.70420e-07	    8.26208e-08	    8.27997e-08	    8.35414e-08
    2.34236e+00	    1.32131e+00	    3.02406e-08	    3.05472e-08	    1.76484e-07	    1.77148e-07	    1.78565e-07	   -5.48155e-08	   -5.52504e-08	    5.83929e-07	    5.90251e-07	    7.29482e-08	    7.31013e-08	    7.37457e-08
    2.36607e+00	    1.32131e+00	    2.63746e-08	    2.66369e-08	    1.56914e-07	    1.57486e-07	    1.58729e-07	   -4.88009e-08	   -4.91836e-08	    5.12871e-07	    5.18319e-07	    6.42392e-08	    6.43700e-08	    6.49282e-08
    2.39020e+00	    1.32131e+00	    2.29393e-08	    2.31631e-08	    1.39148e-07	    1.39639e-07	    1.40726e-07	   -4.33210e-08	   -4.36564e-08	    4.49257e-07	    4.53937e-07	    5.64178e-08	    5.65290e-08	    5.70111e-08
    2.41475e+00	    1.32131e+00	    1.98948e-08	    2.00851e-08	    1.23060e-07	    1.23481e-07	    1.24429e-07	   -3.83427e-08	   -3.86358e-08	    3.92453e-07	    3.96462e-07	    4.94115e-08	    4.95059e-08	    4.99210e-08
    2.43973e+00	    1.32131e+00	    1.72041e-08	    1.73654e-08	    1.08532e-07	    1.08891e-07	    1.09714e-07	   -3.38337e-08	   -3.40888e-08	    3.41864e-07	    3.45286e-07	    4.31523e-08	    4.32320e-08	    4.35883e-08
    2.46516e+00	    1.32131e+00	    1.48326e-08	    1.49688e-08	    9.54454e-08	    9.57514e-08	    9.64642e-08	   -2.97622e-08	   -2.99835e-08	    2.96931e-07	    2.99843e-07	    3.75757e-08	    3.76429e-08	    3.79477e-08
    2.49105e+00	    1.32131e+00	    1.27486e-08	    1.28633e-08	    8.36910e-08	    8.39506e-08	    8.45658e-08	   -2.60972e-08	   -2.62885e-08	    2.57133e-07	    2.59603e-07	    3.26213e-08	    3.26778e-08	    3.29376e-08
    2.51741e+00	    1.32131e+00	    1.09226e-08	    1.10188e-08	    7.31628e-08	    7.33822e-08	    7.39115e-08	   -2.28088e-08	   -2.29735e-08	    2.21985e-07	    2.24073e-07	    2.82325e-08	    2.82798e-08	    2.85005e-08
    2.54425e+00	    1.32131e+00	    9.32752e-09	    9.40796e-09	    6.37604e-08	    6.39453e-08	    6.43989e-08	   -1.98678e-08	   -2.00091e-08	    1.91034e-07	    1.92793e-07	    2.43563e-08	    2.43957e-08	    2.45826e-08
    2.57159e+00	    1.32131e+00	    7.93862e-09	    8.00562e-09	    5.53887e-08	    5.55438e-08	    5.59313e-08	   -1.72465e-08	   -1.73671e-08	    1.63864e-07	    1.65340e-07	    2.09434e-08	    2.09762e-08	    2.11338e-08
    2.59945e+00	    1.32131e+00	    6.73315e-09	    6.78872e-09	    4.79577e-08	    4.80874e-08	    4.84171e-08	   -1.49179e-08	   -1.50206e-08	    1.40086e-07	    1.41320e-07	    1.79479e-08	    1.79750e-08	    1.81074e-08
    2.62784e+00	    1.32131e+00	    5.69036e-09	    5.73628e-09	    4.13827e-08	    4.14909e-08	    4.17703e-08	   -1.28569e-08	   -1.29438e-08	    1.19344e-07	    1.20372e-07	    1.53273e-08	    1.53496e-08	    1.54605e-08
    2.65677e+00	    1.32131e+00	    4.79140e-09	    4.82920e-09	    3.55844e-08	    3.56741e-08	    3.59100e-08	   -1.10391e-08	   -1.11124e-08	    1.01311e-07	    1.02164e-07	    1.30424e-08	    1.30608e-08	    1.31532e-08
    2.68627e+00	    1.32131e+00	    4.01918e-09	    4.05016e-09	    3.04882e-08	    3.05623e-08	    3.07607e-08	   -9.44184e-09	   -9.50343e-09	    8.56866e-08	    8.63917e-08	    1.10571e-08	    1.10721e-08	    1.11489e-08
    2.71635e+00	    1.32131e+00	    3.35826e-09	    3.38355e-09	    2.60247e-08	    2.60857e-08	    2.62519e-08	   -8.04372e-09	   -8.09522e-09	    7.21975e-08	    7.27777e-08	    9.33830e-09	    9.35053e-09	    9.41398e-09
    2.74703e+00	    1.32131e+00	    2.79473e-09	    2.81528e-09	    2.21295e-08	    2.21795e-08	    2.23180e-08	   -6.82470e-09	   -6.86755e-09	    6.05941e-08	    6.10695e-08	    7.85569e-09	    7.86561e-09	    7.91784e-09
    2.77832e+00	    1.32131e+00	    2.31611e-09	    2.33273e-09	    1.87429e-08	    1.87837e-08	    1.88986e-08	   -5.76611e-09	   -5.80160e-09	    5.06506e-08	    5.10383e-08	    6.58168e-09	    6.58968e-09	    6.63248e-09
    2.81025e+00	    1.32131e+00	    1.91123e-09	    1.92461e-09	    1.58097e-08	    1.58428e-08	    1.59378e-08	   -4.85064e-09	   -4.87990e-09	    4.21626e-08	    4.24774e-08	    5.49121e-09	    5.49764e-09	    5.53255e-09
    2.84283e+00	    1.32131e+00	    1.57016e-09	    1.58087e-09	    1.32793e-08	    1.33061e-08	    1.33842e-08	   -4.06233e-09	   -4.08633e-09	    3.49461e-08	    3.52005e-08	    4.56163e-09	    4.56677e-09	    4.59511e-09
    2.87610e+00	    1.32131e+00	    1.28406e-09	    1.29260e-09	    1.11053e-08	    1.11269e-08	    1.11908e-08	   -3.38649e-09	   -3.40607e-09	    2.88363e-08	    2.90409e-08	    3.77250e-09	    3.77659e-09	    3.79948e-09
    2.91007e+00	    1.32131e+00	    1.04514e-09	    1.05191e-09	    9.24546e-09	    9.26269e-09	    9.31476e-09	   -2.80970e-09	   -2.82559e-09	    2.36855e-08	    2.38492e-08	    3.10551e-09	    3.10875e-09	    3.12715e-09
    2.94476e+00	    1.32131e+00	    8.46534e-10	    8.51874e-10	    7.66127e-09	    7.67498e-09	    7.71717e-09	   -2.31973e-09	   -2.33256e-09	    1.93626e-08	    1.94929e-08	    2.54428e-09	    2.54682e-09	    2.56153e-09
    2.98020e+00	    1.32131e+00	    6.82213e-10	    6.86401e-10	    6.31798e-09	    6.32884e-09	    6.36283e-09	   -1.90554e-09	   -1.91583e-09	    1.57510e-08	    1.58542e-08	    2.07420e-09	    2.07620e-09	    2.08789e-09
    3.01641e+00	    1.32131e+00	    5.46924e-10	    5.50191e-10	    5.18430e-09	    5.19285e-09	    5.22009e-09	   -1.55712e-09	   -1.56534e-09	    1.27482e-08	    1.28294e-08	    1.68237e-09	    1.68392e-09	    1.69317e-09
    3.05343e+00	    1.32131e+00	    4.36103e-10	    4.38636e-10	    4.23213e-09	    4.23882e-09	    4.26053e-09	   -1.26555e-09	   -1.27207e-09	    1.02637e-08	    1.03272e-08	    1.35737e-09	    1.35857e-09	    1.36584e-09
    3.09127e+00	    1.32131e+00	    3.45798e-10	    3.47750e-10	    3.43643e-09	    3.44164e-09	    3.45883e-09	   -1.02284e-09	   -1.02798e-09	    8.21849e-09	    8.26795e-09	    1.08918e-09	    1.09010e-09	    1.09578e-09
    3.12997e+00	    1.32131e+00	    2.72611e-10	    2.74106e-10	    2.77493e-09	    2.77895e-09	    2.79249e-09	   -8.21908e-10	   -8.25932e-10	    6.54384e-09	    6.58209e-09	    8.69041e-10	    8.69746e-10	    8.74158e-10
    3.16956e+00	    1.32131e+00	    2.13629e-10	    2.14766e-10	    2.22794e-09	    2.23104e-09	    2.24162e-09	   -6.56506e-10	   -6.59638e-10	    5.18008e-09	    5.20946e-09	    6.89342e-10	    6.89878e-10	    6.93282e-10
    3.21007e+00	    1.32131e+00	    1.66372e-10	    1.67231e-10	    1.77818e-09	    1.78054e-09	    1.78877e-09	   -5.21150e-10	   -5.23571e-10	    4.07577e-09	    4.09820e-09	    5.43488e-10	    5.43892e-10	    5.46501e-10
    3.25153e+00	    1.32131e+00	    1.28737e-10	    1.29382e-10	    1.41048e-09	    1.41227e-09	    1.41862e-09	   -4.11054e-10	   -4.12912e-10	    3.18680e-09	    3.20381e-09	    4.25802e-10	    4.26104e-10	    4.28090e-10
    3.29398e+00	    1.32131e+00	    9.89522e-11	    9.94327e-11	    1.11168e-09	    1.11303e-09	    1.11790e-09	   -3.22066e-10	   -3.23481e-10	    2.47555e-09	    2.48835e-09	    3.31425e-10	    3.31650e-10	    3.33151e-10
    3.33746e+00	    1.32131e+00	    7.55336e-11	    7.58888e-11	    8.70385e-10	    8.71393e-10	    8.75097e-10	   -2.50608e-10	   -2.51678e-10	    1.91008e-09	    1.91965e-09	    2.56223e-10	    2.56389e-10	    2.57515e-10
    3.38201e+00	    1.32131e+00	    5.72441e-11	    5.75047e-11	    6.76779e-10	    6.77526e-10	    6.80323e-10	   -1.93615e-10	   -1.94417e-10	    1.46347e-09	    1.47056e-09	    1.96694e-10	    1.96815e-10	    1.97654e-10
    3.42766e+00	    1.32131e+00	    4.30605e-11	    4.32501e-11	    5.22481e-10	    5.23031e-10	    5.25127e-10	   -1.48475e-10	   -1.49073e-10	    1.11313e-09	    1.11835e-09	    1.49894e-10	    1.49983e-10	    1.50602e-10
    3.47445e+00	    1.32131e+00	    3.21408e-11	    3.22777e-11	    4.00369e-10	    4.00770e-10	    4.02327e-10	   -1.12985e-10	   -1.13426e-10	    8.40269e-10	    8.44076e-10	    1.13365e-10	    1.13429e-10	    1.13882e-10
    3.52245e+00	    1.32131e+00	    2.37975e-11	    2.38954e-11	    3.04429e-10	    3.04719e-10	    3.05867e-10	   -8.52918e-11	   -8.56141e-11	    6.29314e-10	    6.32068e-10	    8.50625e-11	    8.51080e-11	    8.54374e-11
    3.57168e+00	    1.32131e+00	    1.74728e-11	    1.75423e-11	    2.29621e-10	    2.29829e-10	    2.30668e-10	   -6.38521e-11	   -6.40858e-11	    4.67471e-10	    4.69445e-10	    6.33033e-11	    6.33355e-11	    6.35725e-11
    3.62220e+00	    1.32131e+00	    1.27176e-11	    1.27663e-11	    1.71749e-10	    1.71897e-10	    1.72504e-10	   -4.73893e-11	   -4.75571e-11	    3.44298e-10	    3.45701e-10	    4.67086e-11	    4.67312e-11	    4.69002e-11
    3.67407e+00	    1.32131e+00	    9.17272e-12	    9.20662e-12	    1.27345e-10	    1.27449e-10	    1.27884e-10	   -3.48553e-11	   -3.49746e-11	    2.51335e-10	    2.52323e-10	    3.41583e-11	    3.41740e-11	    3.42934e-11
    3.72735e+00	    1.32131e+00	    6.55361e-12	    6.57695e-12	    9.35653e-11	    9.36378e-11	    9.39467e-11	   -2.53968e-11	   -2.54807e-11	    1.81782e-10	    1.82469e-10	    2.47493e-11	    2.47601e-11	    2.48435e-11
    3.78207e+00	    1.32131e+00	    4.63637e-12	    4.65226e-12	    6.80962e-11	    6.81462e-11	    6.83632e-11	   -1.83248e-11	   -1.83833e-11	    1.30212e-10	    1.30686e-10	    1.77592e-11	    1.77665e-11	    1.78243e-11
    3.83833e+00	    1.32131e+00	    3.24643e-12	    3.25713e-12	    4.90713e-11	    4.91054e-11	    4.92563e-11	   -1.30879e-11	   -1.31282e-11	    9.23372e-11	    9.26605e-11	    1.26153e-11	    1.26203e-11	    1.26598e-11
    3.89616e+00	    1.32131e+00	    2.24890e-12	    2.25603e-12	    3.49977e-11	    3.50207e-11	    3.51244e-11	   -9.24865e-12	   -9.27607e-12	    6.47939e-11	    6.50119e-11	    8.86737e-12	    8.87065e-12	    8.89740e-12
    3.95566e+00	    1.32131e+00	    1.54051e-12	    1.54520e-12	    2.46921e-11	    2.47074e-11	    2.47779e-11	   -6.46342e-12	   -6.48187e-12	    4.49698e-11	    4.51150e-11	    6.16467e-12	    6.16682e-12	    6.18471e-12
    4.01689e+00	    1.32131e+00	    1.04297e-12	    1.04602e-12	    1.72254e-11	    1.72355e-11	    1.72828e-11	   -4.46485e-12	   -4.47711e-12	    3.08547e-11	    3.09503e-11	    4.23670e-12	    4.23810e-12	    4.24991e-12
    4.07992e+00	    1.32131e+00	    6.97527e-13	    6.99481e-13	    1.18755e-11	    1.18820e-11	    1.19134e-11	   -3.04708e-12	   -3.05512e-12	    2.09173e-11	    2.09794e-11	    2.87687e-12	    2.87776e-12	    2.88547e-12
    4.14485e+00	    1.32131e+00	    4.60559e-13	    4.61794e-13	    8.08648e-12	    8.09068e-12	    8.11117e-12	   -2.05330e-12	   -2.05850e-12	    1.40034e-11	    1.40432e-11	    1.92905e-12	    1.92962e-12	    1.93457e-12
    4.21176e+00	    1.32131e+00	    3.00043e-13	    3.00813e-13	    5.43554e-12	    5.43819e-12	    5.45141e-12	   -1.36538e-12	   -1.36869e-12	    9.25221e-12	    9.27737e-12	    1.27656e-12	    1.27692e-12	    1.28006e-12
    4.28075e+00	    1.32131e+00	    1.92743e-13	    1.93216e-13	    3.60436e-12	    3.60602e-12	    3.61442e-12	   -8.95389e-13	   -8.97473e-13	    6.02931e-12	    6.04498e-12	    8.33184e-13	    8.33399e-13	    8.35362e-13
    4.35191e+00	    1.32131e+00	    1.22004e-13	    1.22290e-13	    2.35629e-12	    2.35731e-12	    2.36256e-12	   -5.78680e-13	   -5.79969e-13	    3.87265e-12	    3.88226e-12	    5.35978e-13	    5.36108e-13	    5.37315e-13
    4.42535e+00	    1.32131e+00	    7.60430e-14	    7.62131e-14	    1.51753e-12	    1.51814e-12	    1.52137e-12	   -3.68317e-13	   -3.69101e-13	    2.44995e-12	    2.45574e-12	    3.39585e-13	    3.39663e-13	    3.40394e-13
    4.50119e+00	    1.32131e+00	    4.66331e-14	    4.67325e-14	    9.62104e-13	    9.62467e-13	    9.64427e-13	   -2.30691e-13	   -2.31160e-13	    1.52539e-12	    1.52883e-12	    2.11747e-13	    2.11792e-13	    2.12227e-13
    4.57954e+00	    1.32131e+00	    2.81139e-14	    2.81710e-14	    5.99979e-13	    6.00190e-13	    6.01356e-13	   -1.42072e-13	   -1.42348e-13	    9.33953e-13	    9.35955e-13	    1.29836e-13	    1.29861e-13	    1.30116e-13
    4.66054e+00	    1.32131e+00	    1.66479e-14	    1.66800e-14	    3.67708e-13	    3.67828e-13	    3.68510e-13	   -8.59571e-14	   -8.61159e-14	    5.61838e-13	    5.62983e-13	    7.82172e-14	    7.82317e-14	    7.83775e-14
    4.74432e+00	    1.32131e+00	    9.67376e-15	    9.69149e-15	    2.21269e-13	    2.21337e-13	    2.21727e-13	   -5.10435e-14	   -5.11332e-14	    3.31768e-13	    3.32409e-13	    4.62526e-14	    4.62606e-14	    4.63426e-14
    4.83103e+00	    1.32131e+00	    5.51052e-15	    5.52010e-15	    1.30606e-13	    1.30643e-13	    1.30862e-13	   -2.97202e-14	   -2.97698e-14	    1.92114e-13	    1.92466e-13	    2.68202e-14	    2.68245e-14	    2.68697e-14
    4.92084e+00	    1.32131e+00	    3.07383e-15	    3.07889e-15	    7.55376e-14	    7.55576e-14	    7.56778e-14	   -1.69492e-14	   -1.69761e-14	    1.08973e-13	    1.09162e-13	    1.52339e-14	    1.52362e-14	    1.52605e-14
    5.01391e+00	    1.32131e+00	    1.67706e-15	    1.67968e-15	    4.27592e-14	    4.27697e-14	    4.28341e-14	   -9.45659e-15	   -9.47080e-15	    6.04803e-14	    6.05796e-14	    8.46615e-15	    8.46732e-15	    8.48013e-15
    5.11042e+00	    1.32131e+00	    8.93840e-16	    8.95155e-16	    2.36607e-14	    2.36660e-14	    2.36998e-14	   -5.15546e-15	   -5.16279e-15	    3.28024e-14	    3.28532e-14	    4.59775e-15	    4.59834e-15	    4.60492e-15
    5.21058e+00	    1.32131e+00	    4.64755e-16	    4.65400e-16	    1.27815e-14	    1.27842e-14	    1.28014e-14	   -2.74264e-15	   -2.74632e-15	    1.73625e-14	    1.73879e-14	    2.43674e-15	    2.43703e-15	    2.44033e-15
    5.31459e+00	    1.32131e+00	    2.35402e-16	    2.35710e-16	    6.73090e-15	    6.73220e-15	    6.74077e-15	   -1.42171e-15	   -1.42352e-15	    8.95593e-15	    8.96825e-15	    1.25850e-15	    1.25864e-15	    1.26025e-15
    5.42269e+00	    1.32131e+00	    1.15968e-16	    1.16110e-16	    3.45011e-15	    3.45073e-15	    3.45486e-15	   -7.17008e-16	   -7.17865e-16	    4.49494e-15	    4.50075e-15	    6.32416e-16	    6.32480e-16	    6.33239e-16
    5.53513e+00	    1.32131e+00	    5.54712e-17	    5.55352e-17	    1.71845e-15	    1.71873e-15	    1.72067e-15	   -3.51215e-16	   -3.51610e-16	    2.19140e-15	    2.19406e-15	    3.08692e-16	    3.08721e-16	    3.09069e-16
    5.65217e+00	    1.32131e+00	    2.57159e-17	    2.57438e-17	    8.30236e-16	    8.30360e-16	    8.31239e-16	   -1.66790e-16	   -1.66965e-16	    1.03588e-15	    1.03706e-15	    1.46093e-16	    1.46105e-16	    1.46260e-16
    5.77410e+00	    1.32131e+00	    1.15312e-17	    1.15429e-17	    3.88306e-16	    3.88359e-16	    3.88744e-16	   -7.66393e-17	   -7.67151e-17	    4.73844e-16	    4.74348e-16	    6.69047e-17	    6.69099e-17	    6.69762e-17
    5.90125e+00	    1.32131e+00	    4.99051e-18	    4.99523e-18	    1.75440e-16	    1.75462e-16	    1.75625e-16	   -3.40008e-17	   -3.40322e-17	    2.09296e-16	    2.09504e-16	    2.95852e-17	    2.95873e-17	    2.96147e-17
    6.03396e+00	    1.32131e+00	    2.07963e-18	    2.08147e-18	    7.63943e-17	    7.64030e-17	    7.64692e-17	   -1.45300e-17	   -1.45425e-17	    8.90575e-17	    8.91398e-17	    1.26027e-17	    1.26036e-17	    1.26144e-17
    6.17261e+00	    1.32131e+00	    8.32307e-19	    8.32989e-19	    3.19792e-17	    3.19825e-17	    3.20083e-17	   -5.96584e-18	   -5.97063e-18	    3.64130e-17	    3.64443e-17	    5.15847e-18	    5.15877e-18	    5.16293e-18
    6.31760e+00	    1.32131e+00	    3.19017e-19	    3.19260e-19	    1.28336e-17	    1.28348e-17	    1.28445e-17	   -2.34691e-18	   -2.34867e-18	    1.42662e-17	    1.42775e-17	    2.02316e-18	    2.02327e-18	    2.02478e-18
    6.46939e+00	    1.32131e+00	    1.16746e-19	    1.16828e-19	    4.92255e-18	    4.92297e-18	    4.92639e-18	   -8.81893e-19	   -8.82504e-19	    5.33945e-18	    5.34338e-18	    7.57999e-19	    7.58035e-19	    7.58561e-19
    6.62847e+00	    1.32131e+00	    4.06536e-20	    4.06801e-20	    1.79864e-18	    1.79878e-18	    1.79994e-18	   -3.15481e-19	   -3.15683e-19	    1.90269e-18	    1.90399e-18	    2.70382e-19	    2.70394e-19	    2.70567e-19
    6.79539e+00	    1.32131e+00	    1.34207e-20	    1.34288e-20	    6.23772e-19	    6.23815e-19	    6.24186e-19	   -1.07046e-19	   -1.07109e-19	    6.43168e-19	    6.43571e-19	    9.14872e-20	    9.14908e-20	    9.15449e-20
    6.97073e+00	    1.32131e+00	    4.18305e-21	    4.18536e-21	    2.04495e-19	    2.04508e-19	    2.04619e-19	   -3.43115e-20	   -3.43302e-20	    2.05399e-19	    2.05518e-19	    2.92450e-20	    2.92460e-20	    2.92619e-20
    7.15517e+00	    1.32131e+00	    1.22544e-21	    1.22606e-21	    6.30930e-20	    6.30965e-20	    6.31281e-20	   -1.03428e-20	   -1.03480e-20	    6.16945e-20	    6.17270e-20	    8.79230e-21	    8.79258e-21	    8.79697e-21
    7.34943e+00	    1.32131e+00	    3.35738e-22	    3.35893e-22	    1.82298e-20	    1.82307e-20	    1.82390e-20	   -2.91748e-21	   -2.91881e-21	    1.73424e-20	    1.73508e-20	    2.47377e-21	    2.47384e-21	    2.47497e-21
    7.55432e+00	    1.32131e+00	    8.55491e-23	    8.55851e-23	    4.90584e-21	    4.90605e-21	    4.90811e-21	   -7.65886e-22	   -7.66206e-22	    4.53736e-21	    4.53935e-21	    6.47793e-22	    6.47809e-22	    6.48078e-22
    7.77076e+00	    1.32131e+00	    2.01504e-23	    2.01581e-23	    1.22225e-21	    1.22230e-21	    1.22276e-21	   -1.85982e-22	   -1.86053e-22	    1.09822e-21	    1.09866e-21	    1.56926e-22	    1.56930e-22	    1.56989e-22
    7.99974e+00	    1.32131e+00	    4.35901e-24	    4.36053e-24	    2.80126e-22	    2.80136e-22	    2.80233e-22	   -4.15083e-23	   -4.15227e-23	    2.44333e-22	    2.44422e-22	    3.49420e-23	    3.49426e-23	    3.49547e-23
    8.24239e+00	    1.32131e+00	    8.58116e-25	    8.58389e-25	    5.85211e-23	    5.85228e-23	    5.85414e-23	   -8.43678e-24	   -8.43945e-24	    4.95100e-23	    4.95263e-23	    7.08610e-24	    7.08622e-24	    7.08846e-24
    8.50000e+00	    1.32131e+00	    1.52512e-25	    1.52556e-25	    1.10587e-23	    1.10590e-23	    1.10621e-23	   -1.54958e-24	   -1.55002e-24	    9.06622e-24	    9.06888e-24	    1.29863e-24	    1.29865e-24	    1.29901e-24