# mc-number	             name	     mass	    width	deg	Qb	Qs	Qc	Qbot	isospin	charge	decays	   Nyield
#      3334	            Omega	  1.67245	0.00000e+00	4	1	 -3	0	0	0	 -1	  1	3.56854e-07
# 1:pbar [GeV]	2:m [GeV]	3:Feq 1	4:Feq 2	5:Fshear 1	6:Fshear 2	7:Fshear 3	8:Fbulk 1	9:Fbulk 2	10:Ftemp 1	11:Ftemp 2	12:Fvel 1	13:Fvel 2	14:Fvel 3
    3.62517e-03	    1.67245e+00	    3.59629e-08	    3.63600e-08	    4.67473e-13	    4.97266e-10	    4.72978e-13	    6.39887e-08	    6.50090e-08	    4.17537e-07	    4.23700e-07	    1.29746e-10	    7.98189e-08	    1.31231e-10
    7.25044e-03	    1.67245e+00	    7.19209e-08	    7.27150e-08	    3.73964e-12	    9.97267e-10	    3.78367e-12	    1.27966e-07	    1.30006e-07	    8.35024e-07	    8.47348e-07	    5.18956e-10	    8.02014e-08	    5.24897e-10
    1.08759e-02	    1.67245e+00	    1.07869e-07	    1.09060e-07	    1.26204e-11	    1.50274e-09	    1.27690e-11	    1.91920e-07	    1.94980e-07	    1.25241e-06	    1.27089e-06	    1.16755e-09	    8.08389e-08	    1.18091e-09
    1.45016e-02	    1.67245e+00	    1.43803e-07	    1.45391e-07	    2.99122e-11	    2.01641e-09	    3.02643e-11	    2.55839e-07	    2.59918e-07	    1.66964e-06	    1.69428e-06	    2.07537e-09	    8.17311e-08	    2.09913e-09
    1.81278e-02	    1.67245e+00	    1.79717e-07	    1.81701e-07	    5.84150e-11	    2.54102e-09	    5.91027e-11	    3.19711e-07	    3.24809e-07	    2.08667e-06	    2.11747e-06	    3.24224e-09	    8.28779e-08	    3.27935e-09
    2.17544e-02	    1.67245e+00	    2.15607e-07	    2.17987e-07	    1.00926e-10	    3.07928e-09	    1.02114e-10	    3.83526e-07	    3.89641e-07	    2.50345e-06	    2.54039e-06	    4.66789e-09	    8.42791e-08	    4.72132e-09
    2.53815e-02	    1.67245e+00	    2.51467e-07	    2.54244e-07	    1.60238e-10	    3.63393e-09	    1.62124e-10	    4.47271e-07	    4.54403e-07	    2.91992e-06	    2.96301e-06	    6.35202e-09	    8.59343e-08	    6.42472e-09
    2.90094e-02	    1.67245e+00	    2.87294e-07	    2.90465e-07	    2.39139e-10	    4.20769e-09	    2.41955e-10	    5.10935e-07	    5.19082e-07	    3.33604e-06	    3.38526e-06	    8.29425e-09	    8.78431e-08	    8.38918e-09
    3.26380e-02	    1.67245e+00	    3.23081e-07	    3.26648e-07	    3.40414e-10	    4.80326e-09	    3.44421e-10	    5.74506e-07	    5.83667e-07	    3.75175e-06	    3.80711e-06	    1.04942e-08	    9.00052e-08	    1.06143e-08
    3.62674e-02	    1.67245e+00	    3.58825e-07	    3.62786e-07	    4.66838e-10	    5.42335e-09	    4.72333e-10	    6.37973e-07	    6.48146e-07	    4.16701e-06	    4.22848e-06	    1.29513e-08	    9.24200e-08	    1.30995e-08
    3.98979e-02	    1.67245e+00	    3.94520e-07	    3.98875e-07	    6.21181e-10	    6.07068e-09	    6.28493e-10	    7.01324e-07	    7.12508e-07	    4.58176e-06	    4.64935e-06	    1.56650e-08	    9.50870e-08	    1.58443e-08
    4.35293e-02	    1.67245e+00	    4.30162e-07	    4.34909e-07	    8.06207e-10	    6.74791e-09	    8.15695e-10	    7.64548e-07	    7.76740e-07	    4.99595e-06	    5.06964e-06	    1.86349e-08	    9.80057e-08	    1.88481e-08
    4.71619e-02	    1.67245e+00	    4.65745e-07	    4.70884e-07	    1.02467e-09	    7.45776e-09	    1.03673e-09	    8.27633e-07	    8.40831e-07	    5.40954e-06	    5.48932e-06	    2.18602e-08	    1.01175e-07	    2.21103e-08
    5.07958e-02	    1.67245e+00	    5.01264e-07	    5.06796e-07	    1.27931e-09	    8.20288e-09	    1.29436e-09	    8.90568e-07	    9.04770e-07	    5.82246e-06	    5.90832e-06	    2.53401e-08	    1.04595e-07	    2.56300e-08
    5.44310e-02	    1.67245e+00	    5.36716e-07	    5.42638e-07	    1.57286e-09	    8.98594e-09	    1.59137e-09	    9.53340e-07	    9.68544e-07	    6.23468e-06	    6.32660e-06	    2.90740e-08	    1.08265e-07	    2.94067e-08
    5.80676e-02	    1.67245e+00	    5.72095e-07	    5.78406e-07	    1.90806e-09	    9.80960e-09	    1.93051e-09	    1.01594e-06	    1.03214e-06	    6.64614e-06	    6.74411e-06	    3.30611e-08	    1.12183e-07	    3.34393e-08
    6.17058e-02	    1.67245e+00	    6.07396e-07	    6.14096e-07	    2.28760e-09	    1.06765e-08	    2.31451e-09	    1.07835e-06	    1.09555e-06	    7.05679e-06	    7.16080e-06	    3.73004e-08	    1.16349e-07	    3.77270e-08
    6.53456e-02	    1.67245e+00	    6.42614e-07	    6.49702e-07	    2.71419e-09	    1.15893e-08	    2.74612e-09	    1.14057e-06	    1.15877e-06	    7.46657e-06	    7.57661e-06	    4.17910e-08	    1.20762e-07	    4.22689e-08
    6.89871e-02	    1.67245e+00	    6.77745e-07	    6.85219e-07	    3.19051e-09	    1.25505e-08	    3.22804e-09	    1.20258e-06	    1.22177e-06	    7.87545e-06	    7.99149e-06	    4.65319e-08	    1.25421e-07	    4.70640e-08
    7.26304e-02	    1.67245e+00	    7.12784e-07	    7.20643e-07	    3.71925e-09	    1.35629e-08	    3.76299e-09	    1.26438e-06	    1.28454e-06	    8.28336e-06	    8.40539e-06	    5.15221e-08	    1.30325e-07	    5.21112e-08
    7.62757e-02	    1.67245e+00	    7.47725e-07	    7.55969e-07	    4.30304e-09	    1.46289e-08	    4.35365e-09	    1.32594e-06	    1.34709e-06	    8.69027e-06	    8.81826e-06	    5.67605e-08	    1.35472e-07	    5.74094e-08
    7.99230e-02	    1.67245e+00	    7.82565e-07	    7.91192e-07	    4.94455e-09	    1.57512e-08	    5.00269e-09	    1.38726e-06	    1.40939e-06	    9.09611e-06	    9.23006e-06	    6.22459e-08	    1.40862e-07	    6.29574e-08
    8.35723e-02	    1.67245e+00	    8.17298e-07	    8.26306e-07	    5.64638e-09	    1.69323e-08	    5.71276e-09	    1.44833e-06	    1.47143e-06	    9.50083e-06	    9.64071e-06	    6.79770e-08	    1.46494e-07	    6.87539e-08
    8.72239e-02	    1.67245e+00	    8.51919e-07	    8.61307e-07	    6.41115e-09	    1.81747e-08	    6.48652e-09	    1.50913e-06	    1.53321e-06	    9.90440e-06	    1.00502e-05	    7.39527e-08	    1.52365e-07	    7.47978e-08
    9.08778e-02	    1.67245e+00	    8.86424e-07	    8.96191e-07	    7.24145e-09	    1.94810e-08	    7.32657e-09	    1.56966e-06	    1.59470e-06	    1.03067e-05	    1.04584e-05	    8.01716e-08	    1.58476e-07	    8.10876e-08
    9.45342e-02	    1.67245e+00	    9.20808e-07	    9.30952e-07	    8.13985e-09	    2.08537e-08	    8.23551e-09	    1.62990e-06	    1.65591e-06	    1.07078e-05	    1.08654e-05	    8.66322e-08	    1.64824e-07	    8.76219e-08
    9.81930e-02	    1.67245e+00	    9.55066e-07	    9.65586e-07	    9.10891e-09	    2.22953e-08	    9.21594e-09	    1.68985e-06	    1.71681e-06	    1.11076e-05	    1.12710e-05	    9.33333e-08	    1.71408e-07	    9.43993e-08
    1.01854e-01	    1.67245e+00	    9.89193e-07	    1.00009e-06	    1.01511e-08	    2.38081e-08	    1.02704e-08	    1.74949e-06	    1.77740e-06	    1.15060e-05	    1.16752e-05	    1.00273e-07	    1.78226e-07	    1.01418e-07
    1.05519e-01	    1.67245e+00	    1.02319e-06	    1.03445e-06	    1.12691e-08	    2.53947e-08	    1.14014e-08	    1.80880e-06	    1.83767e-06	    1.19030e-05	    1.20780e-05	    1.07450e-07	    1.85278e-07	    1.08677e-07
    1.09185e-01	    1.67245e+00	    1.05704e-06	    1.06867e-06	    1.24652e-08	    2.70575e-08	    1.26116e-08	    1.86779e-06	    1.89760e-06	    1.22985e-05	    1.24793e-05	    1.14863e-07	    1.92561e-07	    1.16174e-07
    1.12855e-01	    1.67245e+00	    1.09074e-06	    1.10275e-06	    1.37419e-08	    2.87989e-08	    1.39033e-08	    1.92643e-06	    1.95718e-06	    1.26926e-05	    1.28791e-05	    1.22510e-07	    2.00073e-07	    1.23908e-07
    1.16528e-01	    1.67245e+00	    1.12430e-06	    1.13667e-06	    1.51017e-08	    3.06212e-08	    1.52790e-08	    1.98473e-06	    2.01640e-06	    1.30850e-05	    1.32772e-05	    1.30389e-07	    2.07814e-07	    1.31877e-07
    1.20204e-01	    1.67245e+00	    1.15770e-06	    1.17044e-06	    1.65471e-08	    3.25269e-08	    1.67413e-08	    2.04266e-06	    2.07526e-06	    1.34759e-05	    1.36737e-05	    1.38499e-07	    2.15780e-07	    1.40079e-07
    1.23883e-01	    1.67245e+00	    1.19095e-06	    1.20405e-06	    1.80803e-08	    3.45181e-08	    1.82925e-08	    2.10021e-06	    2.13374e-06	    1.38650e-05	    1.40686e-05	    1.46837e-07	    2.23971e-07	    1.48512e-07
    1.27566e-01	    1.67245e+00	    1.22403e-06	    1.23749e-06	    1.97038e-08	    3.65973e-08	    1.99350e-08	    2.15738e-06	    2.19182e-06	    1.42525e-05	    1.44617e-05	    1.55402e-07	    2.32385e-07	    1.57174e-07
    1.31252e-01	    1.67245e+00	    1.25694e-06	    1.27076e-06	    2.14198e-08	    3.87666e-08	    2.16711e-08	    2.21416e-06	    2.24951e-06	    1.46382e-05	    1.48529e-05	    1.64191e-07	    2.41019e-07	    1.66063e-07
    1.34941e-01	    1.67245e+00	    1.28968e-06	    1.30385e-06	    2.32308e-08	    4.10284e-08	    2.35033e-08	    2.27052e-06	    2.30678e-06	    1.50221e-05	    1.52424e-05	    1.73204e-07	    2.49871e-07	    1.75178e-07
    1.38634e-01	    1.67245e+00	    1.32224e-06	    1.33677e-06	    2.51389e-08	    4.33849e-08	    2.54337e-08	    2.32648e-06	    2.36362e-06	    1.54041e-05	    1.56299e-05	    1.82437e-07	    2.58940e-07	    1.84516e-07
    1.42331e-01	    1.67245e+00	    1.35461e-06	    1.36950e-06	    2.71465e-08	    4.58381e-08	    2.74647e-08	    2.38200e-06	    2.42004e-06	    1.57842e-05	    1.60155e-05	    1.91889e-07	    2.68224e-07	    1.94075e-07
    1.46031e-01	    1.67245e+00	    1.38681e-06	    1.40204e-06	    2.92557e-08	    4.83903e-08	    2.95986e-08	    2.43709e-06	    2.47601e-06	    1.61624e-05	    1.63991e-05	    2.01557e-07	    2.77719e-07	    2.03853e-07
    1.49736e-01	    1.67245e+00	    1.41880e-06	    1.43438e-06	    3.14687e-08	    5.10437e-08	    3.18375e-08	    2.49172e-06	    2.53152e-06	    1.65385e-05	    1.67807e-05	    2.11439e-07	    2.87425e-07	    2.13847e-07
    1.53444e-01	    1.67245e+00	    1.45061e-06	    1.46653e-06	    3.37878e-08	    5.38002e-08	    3.41836e-08	    2.54590e-06	    2.58657e-06	    1.69126e-05	    1.71602e-05	    2.21533e-07	    2.97338e-07	    2.24055e-07
    1.57157e-01	    1.67245e+00	    1.48221e-06	    1.49847e-06	    3.62149e-08	    5.66620e-08	    3.66391e-08	    2.59961e-06	    2.64114e-06	    1.72846e-05	    1.75375e-05	    2.31837e-07	    3.07457e-07	    2.34475e-07
    1.60874e-01	    1.67245e+00	    1.51360e-06	    1.53021e-06	    3.87523e-08	    5.96310e-08	    3.92060e-08	    2.65285e-06	    2.69523e-06	    1.76544e-05	    1.79126e-05	    2.42347e-07	    3.17778e-07	    2.45105e-07
    1.64595e-01	    1.67245e+00	    1.54479e-06	    1.56173e-06	    4.14018e-08	    6.27093e-08	    4.18865e-08	    2.70559e-06	    2.74881e-06	    1.80220e-05	    1.82855e-05	    2.53062e-07	    3.28300e-07	    2.55941e-07
    1.68320e-01	    1.67245e+00	    1.57576e-06	    1.59303e-06	    4.41657e-08	    6.58988e-08	    4.46826e-08	    2.75783e-06	    2.80190e-06	    1.83873e-05	    1.86560e-05	    2.63980e-07	    3.39020e-07	    2.66982e-07
    1.72050e-01	    1.67245e+00	    1.60651e-06	    1.62411e-06	    4.70458e-08	    6.92014e-08	    4.75963e-08	    2.80956e-06	    2.85446e-06	    1.87504e-05	    1.90243e-05	    2.75097e-07	    3.49935e-07	    2.78224e-07
    1.75785e-01	    1.67245e+00	    1.63704e-06	    1.65497e-06	    5.00441e-08	    7.26190e-08	    5.06295e-08	    2.86078e-06	    2.90650e-06	    1.91110e-05	    1.93901e-05	    2.86410e-07	    3.61043e-07	    2.89665e-07
    1.79525e-01	    1.67245e+00	    1.66733e-06	    1.68559e-06	    5.31624e-08	    7.61535e-08	    5.37841e-08	    2.91146e-06	    2.95799e-06	    1.94693e-05	    1.97535e-05	    2.97918e-07	    3.72341e-07	    3.01302e-07
    1.83269e-01	    1.67245e+00	    1.69740e-06	    1.71598e-06	    5.64028e-08	    7.98066e-08	    5.70621e-08	    2.96161e-06	    3.00895e-06	    1.98252e-05	    2.01144e-05	    3.09617e-07	    3.83827e-07	    3.13133e-07
    1.87019e-01	    1.67245e+00	    1.72723e-06	    1.74613e-06	    5.97669e-08	    8.35800e-08	    6.04654e-08	    3.01120e-06	    3.05934e-06	    2.01785e-05	    2.04727e-05	    3.21505e-07	    3.95497e-07	    3.25155e-07
    1.90773e-01	    1.67245e+00	    1.75682e-06	    1.77604e-06	    6.32565e-08	    8.74756e-08	    6.39956e-08	    3.06024e-06	    3.10917e-06	    2.05293e-05	    2.08285e-05	    3.33578e-07	    4.07349e-07	    3.37364e-07
    1.94533e-01	    1.67245e+00	    1.78616e-06	    1.80569e-06	    6.68734e-08	    9.14950e-08	    6.76545e-08	    3.10871e-06	    3.15842e-06	    2.08775e-05	    2.11816e-05	    3.45834e-07	    4.19379e-07	    3.49758e-07
    1.98298e-01	    1.67245e+00	    1.81524e-06	    1.83509e-06	    7.06193e-08	    9.56397e-08	    7.14439e-08	    3.15660e-06	    3.20708e-06	    2.12230e-05	    2.15320e-05	    3.58270e-07	    4.31585e-07	    3.62334e-07
    2.02068e-01	    1.67245e+00	    1.84408e-06	    1.86423e-06	    7.44959e-08	    9.99115e-08	    7.53654e-08	    3.20391e-06	    3.25515e-06	    2.15659e-05	    2.18797e-05	    3.70883e-07	    4.43965e-07	    3.75088e-07
    2.05844e-01	    1.67245e+00	    1.87265e-06	    1.89311e-06	    7.85046e-08	    1.04312e-07	    7.94207e-08	    3.25062e-06	    3.30262e-06	    2.19060e-05	    2.22246e-05	    3.83669e-07	    4.56514e-07	    3.88018e-07
    2.09626e-01	    1.67245e+00	    1.90096e-06	    1.92172e-06	    8.26472e-08	    1.08842e-07	    8.36113e-08	    3.29673e-06	    3.34946e-06	    2.22433e-05	    2.25666e-05	    3.96626e-07	    4.69229e-07	    4.01120e-07
    2.13413e-01	    1.67245e+00	    1.92901e-06	    1.95006e-06	    8.69251e-08	    1.13504e-07	    8.79387e-08	    3.34222e-06	    3.39569e-06	    2.25778e-05	    2.29058e-05	    4.09751e-07	    4.82108e-07	    4.14391e-07
    2.17206e-01	    1.67245e+00	    1.95678e-06	    1.97813e-06	    9.13397e-08	    1.18299e-07	    9.24045e-08	    3.38708e-06	    3.44128e-06	    2.29094e-05	    2.32420e-05	    4.23039e-07	    4.95147e-07	    4.27828e-07
    2.21006e-01	    1.67245e+00	    1.98427e-06	    2.00591e-06	    9.58925e-08	    1.23228e-07	    9.70100e-08	    3.43132e-06	    3.48623e-06	    2.32381e-05	    2.35753e-05	    4.36488e-07	    5.08343e-07	    4.41428e-07
    2.24811e-01	    1.67245e+00	    2.01148e-06	    2.03341e-06	    1.00585e-07	    1.28292e-07	    1.01757e-07	    3.47491e-06	    3.53053e-06	    2.35638e-05	    2.39055e-05	    4.50095e-07	    5.21693e-07	    4.55186e-07
    2.28622e-01	    1.67245e+00	    2.03841e-06	    2.06062e-06	    1.05418e-07	    1.33493e-07	    1.06646e-07	    3.51786e-06	    3.57417e-06	    2.38865e-05	    2.42327e-05	    4.63855e-07	    5.35193e-07	    4.69100e-07
    2.32440e-01	    1.67245e+00	    2.06504e-06	    2.08754e-06	    1.10393e-07	    1.38833e-07	    1.11678e-07	    3.56015e-06	    3.61714e-06	    2.42061e-05	    2.45567e-05	    4.77766e-07	    5.48839e-07	    4.83166e-07
    2.36265e-01	    1.67245e+00	    2.09139e-06	    2.11415e-06	    1.15512e-07	    1.44311e-07	    1.16856e-07	    3.60177e-06	    3.65944e-06	    2.45226e-05	    2.48776e-05	    4.91824e-07	    5.62629e-07	    4.97380e-07
    2.40095e-01	    1.67245e+00	    2.11743e-06	    2.14047e-06	    1.20775e-07	    1.49930e-07	    1.22180e-07	    3.64271e-06	    3.70105e-06	    2.48359e-05	    2.51952e-05	    5.06025e-07	    5.76558e-07	    5.11739e-07
    2.43933e-01	    1.67245e+00	    2.14317e-06	    2.16648e-06	    1.26184e-07	    1.55690e-07	    1.27651e-07	    3.68297e-06	    3.74196e-06	    2.51460e-05	    2.55096e-05	    5.20365e-07	    5.90623e-07	    5.26239e-07
    2.47777e-01	    1.67245e+00	    2.16861e-06	    2.19219e-06	    1.31739e-07	    1.61592e-07	    1.33270e-07	    3.72254e-06	    3.78217e-06	    2.54529e-05	    2.58206e-05	    5.34842e-07	    6.04820e-07	    5.40877e-07
    2.51628e-01	    1.67245e+00	    2.19374e-06	    2.21757e-06	    1.37442e-07	    1.67637e-07	    1.39038e-07	    3.76141e-06	    3.82168e-06	    2.57564e-05	    2.61283e-05	    5.49451e-07	    6.19146e-07	    5.55648e-07
    2.55487e-01	    1.67245e+00	    2.21855e-06	    2.24264e-06	    1.43293e-07	    1.73827e-07	    1.44957e-07	    3.79958e-06	    3.86046e-06	    2.60566e-05	    2.64326e-05	    5.64188e-07	    6.33597e-07	    5.70548e-07
    2.59352e-01	    1.67245e+00	    2.24304e-06	    2.26739e-06	    1.49294e-07	    1.80161e-07	    1.51027e-07	    3.83703e-06	    3.89852e-06	    2.63535e-05	    2.67335e-05	    5.79050e-07	    6.48169e-07	    5.85574e-07
    2.63225e-01	    1.67245e+00	    2.26721e-06	    2.29181e-06	    1.55445e-07	    1.86640e-07	    1.57248e-07	    3.87375e-06	    3.93584e-06	    2.66469e-05	    2.70308e-05	    5.94032e-07	    6.62857e-07	    6.00722e-07
    2.67105e-01	    1.67245e+00	    2.29105e-06	    2.31590e-06	    1.61746e-07	    1.93267e-07	    1.63622e-07	    3.90975e-06	    3.97243e-06	    2.69368e-05	    2.73246e-05	    6.09132e-07	    6.77659e-07	    6.15988e-07
    2.70992e-01	    1.67245e+00	    2.31457e-06	    2.33966e-06	    1.68200e-07	    2.00039e-07	    1.70150e-07	    3.94501e-06	    4.00826e-06	    2.72231e-05	    2.76149e-05	    6.24343e-07	    6.92570e-07	    6.31368e-07
    2.74887e-01	    1.67245e+00	    2.33775e-06	    2.36307e-06	    1.74805e-07	    2.06960e-07	    1.76831e-07	    3.97952e-06	    4.04334e-06	    2.75059e-05	    2.79014e-05	    6.39663e-07	    7.07585e-07	    6.46856e-07
    2.78790e-01	    1.67245e+00	    2.36059e-06	    2.38615e-06	    1.81564e-07	    2.14028e-07	    1.83666e-07	    4.01328e-06	    4.07765e-06	    2.77851e-05	    2.81844e-05	    6.55088e-07	    7.22702e-07	    6.62451e-07
    2.82701e-01	    1.67245e+00	    2.38309e-06	    2.40887e-06	    1.88475e-07	    2.21245e-07	    1.90657e-07	    4.04629e-06	    4.11120e-06	    2.80607e-05	    2.84635e-05	    6.70613e-07	    7.37916e-07	    6.78146e-07
    2.86620e-01	    1.67245e+00	    2.40524e-06	    2.43125e-06	    1.95540e-07	    2.28610e-07	    1.97803e-07	    4.07852e-06	    4.14396e-06	    2.83325e-05	    2.87390e-05	    6.86233e-07	    7.53222e-07	    6.93938e-07
    2.90547e-01	    1.67245e+00	    2.42704e-06	    2.45328e-06	    2.02760e-07	    2.36125e-07	    2.05105e-07	    4.10999e-06	    4.17594e-06	    2.86006e-05	    2.90106e-05	    7.01945e-07	    7.68616e-07	    7.09823e-07
    2.94483e-01	    1.67245e+00	    2.44849e-06	    2.47494e-06	    2.10133e-07	    2.43789e-07	    2.12562e-07	    4.14067e-06	    4.20713e-06	    2.88649e-05	    2.92783e-05	    7.17745e-07	    7.84094e-07	    7.25795e-07
    2.98426e-01	    1.67245e+00	    2.46959e-06	    2.49625e-06	    2.17661e-07	    2.51602e-07	    2.20176e-07	    4.17057e-06	    4.23752e-06	    2.91253e-05	    2.95422e-05	    7.33628e-07	    7.99652e-07	    7.41851e-07
    3.02379e-01	    1.67245e+00	    2.49032e-06	    2.51719e-06	    2.25344e-07	    2.59565e-07	    2.27946e-07	    4.19968e-06	    4.26711e-06	    2.93819e-05	    2.98021e-05	    7.49589e-07	    8.15285e-07	    7.57987e-07
    3.06340e-01	    1.67245e+00	    2.51069e-06	    2.53776e-06	    2.33181e-07	    2.67677e-07	    2.35873e-07	    4.22799e-06	    4.29589e-06	    2.96346e-05	    3.00581e-05	    7.65624e-07	    8.30989e-07	    7.74196e-07
    3.10309e-01	    1.67245e+00	    2.53069e-06	    2.55796e-06	    2.41173e-07	    2.75939e-07	    2.43955e-07	    4.25550e-06	    4.32385e-06	    2.98833e-05	    3.03100e-05	    7.81728e-07	    8.46759e-07	    7.90476e-07
    3.14288e-01	    1.67245e+00	    2.55032e-06	    2.57778e-06	    2.49320e-07	    2.84350e-07	    2.52195e-07	    4.28219e-06	    4.35099e-06	    3.01280e-05	    3.05578e-05	    7.97898e-07	    8.62590e-07	    8.06821e-07
    3.18276e-01	    1.67245e+00	    2.56957e-06	    2.59723e-06	    2.57621e-07	    2.92910e-07	    2.60590e-07	    4.30808e-06	    4.37730e-06	    3.03687e-05	    3.08015e-05	    8.14127e-07	    8.78479e-07	    8.23227e-07
    3.22273e-01	    1.67245e+00	    2.58845e-06	    2.61629e-06	    2.66077e-07	    3.01620e-07	    2.69141e-07	    4.33314e-06	    4.40278e-06	    3.06053e-05	    3.10411e-05	    8.30412e-07	    8.94420e-07	    8.39688e-07
    3.26279e-01	    1.67245e+00	    2.60694e-06	    2.63496e-06	    2.74686e-07	    3.10477e-07	    2.77848e-07	    4.35737e-06	    4.42742e-06	    3.08377e-05	    3.12765e-05	    8.46748e-07	    9.10409e-07	    8.56201e-07
    3.30295e-01	    1.67245e+00	    2.62505e-06	    2.65325e-06	    2.83449e-07	    3.19483e-07	    2.86710e-07	    4.38078e-06	    4.45121e-06	    3.10660e-05	    3.15077e-05	    8.63130e-07	    9.26440e-07	    8.72759e-07
    3.34321e-01	    1.67245e+00	    2.64277e-06	    2.67114e-06	    2.92365e-07	    3.28637e-07	    2.95727e-07	    4.40334e-06	    4.47416e-06	    3.12901e-05	    3.17346e-05	    8.79553e-07	    9.42510e-07	    8.89360e-07
    3.38356e-01	    1.67245e+00	    2.66010e-06	    2.68864e-06	    3.01434e-07	    3.37937e-07	    3.04898e-07	    4.42507e-06	    4.49625e-06	    3.15100e-05	    3.19571e-05	    8.96012e-07	    9.58613e-07	    9.05996e-07
    3.42401e-01	    1.67245e+00	    2.67703e-06	    2.70573e-06	    3.10654e-07	    3.47384e-07	    3.14222e-07	    4.44595e-06	    4.51748e-06	    3.17256e-05	    3.21754e-05	    9.12502e-07	    9.74745e-07	    9.22664e-07
    3.46456e-01	    1.67245e+00	    2.69357e-06	    2.72242e-06	    3.20026e-07	    3.56977e-07	    3.23699e-07	    4.46598e-06	    4.53785e-06	    3.19368e-05	    3.23892e-05	    9.29019e-07	    9.90900e-07	    9.39358e-07
    3.50522e-01	    1.67245e+00	    2.70970e-06	    2.73871e-06	    3.29548e-07	    3.66714e-07	    3.33329e-07	    4.48516e-06	    4.55736e-06	    3.21437e-05	    3.25986e-05	    9.45558e-07	    1.00707e-06	    9.56073e-07
    3.54597e-01	    1.67245e+00	    2.72543e-06	    2.75459e-06	    3.39220e-07	    3.76595e-07	    3.43109e-07	    4.50348e-06	    4.57599e-06	    3.23462e-05	    3.28035e-05	    9.62112e-07	    1.02326e-06	    9.72805e-07
    3.58684e-01	    1.67245e+00	    2.74076e-06	    2.77006e-06	    3.49041e-07	    3.86619e-07	    3.53040e-07	    4.52094e-06	    4.59374e-06	    3.25443e-05	    3.30039e-05	    9.78678e-07	    1.03946e-06	    9.89547e-07
    3.62781e-01	    1.67245e+00	    2.75567e-06	    2.78511e-06	    3.59009e-07	    3.96784e-07	    3.63119e-07	    4.53753e-06	    4.61062e-06	    3.27379e-05	    3.31998e-05	    9.95250e-07	    1.05565e-06	    1.00630e-06
    3.66888e-01	    1.67245e+00	    2.77017e-06	    2.79974e-06	    3.69123e-07	    4.07091e-07	    3.73347e-07	    4.55325e-06	    4.62661e-06	    3.29270e-05	    3.33911e-05	    1.01182e-06	    1.07185e-06	    1.02304e-06
    3.71007e-01	    1.67245e+00	    2.78426e-06	    2.81395e-06	    3.79383e-07	    4.17536e-07	    3.83721e-07	    4.56810e-06	    4.64172e-06	    3.31116e-05	    3.35778e-05	    1.02839e-06	    1.08804e-06	    1.03979e-06
    3.75137e-01	    1.67245e+00	    2.79792e-06	    2.82774e-06	    3.89786e-07	    4.28120e-07	    3.94240e-07	    4.58207e-06	    4.65594e-06	    3.32915e-05	    3.37598e-05	    1.04495e-06	    1.10422e-06	    1.05652e-06
    3.79278e-01	    1.67245e+00	    2.81117e-06	    2.84111e-06	    4.00332e-07	    4.38840e-07	    4.04904e-07	    4.59517e-06	    4.66926e-06	    3.34669e-05	    3.39372e-05	    1.06149e-06	    1.12038e-06	    1.07324e-06
    3.83430e-01	    1.67245e+00	    2.82399e-06	    2.85404e-06	    4.11019e-07	    4.49695e-07	    4.15710e-07	    4.60738e-06	    4.68170e-06	    3.36376e-05	    3.41098e-05	    1.07802e-06	    1.13652e-06	    1.08994e-06
    3.87594e-01	    1.67245e+00	    2.83638e-06	    2.86654e-06	    4.21846e-07	    4.60684e-07	    4.26657e-07	    4.61871e-06	    4.69323e-06	    3.38037e-05	    3.42776e-05	    1.09452e-06	    1.15262e-06	    1.10661e-06
    3.91770e-01	    1.67245e+00	    2.84835e-06	    2.87861e-06	    4.32810e-07	    4.71804e-07	    4.37743e-07	    4.62916e-06	    4.70386e-06	    3.39650e-05	    3.44407e-05	    1.11098e-06	    1.16870e-06	    1.12325e-06
    3.95957e-01	    1.67245e+00	    2.85988e-06	    2.89024e-06	    4.43910e-07	    4.83054e-07	    4.48966e-07	    4.63872e-06	    4.71359e-06	    3.41216e-05	    3.45989e-05	    1.12742e-06	    1.18474e-06	    1.13985e-06
    4.00157e-01	    1.67245e+00	    2.87098e-06	    2.90143e-06	    4.55145e-07	    4.94432e-07	    4.60324e-07	    4.64738e-06	    4.72242e-06	    3.42734e-05	    3.47523e-05	    1.14380e-06	    1.20073e-06	    1.15641e-06
    4.04368e-01	    1.67245e+00	    2.88165e-06	    2.91218e-06	    4.66511e-07	    5.05937e-07	    4.71817e-07	    4.65516e-06	    4.73034e-06	    3.44204e-05	    3.49008e-05	    1.16015e-06	    1.21667e-06	    1.17293e-06
    4.08593e-01	    1.67245e+00	    2.89187e-06	    2.92249e-06	    4.78008e-07	    5.17565e-07	    4.83440e-07	    4.66204e-06	    4.73736e-06	    3.45625e-05	    3.50444e-05	    1.17643e-06	    1.23256e-06	    1.18938e-06
    4.12829e-01	    1.67245e+00	    2.90165e-06	    2.93235e-06	    4.89633e-07	    5.29315e-07	    4.95193e-07	    4.66803e-06	    4.74347e-06	    3.46998e-05	    3.51831e-05	    1.19266e-06	    1.24839e-06	    1.20578e-06
    4.17079e-01	    1.67245e+00	    2.91100e-06	    2.94177e-06	    5.01383e-07	    5.41184e-07	    5.07072e-07	    4.67312e-06	    4.74866e-06	    3.48322e-05	    3.53167e-05	    1.20883e-06	    1.26415e-06	    1.22211e-06
    4.21341e-01	    1.67245e+00	    2.91989e-06	    2.95073e-06	    5.13257e-07	    5.53171e-07	    5.19077e-07	    4.67732e-06	    4.75295e-06	    3.49596e-05	    3.54454e-05	    1.22493e-06	    1.27984e-06	    1.23838e-06
    4.25616e-01	    1.67245e+00	    2.92834e-06	    2.95924e-06	    5.25252e-07	    5.65272e-07	    5.31203e-07	    4.68062e-06	    4.75633e-06	    3.50821e-05	    3.55690e-05	    1.24095e-06	    1.29545e-06	    1.25456e-06
    4.29905e-01	    1.67245e+00	    2.93634e-06	    2.96730e-06	    5.37365e-07	    5.77485e-07	    5.43448e-07	    4.68303e-06	    4.75880e-06	    3.51996e-05	    3.56875e-05	    1.25689e-06	    1.31097e-06	    1.27066e-06
    4.34206e-01	    1.67245e+00	    2.94390e-06	    2.97490e-06	    5.49594e-07	    5.89808e-07	    5.55811e-07	    4.68454e-06	    4.76036e-06	    3.53121e-05	    3.58009e-05	    1.27274e-06	    1.32641e-06	    1.28668e-06
    4.38522e-01	    1.67245e+00	    2.95099e-06	    2.98205e-06	    5.61936e-07	    6.02237e-07	    5.68287e-07	    4.68515e-06	    4.76101e-06	    3.54195e-05	    3.59093e-05	    1.28850e-06	    1.34176e-06	    1.30260e-06
    4.42851e-01	    1.67245e+00	    2.95764e-06	    2.98873e-06	    5.74388e-07	    6.14771e-07	    5.80875e-07	    4.68487e-06	    4.76075e-06	    3.55219e-05	    3.60125e-05	    1.30416e-06	    1.35700e-06	    1.31842e-06
    4.47194e-01	    1.67245e+00	    2.96383e-06	    2.99496e-06	    5.86948e-07	    6.27405e-07	    5.93571e-07	    4.68369e-06	    4.75957e-06	    3.56192e-05	    3.61105e-05	    1.31972e-06	    1.37214e-06	    1.33413e-06
    4.51551e-01	    1.67245e+00	    2.96956e-06	    3.00072e-06	    5.99611e-07	    6.40136e-07	    6.06372e-07	    4.68162e-06	    4.75750e-06	    3.57114e-05	    3.62033e-05	    1.33517e-06	    1.38717e-06	    1.34974e-06
    4.55923e-01	    1.67245e+00	    2.97483e-06	    3.00602e-06	    6.12376e-07	    6.52963e-07	    6.19274e-07	    4.67866e-06	    4.75451e-06	    3.57984e-05	    3.62909e-05	    1.35050e-06	    1.40208e-06	    1.36522e-06
    4.60309e-01	    1.67245e+00	    2.97965e-06	    3.01085e-06	    6.25238e-07	    6.65881e-07	    6.32276e-07	    4.67480e-06	    4.75062e-06	    3.58803e-05	    3.63732e-05	    1.36571e-06	    1.41686e-06	    1.38059e-06
    4.64709e-01	    1.67245e+00	    2.98400e-06	    3.01522e-06	    6.38195e-07	    6.78886e-07	    6.45372e-07	    4.67006e-06	    4.74583e-06	    3.59570e-05	    3.64503e-05	    1.38080e-06	    1.43152e-06	    1.39582e-06
    4.69125e-01	    1.67245e+00	    2.98789e-06	    3.01912e-06	    6.51243e-07	    6.91976e-07	    6.58560e-07	    4.66443e-06	    4.74013e-06	    3.60285e-05	    3.65221e-05	    1.39575e-06	    1.44604e-06	    1.41092e-06
    4.73555e-01	    1.67245e+00	    2.99132e-06	    3.02255e-06	    6.64378e-07	    7.05147e-07	    6.71836e-07	    4.65791e-06	    4.73354e-06	    3.60947e-05	    3.65886e-05	    1.41056e-06	    1.46042e-06	    1.42588e-06
    4.78001e-01	    1.67245e+00	    2.99428e-06	    3.02551e-06	    6.77597e-07	    7.18396e-07	    6.85197e-07	    4.65051e-06	    4.72605e-06	    3.61557e-05	    3.66498e-05	    1.42523e-06	    1.47466e-06	    1.44069e-06
    4.82462e-01	    1.67245e+00	    2.99678e-06	    3.02800e-06	    6.90896e-07	    7.31717e-07	    6.98638e-07	    4.64223e-06	    4.71766e-06	    3.62115e-05	    3.67056e-05	    1.43974e-06	    1.48874e-06	    1.45535e-06
    4.86939e-01	    1.67245e+00	    2.99882e-06	    3.03003e-06	    7.04271e-07	    7.45108e-07	    7.12155e-07	    4.63308e-06	    4.70839e-06	    3.62620e-05	    3.67561e-05	    1.45410e-06	    1.50267e-06	    1.46985e-06
    4.91432e-01	    1.67245e+00	    3.00038e-06	    3.03158e-06	    7.17718e-07	    7.58565e-07	    7.25745e-07	    4.62305e-06	    4.69823e-06	    3.63072e-05	    3.68012e-05	    1.46830e-06	    1.51643e-06	    1.48418e-06
    4.95941e-01	    1.67245e+00	    3.00148e-06	    3.03265e-06	    7.31232e-07	    7.72083e-07	    7.39404e-07	    4.61215e-06	    4.68718e-06	    3.63471e-05	    3.68409e-05	    1.48233e-06	    1.53002e-06	    1.49835e-06
    5.00466e-01	    1.67245e+00	    3.00211e-06	    3.03326e-06	    7.44811e-07	    7.85659e-07	    7.53126e-07	    4.60038e-06	    4.67526e-06	    3.63816e-05	    3.68752e-05	    1.49618e-06	    1.54344e-06	    1.51234e-06
    5.05007e-01	    1.67245e+00	    3.00228e-06	    3.03339e-06	    7.58449e-07	    7.99287e-07	    7.66908e-07	    4.58776e-06	    4.66246e-06	    3.64108e-05	    3.69041e-05	    1.50986e-06	    1.55667e-06	    1.52614e-06
    5.09565e-01	    1.67245e+00	    3.00198e-06	    3.03305e-06	    7.72143e-07	    8.12964e-07	    7.80746e-07	    4.57427e-06	    4.64878e-06	    3.64347e-05	    3.69275e-05	    1.52335e-06	    1.56972e-06	    1.53976e-06
    5.14140e-01	    1.67245e+00	    3.00120e-06	    3.03223e-06	    7.85887e-07	    8.26685e-07	    7.94634e-07	    4.55994e-06	    4.63425e-06	    3.64532e-05	    3.69455e-05	    1.53665e-06	    1.58258e-06	    1.55318e-06
    5.18732e-01	    1.67245e+00	    2.99996e-06	    3.03094e-06	    7.99676e-07	    8.40445e-07	    8.08568e-07	    4.54476e-06	    4.61885e-06	    3.64663e-05	    3.69581e-05	    1.54975e-06	    1.59524e-06	    1.56641e-06
    5.23341e-01	    1.67245e+00	    2.99826e-06	    3.02918e-06	    8.13507e-07	    8.54240e-07	    8.22544e-07	    4.52873e-06	    4.60260e-06	    3.64740e-05	    3.69651e-05	    1.56264e-06	    1.60769e-06	    1.57942e-06
    5.27968e-01	    1.67245e+00	    2.99608e-06	    3.02695e-06	    8.27375e-07	    8.68065e-07	    8.36556e-07	    4.51187e-06	    4.58549e-06	    3.64763e-05	    3.69667e-05	    1.57533e-06	    1.61993e-06	    1.59223e-06
    5.32613e-01	    1.67245e+00	    2.99343e-06	    3.02424e-06	    8.41274e-07	    8.81915e-07	    8.50599e-07	    4.49418e-06	    4.56755e-06	    3.64733e-05	    3.69629e-05	    1.58780e-06	    1.63196e-06	    1.60481e-06
    5.37275e-01	    1.67245e+00	    2.99032e-06	    3.02106e-06	    8.55199e-07	    8.95785e-07	    8.64669e-07	    4.47566e-06	    4.54876e-06	    3.64648e-05	    3.69535e-05	    1.60006e-06	    1.64377e-06	    1.61718e-06
    5.41956e-01	    1.67245e+00	    2.98674e-06	    3.01740e-06	    8.69146e-07	    9.09669e-07	    8.78760e-07	    4.45632e-06	    4.52915e-06	    3.64509e-05	    3.69386e-05	    1.61208e-06	    1.65535e-06	    1.62931e-06
    5.46655e-01	    1.67245e+00	    2.98270e-06	    3.01328e-06	    8.83108e-07	    9.23563e-07	    8.92866e-07	    4.43618e-06	    4.50871e-06	    3.64316e-05	    3.69183e-05	    1.62388e-06	    1.66669e-06	    1.64121e-06
    5.51373e-01	    1.67245e+00	    2.97819e-06	    3.00868e-06	    8.97082e-07	    9.37462e-07	    9.06983e-07	    4.41523e-06	    4.48745e-06	    3.64069e-05	    3.68924e-05	    1.63543e-06	    1.67780e-06	    1.65287e-06
    5.56110e-01	    1.67245e+00	    2.97321e-06	    3.00362e-06	    9.11061e-07	    9.51359e-07	    9.21105e-07	    4.39348e-06	    4.46539e-06	    3.63768e-05	    3.68611e-05	    1.64675e-06	    1.68866e-06	    1.66428e-06
    5.60866e-01	    1.67245e+00	    2.96777e-06	    2.99808e-06	    9.25039e-07	    9.65250e-07	    9.35226e-07	    4.37094e-06	    4.44252e-06	    3.63412e-05	    3.68242e-05	    1.65781e-06	    1.69928e-06	    1.67544e-06
    5.65641e-01	    1.67245e+00	    2.96187e-06	    2.99208e-06	    9.39012e-07	    9.79128e-07	    9.49341e-07	    4.34763e-06	    4.41886e-06	    3.63002e-05	    3.67819e-05	    1.66862e-06	    1.70964e-06	    1.68635e-06
    5.70436e-01	    1.67245e+00	    2.95551e-06	    2.98561e-06	    9.52973e-07	    9.92988e-07	    9.63443e-07	    4.32353e-06	    4.39441e-06	    3.62538e-05	    3.67340e-05	    1.67917e-06	    1.71974e-06	    1.69698e-06
    5.75250e-01	    1.67245e+00	    2.94868e-06	    2.97868e-06	    9.66916e-07	    1.00682e-06	    9.77528e-07	    4.29868e-06	    4.36919e-06	    3.62020e-05	    3.66807e-05	    1.68945e-06	    1.72957e-06	    1.70735e-06
    5.80085e-01	    1.67245e+00	    2.94140e-06	    2.97128e-06	    9.80836e-07	    1.02063e-06	    9.91588e-07	    4.27307e-06	    4.34320e-06	    3.61447e-05	    3.66218e-05	    1.69946e-06	    1.73913e-06	    1.71745e-06
    5.84941e-01	    1.67245e+00	    2.93366e-06	    2.96342e-06	    9.94727e-07	    1.03440e-06	    1.00562e-06	    4.24671e-06	    4.31645e-06	    3.60821e-05	    3.65575e-05	    1.70920e-06	    1.74842e-06	    1.72726e-06
    5.89816e-01	    1.67245e+00	    2.92547e-06	    2.95511e-06	    1.00858e-06	    1.04813e-06	    1.01961e-06	    4.21961e-06	    4.28895e-06	    3.60141e-05	    3.64877e-05	    1.71865e-06	    1.75742e-06	    1.73679e-06
    5.94713e-01	    1.67245e+00	    2.91682e-06	    2.94633e-06	    1.02240e-06	    1.06181e-06	    1.03356e-06	    4.19179e-06	    4.26071e-06	    3.59406e-05	    3.64125e-05	    1.72782e-06	    1.76613e-06	    1.74603e-06
    5.99631e-01	    1.67245e+00	    2.90772e-06	    2.93709e-06	    1.03616e-06	    1.07544e-06	    1.04746e-06	    4.16325e-06	    4.23174e-06	    3.58618e-05	    3.63317e-05	    1.73669e-06	    1.77456e-06	    1.75498e-06
    6.04571e-01	    1.67245e+00	    2.89817e-06	    2.92741e-06	    1.04987e-06	    1.08901e-06	    1.06131e-06	    4.13400e-06	    4.20206e-06	    3.57776e-05	    3.62456e-05	    1.74527e-06	    1.78268e-06	    1.76362e-06
    6.09532e-01	    1.67245e+00	    2.88817e-06	    2.91727e-06	    1.06352e-06	    1.10251e-06	    1.07510e-06	    4.10406e-06	    4.17166e-06	    3.56881e-05	    3.61540e-05	    1.75354e-06	    1.79051e-06	    1.77195e-06
    6.14515e-01	    1.67245e+00	    2.87773e-06	    2.90668e-06	    1.07711e-06	    1.11593e-06	    1.08881e-06	    4.07343e-06	    4.14057e-06	    3.55932e-05	    3.60570e-05	    1.76151e-06	    1.79802e-06	    1.77998e-06
    6.19520e-01	    1.67245e+00	    2.86684e-06	    2.89564e-06	    1.09062e-06	    1.12928e-06	    1.10245e-06	    4.04213e-06	    4.10880e-06	    3.54930e-05	    3.59546e-05	    1.76916e-06	    1.80523e-06	    1.78769e-06
    6.24548e-01	    1.67245e+00	    2.85552e-06	    2.88416e-06	    1.10404e-06	    1.14254e-06	    1.11601e-06	    4.01016e-06	    4.07635e-06	    3.53875e-05	    3.58468e-05	    1.77650e-06	    1.81211e-06	    1.79507e-06
    6.29598e-01	    1.67245e+00	    2.84376e-06	    2.87224e-06	    1.11738e-06	    1.15570e-06	    1.12948e-06	    3.97754e-06	    4.04324e-06	    3.52767e-05	    3.57337e-05	    1.78351e-06	    1.81868e-06	    1.80213e-06
    6.34672e-01	    1.67245e+00	    2.83156e-06	    2.85988e-06	    1.13063e-06	    1.16877e-06	    1.14285e-06	    3.94428e-06	    4.00948e-06	    3.51606e-05	    3.56152e-05	    1.79020e-06	    1.82491e-06	    1.80886e-06
    6.39769e-01	    1.67245e+00	    2.81894e-06	    2.84708e-06	    1.14378e-06	    1.18173e-06	    1.15612e-06	    3.91040e-06	    3.97508e-06	    3.50393e-05	    3.54914e-05	    1.79655e-06	    1.83082e-06	    1.81526e-06
    6.44890e-01	    1.67245e+00	    2.80589e-06	    2.83386e-06	    1.15681e-06	    1.19457e-06	    1.16928e-06	    3.87590e-06	    3.94006e-06	    3.49127e-05	    3.53623e-05	    1.80257e-06	    1.83639e-06	    1.82131e-06
    6.50035e-01	    1.67245e+00	    2.79241e-06	    2.82020e-06	    1.16974e-06	    1.20729e-06	    1.18233e-06	    3.84080e-06	    3.90443e-06	    3.47809e-05	    3.52279e-05	    1.80825e-06	    1.84162e-06	    1.82702e-06
    6.55204e-01	    1.67245e+00	    2.77851e-06	    2.80612e-06	    1.18254e-06	    1.21989e-06	    1.19525e-06	    3.80511e-06	    3.86820e-06	    3.46440e-05	    3.50883e-05	    1.81358e-06	    1.84651e-06	    1.83238e-06
    6.60398e-01	    1.67245e+00	    2.76420e-06	    2.79162e-06	    1.19520e-06	    1.23235e-06	    1.20803e-06	    3.76885e-06	    3.83138e-06	    3.45019e-05	    3.49434e-05	    1.81857e-06	    1.85105e-06	    1.83738e-06
    6.65617e-01	    1.67245e+00	    2.74947e-06	    2.77670e-06	    1.20774e-06	    1.24467e-06	    1.22068e-06	    3.73203e-06	    3.79400e-06	    3.43547e-05	    3.47934e-05	    1.82320e-06	    1.85523e-06	    1.84203e-06
    6.70861e-01	    1.67245e+00	    2.73433e-06	    2.76137e-06	    1.22013e-06	    1.25683e-06	    1.23319e-06	    3.69466e-06	    3.75606e-06	    3.42024e-05	    3.46382e-05	    1.82747e-06	    1.85906e-06	    1.84632e-06
    6.76130e-01	    1.67245e+00	    2.71879e-06	    2.74563e-06	    1.23236e-06	    1.26885e-06	    1.24553e-06	    3.65676e-06	    3.71758e-06	    3.40451e-05	    3.44780e-05	    1.83138e-06	    1.86253e-06	    1.85024e-06
    6.81425e-01	    1.67245e+00	    2.70285e-06	    2.72949e-06	    1.24444e-06	    1.28069e-06	    1.25772e-06	    3.61834e-06	    3.67857e-06	    3.38827e-05	    3.43126e-05	    1.83493e-06	    1.86563e-06	    1.85379e-06
    6.86747e-01	    1.67245e+00	    2.68651e-06	    2.71294e-06	    1.25636e-06	    1.29237e-06	    1.26974e-06	    3.57942e-06	    3.63906e-06	    3.37154e-05	    3.41422e-05	    1.83810e-06	    1.86837e-06	    1.85697e-06
    6.92095e-01	    1.67245e+00	    2.66978e-06	    2.69600e-06	    1.26810e-06	    1.30386e-06	    1.28158e-06	    3.54001e-06	    3.59905e-06	    3.35431e-05	    3.39668e-05	    1.84091e-06	    1.87074e-06	    1.85977e-06
    6.97470e-01	    1.67245e+00	    2.65266e-06	    2.67867e-06	    1.27965e-06	    1.31517e-06	    1.29324e-06	    3.50013e-06	    3.55855e-06	    3.33659e-05	    3.37864e-05	    1.84334e-06	    1.87273e-06	    1.86219e-06
    7.02873e-01	    1.67245e+00	    2.63516e-06	    2.66095e-06	    1.29102e-06	    1.32629e-06	    1.30471e-06	    3.45979e-06	    3.51760e-06	    3.31839e-05	    3.36011e-05	    1.84538e-06	    1.87434e-06	    1.86423e-06
    7.08303e-01	    1.67245e+00	    2.61728e-06	    2.64285e-06	    1.30220e-06	    1.33720e-06	    1.31598e-06	    3.41901e-06	    3.47619e-06	    3.29970e-05	    3.34109e-05	    1.84705e-06	    1.87557e-06	    1.86588e-06
    7.13761e-01	    1.67245e+00	    2.59903e-06	    2.62438e-06	    1.31316e-06	    1.34791e-06	    1.32704e-06	    3.37781e-06	    3.43435e-06	    3.28053e-05	    3.32159e-05	    1.84833e-06	    1.87642e-06	    1.86714e-06
    7.19247e-01	    1.67245e+00	    2.58042e-06	    2.60553e-06	    1.32392e-06	    1.35840e-06	    1.33789e-06	    3.33619e-06	    3.39210e-06	    3.26089e-05	    3.30161e-05	    1.84923e-06	    1.87688e-06	    1.86801e-06
    7.24762e-01	    1.67245e+00	    2.56144e-06	    2.58632e-06	    1.33446e-06	    1.36867e-06	    1.34852e-06	    3.29419e-06	    3.34945e-06	    3.24079e-05	    3.28115e-05	    1.84973e-06	    1.87695e-06	    1.86849e-06
    7.30306e-01	    1.67245e+00	    2.54210e-06	    2.56675e-06	    1.34477e-06	    1.37870e-06	    1.35892e-06	    3.25181e-06	    3.30642e-06	    3.22022e-05	    3.26023e-05	    1.84984e-06	    1.87663e-06	    1.86856e-06
    7.35879e-01	    1.67245e+00	    2.52242e-06	    2.54683e-06	    1.35485e-06	    1.38850e-06	    1.36908e-06	    3.20907e-06	    3.26303e-06	    3.19919e-05	    3.23885e-05	    1.84955e-06	    1.87592e-06	    1.86824e-06
    7.41482e-01	    1.67245e+00	    2.50239e-06	    2.52657e-06	    1.36469e-06	    1.39805e-06	    1.37899e-06	    3.16600e-06	    3.21928e-06	    3.17772e-05	    3.21701e-05	    1.84886e-06	    1.87481e-06	    1.86751e-06
    7.47116e-01	    1.67245e+00	    2.48203e-06	    2.50596e-06	    1.37428e-06	    1.40734e-06	    1.38866e-06	    3.12260e-06	    3.17521e-06	    3.15579e-05	    3.19471e-05	    1.84778e-06	    1.87330e-06	    1.86638e-06
    7.52780e-01	    1.67245e+00	    2.46133e-06	    2.48502e-06	    1.38361e-06	    1.41638e-06	    1.39806e-06	    3.07889e-06	    3.13083e-06	    3.13342e-05	    3.17197e-05	    1.84629e-06	    1.87139e-06	    1.86484e-06
    7.58475e-01	    1.67245e+00	    2.44031e-06	    2.46375e-06	    1.39268e-06	    1.42515e-06	    1.40719e-06	    3.03490e-06	    3.08616e-06	    3.11062e-05	    3.14880e-05	    1.84440e-06	    1.86908e-06	    1.86290e-06
    7.64201e-01	    1.67245e+00	    2.41897e-06	    2.44215e-06	    1.40147e-06	    1.43364e-06	    1.41605e-06	    2.99063e-06	    3.04121e-06	    3.08739e-05	    3.12518e-05	    1.84210e-06	    1.86637e-06	    1.86054e-06
    7.69959e-01	    1.67245e+00	    2.39732e-06	    2.42025e-06	    1.40999e-06	    1.44184e-06	    1.42463e-06	    2.94612e-06	    2.99601e-06	    3.06374e-05	    3.10115e-05	    1.83940e-06	    1.86325e-06	    1.85777e-06
    7.75750e-01	    1.67245e+00	    2.37536e-06	    2.39803e-06	    1.41822e-06	    1.44976e-06	    1.43292e-06	    2.90137e-06	    2.95057e-06	    3.03968e-05	    3.07669e-05	    1.83629e-06	    1.85972e-06	    1.85460e-06
    7.81573e-01	    1.67245e+00	    2.35311e-06	    2.37552e-06	    1.42615e-06	    1.45738e-06	    1.44091e-06	    2.85641e-06	    2.90491e-06	    3.01520e-05	    3.05182e-05	    1.83277e-06	    1.85579e-06	    1.85100e-06
    7.87429e-01	    1.67245e+00	    2.33056e-06	    2.35271e-06	    1.43379e-06	    1.46470e-06	    1.44860e-06	    2.81125e-06	    2.85905e-06	    2.99032e-05	    3.02654e-05	    1.82884e-06	    1.85146e-06	    1.84700e-06
    7.93319e-01	    1.67245e+00	    2.30773e-06	    2.32962e-06	    1.44111e-06	    1.47170e-06	    1.45597e-06	    2.76591e-06	    2.81301e-06	    2.96505e-05	    3.00086e-05	    1.82450e-06	    1.84671e-06	    1.84258e-06
    7.99243e-01	    1.67245e+00	    2.28463e-06	    2.30625e-06	    1.44812e-06	    1.47838e-06	    1.46302e-06	    2.72042e-06	    2.76681e-06	    2.93939e-05	    2.97479e-05	    1.81975e-06	    1.84156e-06	    1.83774e-06
    8.05201e-01	    1.67245e+00	    2.26125e-06	    2.28261e-06	    1.45481e-06	    1.48474e-06	    1.46975e-06	    2.67479e-06	    2.72046e-06	    2.91335e-05	    2.94834e-05	    1.81459e-06	    1.83600e-06	    1.83249e-06
    8.11194e-01	    1.67245e+00	    2.23762e-06	    2.25870e-06	    1.46117e-06	    1.49077e-06	    1.47614e-06	    2.62904e-06	    2.67400e-06	    2.88693e-05	    2.92151e-05	    1.80901e-06	    1.83003e-06	    1.82683e-06
    8.17222e-01	    1.67245e+00	    2.21373e-06	    2.23454e-06	    1.46719e-06	    1.49645e-06	    1.48220e-06	    2.58318e-06	    2.62743e-06	    2.86016e-05	    2.89432e-05	    1.80303e-06	    1.82365e-06	    1.82075e-06
    8.23287e-01	    1.67245e+00	    2.18960e-06	    2.21014e-06	    1.47287e-06	    1.50179e-06	    1.48790e-06	    2.53725e-06	    2.58078e-06	    2.83302e-05	    2.86676e-05	    1.79664e-06	    1.81687e-06	    1.81426e-06
    8.29387e-01	    1.67245e+00	    2.16523e-06	    2.18549e-06	    1.47820e-06	    1.50678e-06	    1.49326e-06	    2.49125e-06	    2.53407e-06	    2.80554e-05	    2.83886e-05	    1.78984e-06	    1.80968e-06	    1.80735e-06
    8.35524e-01	    1.67245e+00	    2.14063e-06	    2.16062e-06	    1.48317e-06	    1.51140e-06	    1.49825e-06	    2.44521e-06	    2.48731e-06	    2.77772e-05	    2.81061e-05	    1.78263e-06	    1.80208e-06	    1.80003e-06
    8.41699e-01	    1.67245e+00	    2.11581e-06	    2.13552e-06	    1.48778e-06	    1.51566e-06	    1.50287e-06	    2.39915e-06	    2.44053e-06	    2.74957e-05	    2.78203e-05	    1.77501e-06	    1.79408e-06	    1.79230e-06
    8.47911e-01	    1.67245e+00	    2.09078e-06	    2.11021e-06	    1.49202e-06	    1.51955e-06	    1.50712e-06	    2.35309e-06	    2.39374e-06	    2.72109e-05	    2.75312e-05	    1.76699e-06	    1.78568e-06	    1.78416e-06
    8.54162e-01	    1.67245e+00	    2.06555e-06	    2.08470e-06	    1.49589e-06	    1.52307e-06	    1.51099e-06	    2.30704e-06	    2.34697e-06	    2.69230e-05	    2.72390e-05	    1.75857e-06	    1.77688e-06	    1.77562e-06
    8.60452e-01	    1.67245e+00	    2.04012e-06	    2.05899e-06	    1.49937e-06	    1.52619e-06	    1.51448e-06	    2.26103e-06	    2.30024e-06	    2.66321e-05	    2.69437e-05	    1.74974e-06	    1.76768e-06	    1.76666e-06
    8.66781e-01	    1.67245e+00	    2.01451e-06	    2.03310e-06	    1.50247e-06	    1.52893e-06	    1.51757e-06	    2.21507e-06	    2.25356e-06	    2.63383e-05	    2.66454e-05	    1.74051e-06	    1.75808e-06	    1.75731e-06
    8.73149e-01	    1.67245e+00	    1.98873e-06	    2.00703e-06	    1.50518e-06	    1.53128e-06	    1.52027e-06	    2.16919e-06	    2.20696e-06	    2.60415e-05	    2.63443e-05	    1.73089e-06	    1.74809e-06	    1.74755e-06
    8.79559e-01	    1.67245e+00	    1.96277e-06	    1.98079e-06	    1.50748e-06	    1.53322e-06	    1.52257e-06	    2.12341e-06	    2.16046e-06	    2.57421e-05	    2.60404e-05	    1.72087e-06	    1.73771e-06	    1.73740e-06
    8.86009e-01	    1.67245e+00	    1.93666e-06	    1.95439e-06	    1.50939e-06	    1.53476e-06	    1.52445e-06	    2.07774e-06	    2.11407e-06	    2.54399e-05	    2.57338e-05	    1.71046e-06	    1.72694e-06	    1.72684e-06
    8.92501e-01	    1.67245e+00	    1.91040e-06	    1.92785e-06	    1.51088e-06	    1.53589e-06	    1.52593e-06	    2.03220e-06	    2.06781e-06	    2.51353e-05	    2.54247e-05	    1.69966e-06	    1.71578e-06	    1.71590e-06
    8.99035e-01	    1.67245e+00	    1.88400e-06	    1.90116e-06	    1.51196e-06	    1.53660e-06	    1.52698e-06	    1.98682e-06	    2.02172e-06	    2.48281e-05	    2.51131e-05	    1.68848e-06	    1.70424e-06	    1.70457e-06
    9.05611e-01	    1.67245e+00	    1.85748e-06	    1.87435e-06	    1.51262e-06	    1.53690e-06	    1.52762e-06	    1.94161e-06	    1.97579e-06	    2.45187e-05	    2.47992e-05	    1.67691e-06	    1.69233e-06	    1.69285e-06
    9.12231e-01	    1.67245e+00	    1.83083e-06	    1.84742e-06	    1.51286e-06	    1.53677e-06	    1.52782e-06	    1.89659e-06	    1.93006e-06	    2.42069e-05	    2.44830e-05	    1.66497e-06	    1.68004e-06	    1.68075e-06
    9.18895e-01	    1.67245e+00	    1.80407e-06	    1.82037e-06	    1.51268e-06	    1.53621e-06	    1.52760e-06	    1.85178e-06	    1.88455e-06	    2.38931e-05	    2.41646e-05	    1.65265e-06	    1.66738e-06	    1.66828e-06
    9.25604e-01	    1.67245e+00	    1.77722e-06	    1.79323e-06	    1.51206e-06	    1.53522e-06	    1.52694e-06	    1.80721e-06	    1.83927e-06	    2.35772e-05	    2.38442e-05	    1.63996e-06	    1.65435e-06	    1.65543e-06
    9.32358e-01	    1.67245e+00	    1.75027e-06	    1.76600e-06	    1.51101e-06	    1.53380e-06	    1.52584e-06	    1.76288e-06	    1.79424e-06	    2.32594e-05	    2.35220e-05	    1.62691e-06	    1.64097e-06	    1.64222e-06
    9.39157e-01	    1.67245e+00	    1.72325e-06	    1.73869e-06	    1.50952e-06	    1.53194e-06	    1.52430e-06	    1.71882e-06	    1.74948e-06	    2.29399e-05	    2.31979e-05	    1.61351e-06	    1.62723e-06	    1.62864e-06
    9.46003e-01	    1.67245e+00	    1.69615e-06	    1.71131e-06	    1.50759e-06	    1.52963e-06	    1.52231e-06	    1.67505e-06	    1.70502e-06	    2.26186e-05	    2.28721e-05	    1.59974e-06	    1.61313e-06	    1.61471e-06
    9.52896e-01	    1.67245e+00	    1.66900e-06	    1.68387e-06	    1.50522e-06	    1.52688e-06	    1.51987e-06	    1.63158e-06	    1.66086e-06	    2.22958e-05	    2.25447e-05	    1.58563e-06	    1.59870e-06	    1.60043e-06
    9.59837e-01	    1.67245e+00	    1.64179e-06	    1.65638e-06	    1.50240e-06	    1.52369e-06	    1.51699e-06	    1.58844e-06	    1.61703e-06	    2.19715e-05	    2.22159e-05	    1.57118e-06	    1.58393e-06	    1.58580e-06
    9.66826e-01	    1.67245e+00	    1.61455e-06	    1.62885e-06	    1.49913e-06	    1.52005e-06	    1.51365e-06	    1.54564e-06	    1.57354e-06	    2.16458e-05	    2.18858e-05	    1.55639e-06	    1.56882e-06	    1.57083e-06
    9.73865e-01	    1.67245e+00	    1.58728e-06	    1.60130e-06	    1.49541e-06	    1.51595e-06	    1.50985e-06	    1.50319e-06	    1.53042e-06	    2.13190e-05	    2.15544e-05	    1.54127e-06	    1.55339e-06	    1.55553e-06
    9.80953e-01	    1.67245e+00	    1.55999e-06	    1.57373e-06	    1.49124e-06	    1.51141e-06	    1.50560e-06	    1.46112e-06	    1.48768e-06	    2.09910e-05	    2.12220e-05	    1.52583e-06	    1.53764e-06	    1.53990e-06
    9.88092e-01	    1.67245e+00	    1.53270e-06	    1.54615e-06	    1.48662e-06	    1.50641e-06	    1.50089e-06	    1.41945e-06	    1.44534e-06	    2.06621e-05	    2.08886e-05	    1.51007e-06	    1.52157e-06	    1.52395e-06
    9.95282e-01	    1.67245e+00	    1.50540e-06	    1.51858e-06	    1.48154e-06	    1.50096e-06	    1.49572e-06	    1.37818e-06	    1.40342e-06	    2.03323e-05	    2.05543e-05	    1.49400e-06	    1.50521e-06	    1.50770e-06
    1.00252e+00	    1.67245e+00	    1.47812e-06	    1.49102e-06	    1.47600e-06	    1.49505e-06	    1.49009e-06	    1.33735e-06	    1.36192e-06	    2.00018e-05	    2.02194e-05	    1.47763e-06	    1.48854e-06	    1.49114e-06
    1.00982e+00	    1.67245e+00	    1.45086e-06	    1.46348e-06	    1.47001e-06	    1.48869e-06	    1.48401e-06	    1.29695e-06	    1.32088e-06	    1.96707e-05	    1.98838e-05	    1.46097e-06	    1.47158e-06	    1.47428e-06
    1.01717e+00	    1.67245e+00	    1.42364e-06	    1.43598e-06	    1.46357e-06	    1.48187e-06	    1.47746e-06	    1.25701e-06	    1.28030e-06	    1.93390e-05	    1.95478e-05	    1.44401e-06	    1.45435e-06	    1.45713e-06
    1.02457e+00	    1.67245e+00	    1.39647e-06	    1.40853e-06	    1.45667e-06	    1.47460e-06	    1.47045e-06	    1.21755e-06	    1.24020e-06	    1.90071e-05	    1.92114e-05	    1.42679e-06	    1.43683e-06	    1.43971e-06
    1.03203e+00	    1.67245e+00	    1.36934e-06	    1.38114e-06	    1.44932e-06	    1.46688e-06	    1.46299e-06	    1.17858e-06	    1.20060e-06	    1.86749e-05	    1.88749e-05	    1.40929e-06	    1.41906e-06	    1.42201e-06
    1.03954e+00	    1.67245e+00	    1.34229e-06	    1.35381e-06	    1.44151e-06	    1.45871e-06	    1.45507e-06	    1.14011e-06	    1.16151e-06	    1.83426e-05	    1.85382e-05	    1.39153e-06	    1.40102e-06	    1.40405e-06
    1.04712e+00	    1.67245e+00	    1.31531e-06	    1.32656e-06	    1.43325e-06	    1.45008e-06	    1.44669e-06	    1.10216e-06	    1.12295e-06	    1.80103e-05	    1.82016e-05	    1.37352e-06	    1.38274e-06	    1.38584e-06
    1.05474e+00	    1.67245e+00	    1.28842e-06	    1.29940e-06	    1.42455e-06	    1.44101e-06	    1.43786e-06	    1.06474e-06	    1.08492e-06	    1.76782e-05	    1.78652e-05	    1.35527e-06	    1.36423e-06	    1.36738e-06
    1.06243e+00	    1.67245e+00	    1.26162e-06	    1.27234e-06	    1.41540e-06	    1.43150e-06	    1.42858e-06	    1.02787e-06	    1.04745e-06	    1.73464e-05	    1.75291e-05	    1.33678e-06	    1.34548e-06	    1.34869e-06
    1.07018e+00	    1.67245e+00	    1.23493e-06	    1.24539e-06	    1.40580e-06	    1.42154e-06	    1.41885e-06	    9.91555e-07	    1.01055e-06	    1.70150e-05	    1.71935e-05	    1.31807e-06	    1.32651e-06	    1.32978e-06
    1.07799e+00	    1.67245e+00	    1.20836e-06	    1.21856e-06	    1.39576e-06	    1.41115e-06	    1.40868e-06	    9.55812e-07	    9.74223e-07	    1.66842e-05	    1.68584e-05	    1.29915e-06	    1.30734e-06	    1.31065e-06
    1.08586e+00	    1.67245e+00	    1.18192e-06	    1.19186e-06	    1.38529e-06	    1.40032e-06	    1.39807e-06	    9.20652e-07	    9.38490e-07	    1.63540e-05	    1.65240e-05	    1.28003e-06	    1.28796e-06	    1.29131e-06
    1.09379e+00	    1.67245e+00	    1.15562e-06	    1.16530e-06	    1.37439e-06	    1.38906e-06	    1.38702e-06	    8.86087e-07	    9.03359e-07	    1.60246e-05	    1.61905e-05	    1.26071e-06	    1.26840e-06	    1.27178e-06
    1.10178e+00	    1.67245e+00	    1.12947e-06	    1.13889e-06	    1.36305e-06	    1.37737e-06	    1.37554e-06	    8.52128e-07	    8.68843e-07	    1.56962e-05	    1.58579e-05	    1.24121e-06	    1.24866e-06	    1.25207e-06
    1.10984e+00	    1.67245e+00	    1.10347e-06	    1.11265e-06	    1.35130e-06	    1.36527e-06	    1.36363e-06	    8.18784e-07	    8.34951e-07	    1.53688e-05	    1.55264e-05	    1.22153e-06	    1.22875e-06	    1.23219e-06
    1.11796e+00	    1.67245e+00	    1.07764e-06	    1.08657e-06	    1.33912e-06	    1.35275e-06	    1.35130e-06	    7.86066e-07	    8.01694e-07	    1.50426e-05	    1.51962e-05	    1.20170e-06	    1.20869e-06	    1.21215e-06
    1.12615e+00	    1.67245e+00	    1.05200e-06	    1.06068e-06	    1.32654e-06	    1.33982e-06	    1.33856e-06	    7.53984e-07	    7.69082e-07	    1.47177e-05	    1.48673e-05	    1.18172e-06	    1.18848e-06	    1.19195e-06
    1.13441e+00	    1.67245e+00	    1.02654e-06	    1.03498e-06	    1.31355e-06	    1.32649e-06	    1.32541e-06	    7.22545e-07	    7.37123e-07	    1.43943e-05	    1.45400e-05	    1.16160e-06	    1.16814e-06	    1.17162e-06
    1.14273e+00	    1.67245e+00	    1.00128e-06	    1.00948e-06	    1.30016e-06	    1.31277e-06	    1.31186e-06	    6.91758e-07	    7.05825e-07	    1.40725e-05	    1.42142e-05	    1.14136e-06	    1.14768e-06	    1.15116e-06
    1.15112e+00	    1.67245e+00	    9.76223e-07	    9.84185e-07	    1.28639e-06	    1.29866e-06	    1.29791e-06	    6.61631e-07	    6.75197e-07	    1.37524e-05	    1.38902e-05	    1.12100e-06	    1.12710e-06	    1.13059e-06
    1.15959e+00	    1.67245e+00	    9.51386e-07	    9.59114e-07	    1.27222e-06	    1.28416e-06	    1.28358e-06	    6.32170e-07	    6.45244e-07	    1.34341e-05	    1.35681e-05	    1.10053e-06	    1.10643e-06	    1.10992e-06
    1.16812e+00	    1.67245e+00	    9.26775e-07	    9.34273e-07	    1.25769e-06	    1.26930e-06	    1.26887e-06	    6.03382e-07	    6.15974e-07	    1.31178e-05	    1.32480e-05	    1.07998e-06	    1.08567e-06	    1.08915e-06
    1.17673e+00	    1.67245e+00	    9.02399e-07	    9.09670e-07	    1.24279e-06	    1.25407e-06	    1.25380e-06	    5.75273e-07	    5.87393e-07	    1.28036e-05	    1.29300e-05	    1.05934e-06	    1.06484e-06	    1.06831e-06
    1.18541e+00	    1.67245e+00	    8.78267e-07	    8.85314e-07	    1.22753e-06	    1.23850e-06	    1.23836e-06	    5.47846e-07	    5.59504e-07	    1.24915e-05	    1.26143e-05	    1.03865e-06	    1.04395e-06	    1.04739e-06
    1.19417e+00	    1.67245e+00	    8.54387e-07	    8.61214e-07	    1.21192e-06	    1.22257e-06	    1.22257e-06	    5.21108e-07	    5.32314e-07	    1.21818e-05	    1.23009e-05	    1.01789e-06	    1.02300e-06	    1.02643e-06
    1.20300e+00	    1.67245e+00	    8.30768e-07	    8.37378e-07	    1.19598e-06	    1.20632e-06	    1.20644e-06	    4.95060e-07	    5.05824e-07	    1.18746e-05	    1.19901e-05	    9.97096e-07	    1.00202e-06	    1.00543e-06
    1.21192e+00	    1.67245e+00	    8.07419e-07	    8.13815e-07	    1.17970e-06	    1.18974e-06	    1.18999e-06	    4.69707e-07	    4.80040e-07	    1.15699e-05	    1.16819e-05	    9.76272e-07	    9.81014e-07	    9.84393e-07
    1.22090e+00	    1.67245e+00	    7.84347e-07	    7.90533e-07	    1.16312e-06	    1.17285e-06	    1.17321e-06	    4.45051e-07	    4.54962e-07	    1.12679e-05	    1.13764e-05	    9.55431e-07	    9.59995e-07	    9.63345e-07
    1.22997e+00	    1.67245e+00	    7.61560e-07	    7.67540e-07	    1.14622e-06	    1.15566e-06	    1.15613e-06	    4.21093e-07	    4.30593e-07	    1.09688e-05	    1.10738e-05	    9.34586e-07	    9.38976e-07	    9.42294e-07
    1.23912e+00	    1.67245e+00	    7.39067e-07	    7.44844e-07	    1.12904e-06	    1.13818e-06	    1.13876e-06	    3.97835e-07	    4.06933e-07	    1.06725e-05	    1.07741e-05	    9.13750e-07	    9.17971e-07	    9.21252e-07
    1.24836e+00	    1.67245e+00	    7.16873e-07	    7.22451e-07	    1.11157e-06	    1.12042e-06	    1.12110e-06	    3.75276e-07	    3.83984e-07	    1.03793e-05	    1.04776e-05	    8.92935e-07	    8.96991e-07	    9.00234e-07
    1.25767e+00	    1.67245e+00	    6.94987e-07	    7.00370e-07	    1.09384e-06	    1.10240e-06	    1.10317e-06	    3.53416e-07	    3.61744e-07	    1.00892e-05	    1.01842e-05	    8.72154e-07	    8.76050e-07	    8.79251e-07
    1.26708e+00	    1.67245e+00	    6.73415e-07	    6.78606e-07	    1.07585e-06	    1.08413e-06	    1.08499e-06	    3.32255e-07	    3.40212e-07	    9.80235e-06	    9.89417e-06	    8.51420e-07	    8.55160e-07	    8.58317e-07
    1.27656e+00	    1.67245e+00	    6.52164e-07	    6.57168e-07	    1.05762e-06	    1.06562e-06	    1.06656e-06	    3.11789e-07	    3.19387e-07	    9.51886e-06	    9.60753e-06	    8.30746e-07	    8.34333e-07	    8.37444e-07
    1.28614e+00	    1.67245e+00	    6.31240e-07	    6.36060e-07	    1.03916e-06	    1.04689e-06	    1.04790e-06	    2.92018e-07	    2.99266e-07	    9.23884e-06	    9.32441e-06	    8.10144e-07	    8.13583e-07	    8.16645e-07
    1.29581e+00	    1.67245e+00	    6.10650e-07	    6.15290e-07	    1.02048e-06	    1.02795e-06	    1.02903e-06	    2.72937e-07	    2.79845e-07	    8.96236e-06	    9.04490e-06	    7.89627e-07	    7.92922e-07	    7.95933e-07
    1.30557e+00	    1.67245e+00	    5.90398e-07	    5.94863e-07	    1.00161e-06	    1.00881e-06	    1.00996e-06	    2.54543e-07	    2.61122e-07	    8.68955e-06	    8.76910e-06	    7.69207e-07	    7.72363e-07	    7.75320e-07
    1.31542e+00	    1.67245e+00	    5.70492e-07	    5.74784e-07	    9.82548e-07	    9.89493e-07	    9.90701e-07	    2.36831e-07	    2.43092e-07	    8.42047e-06	    8.49711e-06	    7.48897e-07	    7.51917e-07	    7.54819e-07
    1.32536e+00	    1.67245e+00	    5.50935e-07	    5.55059e-07	    9.63318e-07	    9.70012e-07	    9.71273e-07	    2.19797e-07	    2.25748e-07	    8.15524e-06	    8.22902e-06	    7.28709e-07	    7.31598e-07	    7.34443e-07
    1.33540e+00	    1.67245e+00	    5.31732e-07	    5.35692e-07	    9.43934e-07	    9.50381e-07	    9.51691e-07	    2.03434e-07	    2.09086e-07	    7.89392e-06	    7.96491e-06	    7.08656e-07	    7.11416e-07	    7.14204e-07
    1.34554e+00	    1.67245e+00	    5.12889e-07	    5.16689e-07	    9.24411e-07	    9.30616e-07	    9.31969e-07	    1.87735e-07	    1.93098e-07	    7.63662e-06	    7.70487e-06	    6.88749e-07	    6.91386e-07	    6.94114e-07
    1.35578e+00	    1.67245e+00	    4.94409e-07	    4.98053e-07	    9.04765e-07	    9.10733e-07	    9.12125e-07	    1.72694e-07	    1.77778e-07	    7.38341e-06	    7.44899e-06	    6.69000e-07	    6.71517e-07	    6.74185e-07
    1.36612e+00	    1.67245e+00	    4.76297e-07	    4.79788e-07	    8.85011e-07	    8.90749e-07	    8.92174e-07	    1.58303e-07	    1.63118e-07	    7.13436e-06	    7.19733e-06	    6.49422e-07	    6.51823e-07	    6.54428e-07
    1.37656e+00	    1.67245e+00	    4.58555e-07	    4.61898e-07	    8.65168e-07	    8.70679e-07	    8.72133e-07	    1.44553e-07	    1.49108e-07	    6.88955e-06	    6.94998e-06	    6.30026e-07	    6.32315e-07	    6.34857e-07
    1.38711e+00	    1.67245e+00	    4.41187e-07	    4.44387e-07	    8.45250e-07	    8.50540e-07	    8.52018e-07	    1.31436e-07	    1.35740e-07	    6.64906e-06	    6.70700e-06	    6.10823e-07	    6.13003e-07	    6.15481e-07
    1.39776e+00	    1.67245e+00	    4.24196e-07	    4.27255e-07	    8.25274e-07	    8.30349e-07	    8.31848e-07	    1.18942e-07	    1.23005e-07	    6.41294e-06	    6.46846e-06	    5.91824e-07	    5.93899e-07	    5.96313e-07
    1.40853e+00	    1.67245e+00	    4.07585e-07	    4.10508e-07	    8.05258e-07	    8.10122e-07	    8.11637e-07	    1.07060e-07	    1.10892e-07	    6.18125e-06	    6.23442e-06	    5.73040e-07	    5.75014e-07	    5.77363e-07
    1.41940e+00	    1.67245e+00	    3.91355e-07	    3.94145e-07	    7.85219e-07	    7.89878e-07	    7.91405e-07	    9.57801e-08	    9.93896e-08	    5.95406e-06	    6.00493e-06	    5.54483e-07	    5.56359e-07	    5.58641e-07
    1.43039e+00	    1.67245e+00	    3.75508e-07	    3.78170e-07	    7.65172e-07	    7.69632e-07	    7.71167e-07	    8.50910e-08	    8.84871e-08	    5.73142e-06	    5.78006e-06	    5.36161e-07	    5.37943e-07	    5.40159e-07
    1.44149e+00	    1.67245e+00	    3.60046e-07	    3.62584e-07	    7.45137e-07	    7.49402e-07	    7.50941e-07	    7.49809e-08	    7.81723e-08	    5.51338e-06	    5.55984e-06	    5.18086e-07	    5.19777e-07	    5.21927e-07
    1.45270e+00	    1.67245e+00	    3.44970e-07	    3.47387e-07	    7.25129e-07	    7.29205e-07	    7.30745e-07	    6.54375e-08	    6.84329e-08	    5.29997e-06	    5.34433e-06	    5.00267e-07	    5.01870e-07	    5.03954e-07
    1.46404e+00	    1.67245e+00	    3.30280e-07	    3.32580e-07	    7.05166e-07	    7.09059e-07	    7.10595e-07	    5.64480e-08	    5.92560e-08	    5.09125e-06	    5.13357e-06	    4.82713e-07	    4.84232e-07	    4.86250e-07
    1.47549e+00	    1.67245e+00	    3.15977e-07	    3.18164e-07	    6.85265e-07	    6.88979e-07	    6.90510e-07	    4.79994e-08	    5.06283e-08	    4.88725e-06	    4.92758e-06	    4.65434e-07	    4.66872e-07	    4.68823e-07
    1.48707e+00	    1.67245e+00	    3.02061e-07	    3.04138e-07	    6.65443e-07	    6.68984e-07	    6.70506e-07	    4.00780e-08	    4.25359e-08	    4.68799e-06	    4.72640e-06	    4.48438e-07	    4.49798e-07	    4.51683e-07
    1.49878e+00	    1.67245e+00	    2.88531e-07	    2.90503e-07	    6.45717e-07	    6.49090e-07	    6.50600e-07	    3.26699e-08	    3.49649e-08	    4.49351e-06	    4.53006e-06	    4.31733e-07	    4.33018e-07	    4.34838e-07
    1.51061e+00	    1.67245e+00	    2.75386e-07	    2.77256e-07	    6.26104e-07	    6.29315e-07	    6.30809e-07	    2.57607e-08	    2.79005e-08	    4.30382e-06	    4.33857e-06	    4.15328e-07	    4.16541e-07	    4.18296e-07
    1.52257e+00	    1.67245e+00	    2.62625e-07	    2.64397e-07	    6.06620e-07	    6.09674e-07	    6.11150e-07	    1.93358e-08	    2.13280e-08	    4.11894e-06	    4.15195e-06	    3.99229e-07	    4.00374e-07	    4.02064e-07
    1.53467e+00	    1.67245e+00	    2.50248e-07	    2.51925e-07	    5.87283e-07	    5.90184e-07	    5.91640e-07	    1.33802e-08	    1.52323e-08	    3.93889e-06	    3.97022e-06	    3.83445e-07	    3.84524e-07	    3.86150e-07
    1.54690e+00	    1.67245e+00	    2.38251e-07	    2.39837e-07	    5.68108e-07	    5.70862e-07	    5.72296e-07	    7.87867e-09	    9.59778e-09	    3.76367e-06	    3.79338e-06	    3.67981e-07	    3.68997e-07	    3.70560e-07
    1.55927e+00	    1.67245e+00	    2.26632e-07	    2.28131e-07	    5.49111e-07	    5.51723e-07	    5.53132e-07	    2.81572e-09	    4.40887e-09	    3.59328e-06	    3.62143e-06	    3.52844e-07	    3.53800e-07	    3.55301e-07
    1.57178e+00	    1.67245e+00	    2.15390e-07	    2.16805e-07	    5.30308e-07	    5.32783e-07	    5.34166e-07	   -1.82435e-09	   -3.50361e-10	    3.42773e-06	    3.45436e-06	    3.38039e-07	    3.38938e-07	    3.40377e-07
    1.58443e+00	    1.67245e+00	    2.04521e-07	    2.05855e-07	    5.11715e-07	    5.14058e-07	    5.15413e-07	   -6.05741e-09	   -4.69599e-09	    3.26699e-06	    3.29218e-06	    3.23572e-07	    3.24416e-07	    3.25795e-07
    1.59723e+00	    1.67245e+00	    1.94021e-07	    1.95278e-07	    4.93347e-07	    4.95563e-07	    4.96887e-07	   -9.89945e-09	   -8.64423e-09	    3.11107e-06	    3.13486e-06	    3.09448e-07	    3.10240e-07	    3.11559e-07
    1.61018e+00	    1.67245e+00	    1.83887e-07	    1.85070e-07	    4.75218e-07	    4.77311e-07	    4.78604e-07	   -1.33666e-08	   -1.22114e-08	    2.95994e-06	    2.98239e-06	    2.95671e-07	    2.96413e-07	    2.97673e-07
    1.62328e+00	    1.67245e+00	    1.74116e-07	    1.75227e-07	    4.57342e-07	    4.59318e-07	    4.60578e-07	   -1.64751e-08	   -1.54140e-08	    2.81357e-06	    2.83474e-06	    2.82244e-07	    2.82938e-07	    2.84142e-07
    1.63654e+00	    1.67245e+00	    1.64702e-07	    1.65746e-07	    4.39734e-07	    4.41596e-07	    4.42823e-07	   -1.92411e-08	   -1.82684e-08	    2.67195e-06	    2.69188e-06	    2.69171e-07	    2.69820e-07	    2.70967e-07
    1.64995e+00	    1.67245e+00	    1.55641e-07	    1.56620e-07	    4.22406e-07	    4.24160e-07	    4.25352e-07	   -2.16809e-08	   -2.07910e-08	    2.53504e-06	    2.55379e-06	    2.56454e-07	    2.57061e-07	    2.58153e-07
    1.66353e+00	    1.67245e+00	    1.46929e-07	    1.47846e-07	    4.05372e-07	    4.07022e-07	    4.08178e-07	   -2.38108e-08	   -2.29984e-08	    2.40281e-06	    2.42043e-06	    2.44096e-07	    2.44662e-07	    2.45701e-07
    1.67727e+00	    1.67245e+00	    1.38559e-07	    1.39418e-07	    3.88643e-07	    3.90194e-07	    3.91313e-07	   -2.56468e-08	   -2.49068e-08	    2.27521e-06	    2.29175e-06	    2.32099e-07	    2.32626e-07	    2.33613e-07
    1.69117e+00	    1.67245e+00	    1.30527e-07	    1.31330e-07	    3.72232e-07	    3.73688e-07	    3.74769e-07	   -2.72050e-08	   -2.65326e-08	    2.15220e-06	    2.16770e-06	    2.20463e-07	    2.20954e-07	    2.21891e-07
    1.70525e+00	    1.67245e+00	    1.22827e-07	    1.23576e-07	    3.56149e-07	    3.57514e-07	    3.58558e-07	   -2.85014e-08	   -2.78918e-08	    2.03372e-06	    2.04824e-06	    2.09189e-07	    2.09646e-07	    2.10533e-07
    1.71951e+00	    1.67245e+00	    1.15452e-07	    1.16151e-07	    3.40404e-07	    3.41683e-07	    3.42689e-07	   -2.95516e-08	   -2.90005e-08	    1.91972e-06	    1.93331e-06	    1.98278e-07	    1.98702e-07	    1.99542e-07
    1.73394e+00	    1.67245e+00	    1.08397e-07	    1.09048e-07	    3.25009e-07	    3.26204e-07	    3.27172e-07	   -3.03714e-08	   -2.98744e-08	    1.81015e-06	    1.82285e-06	    1.87728e-07	    1.88122e-07	    1.88916e-07
    1.74856e+00	    1.67245e+00	    1.01655e-07	    1.02260e-07	    3.09970e-07	    3.11087e-07	    3.12017e-07	   -3.09759e-08	   -3.05291e-08	    1.70494e-06	    1.71679e-06	    1.77540e-07	    1.77904e-07	    1.78654e-07
    1.76336e+00	    1.67245e+00	    9.52183e-08	    9.57805e-08	    2.95298e-07	    2.96340e-07	    2.97232e-07	   -3.13804e-08	   -3.09798e-08	    1.60403e-06	    1.61506e-06	    1.67711e-07	    1.68048e-07	    1.68754e-07
    1.77835e+00	    1.67245e+00	    8.90813e-08	    8.96028e-08	    2.80999e-07	    2.81970e-07	    2.82824e-07	   -3.15994e-08	   -3.12416e-08	    1.50733e-06	    1.51761e-06	    1.58240e-07	    1.58551e-07	    1.59216e-07
    1.79354e+00	    1.67245e+00	    8.32364e-08	    8.37195e-08	    2.67080e-07	    2.67984e-07	    2.68800e-07	   -3.16477e-08	   -3.13290e-08	    1.41479e-06	    1.42434e-06	    1.49124e-07	    1.49411e-07	    1.50035e-07
    1.80893e+00	    1.67245e+00	    7.76762e-08	    7.81231e-08	    2.53548e-07	    2.54388e-07	    2.55166e-07	   -3.15391e-08	   -3.12564e-08	    1.32631e-06	    1.33518e-06	    1.40359e-07	    1.40624e-07	    1.41210e-07
    1.82452e+00	    1.67245e+00	    7.23932e-08	    7.28061e-08	    2.40407e-07	    2.41187e-07	    2.41928e-07	   -3.12876e-08	   -3.10377e-08	    1.24183e-06	    1.25005e-06	    1.31944e-07	    1.32188e-07	    1.32737e-07
    1.84032e+00	    1.67245e+00	    6.73800e-08	    6.77608e-08	    2.27663e-07	    2.28385e-07	    2.29091e-07	   -3.09063e-08	   -3.06864e-08	    1.16125e-06	    1.16885e-06	    1.23873e-07	    1.24097e-07	    1.24611e-07
    1.85633e+00	    1.67245e+00	    6.26287e-08	    6.29794e-08	    2.15319e-07	    2.15987e-07	    2.16657e-07	   -3.04083e-08	   -3.02157e-08	    1.08448e-06	    1.09151e-06	    1.16143e-07	    1.16348e-07	    1.16828e-07
    1.87255e+00	    1.67245e+00	    5.81314e-08	    5.84540e-08	    2.03377e-07	    2.03995e-07	    2.04630e-07	   -2.98060e-08	   -2.96381e-08	    1.01144e-06	    1.01793e-06	    1.08748e-07	    1.08936e-07	    1.09383e-07
    1.88900e+00	    1.67245e+00	    5.38803e-08	    5.41764e-08	    1.91841e-07	    1.92411e-07	    1.93011e-07	   -2.91114e-08	   -2.89659e-08	    9.42038e-07	    9.48019e-07	    1.01683e-07	    1.01855e-07	    1.02272e-07
    1.90568e+00	    1.67245e+00	    4.98673e-08	    5.01388e-08	    1.80711e-07	    1.81236e-07	    1.81803e-07	   -2.83361e-08	   -2.82107e-08	    8.76171e-07	    8.81674e-07	    9.49425e-08	    9.50996e-08	    9.54871e-08
    1.92258e+00	    1.67245e+00	    4.60843e-08	    4.63328e-08	    1.69988e-07	    1.70471e-07	    1.71005e-07	   -2.74910e-08	   -2.73837e-08	    8.13745e-07	    8.18801e-07	    8.85207e-08	    8.86639e-08	    8.90235e-08
    1.93973e+00	    1.67245e+00	    4.25233e-08	    4.27503e-08	    1.59671e-07	    1.60115e-07	    1.60617e-07	   -2.65867e-08	   -2.64955e-08	    7.54660e-07	    7.59298e-07	    8.24108e-08	    8.25412e-08	    8.28744e-08
    1.95712e+00	    1.67245e+00	    3.91760e-08	    3.93831e-08	    1.49759e-07	    1.50166e-07	    1.50638e-07	   -2.56331e-08	   -2.55563e-08	    6.98816e-07	    7.03063e-07	    7.66063e-08	    7.67247e-08	    7.70329e-08
    1.97475e+00	    1.67245e+00	    3.60345e-08	    3.62230e-08	    1.40251e-07	    1.40624e-07	    1.41066e-07	   -2.46397e-08	   -2.45757e-08	    6.46110e-07	    6.49993e-07	    7.10997e-08	    7.12072e-08	    7.14917e-08
    1.99264e+00	    1.67245e+00	    3.30904e-08	    3.32618e-08	    1.31144e-07	    1.31484e-07	    1.31898e-07	   -2.36153e-08	   -2.35627e-08	    5.96439e-07	    5.99982e-07	    6.58839e-08	    6.59812e-08	    6.62434e-08
    2.01079e+00	    1.67245e+00	    3.03358e-08	    3.04912e-08	    1.22433e-07	    1.22744e-07	    1.23130e-07	   -2.25684e-08	   -2.25257e-08	    5.49698e-07	    5.52925e-07	    6.09510e-08	    6.10389e-08	    6.12801e-08
    2.02921e+00	    1.67245e+00	    2.77625e-08	    2.79033e-08	    1.14116e-07	    1.14398e-07	    1.14758e-07	   -2.15068e-08	   -2.14727e-08	    5.05781e-07	    5.08716e-07	    5.62930e-08	    5.63724e-08	    5.65938e-08
    2.04790e+00	    1.67245e+00	    2.53627e-08	    2.54899e-08	    1.06186e-07	    1.06443e-07	    1.06778e-07	   -2.04376e-08	   -2.04110e-08	    4.64584e-07	    4.67248e-07	    5.19019e-08	    5.19733e-08	    5.21761e-08
    2.06687e+00	    1.67245e+00	    2.31283e-08	    2.32431e-08	    9.86391e-08	    9.88720e-08	    9.91824e-08	   -1.93675e-08	   -1.93475e-08	    4.26000e-07	    4.28413e-07	    4.77691e-08	    4.78333e-08	    4.80187e-08
    2.08612e+00	    1.67245e+00	    2.10517e-08	    2.11550e-08	    9.14679e-08	    9.16787e-08	    9.19661e-08	   -1.83028e-08	   -1.82883e-08	    3.89924e-07	    3.92105e-07	    4.38860e-08	    4.39436e-08	    4.41129e-08
    2.10567e+00	    1.67245e+00	    1.91250e-08	    1.92177e-08	    8.46657e-08	    8.48561e-08	    8.51216e-08	   -1.72489e-08	   -1.72391e-08	    3.56249e-07	    3.58218e-07	    4.02440e-08	    4.02956e-08	    4.04497e-08
    2.12552e+00	    1.67245e+00	    1.73407e-08	    1.74238e-08	    7.82249e-08	    7.83965e-08	    7.86413e-08	   -1.62110e-08	   -1.62052e-08	    3.24871e-07	    3.26644e-07	    3.68343e-08	    3.68803e-08	    3.70203e-08
    2.14568e+00	    1.67245e+00	    1.56914e-08	    1.57657e-08	    7.21374e-08	    7.22918e-08	    7.25169e-08	   -1.51936e-08	   -1.51911e-08	    2.95686e-07	    2.97279e-07	    3.36477e-08	    3.36887e-08	    3.38157e-08
    2.16616e+00	    1.67245e+00	    1.41697e-08	    1.42361e-08	    6.63944e-08	    6.65330e-08	    6.67396e-08	   -1.42007e-08	   -1.42009e-08	    2.68591e-07	    2.70019e-07	    3.06754e-08	    3.07119e-08	    3.08267e-08
    2.18696e+00	    1.67245e+00	    1.27686e-08	    1.28277e-08	    6.09869e-08	    6.11111e-08	    6.13001e-08	   -1.32358e-08	   -1.32382e-08	    2.43482e-07	    2.44760e-07	    2.79083e-08	    2.79406e-08	    2.80443e-08
    2.20809e+00	    1.67245e+00	    1.14811e-08	    1.15336e-08	    5.59052e-08	    5.60161e-08	    5.61888e-08	   -1.23021e-08	   -1.23062e-08	    2.20261e-07	    2.21401e-07	    2.53373e-08	    2.53659e-08	    2.54593e-08
    2.22956e+00	    1.67245e+00	    1.03005e-08	    1.03470e-08	    5.11391e-08	    5.12380e-08	    5.13953e-08	   -1.14020e-08	   -1.14074e-08	    1.98827e-07	    1.99842e-07	    2.29534e-08	    2.29787e-08	    2.30625e-08
    2.25138e+00	    1.67245e+00	    9.22019e-09	    9.26128e-09	    4.66784e-08	    4.67664e-08	    4.69093e-08	   -1.05377e-08	   -1.05441e-08	    1.79084e-07	    1.79985e-07	    2.07476e-08	    2.07698e-08	    2.08450e-08
    2.27356e+00	    1.67245e+00	    8.23380e-09	    8.27003e-09	    4.25122e-08	    4.25903e-08	    4.27198e-08	   -9.71084e-09	   -9.71792e-09	    1.60936e-07	    1.61735e-07	    1.87109e-08	    1.87305e-08	    1.87977e-08
    2.29611e+00	    1.67245e+00	    7.33522e-09	    7.36708e-09	    3.86296e-08	    3.86986e-08	    3.88157e-08	   -8.92284e-09	   -8.93035e-09	    1.44291e-07	    1.44998e-07	    1.68347e-08	    1.68518e-08	    1.69116e-08
    2.31904e+00	    1.67245e+00	    6.51852e-09	    6.54645e-09	    3.50193e-08	    3.50802e-08	    3.51858e-08	   -8.17456e-09	   -8.18230e-09	    1.29059e-07	    1.29682e-07	    1.51100e-08	    1.51250e-08	    1.51782e-08
    2.34236e+00	    1.67245e+00	    5.77800e-09	    5.80242e-09	    3.16699e-08	    3.17235e-08	    3.18184e-08	   -7.46659e-09	   -7.47437e-09	    1.15151e-07	    1.15698e-07	    1.35284e-08	    1.35415e-08	    1.35886e-08
    2.36607e+00	    1.67245e+00	    5.10819e-09	    5.12949e-09	    2.85698e-08	    2.86169e-08	    2.87020e-08	   -6.79916e-09	   -6.80685e-09	    1.02482e-07	    1.02962e-07	    1.20815e-08	    1.20929e-08	    1.21346e-08
    2.39020e+00	    1.67245e+00	    4.50388e-09	    4.52240e-09	    2.57075e-08	    2.57487e-08	    2.58247e-08	   -6.17221e-09	   -6.17969e-09	    9.09701e-08	    9.13897e-08	    1.07611e-08	    1.07709e-08	    1.08077e-08
    2.41475e+00	    1.67245e+00	    3.96006e-09	    3.97612e-09	    2.30712e-08	    2.31072e-08	    2.31749e-08	   -5.58539e-09	   -5.59259e-09	    8.05352e-08	    8.09010e-08	    9.55914e-09	    9.56763e-09	    9.59993e-09
    2.43973e+00	    1.67245e+00	    3.47199e-09	    3.48586e-09	    2.06494e-08	    2.06807e-08	    2.07409e-08	   -5.03812e-09	   -5.04495e-09	    7.11010e-08	    7.14189e-08	    8.46787e-09	    8.47519e-09	    8.50349e-09
    2.46516e+00	    1.67245e+00	    3.03515e-09	    3.04710e-09	    1.84304e-08	    1.84576e-08	    1.85108e-08	   -4.52957e-09	   -4.53600e-09	    6.25941e-08	    6.28695e-08	    7.47976e-09	    7.48604e-09	    7.51076e-09
    2.49105e+00	    1.67245e+00	    2.64527e-09	    2.65553e-09	    1.64028e-08	    1.64262e-08	    1.64733e-08	   -4.05872e-09	   -4.06471e-09	    5.49442e-08	    5.51820e-08	    6.58753e-09	    6.59291e-09	    6.61443e-09
    2.51741e+00	    1.67245e+00	    2.29830e-09	    2.30708e-09	    1.45552e-08	    1.45754e-08	    1.46168e-08	   -3.62437e-09	   -3.62991e-09	    4.80842e-08	    4.82890e-08	    5.78417e-09	    5.78875e-09	    5.80742e-09
    2.54425e+00	    1.67245e+00	    1.99046e-09	    1.99795e-09	    1.28764e-08	    1.28938e-08	    1.29301e-08	   -3.22518e-09	   -3.23026e-09	    4.19505e-08	    4.21262e-08	    5.06293e-09	    5.06683e-09	    5.08297e-09
    2.57159e+00	    1.67245e+00	    1.71817e-09	    1.72453e-09	    1.13557e-08	    1.13705e-08	    1.14022e-08	   -2.85969e-09	   -2.86432e-09	    3.64824e-08	    3.66326e-08	    4.41739e-09	    4.42069e-09	    4.43460e-09
    2.59945e+00	    1.67245e+00	    1.47809e-09	    1.48348e-09	    9.98218e-09	    9.99487e-09	    1.00225e-08	   -2.52632e-09	   -2.53051e-09	    3.16227e-08	    3.17507e-08	    3.84140e-09	    3.84418e-09	    3.85613e-09
    2.62784e+00	    1.67245e+00	    1.26711e-09	    1.27165e-09	    8.74562e-09	    8.75641e-09	    8.78035e-09	   -2.22344e-09	   -2.22719e-09	    2.73174e-08	    2.74261e-08	    3.32910e-09	    3.33145e-09	    3.34166e-09
    2.65677e+00	    1.67245e+00	    1.08232e-09	    1.08614e-09	    7.63595e-09	    7.64509e-09	    7.66576e-09	   -1.94933e-09	   -1.95268e-09	    2.35158e-08	    2.36077e-08	    2.87497e-09	    2.87694e-09	    2.88564e-09
    2.68627e+00	    1.67245e+00	    9.21044e-10	    9.24237e-10	    6.64347e-09	    6.65117e-09	    6.66897e-09	   -1.70226e-09	   -1.70523e-09	    2.01701e-08	    2.02475e-08	    2.47378e-09	    2.47541e-09	    2.48280e-09
    2.71635e+00	    1.67245e+00	    7.80788e-10	    7.83449e-10	    5.75887e-09	    5.76534e-09	    5.78059e-09	   -1.48047e-09	   -1.48309e-09	    1.72361e-08	    1.73010e-08	    2.12059e-09	    2.12195e-09	    2.12819e-09
    2.74703e+00	    1.67245e+00	    6.59269e-10	    6.61477e-10	    4.97322e-09	    4.97863e-09	    4.99165e-09	   -1.28222e-09	   -1.28451e-09	    1.46722e-08	    1.47265e-08	    1.81080e-09	    1.81193e-09	    1.81718e-09
    2.77832e+00	    1.67245e+00	    5.54386e-10	    5.56210e-10	    4.27802e-09	    4.28253e-09	    4.29359e-09	   -1.10576e-09	   -1.10775e-09	    1.24402e-08	    1.24853e-08	    1.54010e-09	    1.54102e-09	    1.54542e-09
    2.81025e+00	    1.67245e+00	    4.64221e-10	    4.65721e-10	    3.66520e-09	    3.66894e-09	    3.67830e-09	   -9.49375e-10	   -9.51097e-10	    1.05044e-08	    1.05418e-08	    1.30446e-09	    1.30522e-09	    1.30889e-09
    2.84283e+00	    1.67245e+00	    3.87025e-10	    3.88253e-10	    3.12711e-09	    3.13019e-09	    3.13807e-09	   -8.11415e-10	   -8.12894e-10	    8.83235e-09	    8.86316e-09	    1.10017e-09	    1.10079e-09	    1.10384e-09
    2.87610e+00	    1.67245e+00	    3.21213e-10	    3.22213e-10	    2.65655e-09	    2.65908e-09	    2.66569e-09	   -6.90264e-10	   -6.91527e-10	    7.39392e-09	    7.41920e-09	    9.23790e-10	    9.24293e-10	    9.26812e-10
    2.91007e+00	    1.67245e+00	    2.65350e-10	    2.66161e-10	    2.24677e-09	    2.24884e-09	    2.25435e-09	   -5.84377e-10	   -5.85449e-10	    6.16174e-09	    6.18239e-09	    7.72158e-10	    7.72564e-10	    7.74636e-10
    2.94476e+00	    1.67245e+00	    2.18148e-10	    2.18801e-10	    1.89146e-09	    1.89315e-09	    1.89772e-09	   -4.92281e-10	   -4.93184e-10	    5.11087e-09	    5.12764e-09	    6.42378e-10	    6.42705e-10	    6.44400e-10
    2.98020e+00	    1.67245e+00	    1.78449e-10	    1.78973e-10	    1.58477e-09	    1.58614e-09	    1.58991e-09	   -4.12577e-10	   -4.13334e-10	    4.21869e-09	    4.23225e-09	    5.31810e-10	    5.32072e-10	    5.33451e-10
    3.01641e+00	    1.67245e+00	    1.45223e-10	    1.45641e-10	    1.32128e-09	    1.32238e-09	    1.32547e-09	   -3.43954e-10	   -3.44583e-10	    3.46481e-09	    3.47571e-09	    4.38056e-10	    4.38264e-10	    4.39380e-10
    3.05343e+00	    1.67245e+00	    1.17553e-10	    1.17885e-10	    1.09598e-09	    1.09686e-09	    1.09939e-09	   -2.85182e-10	   -2.85702e-10	    2.83088e-09	    2.83959e-09	    3.58949e-10	    3.59113e-10	    3.60011e-10
    3.09127e+00	    1.67245e+00	    9.46302e-11	    9.48914e-11	    9.04295e-10	    9.04994e-10	    9.07049e-10	   -2.35122e-10	   -2.35549e-10	    2.30050e-09	    2.30743e-09	    2.92539e-10	    2.92668e-10	    2.93387e-10
    3.12997e+00	    1.67245e+00	    7.57418e-11	    7.59465e-11	    7.42056e-10	    7.42609e-10	    7.44267e-10	   -1.92721e-10	   -1.93069e-10	    1.85909e-09	    1.86456e-09	    2.37082e-10	    2.37183e-10	    2.37755e-10
    3.16956e+00	    1.67245e+00	    6.02644e-11	    6.04238e-11	    6.05471e-10	    6.05905e-10	    6.07235e-10	   -1.57017e-10	   -1.57299e-10	    1.49370e-09	    1.49799e-09	    1.91025e-10	    1.91103e-10	    1.91555e-10
    3.21007e+00	    1.67245e+00	    4.76553e-11	    4.77786e-11	    4.91120e-10	    4.91460e-10	    4.92520e-10	   -1.27131e-10	   -1.27357e-10	    1.19294e-09	    1.19629e-09	    1.52989e-10	    1.53050e-10	    1.53405e-10
    3.25153e+00	    1.67245e+00	    3.74445e-11	    3.75392e-11	    3.95936e-10	    3.96199e-10	    3.97038e-10	   -1.02270e-10	   -1.02451e-10	    9.46827e-10	    9.49425e-10	    1.21764e-10	    1.21810e-10	    1.22087e-10
    3.29398e+00	    1.67245e+00	    2.92272e-11	    2.92994e-11	    3.17178e-10	    3.17381e-10	    3.18041e-10	   -8.17218e-11	   -8.18649e-11	    7.46647e-10	    7.48646e-10	    9.62843e-11	    9.63195e-11	    9.65338e-11
    3.33746e+00	    1.67245e+00	    2.26568e-11	    2.27114e-11	    2.52415e-10	    2.52571e-10	    2.53086e-10	   -6.48507e-11	   -6.49630e-11	    5.84851e-10	    5.86379e-10	    7.56253e-11	    7.56519e-11	    7.58166e-11
    3.38201e+00	    1.67245e+00	    1.74384e-11	    1.74795e-11	    1.99504e-10	    1.99622e-10	    2.00021e-10	   -5.10935e-11	   -5.11810e-11	    4.54933e-10	    4.56092e-10	    5.89846e-11	    5.90046e-11	    5.91303e-11
    3.42766e+00	    1.67245e+00	    1.33227e-11	    1.33533e-11	    1.56565e-10	    1.56654e-10	    1.56961e-10	   -3.99553e-11	   -4.00229e-11	    3.51320e-10	    3.52192e-10	    4.56722e-11	    4.56871e-11	    4.57823e-11
    3.47445e+00	    1.67245e+00	    1.01001e-11	    1.01228e-11	    1.21961e-10	    1.22027e-10	    1.22261e-10	   -3.10040e-11	   -3.10558e-11	    2.69269e-10	    2.69921e-10	    3.50980e-11	    3.51089e-11	    3.51805e-11
    3.52245e+00	    1.67245e+00	    7.59589e-12	    7.61250e-12	    9.42752e-11	    9.43244e-11	    9.45016e-11	   -2.38652e-11	   -2.39045e-11	    2.04770e-10	    2.05252e-10	    2.67606e-11	    2.67686e-11	    2.68219e-11
    3.57168e+00	    1.67245e+00	    5.66507e-12	    5.67715e-12	    7.22921e-11	    7.23283e-11	    7.24612e-11	   -1.82171e-11	   -1.82466e-11	    1.54456e-10	    1.54810e-10	    2.02374e-11	    2.02432e-11	    2.02826e-11
    3.62220e+00	    1.67245e+00	    4.18851e-12	    4.19720e-12	    5.49738e-11	    5.50001e-11	    5.50989e-11	   -1.37852e-11	   -1.38072e-11	    1.15519e-10	    1.15776e-10	    1.51745e-11	    1.51787e-11	    1.52075e-11
    3.67407e+00	    1.67245e+00	    3.06890e-12	    3.07510e-12	    4.14418e-11	    4.14608e-11	    4.15336e-11	   -1.03375e-11	   -1.03537e-11	    8.56363e-11	    8.58220e-11	    1.12776e-11	    1.12806e-11	    1.13015e-11
    3.72735e+00	    1.67245e+00	    2.22747e-12	    2.23185e-12	    3.09585e-11	    3.09721e-11	    3.10252e-11	   -7.67938e-12	   -7.69121e-12	    6.29010e-11	    6.30335e-11	    8.30428e-12	    8.30637e-12	    8.32136e-12
    3.78207e+00	    1.67245e+00	    1.60093e-12	    1.60399e-12	    2.29092e-11	    2.29188e-11	    2.29571e-11	   -5.64901e-12	   -5.65755e-12	    4.57592e-11	    4.58528e-11	    6.05614e-12	    6.05760e-12	    6.06825e-12
    3.83833e+00	    1.67245e+00	    1.13888e-12	    1.14099e-12	    1.67860e-11	    1.67927e-11	    1.68201e-11	   -4.11313e-12	   -4.11923e-12	    3.29563e-11	    3.30218e-11	    4.37237e-12	    4.37338e-12	    4.38087e-12
    3.89616e+00	    1.67245e+00	    8.01557e-13	    8.03003e-13	    1.21731e-11	    1.21778e-11	    1.21971e-11	   -2.96303e-12	   -2.96733e-12	    2.34880e-11	    2.35333e-11	    3.12373e-12	    3.12441e-12	    3.12962e-12
    3.95566e+00	    1.67245e+00	    5.57874e-13	    5.58850e-13	    8.73322e-12	    8.73640e-12	    8.74993e-12	   -2.11087e-12	   -2.11387e-12	    1.65576e-11	    1.65885e-11	    2.20729e-12	    2.20775e-12	    2.21133e-12
    4.01689e+00	    1.67245e+00	    3.83762e-13	    3.84414e-13	    6.19512e-12	    6.19726e-12	    6.20660e-12	   -1.48638e-12	   -1.48845e-12	    1.15392e-11	    1.15601e-11	    1.54191e-12	    1.54222e-12	    1.54465e-12
    4.07992e+00	    1.67245e+00	    2.60785e-13	    2.61214e-13	    4.34311e-12	    4.34454e-12	    4.35091e-12	   -1.03399e-12	   -1.03539e-12	    7.94604e-12	    7.95995e-12	    1.06425e-12	    1.06445e-12	    1.06608e-12
    4.14485e+00	    1.67245e+00	    1.74964e-13	    1.75243e-13	    3.00738e-12	    3.00832e-12	    3.01261e-12	   -7.10195e-13	   -7.11136e-13	    5.40357e-12	    5.41272e-12	    7.25390e-13	    7.25521e-13	    7.26597e-13
    4.21176e+00	    1.67245e+00	    1.15825e-13	    1.16003e-13	    2.05568e-12	    2.05629e-12	    2.05914e-12	   -4.81343e-13	   -4.81965e-13	    3.62665e-12	    3.63259e-12	    4.87956e-13	    4.88040e-13	    4.88742e-13
    4.28075e+00	    1.67245e+00	    7.56066e-14	    7.57194e-14	    1.38622e-12	    1.38661e-12	    1.38847e-12	   -3.21718e-13	   -3.22123e-13	    2.40078e-12	    2.40458e-12	    3.23741e-13	    3.23794e-13	    3.24245e-13
    4.35191e+00	    1.67245e+00	    4.86328e-14	    4.87029e-14	    9.21563e-13	    9.21810e-13	    9.23009e-13	   -2.11907e-13	   -2.12167e-13	    1.56648e-12	    1.56888e-12	    2.11704e-13	    2.11737e-13	    2.12022e-13
    4.42535e+00	    1.67245e+00	    3.08030e-14	    3.08459e-14	    6.03572e-13	    6.03726e-13	    6.04487e-13	   -1.37453e-13	   -1.37617e-13	    1.00674e-12	    1.00822e-12	    1.36353e-13	    1.36372e-13	    1.36551e-13
    4.50119e+00	    1.67245e+00	    1.91962e-14	    1.92220e-14	    3.89148e-13	    3.89241e-13	    3.89716e-13	   -8.77349e-14	   -8.78364e-14	    6.36778e-13	    6.37683e-13	    8.64305e-14	    8.64424e-14	    8.65515e-14
    4.57954e+00	    1.67245e+00	    1.17608e-14	    1.17761e-14	    2.46791e-13	    2.46847e-13	    2.47138e-13	   -5.50607e-14	   -5.51225e-14	    3.96085e-13	    3.96627e-13	    5.38747e-14	    5.38817e-14	    5.39474e-14
    4.66054e+00	    1.67245e+00	    7.07740e-15	    7.08624e-15	    1.53814e-13	    1.53847e-13	    1.54023e-13	   -3.39457e-14	   -3.39826e-14	    2.42068e-13	    2.42386e-13	    3.29941e-14	    3.29982e-14	    3.30370e-14
    4.74432e+00	    1.67245e+00	    4.17940e-15	    4.18443e-15	    9.41273e-14	    9.41464e-14	    9.42499e-14	   -2.05397e-14	   -2.05614e-14	    1.45220e-13	    1.45403e-13	    1.98343e-14	    1.98366e-14	    1.98591e-14
    4.83103e+00	    1.67245e+00	    2.41946e-15	    2.42226e-15	    5.65008e-14	    5.65115e-14	    5.65715e-14	   -1.21853e-14	   -1.21977e-14	    8.54319e-14	    8.55357e-14	    1.16920e-14	    1.16932e-14	    1.17060e-14
    4.92084e+00	    1.67245e+00	    1.37156e-15	    1.37308e-15	    3.32315e-14	    3.32375e-14	    3.32714e-14	   -7.08019e-15	   -7.08716e-15	    4.92326e-14	    4.92900e-14	    6.75123e-15	    6.75193e-15	    6.75902e-15
    5.01391e+00	    1.67245e+00	    7.60492e-16	    7.61303e-16	    1.91296e-14	    1.91328e-14	    1.91517e-14	   -4.02455e-15	   -4.02837e-15	    2.77602e-14	    2.77912e-14	    3.81418e-15	    3.81455e-15	    3.81840e-15
    5.11042e+00	    1.67245e+00	    4.11922e-16	    4.12343e-16	    1.07644e-14	    1.07661e-14	    1.07762e-14	   -2.23519e-15	   -2.23724e-15	    1.52964e-14	    1.53127e-14	    2.10573e-15	    2.10592e-15	    2.10796e-15
    5.21058e+00	    1.67245e+00	    2.17665e-16	    2.17878e-16	    5.91317e-15	    5.91405e-15	    5.91942e-15	   -1.21131e-15	   -1.21238e-15	    8.22564e-15	    8.23406e-15	    1.13450e-15	    1.13460e-15	    1.13565e-15
    5.31459e+00	    1.67245e+00	    1.12042e-16	    1.12147e-16	    3.16652e-15	    3.16696e-15	    3.16971e-15	   -6.39614e-16	   -6.40155e-16	    4.31062e-15	    4.31484e-15	    5.95637e-16	    5.95685e-16	    5.96216e-16
    5.42269e+00	    1.67245e+00	    5.60934e-17	    5.61436e-17	    1.65045e-15	    1.65066e-15	    1.65204e-15	   -3.28564e-16	   -3.28832e-16	    2.19798e-15	    2.20003e-15	    3.04268e-16	    3.04291e-16	    3.04551e-16
    5.53513e+00	    1.67245e+00	    2.72672e-17	    2.72905e-17	    8.35904e-16	    8.36005e-16	    8.36672e-16	   -1.63921e-16	   -1.64049e-16	    1.08864e-15	    1.08961e-15	    1.50973e-16	    1.50983e-16	    1.51106e-16
    5.65217e+00	    1.67245e+00	    1.28460e-17	    1.28565e-17	    4.10637e-16	    4.10683e-16	    4.10996e-16	   -7.92804e-17	   -7.93396e-17	    5.22801e-16	    5.23244e-16	    7.26295e-17	    7.26342e-17	    7.26907e-17
    5.77410e+00	    1.67245e+00	    5.85366e-18	    5.85819e-18	    1.95278e-16	    1.95299e-16	    1.95441e-16	   -3.70985e-17	   -3.71250e-17	    2.42949e-16	    2.43144e-16	    3.38096e-17	    3.38117e-17	    3.38368e-17
    5.90125e+00	    1.67245e+00	    2.57439e-18	    2.57629e-18	    8.97055e-17	    8.97143e-17	    8.97764e-17	   -1.67599e-17	   -1.67713e-17	    1.09015e-16	    1.09098e-16	    1.51966e-17	    1.51974e-17	    1.52082e-17
    6.03396e+00	    1.67245e+00	    1.09014e-18	    1.09091e-18	    3.97140e-17	    3.97175e-17	    3.97437e-17	   -7.29280e-18	   -7.29754e-18	    4.71228e-17	    4.71570e-17	    6.57980e-18	    6.58014e-18	    6.58456e-18
    6.17261e+00	    1.67245e+00	    4.43339e-19	    4.43633e-19	    1.69015e-17	    1.69029e-17	    1.69135e-17	   -3.04870e-18	   -3.05059e-18	    1.95723e-17	    1.95858e-17	    2.73735e-18	    2.73748e-18	    2.73922e-18
    6.31760e+00	    1.67245e+00	    1.72667e-19	    1.72775e-19	    6.89545e-18	    6.89598e-18	    6.90008e-18	   -1.22101e-18	   -1.22173e-18	    7.78945e-18	    7.79452e-18	    1.09115e-18	    1.09120e-18	    1.09186e-18
    6.46939e+00	    1.67245e+00	    6.42044e-20	    6.42425e-20	    2.68867e-18	    2.68886e-18	    2.69038e-18	   -4.67073e-19	   -4.67333e-19	    2.96139e-18	    2.96321e-18	    4.15481e-19	    4.15498e-19	    4.15735e-19
    6.62847e+00	    1.67245e+00	    2.27162e-20	    2.27289e-20	    9.98631e-19	    9.98696e-19	    9.99227e-19	   -1.70079e-19	   -1.70169e-19	    1.07190e-18	    1.07252e-18	    1.50615e-19	    1.50621e-19	    1.50702e-19
    6.79539e+00	    1.67245e+00	    7.61915e-21	    7.62315e-21	    3.52025e-19	    3.52046e-19	    3.52223e-19	   -5.87376e-20	   -5.87668e-20	    3.68025e-19	    3.68225e-19	    5.17892e-20	    5.17910e-20	    5.18173e-20
    6.97073e+00	    1.67245e+00	    2.41268e-21	    2.41387e-21	    1.17298e-19	    1.17304e-19	    1.17360e-19	   -1.91609e-20	   -1.91699e-20	    1.19372e-19	    1.19432e-19	    1.68226e-20	    1.68232e-20	    1.68312e-20
    7.15517e+00	    1.67245e+00	    7.18042e-22	    7.18375e-22	    3.67807e-20	    3.67825e-20	    3.67988e-20	   -5.87759e-21	   -5.88019e-21	    3.64145e-20	    3.64319e-20	    5.13906e-21	    5.13921e-21	    5.14152e-21
    7.34943e+00	    1.67245e+00	    1.99840e-22	    1.99927e-22	    1.07998e-20	    1.08003e-20	    1.08048e-20	   -1.68697e-21	   -1.68767e-21	    1.03953e-20	    1.04000e-20	    1.46909e-21	    1.46913e-21	    1.46975e-21
    7.55432e+00	    1.67245e+00	    5.17228e-23	    5.17438e-23	    2.95321e-21	    2.95333e-21	    2.95448e-21	   -4.50547e-22	   -4.50723e-22	    2.76179e-21	    2.76294e-21	    3.90829e-22	    3.90839e-22	    3.90993e-22
    7.77076e+00	    1.67245e+00	    1.23726e-23	    1.23773e-23	    7.47489e-22	    7.47517e-22	    7.47789e-22	   -1.11283e-22	   -1.11324e-22	    6.78681e-22	    6.78945e-22	    9.61685e-23	    9.61705e-23	    9.62059e-23
    7.99974e+00	    1.67245e+00	    2.71662e-24	    2.71758e-24	    1.73937e-22	    1.73943e-22	    1.74002e-22	   -2.52465e-23	   -2.52550e-23	    1.53210e-22	    1.53266e-22	    2.17375e-23	    2.17379e-23	    2.17454e-23
    8.24239e+00	    1.67245e+00	    5.43371e-25	    5.43550e-25	    3.69326e-23	    3.69338e-23	    3.69455e-23	   -5.22137e-24	   -5.22304e-24	    3.15350e-23	    3.15457e-23	    4.47974e-24	    4.47982e-24	    4.48126e-24
    8.50000e+00	    1.67245e+00	    9.81156e-26	    9.81458e-26	    7.09211e-24	    7.09230e-24	    7.09441e-24	   -9.75628e-25	   -9.75919e-25	    5.86506e-24	    5.86691e-24	    8.34172e-25	    8.34186e-25	    8.34436e-25