# mc-number	             name	     mass	    width	deg	Qb	Qs	Qc	Qbot	isospin	charge	decays	   Nyield
#      3122	           Lambda	  1.11568	0.00000e+00	2	1	 -1	0	0	0	  0	  1	1.91251e-05
# 1:pbar [GeV]	2:m [GeV]	3:Feq 1	4:Feq 2	5:Fshear 1	6:Fshear 2	7:Fshear 3	8:Fbulk 1	9:Fbulk 2	10:Ftemp 1	11:Ftemp 2	12:Fvel 1	13:Fvel 2	14:Fvel 3
    3.62517e-03	    1.11568e+00	    6.63298e-06	    7.64876e-06	    1.01417e-10	    9.20106e-07	    1.18129e-10	    8.58401e-06	    1.05291e-05	    6.35603e-05	    7.47880e-05	    2.58230e-08	    1.36014e-04	    2.99461e-08
    7.25044e-03	    1.11568e+00	    1.32644e-05	    1.52957e-05	    8.11258e-10	    1.84059e-06	    9.44942e-10	    1.71653e-05	    2.10548e-05	    1.27107e-04	    1.49560e-04	    1.03281e-07	    1.36072e-04	    1.19771e-07
    1.08759e-02	    1.11568e+00	    1.98927e-05	    2.29389e-05	    2.73757e-09	    2.76185e-06	    3.18867e-09	    2.57410e-05	    3.15737e-05	    1.90627e-04	    2.24299e-04	    2.32342e-07	    1.36171e-04	    2.69437e-07
    1.45016e-02	    1.11568e+00	    2.65163e-05	    3.05766e-05	    6.48763e-09	    3.68424e-06	    7.55662e-09	    3.43084e-05	    4.20824e-05	    2.54107e-04	    2.98989e-04	    4.12950e-07	    1.36308e-04	    4.78878e-07
    1.81278e-02	    1.11568e+00	    3.31337e-05	    3.82069e-05	    1.26676e-08	    4.60816e-06	    1.47547e-08	    4.28648e-05	    5.25775e-05	    3.17533e-04	    3.73613e-04	    6.45031e-07	    1.36484e-04	    7.48003e-07
    2.17544e-02	    1.11568e+00	    3.97433e-05	    4.58280e-05	    2.18820e-08	    5.53399e-06	    2.54872e-08	    5.14075e-05	    6.30557e-05	    3.80891e-04	    4.48157e-04	    9.28484e-07	    1.36700e-04	    1.07670e-06
    2.53815e-02	    1.11568e+00	    4.63435e-05	    5.34381e-05	    3.47337e-08	    6.46209e-06	    4.04557e-08	    5.99335e-05	    7.35135e-05	    4.44169e-04	    5.22602e-04	    1.26319e-06	    1.36954e-04	    1.46481e-06
    2.90094e-02	    1.11568e+00	    5.29328e-05	    6.10353e-05	    5.18230e-08	    7.39285e-06	    6.03596e-08	    6.84403e-05	    8.39477e-05	    5.07354e-04	    5.96933e-04	    1.64901e-06	    1.37248e-04	    1.91219e-06
    3.26380e-02	    1.11568e+00	    5.95096e-05	    6.86178e-05	    7.37477e-08	    8.32664e-06	    8.58946e-08	    7.69252e-05	    9.43547e-05	    5.70431e-04	    6.71133e-04	    2.08578e-06	    1.37579e-04	    2.41863e-06
    3.62674e-02	    1.11568e+00	    6.60725e-05	    7.61837e-05	    1.01103e-07	    9.26383e-06	    1.17753e-07	    8.53852e-05	    1.04731e-04	    6.33387e-04	    7.45187e-04	    2.57331e-06	    1.37950e-04	    2.98391e-06
    3.98979e-02	    1.11568e+00	    7.26198e-05	    8.37313e-05	    1.34479e-07	    1.02048e-05	    1.56623e-07	    9.38179e-05	    1.15074e-04	    6.96209e-04	    8.19078e-04	    3.11140e-06	    1.38358e-04	    3.60778e-06
    4.35293e-02	    1.11568e+00	    7.91500e-05	    9.12587e-05	    1.74464e-07	    1.11499e-05	    2.03189e-07	    1.02220e-04	    1.25380e-04	    7.58884e-04	    8.92790e-04	    3.69982e-06	    1.38805e-04	    4.28998e-06
    4.71619e-02	    1.11568e+00	    8.56616e-05	    9.87641e-05	    2.21642e-07	    1.20994e-05	    2.58129e-07	    1.10590e-04	    1.35646e-04	    8.21399e-04	    9.66307e-04	    4.33831e-06	    1.39290e-04	    5.03021e-06
    5.07958e-02	    1.11568e+00	    9.21531e-05	    1.06246e-04	    2.76591e-07	    1.30539e-05	    3.22116e-07	    1.18924e-04	    1.45867e-04	    8.83740e-04	    1.03961e-03	    5.02662e-06	    1.39812e-04	    5.82815e-06
    5.44310e-02	    1.11568e+00	    9.86228e-05	    1.13702e-04	    3.39885e-07	    1.40135e-05	    3.95818e-07	    1.27220e-04	    1.56042e-04	    9.45894e-04	    1.11269e-03	    5.76445e-06	    1.40372e-04	    6.68345e-06
    5.80676e-02	    1.11568e+00	    1.05069e-04	    1.21130e-04	    4.12092e-07	    1.49787e-05	    4.79896e-07	    1.35475e-04	    1.66167e-04	    1.00785e-03	    1.18553e-03	    6.55148e-06	    1.40969e-04	    7.59574e-06
    6.17058e-02	    1.11568e+00	    1.11491e-04	    1.28530e-04	    4.93777e-07	    1.59498e-05	    5.75004e-07	    1.43687e-04	    1.76238e-04	    1.06959e-03	    1.25811e-03	    7.38738e-06	    1.41602e-04	    8.56462e-06
    6.53456e-02	    1.11568e+00	    1.17887e-04	    1.35899e-04	    5.85495e-07	    1.69271e-05	    6.81789e-07	    1.51853e-04	    1.86252e-04	    1.13110e-03	    1.33041e-03	    8.27180e-06	    1.42273e-04	    9.58967e-06
    6.89871e-02	    1.11568e+00	    1.24255e-04	    1.43234e-04	    6.87798e-07	    1.79110e-05	    8.00892e-07	    1.59969e-04	    1.96207e-04	    1.19238e-03	    1.40242e-03	    9.20436e-06	    1.42979e-04	    1.06704e-05
    7.26304e-02	    1.11568e+00	    1.30594e-04	    1.50541e-04	    8.01229e-07	    1.89017e-05	    9.32943e-07	    1.68035e-04	    2.06105e-04	    1.25340e-03	    1.47417e-03	    1.01847e-05	    1.43721e-04	    1.18065e-05
    7.62757e-02	    1.11568e+00	    1.36902e-04	    1.57801e-04	    9.26325e-07	    1.98997e-05	    1.07857e-06	    1.76047e-04	    2.15924e-04	    1.31416e-03	    1.54551e-03	    1.12123e-05	    1.44499e-04	    1.29972e-05
    7.99230e-02	    1.11568e+00	    1.43178e-04	    1.65028e-04	    1.06362e-06	    2.09053e-05	    1.23837e-06	    1.84002e-04	    2.25680e-04	    1.37464e-03	    1.61656e-03	    1.22868e-05	    1.45311e-04	    1.42422e-05
    8.35723e-02	    1.11568e+00	    1.49420e-04	    1.72216e-04	    1.21362e-06	    2.19187e-05	    1.41297e-06	    1.91899e-04	    2.35364e-04	    1.43483e-03	    1.68725e-03	    1.34078e-05	    1.46159e-04	    1.55410e-05
    8.72239e-02	    1.11568e+00	    1.55627e-04	    1.79362e-04	    1.37686e-06	    2.29402e-05	    1.60296e-06	    1.99734e-04	    2.44972e-04	    1.49472e-03	    1.75758e-03	    1.45747e-05	    1.47040e-04	    1.68928e-05
    9.08778e-02	    1.11568e+00	    1.61798e-04	    1.86465e-04	    1.55383e-06	    2.39702e-05	    1.80891e-06	    2.07506e-04	    2.54502e-04	    1.55429e-03	    1.82752e-03	    1.57871e-05	    1.47955e-04	    1.82971e-05
    9.45342e-02	    1.11568e+00	    1.67931e-04	    1.93524e-04	    1.74503e-06	    2.50089e-05	    2.03142e-06	    2.15211e-04	    2.63950e-04	    1.61354e-03	    1.89707e-03	    1.70444e-05	    1.48904e-04	    1.97534e-05
    9.81930e-02	    1.11568e+00	    1.74024e-04	    2.00536e-04	    1.95095e-06	    2.60566e-05	    2.27103e-06	    2.22847e-04	    2.73314e-04	    1.67244e-03	    1.96620e-03	    1.83461e-05	    1.49886e-04	    2.12610e-05
    1.01854e-01	    1.11568e+00	    1.80077e-04	    2.07499e-04	    2.17207e-06	    2.71136e-05	    2.52830e-06	    2.30413e-04	    2.82590e-04	    1.73099e-03	    2.03490e-03	    1.96916e-05	    1.50899e-04	    2.28192e-05
    1.05519e-01	    1.11568e+00	    1.86087e-04	    2.14413e-04	    2.40885e-06	    2.81801e-05	    2.80377e-06	    2.37904e-04	    2.91776e-04	    1.78917e-03	    2.10316e-03	    2.10805e-05	    1.51945e-04	    2.44273e-05
    1.09185e-01	    1.11568e+00	    1.92054e-04	    2.21276e-04	    2.66174e-06	    2.92565e-05	    3.09797e-06	    2.45320e-04	    3.00869e-04	    1.84698e-03	    2.17096e-03	    2.25120e-05	    1.53022e-04	    2.60847e-05
    1.12855e-01	    1.11568e+00	    1.97976e-04	    2.28085e-04	    2.93121e-06	    3.03429e-05	    3.41142e-06	    2.52658e-04	    3.09866e-04	    1.90439e-03	    2.23829e-03	    2.39855e-05	    1.54130e-04	    2.77905e-05
    1.16528e-01	    1.11568e+00	    2.03851e-04	    2.34840e-04	    3.21768e-06	    3.14396e-05	    3.74462e-06	    2.59916e-04	    3.18764e-04	    1.96141e-03	    2.30513e-03	    2.55006e-05	    1.55268e-04	    2.95441e-05
    1.20204e-01	    1.11568e+00	    2.09679e-04	    2.41539e-04	    3.52158e-06	    3.25469e-05	    4.09805e-06	    2.67091e-04	    3.27561e-04	    2.01801e-03	    2.37146e-03	    2.70563e-05	    1.56436e-04	    3.13447e-05
    1.23883e-01	    1.11568e+00	    2.15457e-04	    2.48180e-04	    3.84332e-06	    3.36648e-05	    4.47220e-06	    2.74181e-04	    3.36253e-04	    2.07418e-03	    2.43728e-03	    2.86522e-05	    1.57633e-04	    3.31915e-05
    1.27566e-01	    1.11568e+00	    2.21186e-04	    2.54761e-04	    4.18330e-06	    3.47938e-05	    4.86753e-06	    2.81185e-04	    3.44838e-04	    2.12992e-03	    2.50258e-03	    3.02876e-05	    1.58858e-04	    3.50837e-05
    1.31252e-01	    1.11568e+00	    2.26862e-04	    2.61282e-04	    4.54192e-06	    3.59338e-05	    5.28448e-06	    2.88099e-04	    3.53314e-04	    2.18521e-03	    2.56732e-03	    3.19616e-05	    1.60111e-04	    3.70204e-05
    1.34941e-01	    1.11568e+00	    2.32486e-04	    2.67740e-04	    4.91955e-06	    3.70853e-05	    5.72348e-06	    2.94921e-04	    3.61678e-04	    2.24003e-03	    2.63151e-03	    3.36737e-05	    1.61391e-04	    3.90007e-05
    1.38634e-01	    1.11568e+00	    2.38055e-04	    2.74134e-04	    5.31656e-06	    3.82482e-05	    6.18496e-06	    3.01651e-04	    3.69927e-04	    2.29439e-03	    2.69513e-03	    3.54230e-05	    1.62698e-04	    4.10239e-05
    1.42331e-01	    1.11568e+00	    2.43569e-04	    2.80463e-04	    5.73329e-06	    3.94229e-05	    6.66932e-06	    3.08285e-04	    3.78059e-04	    2.34826e-03	    2.75816e-03	    3.72088e-05	    1.64031e-04	    4.30890e-05
    1.46031e-01	    1.11568e+00	    2.49026e-04	    2.86725e-04	    6.17010e-06	    4.06094e-05	    7.17694e-06	    3.14822e-04	    3.86071e-04	    2.40163e-03	    2.82059e-03	    3.90304e-05	    1.65389e-04	    4.51951e-05
    1.49736e-01	    1.11568e+00	    2.54425e-04	    2.92918e-04	    6.62729e-06	    4.18079e-05	    7.70820e-06	    3.21259e-04	    3.93961e-04	    2.45450e-03	    2.88240e-03	    4.08869e-05	    1.66771e-04	    4.73413e-05
    1.53444e-01	    1.11568e+00	    2.59764e-04	    2.99042e-04	    7.10519e-06	    4.30185e-05	    8.26345e-06	    3.27596e-04	    4.01727e-04	    2.50685e-03	    2.94360e-03	    4.27775e-05	    1.68177e-04	    4.95266e-05
    1.57157e-01	    1.11568e+00	    2.65043e-04	    3.05094e-04	    7.60409e-06	    4.42414e-05	    8.84302e-06	    3.33829e-04	    4.09366e-04	    2.55868e-03	    3.00415e-03	    4.47015e-05	    1.69607e-04	    5.17500e-05
    1.60874e-01	    1.11568e+00	    2.70260e-04	    3.11074e-04	    8.12427e-06	    4.54767e-05	    9.44724e-06	    3.39957e-04	    4.16877e-04	    2.60996e-03	    3.06405e-03	    4.66580e-05	    1.71058e-04	    5.40106e-05
    1.64595e-01	    1.11568e+00	    2.75415e-04	    3.16980e-04	    8.66601e-06	    4.67244e-05	    1.00764e-05	    3.45979e-04	    4.24256e-04	    2.66070e-03	    3.12329e-03	    4.86461e-05	    1.72531e-04	    5.63073e-05
    1.68320e-01	    1.11568e+00	    2.80505e-04	    3.22811e-04	    9.22956e-06	    4.79847e-05	    1.07308e-05	    3.51892e-04	    4.31502e-04	    2.71087e-03	    3.18185e-03	    5.06649e-05	    1.74025e-04	    5.86391e-05
    1.72050e-01	    1.11568e+00	    2.85531e-04	    3.28565e-04	    9.81515e-06	    4.92577e-05	    1.14107e-05	    3.57695e-04	    4.38613e-04	    2.76048e-03	    3.23971e-03	    5.27137e-05	    1.75539e-04	    6.10050e-05
    1.75785e-01	    1.11568e+00	    2.90490e-04	    3.34241e-04	    1.04230e-05	    5.05433e-05	    1.21164e-05	    3.63386e-04	    4.45586e-04	    2.80951e-03	    3.29688e-03	    5.47914e-05	    1.77073e-04	    6.34039e-05
    1.79525e-01	    1.11568e+00	    2.95381e-04	    3.39837e-04	    1.10533e-05	    5.18417e-05	    1.28481e-05	    3.68963e-04	    4.52420e-04	    2.85794e-03	    3.35334e-03	    5.68973e-05	    1.78624e-04	    6.58347e-05
    1.83269e-01	    1.11568e+00	    3.00204e-04	    3.45353e-04	    1.17064e-05	    5.31529e-05	    1.36059e-05	    3.74425e-04	    4.59113e-04	    2.90577e-03	    3.40906e-03	    5.90302e-05	    1.80194e-04	    6.82964e-05
    1.87019e-01	    1.11568e+00	    3.04958e-04	    3.50788e-04	    1.23822e-05	    5.44769e-05	    1.43902e-05	    3.79771e-04	    4.65662e-04	    2.95300e-03	    3.46405e-03	    6.11895e-05	    1.81780e-04	    7.07879e-05
    1.90773e-01	    1.11568e+00	    3.09641e-04	    3.56139e-04	    1.30811e-05	    5.58137e-05	    1.52010e-05	    3.84999e-04	    4.72067e-04	    2.99960e-03	    3.51829e-03	    6.33739e-05	    1.83382e-04	    7.33080e-05
    1.94533e-01	    1.11568e+00	    3.14252e-04	    3.61407e-04	    1.38031e-05	    5.71634e-05	    1.60385e-05	    3.90107e-04	    4.78324e-04	    3.04557e-03	    3.57178e-03	    6.55827e-05	    1.84999e-04	    7.58555e-05
    1.98298e-01	    1.11568e+00	    3.18791e-04	    3.66589e-04	    1.45484e-05	    5.85259e-05	    1.69030e-05	    3.95095e-04	    4.84434e-04	    3.09091e-03	    3.62449e-03	    6.78149e-05	    1.86631e-04	    7.84294e-05
    2.02068e-01	    1.11568e+00	    3.23256e-04	    3.71684e-04	    1.53171e-05	    5.99011e-05	    1.77943e-05	    3.99960e-04	    4.90393e-04	    3.13559e-03	    3.67641e-03	    7.00694e-05	    1.88276e-04	    8.10285e-05
    2.05844e-01	    1.11568e+00	    3.27646e-04	    3.76692e-04	    1.61092e-05	    6.12891e-05	    1.87128e-05	    4.04702e-04	    4.96201e-04	    3.17962e-03	    3.72755e-03	    7.23452e-05	    1.89934e-04	    8.36516e-05
    2.09626e-01	    1.11568e+00	    3.31961e-04	    3.81612e-04	    1.69250e-05	    6.26898e-05	    1.96584e-05	    4.09319e-04	    5.01856e-04	    3.22298e-03	    3.77788e-03	    7.46415e-05	    1.91603e-04	    8.62974e-05
    2.13413e-01	    1.11568e+00	    3.36200e-04	    3.86442e-04	    1.77643e-05	    6.41031e-05	    2.06312e-05	    4.13810e-04	    5.07356e-04	    3.26567e-03	    3.82739e-03	    7.69570e-05	    1.93283e-04	    8.89649e-05
    2.17206e-01	    1.11568e+00	    3.40361e-04	    3.91181e-04	    1.86273e-05	    6.55289e-05	    2.16313e-05	    4.18173e-04	    5.12700e-04	    3.30768e-03	    3.87609e-03	    7.92908e-05	    1.94973e-04	    9.16528e-05
    2.21006e-01	    1.11568e+00	    3.44444e-04	    3.95828e-04	    1.95140e-05	    6.69672e-05	    2.26586e-05	    4.22409e-04	    5.17887e-04	    3.34899e-03	    3.92394e-03	    8.16419e-05	    1.96671e-04	    9.43599e-05
    2.24811e-01	    1.11568e+00	    3.48448e-04	    4.00382e-04	    2.04244e-05	    6.84178e-05	    2.37131e-05	    4.26516e-04	    5.22916e-04	    3.38960e-03	    3.97096e-03	    8.40092e-05	    1.98378e-04	    9.70849e-05
    2.28622e-01	    1.11568e+00	    3.52372e-04	    4.04843e-04	    2.13585e-05	    6.98806e-05	    2.47949e-05	    4.30492e-04	    5.27785e-04	    3.42950e-03	    4.01712e-03	    8.63917e-05	    2.00092e-04	    9.98266e-05
    2.32440e-01	    1.11568e+00	    3.56215e-04	    4.09209e-04	    2.23163e-05	    7.13554e-05	    2.59039e-05	    4.34337e-04	    5.32493e-04	    3.46869e-03	    4.06242e-03	    8.87883e-05	    2.01812e-04	    1.02584e-04
    2.36265e-01	    1.11568e+00	    3.59977e-04	    4.13480e-04	    2.32976e-05	    7.28421e-05	    2.70399e-05	    4.38050e-04	    5.37039e-04	    3.50715e-03	    4.10685e-03	    9.11979e-05	    2.03538e-04	    1.05355e-04
    2.40095e-01	    1.11568e+00	    3.63657e-04	    4.17654e-04	    2.43025e-05	    7.43406e-05	    2.82030e-05	    4.41631e-04	    5.41422e-04	    3.54488e-03	    4.15039e-03	    9.36194e-05	    2.05267e-04	    1.08139e-04
    2.43933e-01	    1.11568e+00	    3.67253e-04	    4.21731e-04	    2.53309e-05	    7.58506e-05	    2.93930e-05	    4.45078e-04	    5.45641e-04	    3.58187e-03	    4.19305e-03	    9.60517e-05	    2.07000e-04	    1.10935e-04
    2.47777e-01	    1.11568e+00	    3.70766e-04	    4.25710e-04	    2.63826e-05	    7.73720e-05	    3.06097e-05	    4.48390e-04	    5.49696e-04	    3.61811e-03	    4.23481e-03	    9.84938e-05	    2.08736e-04	    1.13741e-04
    2.51628e-01	    1.11568e+00	    3.74194e-04	    4.29591e-04	    2.74575e-05	    7.89045e-05	    3.18531e-05	    4.51568e-04	    5.53585e-04	    3.65361e-03	    4.27567e-03	    1.00945e-04	    2.10473e-04	    1.16556e-04
    2.55487e-01	    1.11568e+00	    3.77537e-04	    4.33371e-04	    2.85556e-05	    8.04479e-05	    3.31229e-05	    4.54610e-04	    5.57308e-04	    3.68834e-03	    4.31561e-03	    1.03403e-04	    2.12210e-04	    1.19379e-04
    2.59352e-01	    1.11568e+00	    3.80795e-04	    4.37052e-04	    2.96766e-05	    8.20019e-05	    3.44189e-05	    4.57515e-04	    5.60865e-04	    3.72230e-03	    4.35464e-03	    1.05867e-04	    2.13947e-04	    1.22209e-04
    2.63225e-01	    1.11568e+00	    3.83966e-04	    4.40631e-04	    3.08204e-05	    8.35663e-05	    3.57410e-05	    4.60285e-04	    5.64253e-04	    3.75550e-03	    4.39273e-03	    1.08337e-04	    2.15682e-04	    1.25043e-04
    2.67105e-01	    1.11568e+00	    3.87051e-04	    4.44109e-04	    3.19868e-05	    8.51409e-05	    3.70888e-05	    4.62917e-04	    5.67474e-04	    3.78791e-03	    4.42989e-03	    1.10812e-04	    2.17415e-04	    1.27881e-04
    2.70992e-01	    1.11568e+00	    3.90047e-04	    4.47485e-04	    3.31755e-05	    8.67253e-05	    3.84621e-05	    4.65412e-04	    5.70527e-04	    3.81954e-03	    4.46611e-03	    1.13289e-04	    2.19144e-04	    1.30722e-04
    2.74887e-01	    1.11568e+00	    3.92956e-04	    4.50757e-04	    3.43864e-05	    8.83193e-05	    3.98607e-05	    4.67769e-04	    5.73411e-04	    3.85037e-03	    4.50138e-03	    1.15768e-04	    2.20869e-04	    1.33564e-04
    2.78790e-01	    1.11568e+00	    3.95776e-04	    4.53926e-04	    3.56192e-05	    8.99225e-05	    4.12842e-05	    4.69988e-04	    5.76125e-04	    3.88041e-03	    4.53569e-03	    1.18248e-04	    2.22589e-04	    1.36405e-04
    2.82701e-01	    1.11568e+00	    3.98508e-04	    4.56992e-04	    3.68735e-05	    9.15345e-05	    4.27322e-05	    4.72069e-04	    5.78671e-04	    3.90965e-03	    4.56904e-03	    1.20727e-04	    2.24302e-04	    1.39245e-04
    2.86620e-01	    1.11568e+00	    4.01149e-04	    4.59953e-04	    3.81493e-05	    9.31551e-05	    4.42045e-05	    4.74011e-04	    5.81047e-04	    3.93808e-03	    4.60143e-03	    1.23205e-04	    2.26007e-04	    1.42083e-04
    2.90547e-01	    1.11568e+00	    4.03701e-04	    4.62808e-04	    3.94460e-05	    9.47839e-05	    4.57007e-05	    4.75815e-04	    5.83253e-04	    3.96569e-03	    4.63284e-03	    1.25680e-04	    2.27705e-04	    1.44916e-04
    2.94483e-01	    1.11568e+00	    4.06162e-04	    4.65559e-04	    4.07635e-05	    9.64205e-05	    4.72204e-05	    4.77481e-04	    5.85290e-04	    3.99249e-03	    4.66328e-03	    1.28152e-04	    2.29393e-04	    1.47743e-04
    2.98426e-01	    1.11568e+00	    4.08533e-04	    4.68204e-04	    4.21013e-05	    9.80645e-05	    4.87631e-05	    4.79007e-04	    5.87157e-04	    4.01847e-03	    4.69273e-03	    1.30618e-04	    2.31070e-04	    1.50564e-04
    3.02379e-01	    1.11568e+00	    4.10813e-04	    4.70742e-04	    4.34591e-05	    9.97156e-05	    5.03284e-05	    4.80396e-04	    5.88855e-04	    4.04362e-03	    4.72119e-03	    1.33079e-04	    2.32737e-04	    1.53376e-04
    3.06340e-01	    1.11568e+00	    4.13001e-04	    4.73174e-04	    4.48366e-05	    1.01373e-04	    5.19159e-05	    4.81646e-04	    5.90383e-04	    4.06794e-03	    4.74866e-03	    1.35532e-04	    2.34390e-04	    1.56179e-04
    3.10309e-01	    1.11568e+00	    4.15098e-04	    4.75500e-04	    4.62333e-05	    1.03037e-04	    5.35250e-05	    4.82758e-04	    5.91743e-04	    4.09143e-03	    4.77514e-03	    1.37977e-04	    2.36031e-04	    1.58971e-04
    3.14288e-01	    1.11568e+00	    4.17102e-04	    4.77718e-04	    4.76488e-05	    1.04706e-04	    5.51554e-05	    4.83733e-04	    5.92934e-04	    4.11408e-03	    4.80061e-03	    1.40412e-04	    2.37657e-04	    1.61751e-04
    3.18276e-01	    1.11568e+00	    4.19015e-04	    4.79829e-04	    4.90826e-05	    1.06381e-04	    5.68064e-05	    4.84569e-04	    5.93956e-04	    4.13589e-03	    4.82508e-03	    1.42837e-04	    2.39268e-04	    1.64517e-04
    3.22273e-01	    1.11568e+00	    4.20835e-04	    4.81832e-04	    5.05344e-05	    1.08061e-04	    5.84775e-05	    4.85269e-04	    5.94811e-04	    4.15685e-03	    4.84855e-03	    1.45250e-04	    2.40863e-04	    1.67269e-04
    3.26279e-01	    1.11568e+00	    4.22562e-04	    4.83728e-04	    5.20037e-05	    1.09745e-04	    6.01682e-05	    4.85832e-04	    5.95498e-04	    4.17696e-03	    4.87100e-03	    1.47649e-04	    2.42440e-04	    1.70004e-04
    3.30295e-01	    1.11568e+00	    4.24197e-04	    4.85515e-04	    5.34900e-05	    1.11432e-04	    6.18778e-05	    4.86258e-04	    5.96019e-04	    4.19623e-03	    4.89244e-03	    1.50035e-04	    2.44000e-04	    1.72721e-04
    3.34321e-01	    1.11568e+00	    4.25738e-04	    4.87195e-04	    5.49927e-05	    1.13123e-04	    6.36059e-05	    4.86549e-04	    5.96374e-04	    4.21464e-03	    4.91286e-03	    1.52406e-04	    2.45540e-04	    1.75420e-04
    3.38356e-01	    1.11568e+00	    4.27187e-04	    4.88767e-04	    5.65113e-05	    1.14817e-04	    6.53516e-05	    4.86704e-04	    5.96564e-04	    4.23219e-03	    4.93226e-03	    1.54760e-04	    2.47060e-04	    1.78099e-04
    3.42401e-01	    1.11568e+00	    4.28543e-04	    4.90231e-04	    5.80454e-05	    1.16513e-04	    6.71145e-05	    4.86725e-04	    5.96589e-04	    4.24889e-03	    4.95065e-03	    1.57096e-04	    2.48558e-04	    1.80756e-04
    3.46456e-01	    1.11568e+00	    4.29805e-04	    4.91587e-04	    5.95944e-05	    1.18210e-04	    6.88938e-05	    4.86612e-04	    5.96450e-04	    4.26473e-03	    4.96801e-03	    1.59414e-04	    2.50035e-04	    1.83391e-04
    3.50522e-01	    1.11568e+00	    4.30975e-04	    4.92834e-04	    6.11576e-05	    1.19909e-04	    7.06889e-05	    4.86366e-04	    5.96149e-04	    4.27970e-03	    4.98435e-03	    1.61713e-04	    2.51489e-04	    1.86001e-04
    3.54597e-01	    1.11568e+00	    4.32051e-04	    4.93974e-04	    6.27345e-05	    1.21608e-04	    7.24990e-05	    4.85988e-04	    5.95686e-04	    4.29382e-03	    4.99966e-03	    1.63990e-04	    2.52919e-04	    1.88587e-04
    3.58684e-01	    1.11568e+00	    4.33034e-04	    4.95006e-04	    6.43245e-05	    1.23307e-04	    7.43235e-05	    4.85478e-04	    5.95063e-04	    4.30707e-03	    5.01395e-03	    1.66246e-04	    2.54324e-04	    1.91145e-04
    3.62781e-01	    1.11568e+00	    4.33925e-04	    4.95930e-04	    6.59270e-05	    1.25006e-04	    7.61616e-05	    4.84838e-04	    5.94280e-04	    4.31945e-03	    5.02721e-03	    1.68479e-04	    2.55703e-04	    1.93676e-04
    3.66888e-01	    1.11568e+00	    4.34722e-04	    4.96746e-04	    6.75413e-05	    1.26703e-04	    7.80125e-05	    4.84068e-04	    5.93340e-04	    4.33097e-03	    5.03944e-03	    1.70687e-04	    2.57055e-04	    1.96178e-04
    3.71007e-01	    1.11568e+00	    4.35427e-04	    4.97456e-04	    6.91668e-05	    1.28398e-04	    7.98755e-05	    4.83170e-04	    5.92242e-04	    4.34163e-03	    5.05065e-03	    1.72870e-04	    2.58380e-04	    1.98650e-04
    3.75137e-01	    1.11568e+00	    4.36039e-04	    4.98058e-04	    7.08029e-05	    1.30091e-04	    8.17498e-05	    4.82145e-04	    5.90989e-04	    4.35142e-03	    5.06084e-03	    1.75028e-04	    2.59677e-04	    2.01090e-04
    3.79278e-01	    1.11568e+00	    4.36559e-04	    4.98553e-04	    7.24487e-05	    1.31780e-04	    8.36346e-05	    4.80993e-04	    5.89582e-04	    4.36034e-03	    5.07000e-03	    1.77157e-04	    2.60944e-04	    2.03497e-04
    3.83430e-01	    1.11568e+00	    4.36986e-04	    4.98942e-04	    7.41037e-05	    1.33466e-04	    8.55290e-05	    4.79716e-04	    5.88022e-04	    4.36839e-03	    5.07813e-03	    1.79259e-04	    2.62180e-04	    2.05870e-04
    3.87594e-01	    1.11568e+00	    4.37322e-04	    4.99224e-04	    7.57671e-05	    1.35147e-04	    8.74322e-05	    4.78315e-04	    5.86311e-04	    4.37558e-03	    5.08524e-03	    1.81331e-04	    2.63386e-04	    2.08209e-04
    3.91770e-01	    1.11568e+00	    4.37566e-04	    4.99401e-04	    7.74382e-05	    1.36823e-04	    8.93434e-05	    4.76792e-04	    5.84451e-04	    4.38191e-03	    5.09133e-03	    1.83373e-04	    2.64559e-04	    2.10510e-04
    3.95957e-01	    1.11568e+00	    4.37718e-04	    4.99472e-04	    7.91162e-05	    1.38494e-04	    9.12616e-05	    4.75147e-04	    5.82442e-04	    4.38738e-03	    5.09641e-03	    1.85383e-04	    2.65700e-04	    2.12775e-04
    4.00157e-01	    1.11568e+00	    4.37780e-04	    4.99439e-04	    8.08005e-05	    1.40157e-04	    9.31861e-05	    4.73383e-04	    5.80288e-04	    4.39198e-03	    5.10046e-03	    1.87361e-04	    2.66807e-04	    2.15001e-04
    4.04368e-01	    1.11568e+00	    4.37751e-04	    4.99300e-04	    8.24902e-05	    1.41813e-04	    9.51159e-05	    4.71501e-04	    5.77990e-04	    4.39572e-03	    5.10350e-03	    1.89306e-04	    2.67880e-04	    2.17187e-04
    4.08593e-01	    1.11568e+00	    4.37631e-04	    4.99058e-04	    8.41846e-05	    1.43462e-04	    9.70500e-05	    4.69501e-04	    5.75549e-04	    4.39860e-03	    5.10553e-03	    1.91216e-04	    2.68917e-04	    2.19333e-04
    4.12829e-01	    1.11568e+00	    4.37422e-04	    4.98713e-04	    8.58828e-05	    1.45101e-04	    9.89876e-05	    4.67386e-04	    5.72967e-04	    4.40063e-03	    5.10655e-03	    1.93091e-04	    2.69919e-04	    2.21436e-04
    4.17079e-01	    1.11568e+00	    4.37124e-04	    4.98264e-04	    8.75841e-05	    1.46732e-04	    1.00928e-04	    4.65158e-04	    5.70247e-04	    4.40180e-03	    5.10656e-03	    1.94930e-04	    2.70883e-04	    2.23497e-04
    4.21341e-01	    1.11568e+00	    4.36736e-04	    4.97714e-04	    8.92876e-05	    1.48352e-04	    1.02869e-04	    4.62817e-04	    5.67391e-04	    4.40212e-03	    5.10558e-03	    1.96731e-04	    2.71810e-04	    2.25513e-04
    4.25616e-01	    1.11568e+00	    4.36261e-04	    4.97062e-04	    9.09926e-05	    1.49961e-04	    1.04812e-04	    4.60366e-04	    5.64399e-04	    4.40159e-03	    5.10359e-03	    1.98495e-04	    2.72698e-04	    2.27485e-04
    4.29905e-01	    1.11568e+00	    4.35697e-04	    4.96308e-04	    9.26982e-05	    1.51559e-04	    1.06754e-04	    4.57806e-04	    5.61276e-04	    4.40021e-03	    5.10061e-03	    2.00219e-04	    2.73548e-04	    2.29410e-04
    4.34206e-01	    1.11568e+00	    4.35046e-04	    4.95455e-04	    9.44035e-05	    1.53144e-04	    1.08694e-04	    4.55139e-04	    5.58022e-04	    4.39799e-03	    5.09665e-03	    2.01904e-04	    2.74358e-04	    2.31288e-04
    4.38522e-01	    1.11568e+00	    4.34308e-04	    4.94503e-04	    9.61077e-05	    1.54716e-04	    1.10632e-04	    4.52367e-04	    5.54641e-04	    4.39494e-03	    5.09170e-03	    2.03548e-04	    2.75127e-04	    2.33119e-04
    4.42851e-01	    1.11568e+00	    4.33485e-04	    4.93451e-04	    9.78099e-05	    1.56274e-04	    1.12567e-04	    4.49492e-04	    5.51134e-04	    4.39104e-03	    5.08577e-03	    2.05150e-04	    2.75855e-04	    2.34900e-04
    4.47194e-01	    1.11568e+00	    4.32576e-04	    4.92302e-04	    9.95093e-05	    1.57818e-04	    1.14497e-04	    4.46515e-04	    5.47503e-04	    4.38632e-03	    5.07887e-03	    2.06710e-04	    2.76541e-04	    2.36631e-04
    4.51551e-01	    1.11568e+00	    4.31582e-04	    4.91056e-04	    1.01205e-04	    1.59346e-04	    1.16422e-04	    4.43439e-04	    5.43752e-04	    4.38077e-03	    5.07100e-03	    2.08226e-04	    2.77185e-04	    2.38312e-04
    4.55923e-01	    1.11568e+00	    4.30504e-04	    4.89714e-04	    1.02896e-04	    1.60857e-04	    1.18341e-04	    4.40266e-04	    5.39882e-04	    4.37440e-03	    5.06217e-03	    2.09699e-04	    2.77785e-04	    2.39940e-04
    4.60309e-01	    1.11568e+00	    4.29343e-04	    4.88276e-04	    1.04581e-04	    1.62352e-04	    1.20252e-04	    4.36997e-04	    5.35896e-04	    4.36721e-03	    5.05239e-03	    2.11126e-04	    2.78342e-04	    2.41517e-04
    4.64709e-01	    1.11568e+00	    4.28100e-04	    4.86745e-04	    1.06261e-04	    1.63829e-04	    1.22154e-04	    4.33635e-04	    5.31797e-04	    4.35920e-03	    5.04166e-03	    2.12509e-04	    2.78855e-04	    2.43039e-04
    4.69125e-01	    1.11568e+00	    4.26774e-04	    4.85120e-04	    1.07932e-04	    1.65288e-04	    1.24047e-04	    4.30181e-04	    5.27587e-04	    4.35039e-03	    5.02998e-03	    2.13844e-04	    2.79323e-04	    2.44508e-04
    4.73555e-01	    1.11568e+00	    4.25368e-04	    4.83403e-04	    1.09596e-04	    1.66727e-04	    1.25929e-04	    4.26638e-04	    5.23268e-04	    4.34078e-03	    5.01738e-03	    2.15133e-04	    2.79745e-04	    2.45921e-04
    4.78001e-01	    1.11568e+00	    4.23882e-04	    4.81594e-04	    1.11250e-04	    1.68146e-04	    1.27800e-04	    4.23009e-04	    5.18844e-04	    4.33038e-03	    5.00385e-03	    2.16375e-04	    2.80122e-04	    2.47279e-04
    4.82462e-01	    1.11568e+00	    4.22317e-04	    4.79696e-04	    1.12895e-04	    1.69544e-04	    1.29657e-04	    4.19294e-04	    5.14317e-04	    4.31918e-03	    4.98940e-03	    2.17568e-04	    2.80452e-04	    2.48581e-04
    4.86939e-01	    1.11568e+00	    4.20673e-04	    4.77708e-04	    1.14528e-04	    1.70920e-04	    1.31501e-04	    4.15497e-04	    5.09690e-04	    4.30720e-03	    4.97404e-03	    2.18712e-04	    2.80735e-04	    2.49825e-04
    4.91432e-01	    1.11568e+00	    4.18952e-04	    4.75632e-04	    1.16149e-04	    1.72274e-04	    1.33330e-04	    4.11619e-04	    5.04965e-04	    4.29444e-03	    4.95778e-03	    2.19806e-04	    2.80971e-04	    2.51011e-04
    4.95941e-01	    1.11568e+00	    4.17154e-04	    4.73470e-04	    1.17758e-04	    1.73605e-04	    1.35143e-04	    4.07663e-04	    5.00146e-04	    4.28092e-03	    4.94063e-03	    2.20850e-04	    2.81159e-04	    2.52139e-04
    5.00466e-01	    1.11568e+00	    4.15281e-04	    4.71222e-04	    1.19352e-04	    1.74911e-04	    1.36939e-04	    4.03632e-04	    4.95235e-04	    4.26663e-03	    4.92260e-03	    2.21843e-04	    2.81299e-04	    2.53207e-04
    5.05007e-01	    1.11568e+00	    4.13334e-04	    4.68890e-04	    1.20932e-04	    1.76193e-04	    1.38716e-04	    3.99527e-04	    4.90235e-04	    4.25158e-03	    4.90369e-03	    2.22786e-04	    2.81390e-04	    2.54216e-04
    5.09565e-01	    1.11568e+00	    4.11313e-04	    4.66474e-04	    1.22497e-04	    1.77449e-04	    1.40475e-04	    3.95351e-04	    4.85149e-04	    4.23579e-03	    4.88392e-03	    2.23676e-04	    2.81432e-04	    2.55165e-04
    5.14140e-01	    1.11568e+00	    4.09220e-04	    4.63977e-04	    1.24044e-04	    1.78679e-04	    1.42213e-04	    3.91107e-04	    4.79980e-04	    4.21926e-03	    4.86330e-03	    2.24514e-04	    2.81425e-04	    2.56052e-04
    5.18732e-01	    1.11568e+00	    4.07056e-04	    4.61399e-04	    1.25574e-04	    1.79881e-04	    1.43930e-04	    3.86796e-04	    4.74731e-04	    4.20199e-03	    4.84183e-03	    2.25299e-04	    2.81369e-04	    2.56879e-04
    5.23341e-01	    1.11568e+00	    4.04821e-04	    4.58742e-04	    1.27086e-04	    1.81056e-04	    1.45624e-04	    3.82422e-04	    4.69404e-04	    4.18400e-03	    4.81952e-03	    2.26031e-04	    2.81262e-04	    2.57643e-04
    5.27968e-01	    1.11568e+00	    4.02517e-04	    4.56006e-04	    1.28578e-04	    1.82202e-04	    1.47295e-04	    3.77986e-04	    4.64004e-04	    4.16530e-03	    4.79640e-03	    2.26709e-04	    2.81105e-04	    2.58346e-04
    5.32613e-01	    1.11568e+00	    4.00146e-04	    4.53195e-04	    1.30050e-04	    1.83318e-04	    1.48941e-04	    3.73491e-04	    4.58532e-04	    4.14589e-03	    4.77246e-03	    2.27333e-04	    2.80898e-04	    2.58986e-04
    5.37275e-01	    1.11568e+00	    3.97707e-04	    4.50308e-04	    1.31501e-04	    1.84404e-04	    1.50562e-04	    3.68940e-04	    4.52992e-04	    4.12578e-03	    4.74773e-03	    2.27903e-04	    2.80639e-04	    2.59563e-04
    5.41956e-01	    1.11568e+00	    3.95203e-04	    4.47347e-04	    1.32929e-04	    1.85460e-04	    1.52156e-04	    3.64335e-04	    4.47387e-04	    4.10498e-03	    4.72220e-03	    2.28418e-04	    2.80331e-04	    2.60076e-04
    5.46655e-01	    1.11568e+00	    3.92635e-04	    4.44315e-04	    1.34335e-04	    1.86484e-04	    1.53722e-04	    3.59679e-04	    4.41721e-04	    4.08350e-03	    4.69590e-03	    2.28877e-04	    2.79971e-04	    2.60526e-04
    5.51373e-01	    1.11568e+00	    3.90003e-04	    4.41211e-04	    1.35716e-04	    1.87475e-04	    1.55259e-04	    3.54974e-04	    4.35995e-04	    4.06136e-03	    4.66883e-03	    2.29282e-04	    2.79559e-04	    2.60912e-04
    5.56110e-01	    1.11568e+00	    3.87310e-04	    4.38038e-04	    1.37072e-04	    1.88433e-04	    1.56767e-04	    3.50223e-04	    4.30214e-04	    4.03855e-03	    4.64101e-03	    2.29631e-04	    2.79097e-04	    2.61233e-04
    5.60866e-01	    1.11568e+00	    3.84555e-04	    4.34797e-04	    1.38403e-04	    1.89358e-04	    1.58244e-04	    3.45428e-04	    4.24380e-04	    4.01510e-03	    4.61245e-03	    2.29924e-04	    2.78583e-04	    2.61491e-04
    5.65641e-01	    1.11568e+00	    3.81742e-04	    4.31491e-04	    1.39707e-04	    1.90248e-04	    1.59689e-04	    3.40592e-04	    4.18497e-04	    3.99101e-03	    4.58316e-03	    2.30161e-04	    2.78018e-04	    2.61684e-04
    5.70436e-01	    1.11568e+00	    3.78871e-04	    4.28119e-04	    1.40983e-04	    1.91103e-04	    1.61101e-04	    3.35717e-04	    4.12567e-04	    3.96628e-03	    4.55316e-03	    2.30342e-04	    2.77401e-04	    2.61812e-04
    5.75250e-01	    1.11568e+00	    3.75942e-04	    4.24684e-04	    1.42231e-04	    1.91922e-04	    1.62480e-04	    3.30807e-04	    4.06595e-04	    3.94094e-03	    4.52246e-03	    2.30466e-04	    2.76732e-04	    2.61875e-04
    5.80085e-01	    1.11568e+00	    3.72959e-04	    4.21188e-04	    1.43449e-04	    1.92704e-04	    1.63824e-04	    3.25863e-04	    4.00582e-04	    3.91499e-03	    4.49107e-03	    2.30534e-04	    2.76012e-04	    2.61874e-04
    5.84941e-01	    1.11568e+00	    3.69921e-04	    4.17632e-04	    1.44637e-04	    1.93449e-04	    1.65132e-04	    3.20889e-04	    3.94532e-04	    3.88845e-03	    4.45901e-03	    2.30545e-04	    2.75241e-04	    2.61807e-04
    5.89816e-01	    1.11568e+00	    3.66831e-04	    4.14018e-04	    1.45795e-04	    1.94157e-04	    1.66403e-04	    3.15886e-04	    3.88449e-04	    3.86132e-03	    4.42629e-03	    2.30500e-04	    2.74418e-04	    2.61676e-04
    5.94713e-01	    1.11568e+00	    3.63690e-04	    4.10347e-04	    1.46920e-04	    1.94826e-04	    1.67637e-04	    3.10857e-04	    3.82335e-04	    3.83362e-03	    4.39292e-03	    2.30398e-04	    2.73544e-04	    2.61480e-04
    5.99631e-01	    1.11568e+00	    3.60499e-04	    4.06621e-04	    1.48013e-04	    1.95456e-04	    1.68833e-04	    3.05806e-04	    3.76194e-04	    3.80536e-03	    4.35892e-03	    2.30240e-04	    2.72619e-04	    2.61219e-04
    6.04571e-01	    1.11568e+00	    3.57259e-04	    4.02842e-04	    1.49072e-04	    1.96047e-04	    1.69989e-04	    3.00734e-04	    3.70029e-04	    3.77655e-03	    4.32431e-03	    2.30025e-04	    2.71643e-04	    2.60894e-04
    6.09532e-01	    1.11568e+00	    3.53973e-04	    3.99011e-04	    1.50097e-04	    1.96597e-04	    1.71105e-04	    2.95645e-04	    3.63842e-04	    3.74720e-03	    4.28909e-03	    2.29753e-04	    2.70616e-04	    2.60504e-04
    6.14515e-01	    1.11568e+00	    3.50641e-04	    3.95130e-04	    1.51087e-04	    1.97107e-04	    1.72180e-04	    2.90540e-04	    3.57638e-04	    3.71733e-03	    4.25329e-03	    2.29426e-04	    2.69539e-04	    2.60049e-04
    6.19520e-01	    1.11568e+00	    3.47265e-04	    3.91202e-04	    1.52041e-04	    1.97575e-04	    1.73213e-04	    2.85423e-04	    3.51418e-04	    3.68694e-03	    4.21691e-03	    2.29042e-04	    2.68411e-04	    2.59531e-04
    6.24548e-01	    1.11568e+00	    3.43846e-04	    3.87227e-04	    1.52959e-04	    1.98002e-04	    1.74203e-04	    2.80295e-04	    3.45187e-04	    3.65605e-03	    4.17998e-03	    2.28601e-04	    2.67234e-04	    2.58948e-04
    6.29598e-01	    1.11568e+00	    3.40387e-04	    3.83207e-04	    1.53839e-04	    1.98386e-04	    1.75149e-04	    2.75160e-04	    3.38947e-04	    3.62468e-03	    4.14251e-03	    2.28105e-04	    2.66006e-04	    2.58303e-04
    6.34672e-01	    1.11568e+00	    3.36888e-04	    3.79145e-04	    1.54682e-04	    1.98728e-04	    1.76052e-04	    2.70020e-04	    3.32701e-04	    3.59283e-03	    4.10452e-03	    2.27554e-04	    2.64729e-04	    2.57593e-04
    6.39769e-01	    1.11568e+00	    3.33351e-04	    3.75041e-04	    1.55486e-04	    1.99026e-04	    1.76909e-04	    2.64877e-04	    3.26453e-04	    3.56052e-03	    4.06601e-03	    2.26947e-04	    2.63403e-04	    2.56821e-04
    6.44890e-01	    1.11568e+00	    3.29778e-04	    3.70899e-04	    1.56250e-04	    1.99281e-04	    1.77720e-04	    2.59734e-04	    3.20205e-04	    3.52776e-03	    4.02701e-03	    2.26285e-04	    2.62029e-04	    2.55987e-04
    6.50035e-01	    1.11568e+00	    3.26169e-04	    3.66719e-04	    1.56975e-04	    1.99492e-04	    1.78486e-04	    2.54594e-04	    3.13961e-04	    3.49457e-03	    3.98754e-03	    2.25568e-04	    2.60606e-04	    2.55090e-04
    6.55204e-01	    1.11568e+00	    3.22527e-04	    3.62503e-04	    1.57659e-04	    1.99658e-04	    1.79204e-04	    2.49459e-04	    3.07723e-04	    3.46096e-03	    3.94760e-03	    2.24796e-04	    2.59135e-04	    2.54132e-04
    6.60398e-01	    1.11568e+00	    3.18854e-04	    3.58253e-04	    1.58302e-04	    1.99779e-04	    1.79874e-04	    2.44331e-04	    3.01495e-04	    3.42694e-03	    3.90722e-03	    2.23971e-04	    2.57617e-04	    2.53112e-04
    6.65617e-01	    1.11568e+00	    3.15150e-04	    3.53971e-04	    1.58903e-04	    1.99855e-04	    1.80496e-04	    2.39213e-04	    2.95279e-04	    3.39252e-03	    3.86642e-03	    2.23092e-04	    2.56052e-04	    2.52032e-04
    6.70861e-01	    1.11568e+00	    3.11418e-04	    3.49659e-04	    1.59462e-04	    1.99886e-04	    1.81068e-04	    2.34107e-04	    2.89078e-04	    3.35773e-03	    3.82520e-03	    2.22160e-04	    2.54441e-04	    2.50892e-04
    6.76130e-01	    1.11568e+00	    3.07658e-04	    3.45319e-04	    1.59978e-04	    1.99871e-04	    1.81592e-04	    2.29015e-04	    2.82895e-04	    3.32257e-03	    3.78359e-03	    2.21175e-04	    2.52785e-04	    2.49693e-04
    6.81425e-01	    1.11568e+00	    3.03873e-04	    3.40952e-04	    1.60451e-04	    1.99810e-04	    1.82065e-04	    2.23941e-04	    2.76733e-04	    3.28706e-03	    3.74160e-03	    2.20138e-04	    2.51083e-04	    2.48435e-04
    6.86747e-01	    1.11568e+00	    3.00063e-04	    3.36561e-04	    1.60880e-04	    1.99702e-04	    1.82488e-04	    2.18886e-04	    2.70595e-04	    3.25121e-03	    3.69926e-03	    2.19049e-04	    2.49336e-04	    2.47118e-04
    6.92095e-01	    1.11568e+00	    2.96232e-04	    3.32146e-04	    1.61264e-04	    1.99548e-04	    1.82859e-04	    2.13852e-04	    2.64483e-04	    3.21504e-03	    3.65657e-03	    2.17909e-04	    2.47546e-04	    2.45745e-04
    6.97470e-01	    1.11568e+00	    2.92379e-04	    3.27711e-04	    1.61604e-04	    1.99347e-04	    1.83179e-04	    2.08842e-04	    2.58400e-04	    3.17856e-03	    3.61355e-03	    2.16719e-04	    2.45712e-04	    2.44315e-04
    7.02873e-01	    1.11568e+00	    2.88508e-04	    3.23256e-04	    1.61899e-04	    1.99099e-04	    1.83448e-04	    2.03858e-04	    2.52349e-04	    3.14179e-03	    3.57023e-03	    2.15479e-04	    2.43836e-04	    2.42829e-04
    7.08303e-01	    1.11568e+00	    2.84619e-04	    3.18784e-04	    1.62148e-04	    1.98804e-04	    1.83664e-04	    1.98903e-04	    2.46333e-04	    3.10473e-03	    3.52662e-03	    2.14189e-04	    2.41918e-04	    2.41288e-04
    7.13761e-01	    1.11568e+00	    2.80713e-04	    3.14296e-04	    1.62352e-04	    1.98462e-04	    1.83827e-04	    1.93977e-04	    2.40353e-04	    3.06742e-03	    3.48273e-03	    2.12852e-04	    2.39959e-04	    2.39692e-04
    7.19247e-01	    1.11568e+00	    2.76794e-04	    3.09795e-04	    1.62509e-04	    1.98072e-04	    1.83938e-04	    1.89084e-04	    2.34413e-04	    3.02985e-03	    3.43859e-03	    2.11466e-04	    2.37960e-04	    2.38044e-04
    7.24762e-01	    1.11568e+00	    2.72861e-04	    3.05282e-04	    1.62620e-04	    1.97635e-04	    1.83995e-04	    1.84226e-04	    2.28515e-04	    2.99205e-03	    3.39421e-03	    2.10033e-04	    2.35921e-04	    2.36343e-04
    7.30306e-01	    1.11568e+00	    2.68917e-04	    3.00758e-04	    1.62685e-04	    1.97151e-04	    1.83999e-04	    1.79404e-04	    2.22662e-04	    2.95403e-03	    3.34961e-03	    2.08554e-04	    2.33844e-04	    2.34591e-04
    7.35879e-01	    1.11568e+00	    2.64964e-04	    2.96227e-04	    1.62702e-04	    1.96620e-04	    1.83949e-04	    1.74620e-04	    2.16855e-04	    2.91580e-03	    3.30480e-03	    2.07030e-04	    2.31729e-04	    2.32788e-04
    7.41482e-01	    1.11568e+00	    2.61002e-04	    2.91689e-04	    1.62672e-04	    1.96041e-04	    1.83846e-04	    1.69877e-04	    2.11098e-04	    2.87739e-03	    3.25981e-03	    2.05460e-04	    2.29577e-04	    2.30936e-04
    7.47116e-01	    1.11568e+00	    2.57034e-04	    2.87146e-04	    1.62595e-04	    1.95414e-04	    1.83689e-04	    1.65176e-04	    2.05391e-04	    2.83880e-03	    3.21466e-03	    2.03847e-04	    2.27389e-04	    2.29035e-04
    7.52780e-01	    1.11568e+00	    2.53061e-04	    2.82600e-04	    1.62471e-04	    1.94741e-04	    1.83478e-04	    1.60520e-04	    1.99739e-04	    2.80005e-03	    3.16935e-03	    2.02192e-04	    2.25165e-04	    2.27087e-04
    7.58475e-01	    1.11568e+00	    2.49085e-04	    2.78054e-04	    1.62299e-04	    1.94020e-04	    1.83213e-04	    1.55910e-04	    1.94142e-04	    2.76115e-03	    3.12391e-03	    2.00494e-04	    2.22908e-04	    2.25092e-04
    7.64201e-01	    1.11568e+00	    2.45106e-04	    2.73508e-04	    1.62080e-04	    1.93253e-04	    1.82893e-04	    1.51347e-04	    1.88604e-04	    2.72213e-03	    3.07836e-03	    1.98755e-04	    2.20617e-04	    2.23053e-04
    7.69959e-01	    1.11568e+00	    2.41128e-04	    2.68964e-04	    1.61813e-04	    1.92439e-04	    1.82520e-04	    1.46834e-04	    1.83125e-04	    2.68299e-03	    3.03271e-03	    1.96976e-04	    2.18294e-04	    2.20969e-04
    7.75750e-01	    1.11568e+00	    2.37151e-04	    2.64425e-04	    1.61499e-04	    1.91578e-04	    1.82093e-04	    1.42372e-04	    1.77708e-04	    2.64375e-03	    2.98697e-03	    1.95157e-04	    2.15940e-04	    2.18842e-04
    7.81573e-01	    1.11568e+00	    2.33176e-04	    2.59892e-04	    1.61136e-04	    1.90671e-04	    1.81612e-04	    1.37963e-04	    1.72355e-04	    2.60442e-03	    2.94118e-03	    1.93301e-04	    2.13556e-04	    2.16674e-04
    7.87429e-01	    1.11568e+00	    2.29206e-04	    2.55366e-04	    1.60727e-04	    1.89718e-04	    1.81078e-04	    1.33608e-04	    1.67068e-04	    2.56503e-03	    2.89534e-03	    1.91408e-04	    2.11143e-04	    2.14465e-04
    7.93319e-01	    1.11568e+00	    2.25241e-04	    2.50850e-04	    1.60270e-04	    1.88719e-04	    1.80490e-04	    1.29309e-04	    1.61848e-04	    2.52558e-03	    2.84948e-03	    1.89478e-04	    2.08701e-04	    2.12217e-04
    7.99243e-01	    1.11568e+00	    2.21284e-04	    2.46344e-04	    1.59766e-04	    1.87675e-04	    1.79848e-04	    1.25067e-04	    1.56697e-04	    2.48609e-03	    2.80360e-03	    1.87513e-04	    2.06233e-04	    2.09932e-04
    8.05201e-01	    1.11568e+00	    2.17335e-04	    2.41852e-04	    1.59215e-04	    1.86586e-04	    1.79154e-04	    1.20883e-04	    1.51617e-04	    2.44658e-03	    2.75774e-03	    1.85515e-04	    2.03738e-04	    2.07609e-04
    8.11194e-01	    1.11568e+00	    2.13397e-04	    2.37373e-04	    1.58617e-04	    1.85453e-04	    1.78407e-04	    1.16760e-04	    1.46610e-04	    2.40706e-03	    2.71190e-03	    1.83484e-04	    2.01219e-04	    2.05251e-04
    8.17222e-01	    1.11568e+00	    2.09471e-04	    2.32911e-04	    1.57972e-04	    1.84275e-04	    1.77608e-04	    1.12698e-04	    1.41676e-04	    2.36754e-03	    2.66609e-03	    1.81421e-04	    1.98676e-04	    2.02859e-04
    8.23287e-01	    1.11568e+00	    2.05557e-04	    2.28466e-04	    1.57281e-04	    1.83054e-04	    1.76757e-04	    1.08699e-04	    1.36818e-04	    2.32805e-03	    2.62035e-03	    1.79328e-04	    1.96111e-04	    2.00435e-04
    8.29387e-01	    1.11568e+00	    2.01658e-04	    2.24041e-04	    1.56545e-04	    1.81789e-04	    1.75854e-04	    1.04763e-04	    1.32037e-04	    2.28858e-03	    2.57468e-03	    1.77205e-04	    1.93525e-04	    1.97979e-04
    8.35524e-01	    1.11568e+00	    1.97775e-04	    2.19636e-04	    1.55762e-04	    1.80482e-04	    1.74900e-04	    1.00892e-04	    1.27333e-04	    2.24917e-03	    2.52911e-03	    1.75054e-04	    1.90918e-04	    1.95493e-04
    8.41699e-01	    1.11568e+00	    1.93909e-04	    2.15253e-04	    1.54934e-04	    1.79134e-04	    1.73896e-04	    9.70863e-05	    1.22709e-04	    2.20982e-03	    2.48364e-03	    1.72876e-04	    1.88293e-04	    1.92978e-04
    8.47911e-01	    1.11568e+00	    1.90062e-04	    2.10894e-04	    1.54062e-04	    1.77743e-04	    1.72842e-04	    9.33476e-05	    1.18165e-04	    2.17055e-03	    2.43830e-03	    1.70673e-04	    1.85649e-04	    1.90437e-04
    8.54162e-01	    1.11568e+00	    1.86235e-04	    2.06561e-04	    1.53145e-04	    1.76312e-04	    1.71739e-04	    8.96766e-05	    1.13702e-04	    2.13137e-03	    2.39310e-03	    1.68445e-04	    1.82990e-04	    1.87870e-04
    8.60452e-01	    1.11568e+00	    1.82429e-04	    2.02254e-04	    1.52184e-04	    1.74841e-04	    1.70586e-04	    8.60741e-05	    1.09322e-04	    2.09230e-03	    2.34806e-03	    1.66194e-04	    1.80315e-04	    1.85278e-04
    8.66781e-01	    1.11568e+00	    1.78646e-04	    1.97975e-04	    1.51180e-04	    1.73330e-04	    1.69386e-04	    8.25409e-05	    1.05026e-04	    2.05335e-03	    2.30319e-03	    1.63920e-04	    1.77626e-04	    1.82664e-04
    8.73149e-01	    1.11568e+00	    1.74886e-04	    1.93726e-04	    1.50134e-04	    1.71781e-04	    1.68138e-04	    7.90778e-05	    1.00813e-04	    2.01453e-03	    2.25851e-03	    1.61627e-04	    1.74924e-04	    1.80029e-04
    8.79559e-01	    1.11568e+00	    1.71152e-04	    1.89508e-04	    1.49045e-04	    1.70194e-04	    1.66844e-04	    7.56853e-05	    9.66855e-05	    1.97586e-03	    2.21403e-03	    1.59313e-04	    1.72211e-04	    1.77374e-04
    8.86009e-01	    1.11568e+00	    1.67444e-04	    1.85322e-04	    1.47914e-04	    1.68570e-04	    1.65504e-04	    7.23641e-05	    9.26436e-05	    1.93735e-03	    2.16978e-03	    1.56982e-04	    1.69487e-04	    1.74700e-04
    8.92501e-01	    1.11568e+00	    1.63764e-04	    1.81170e-04	    1.46743e-04	    1.66910e-04	    1.64119e-04	    6.91148e-05	    8.86880e-05	    1.89902e-03	    2.12576e-03	    1.54634e-04	    1.66755e-04	    1.72010e-04
    8.99035e-01	    1.11568e+00	    1.60112e-04	    1.77052e-04	    1.45532e-04	    1.65214e-04	    1.62690e-04	    6.59378e-05	    8.48192e-05	    1.86088e-03	    2.08199e-03	    1.52270e-04	    1.64014e-04	    1.69304e-04
    9.05611e-01	    1.11568e+00	    1.56490e-04	    1.72971e-04	    1.44281e-04	    1.63484e-04	    1.61217e-04	    6.28334e-05	    8.10377e-05	    1.82293e-03	    2.03848e-03	    1.49892e-04	    1.61268e-04	    1.66584e-04
    9.12231e-01	    1.11568e+00	    1.52899e-04	    1.68927e-04	    1.42992e-04	    1.61720e-04	    1.59703e-04	    5.98022e-05	    7.73439e-05	    1.78520e-03	    1.99525e-03	    1.47501e-04	    1.58516e-04	    1.63852e-04
    9.18895e-01	    1.11568e+00	    1.49340e-04	    1.64922e-04	    1.41665e-04	    1.59924e-04	    1.58147e-04	    5.68443e-05	    7.37380e-05	    1.74770e-03	    1.95232e-03	    1.45099e-04	    1.55760e-04	    1.61110e-04
    9.25604e-01	    1.11568e+00	    1.45815e-04	    1.60956e-04	    1.40301e-04	    1.58095e-04	    1.56550e-04	    5.39600e-05	    7.02204e-05	    1.71044e-03	    1.90969e-03	    1.42686e-04	    1.53002e-04	    1.58357e-04
    9.32358e-01	    1.11568e+00	    1.42323e-04	    1.57032e-04	    1.38901e-04	    1.56237e-04	    1.54915e-04	    5.11494e-05	    6.67912e-05	    1.67343e-03	    1.86738e-03	    1.40264e-04	    1.50242e-04	    1.55598e-04
    9.39157e-01	    1.11568e+00	    1.38867e-04	    1.53149e-04	    1.37466e-04	    1.54348e-04	    1.53241e-04	    4.84127e-05	    6.34505e-05	    1.63669e-03	    1.82541e-03	    1.37835e-04	    1.47482e-04	    1.52832e-04
    9.46003e-01	    1.11568e+00	    1.35447e-04	    1.49309e-04	    1.35996e-04	    1.52431e-04	    1.51531e-04	    4.57498e-05	    6.01983e-05	    1.60022e-03	    1.78378e-03	    1.35400e-04	    1.44724e-04	    1.50061e-04
    9.52896e-01	    1.11568e+00	    1.32064e-04	    1.45513e-04	    1.34493e-04	    1.50487e-04	    1.49784e-04	    4.31608e-05	    5.70345e-05	    1.56404e-03	    1.74251e-03	    1.32960e-04	    1.41968e-04	    1.47287e-04
    9.59837e-01	    1.11568e+00	    1.28719e-04	    1.41762e-04	    1.32958e-04	    1.48516e-04	    1.48003e-04	    4.06455e-05	    5.39590e-05	    1.52815e-03	    1.70162e-03	    1.30516e-04	    1.39216e-04	    1.44511e-04
    9.66826e-01	    1.11568e+00	    1.25413e-04	    1.38057e-04	    1.31392e-04	    1.46520e-04	    1.46188e-04	    3.82038e-05	    5.09717e-05	    1.49258e-03	    1.66111e-03	    1.28070e-04	    1.36469e-04	    1.41734e-04
    9.73865e-01	    1.11568e+00	    1.22146e-04	    1.34399e-04	    1.29796e-04	    1.44499e-04	    1.44341e-04	    3.58355e-05	    4.80721e-05	    1.45733e-03	    1.62099e-03	    1.25623e-04	    1.33728e-04	    1.38960e-04
    9.80953e-01	    1.11568e+00	    1.18921e-04	    1.30789e-04	    1.28170e-04	    1.42456e-04	    1.42463e-04	    3.35402e-05	    4.52601e-05	    1.42240e-03	    1.58128e-03	    1.23176e-04	    1.30995e-04	    1.36187e-04
    9.88092e-01	    1.11568e+00	    1.15736e-04	    1.27227e-04	    1.26517e-04	    1.40391e-04	    1.40555e-04	    3.13178e-05	    4.25351e-05	    1.38782e-03	    1.54199e-03	    1.20731e-04	    1.28270e-04	    1.33419e-04
    9.95282e-01	    1.11568e+00	    1.12594e-04	    1.23714e-04	    1.24836e-04	    1.38306e-04	    1.38619e-04	    2.91678e-05	    3.98966e-05	    1.35359e-03	    1.50313e-03	    1.18289e-04	    1.25556e-04	    1.30657e-04
    1.00252e+00	    1.11568e+00	    1.09494e-04	    1.20251e-04	    1.23130e-04	    1.36201e-04	    1.36656e-04	    2.70897e-05	    3.73442e-05	    1.31973e-03	    1.46471e-03	    1.15852e-04	    1.22853e-04	    1.27901e-04
    1.00982e+00	    1.11568e+00	    1.06438e-04	    1.16839e-04	    1.21400e-04	    1.34078e-04	    1.34667e-04	    2.50831e-05	    3.48773e-05	    1.28623e-03	    1.42674e-03	    1.13420e-04	    1.20162e-04	    1.25155e-04
    1.01717e+00	    1.11568e+00	    1.03426e-04	    1.13478e-04	    1.19646e-04	    1.31938e-04	    1.32653e-04	    2.31473e-05	    3.24950e-05	    1.25311e-03	    1.38923e-03	    1.10995e-04	    1.17485e-04	    1.22418e-04
    1.02457e+00	    1.11568e+00	    1.00459e-04	    1.10170e-04	    1.17869e-04	    1.29783e-04	    1.30617e-04	    2.12818e-05	    3.01968e-05	    1.22039e-03	    1.35219e-03	    1.08577e-04	    1.14823e-04	    1.19692e-04
    1.03203e+00	    1.11568e+00	    9.75368e-05	    1.06914e-04	    1.16072e-04	    1.27613e-04	    1.28559e-04	    1.94860e-05	    2.79817e-05	    1.18806e-03	    1.31562e-03	    1.06170e-04	    1.12176e-04	    1.16979e-04
    1.03954e+00	    1.11568e+00	    9.46606e-05	    1.03710e-04	    1.14256e-04	    1.25430e-04	    1.26482e-04	    1.77591e-05	    2.58489e-05	    1.15613e-03	    1.27955e-03	    1.03772e-04	    1.09547e-04	    1.14280e-04
    1.04712e+00	    1.11568e+00	    9.18308e-05	    1.00561e-04	    1.12420e-04	    1.23236e-04	    1.24385e-04	    1.61002e-05	    2.37975e-05	    1.12462e-03	    1.24396e-03	    1.01387e-04	    1.06936e-04	    1.11596e-04
    1.05474e+00	    1.11568e+00	    8.90477e-05	    9.74655e-05	    1.10568e-04	    1.21032e-04	    1.22272e-04	    1.45088e-05	    2.18266e-05	    1.09353e-03	    1.20888e-03	    9.90145e-05	    1.04345e-04	    1.08929e-04
    1.06243e+00	    1.11568e+00	    8.63119e-05	    9.44245e-05	    1.08700e-04	    1.18818e-04	    1.20143e-04	    1.29838e-05	    1.99349e-05	    1.06287e-03	    1.17431e-03	    9.66562e-05	    1.01774e-04	    1.06280e-04
    1.07018e+00	    1.11568e+00	    8.36237e-05	    9.14383e-05	    1.06818e-04	    1.16597e-04	    1.18000e-04	    1.15243e-05	    1.81216e-05	    1.03264e-03	    1.14025e-03	    9.43131e-05	    9.92238e-05	    1.03651e-04
    1.07799e+00	    1.11568e+00	    8.09834e-05	    8.85072e-05	    1.04922e-04	    1.14370e-04	    1.15844e-04	    1.01294e-05	    1.63854e-05	    1.00285e-03	    1.10672e-03	    9.19865e-05	    9.66967e-05	    1.01041e-04
    1.08586e+00	    1.11568e+00	    7.83914e-05	    8.56316e-05	    1.03015e-04	    1.12138e-04	    1.13677e-04	    8.79820e-06	    1.47251e-05	    9.73514e-04	    1.07372e-03	    8.96774e-05	    9.41931e-05	    9.84536e-05
    1.09379e+00	    1.11568e+00	    7.58479e-05	    8.28116e-05	    1.01097e-04	    1.09902e-04	    1.11500e-04	    7.52953e-06	    1.31395e-05	    9.44629e-04	    1.04126e-03	    8.73870e-05	    9.17140e-05	    9.58888e-05
    1.10178e+00	    1.11568e+00	    7.33532e-05	    8.00475e-05	    9.91702e-05	    1.07664e-04	    1.09316e-04	    6.32236e-06	    1.16274e-05	    9.16203e-04	    1.00933e-03	    8.51162e-05	    8.92605e-05	    9.33481e-05
    1.10984e+00	    1.11568e+00	    7.09074e-05	    7.73394e-05	    9.72355e-05	    1.05425e-04	    1.07125e-04	    5.17557e-06	    1.01873e-05	    8.88241e-04	    9.77952e-04	    8.28662e-05	    8.68334e-05	    9.08324e-05
    1.11796e+00	    1.11568e+00	    6.85109e-05	    7.46874e-05	    9.52944e-05	    1.03187e-04	    1.04929e-04	    4.08802e-06	    8.81787e-06	    8.60748e-04	    9.47123e-04	    8.06378e-05	    8.44337e-05	    8.83430e-05
    1.12615e+00	    1.11568e+00	    6.61636e-05	    7.20917e-05	    9.33483e-05	    1.00950e-04	    1.02729e-04	    3.05851e-06	    7.51778e-06	    8.33728e-04	    9.16848e-04	    7.84322e-05	    8.20622e-05	    8.58809e-05
    1.13441e+00	    1.11568e+00	    6.38656e-05	    6.95521e-05	    9.13985e-05	    9.87167e-05	    1.00528e-04	    2.08584e-06	    6.28553e-06	    8.07185e-04	    8.87131e-04	    7.62503e-05	    7.97198e-05	    8.34470e-05
    1.14273e+00	    1.11568e+00	    6.16171e-05	    6.70688e-05	    8.94464e-05	    9.64879e-05	    9.83259e-05	    1.16876e-06	    5.11966e-06	    7.81124e-04	    8.57975e-04	    7.40930e-05	    7.74074e-05	    8.10425e-05
    1.15112e+00	    1.11568e+00	    5.94181e-05	    6.46418e-05	    8.74934e-05	    9.42650e-05	    9.61251e-05	    3.05983e-07	    4.01863e-06	    7.55546e-04	    8.29383e-04	    7.19612e-05	    7.51257e-05	    7.86682e-05
    1.15959e+00	    1.11568e+00	    5.72684e-05	    6.22708e-05	    8.55407e-05	    9.20493e-05	    9.39270e-05	   -5.03783e-07	    2.98092e-06	    7.30455e-04	    8.01358e-04	    6.98558e-05	    7.28754e-05	    7.63250e-05
    1.16812e+00	    1.11568e+00	    5.51681e-05	    5.99557e-05	    8.35899e-05	    8.98422e-05	    9.17330e-05	   -1.26187e-06	    2.00494e-06	    7.05854e-04	    7.73902e-04	    6.77775e-05	    7.06574e-05	    7.40139e-05
    1.17673e+00	    1.11568e+00	    5.31172e-05	    5.76965e-05	    8.16421e-05	    8.76449e-05	    8.95446e-05	   -1.96962e-06	    1.08909e-06	    6.81744e-04	    7.47015e-04	    6.57273e-05	    6.84723e-05	    7.17357e-05
    1.18541e+00	    1.11568e+00	    5.11153e-05	    5.54929e-05	    7.96987e-05	    8.54587e-05	    8.73632e-05	   -2.62840e-06	    2.31769e-07	    6.58128e-04	    7.20699e-04	    6.37058e-05	    6.63208e-05	    6.94912e-05
    1.19417e+00	    1.11568e+00	    4.91625e-05	    5.33447e-05	    7.77612e-05	    8.32849e-05	    8.51904e-05	   -3.23961e-06	   -5.68677e-07	    6.35006e-04	    6.94955e-04	    6.17139e-05	    6.42035e-05	    6.72811e-05
    1.20300e+00	    1.11568e+00	    4.72585e-05	    5.12515e-05	    7.58306e-05	    8.11248e-05	    8.30275e-05	   -3.80465e-06	   -1.31390e-06	    6.12381e-04	    6.69783e-04	    5.97521e-05	    6.21210e-05	    6.51062e-05
    1.21192e+00	    1.11568e+00	    4.54031e-05	    4.92131e-05	    7.39085e-05	    7.89796e-05	    8.08761e-05	   -4.32493e-06	   -2.00558e-06	    5.90252e-04	    6.45184e-04	    5.78212e-05	    6.00739e-05	    6.29672e-05
    1.22090e+00	    1.11568e+00	    4.35960e-05	    4.72292e-05	    7.19959e-05	    7.68504e-05	    7.87374e-05	   -4.80189e-06	   -2.64539e-06	    5.68620e-04	    6.21155e-04	    5.59218e-05	    5.80627e-05	    6.08646e-05
    1.22997e+00	    1.11568e+00	    4.18370e-05	    4.52992e-05	    7.00943e-05	    7.47386e-05	    7.66129e-05	   -5.23696e-06	   -3.23504e-06	    5.47484e-04	    5.97697e-04	    5.40544e-05	    5.60878e-05	    5.87992e-05
    1.23912e+00	    1.11568e+00	    4.01256e-05	    4.34229e-05	    6.82048e-05	    7.26453e-05	    7.45038e-05	   -5.63160e-06	   -3.77623e-06	    5.26845e-04	    5.74808e-04	    5.22197e-05	    5.41498e-05	    5.67714e-05
    1.24836e+00	    1.11568e+00	    3.84617e-05	    4.15997e-05	    6.63286e-05	    7.05715e-05	    7.24117e-05	   -5.98725e-06	   -4.27066e-06	    5.06701e-04	    5.52486e-04	    5.04182e-05	    5.22490e-05	    5.47818e-05
    1.25767e+00	    1.11568e+00	    3.68447e-05	    3.98292e-05	    6.44670e-05	    6.85186e-05	    7.03376e-05	   -6.30538e-06	   -4.72005e-06	    4.87051e-04	    5.30729e-04	    4.86503e-05	    5.03857e-05	    5.28308e-05
    1.26708e+00	    1.11568e+00	    3.52743e-05	    3.81109e-05	    6.26211e-05	    6.64874e-05	    6.82829e-05	   -6.58743e-06	   -5.12610e-06	    4.67894e-04	    5.09535e-04	    4.69164e-05	    4.85605e-05	    5.09188e-05
    1.27656e+00	    1.11568e+00	    3.37500e-05	    3.64441e-05	    6.07921e-05	    6.44792e-05	    6.62489e-05	   -6.83487e-06	   -5.49054e-06	    4.49227e-04	    4.88900e-04	    4.52170e-05	    4.67734e-05	    4.90463e-05
    1.28614e+00	    1.11568e+00	    3.22714e-05	    3.48283e-05	    5.89810e-05	    6.24949e-05	    6.42367e-05	   -7.04914e-06	   -5.81506e-06	    4.31050e-04	    4.68821e-04	    4.35524e-05	    4.50249e-05	    4.72136e-05
    1.29581e+00	    1.11568e+00	    3.08379e-05	    3.32630e-05	    5.71890e-05	    6.05355e-05	    6.22474e-05	   -7.23171e-06	   -6.10136e-06	    4.13358e-04	    4.49295e-04	    4.19230e-05	    4.33151e-05	    4.54210e-05
    1.30557e+00	    1.11568e+00	    2.94490e-05	    3.17474e-05	    5.54171e-05	    5.86020e-05	    6.02823e-05	   -7.38400e-06	   -6.35113e-06	    3.96149e-04	    4.30318e-04	    4.03290e-05	    4.16442e-05	    4.36687e-05
    1.31542e+00	    1.11568e+00	    2.81043e-05	    3.02810e-05	    5.36664e-05	    5.66954e-05	    5.83424e-05	   -7.50745e-06	   -6.56604e-06	    3.79420e-04	    4.11884e-04	    3.87707e-05	    4.00123e-05	    4.19569e-05
    1.32536e+00	    1.11568e+00	    2.68031e-05	    2.88629e-05	    5.19378e-05	    5.48164e-05	    5.64287e-05	   -7.60349e-06	   -6.74776e-06	    3.63167e-04	    3.93989e-04	    3.72483e-05	    3.84196e-05	    4.02858e-05
    1.33540e+00	    1.11568e+00	    2.55447e-05	    2.74926e-05	    5.02323e-05	    5.29660e-05	    5.45423e-05	   -7.67351e-06	   -6.89794e-06	    3.47386e-04	    3.76629e-04	    3.57619e-05	    3.68661e-05	    3.86556e-05
    1.34554e+00	    1.11568e+00	    2.43287e-05	    2.61692e-05	    4.85508e-05	    5.11450e-05	    5.26841e-05	   -7.71892e-06	   -7.01820e-06	    3.32074e-04	    3.59797e-04	    3.43117e-05	    3.53518e-05	    3.70662e-05
    1.35578e+00	    1.11568e+00	    2.31543e-05	    2.48921e-05	    4.68942e-05	    4.93542e-05	    5.08550e-05	   -7.74108e-06	   -7.11015e-06	    3.17225e-04	    3.43488e-04	    3.28978e-05	    3.38767e-05	    3.55178e-05
    1.36612e+00	    1.11568e+00	    2.20210e-05	    2.36603e-05	    4.52634e-05	    4.75943e-05	    4.90560e-05	   -7.74136e-06	   -7.17537e-06	    3.02835e-04	    3.27695e-04	    3.15202e-05	    3.24409e-05	    3.40103e-05
    1.37656e+00	    1.11568e+00	    2.09279e-05	    2.24732e-05	    4.36590e-05	    4.58660e-05	    4.72878e-05	   -7.72109e-06	   -7.21542e-06	    2.88898e-04	    3.12413e-04	    3.01789e-05	    3.10441e-05	    3.25437e-05
    1.38711e+00	    1.11568e+00	    1.98744e-05	    2.13299e-05	    4.20820e-05	    4.41699e-05	    4.55512e-05	   -7.68159e-06	   -7.23184e-06	    2.75410e-04	    2.97634e-04	    2.88738e-05	    2.96864e-05	    3.11179e-05
    1.39776e+00	    1.11568e+00	    1.88598e-05	    2.02295e-05	    4.05330e-05	    4.25067e-05	    4.38470e-05	   -7.62414e-06	   -7.22614e-06	    2.62364e-04	    2.83352e-04	    2.76050e-05	    2.83674e-05	    2.97327e-05
    1.40853e+00	    1.11568e+00	    1.78834e-05	    1.91713e-05	    3.90127e-05	    4.08769e-05	    4.21758e-05	   -7.55001e-06	   -7.19978e-06	    2.49756e-04	    2.69560e-04	    2.63724e-05	    2.70871e-05	    2.83880e-05
    1.41940e+00	    1.11568e+00	    1.69444e-05	    1.81543e-05	    3.75217e-05	    3.92810e-05	    4.05383e-05	   -7.46044e-06	   -7.15420e-06	    2.37577e-04	    2.56249e-04	    2.51757e-05	    2.58451e-05	    2.70836e-05
    1.43039e+00	    1.11568e+00	    1.60421e-05	    1.71777e-05	    3.60606e-05	    3.77196e-05	    3.89351e-05	   -7.35664e-06	   -7.09083e-06	    2.25823e-04	    2.43412e-04	    2.40148e-05	    2.46413e-05	    2.58192e-05
    1.44149e+00	    1.11568e+00	    1.51756e-05	    1.62406e-05	    3.46299e-05	    3.61930e-05	    3.73667e-05	   -7.23979e-06	   -7.01102e-06	    2.14486e-04	    2.31041e-04	    2.28895e-05	    2.34754e-05	    2.45945e-05
    1.45270e+00	    1.11568e+00	    1.43441e-05	    1.53420e-05	    3.32303e-05	    3.47016e-05	    3.58335e-05	   -7.11104e-06	   -6.91613e-06	    2.03560e-04	    2.19128e-04	    2.17996e-05	    2.23469e-05	    2.34091e-05
    1.46404e+00	    1.11568e+00	    1.35470e-05	    1.44811e-05	    3.18620e-05	    3.32458e-05	    3.43361e-05	   -6.97150e-06	   -6.80744e-06	    1.93038e-04	    2.07665e-04	    2.07448e-05	    2.12556e-05	    2.22629e-05
    1.47549e+00	    1.11568e+00	    1.27834e-05	    1.36569e-05	    3.05255e-05	    3.18257e-05	    3.28747e-05	   -6.82225e-06	   -6.68623e-06	    1.82912e-04	    1.96642e-04	    1.97247e-05	    2.02011e-05	    2.11552e-05
    1.48707e+00	    1.11568e+00	    1.20524e-05	    1.28685e-05	    2.92211e-05	    3.04418e-05	    3.14497e-05	   -6.66435e-06	   -6.55371e-06	    1.73174e-04	    1.86051e-04	    1.87390e-05	    1.91828e-05	    2.00858e-05
    1.49878e+00	    1.11568e+00	    1.13532e-05	    1.21150e-05	    2.79493e-05	    2.90941e-05	    3.00614e-05	   -6.49881e-06	   -6.41105e-06	    1.63819e-04	    1.75884e-04	    1.77874e-05	    1.82005e-05	    1.90541e-05
    1.51061e+00	    1.11568e+00	    1.06851e-05	    1.13954e-05	    2.67101e-05	    2.77829e-05	    2.87101e-05	   -6.32660e-06	   -6.25941e-06	    1.54836e-04	    1.66130e-04	    1.68694e-05	    1.72535e-05	    1.80597e-05
    1.52257e+00	    1.11568e+00	    1.00471e-05	    1.07088e-05	    2.55039e-05	    2.65081e-05	    2.73957e-05	   -6.14867e-06	   -6.09987e-06	    1.46219e-04	    1.56781e-04	    1.59846e-05	    1.63415e-05	    1.71019e-05
    1.53467e+00	    1.11568e+00	    9.43851e-06	    1.00542e-05	    2.43308e-05	    2.52699e-05	    2.61186e-05	   -5.96592e-06	   -5.93348e-06	    1.37960e-04	    1.47827e-04	    1.51326e-05	    1.54638e-05	    1.61804e-05
    1.54690e+00	    1.11568e+00	    8.85840e-06	    9.43075e-06	    2.31908e-05	    2.40682e-05	    2.48787e-05	   -5.77920e-06	   -5.76126e-06	    1.30050e-04	    1.39259e-04	    1.43129e-05	    1.46198e-05	    1.52944e-05
    1.55927e+00	    1.11568e+00	    8.30596e-06	    8.83744e-06	    2.20842e-05	    2.29030e-05	    2.36760e-05	   -5.58936e-06	   -5.58416e-06	    1.22481e-04	    1.31067e-04	    1.35248e-05	    1.38091e-05	    1.44433e-05
    1.57178e+00	    1.11568e+00	    7.78035e-06	    8.27334e-06	    2.10109e-05	    2.17743e-05	    2.25106e-05	   -5.39716e-06	   -5.40310e-06	    1.15245e-04	    1.23242e-04	    1.27680e-05	    1.30310e-05	    1.36267e-05
    1.58443e+00	    1.11568e+00	    7.28073e-06	    7.73752e-06	    1.99708e-05	    2.06818e-05	    2.13822e-05	   -5.20337e-06	   -5.21895e-06	    1.08333e-04	    1.15773e-04	    1.20418e-05	    1.22849e-05	    1.28437e-05
    1.59723e+00	    1.11568e+00	    6.80627e-06	    7.22904e-06	    1.89640e-05	    1.96254e-05	    2.02908e-05	   -5.00868e-06	   -5.03255e-06	    1.01737e-04	    1.08651e-04	    1.13457e-05	    1.15700e-05	    1.20936e-05
    1.61018e+00	    1.11568e+00	    6.35614e-06	    6.74697e-06	    1.79902e-05	    1.86049e-05	    1.92363e-05	   -4.81377e-06	   -4.84466e-06	    9.54475e-05	    1.01866e-04	    1.06791e-05	    1.08859e-05	    1.13759e-05
    1.62328e+00	    1.11568e+00	    5.92951e-06	    6.29039e-06	    1.70494e-05	    1.76200e-05	    1.82182e-05	   -4.61926e-06	   -4.65604e-06	    8.94565e-05	    9.54086e-05	    1.00412e-05	    1.02317e-05	    1.06898e-05
    1.63654e+00	    1.11568e+00	    5.52556e-06	    5.85839e-06	    1.61413e-05	    1.66704e-05	    1.72365e-05	   -4.42575e-06	   -4.46737e-06	    8.37552e-05	    8.92682e-05	    9.43163e-06	    9.60685e-06	    1.00345e-05
    1.64995e+00	    1.11568e+00	    5.14347e-06	    5.45006e-06	    1.52657e-05	    1.57557e-05	    1.62907e-05	   -4.23378e-06	   -4.27929e-06	    7.83349e-05	    8.34353e-05	    8.84956e-06	    9.01055e-06	    9.40934e-06
    1.66353e+00	    1.11568e+00	    4.78245e-06	    5.06452e-06	    1.44223e-05	    1.48755e-05	    1.53804e-05	   -4.04386e-06	   -4.09241e-06	    7.31869e-05	    7.78999e-05	    8.29436e-06	    8.44210e-06	    8.81348e-06
    1.67727e+00	    1.11568e+00	    4.44169e-06	    4.70087e-06	    1.36108e-05	    1.40295e-05	    1.45053e-05	   -3.85646e-06	   -3.90729e-06	    6.83024e-05	    7.26522e-05	    7.76535e-06	    7.90076e-06	    8.24617e-06
    1.69117e+00	    1.11568e+00	    4.12040e-06	    4.35824e-06	    1.28308e-05	    1.32171e-05	    1.36649e-05	   -3.67203e-06	   -3.72444e-06	    6.36729e-05	    6.76824e-05	    7.26184e-06	    7.38579e-06	    7.70662e-06
    1.70525e+00	    1.11568e+00	    3.81781e-06	    4.03579e-06	    1.20819e-05	    1.24379e-05	    1.28587e-05	   -3.49095e-06	   -3.54434e-06	    5.92895e-05	    6.29807e-05	    6.78313e-06	    6.89644e-06	    7.19404e-06
    1.71951e+00	    1.11568e+00	    3.53316e-06	    3.73265e-06	    1.13636e-05	    1.16913e-05	    1.20862e-05	   -3.31359e-06	   -3.36741e-06	    5.51437e-05	    5.85376e-05	    6.32849e-06	    6.43194e-06	    6.70763e-06
    1.73394e+00	    1.11568e+00	    3.26568e-06	    3.44801e-06	    1.06755e-05	    1.09767e-05	    1.13467e-05	   -3.14027e-06	   -3.19405e-06	    5.12270e-05	    5.43433e-05	    5.89722e-06	    5.99154e-06	    6.24656e-06
    1.74856e+00	    1.11568e+00	    3.01463e-06	    3.18106e-06	    1.00171e-05	    1.02936e-05	    1.06398e-05	   -2.97128e-06	   -3.02460e-06	    4.75309e-05	    5.03885e-05	    5.48858e-06	    5.57446e-06	    5.81004e-06
    1.76336e+00	    1.11568e+00	    2.77930e-06	    2.93098e-06	    9.38788e-06	    9.64130e-06	    9.96472e-06	   -2.80687e-06	   -2.85939e-06	    4.40469e-05	    4.66637e-05	    5.10185e-06	    5.17993e-06	    5.39723e-06
    1.77835e+00	    1.11568e+00	    2.55896e-06	    2.69701e-06	    8.78719e-06	    9.01917e-06	    9.32085e-06	   -2.64728e-06	   -2.69867e-06	    4.07667e-05	    4.31597e-05	    4.73629e-06	    4.80718e-06	    5.00733e-06
    1.79354e+00	    1.11568e+00	    2.35293e-06	    2.47838e-06	    8.21447e-06	    8.42652e-06	    8.70749e-06	   -2.49268e-06	   -2.54270e-06	    3.76821e-05	    3.98673e-05	    4.39117e-06	    4.45544e-06	    4.63952e-06
    1.80893e+00	    1.11568e+00	    2.16051e-06	    2.27434e-06	    7.66911e-06	    7.86265e-06	    8.12392e-06	   -2.34324e-06	   -2.39167e-06	    3.47850e-05	    3.67775e-05	    4.06576e-06	    4.12394e-06	    4.29298e-06
    1.82452e+00	    1.11568e+00	    1.98104e-06	    2.08417e-06	    7.15045e-06	    7.32685e-06	    7.56939e-06	   -2.19908e-06	   -2.24575e-06	    3.20674e-05	    3.38815e-05	    3.75933e-06	    3.81191e-06	    3.96690e-06
    1.84032e+00	    1.11568e+00	    1.81388e-06	    1.90717e-06	    6.65783e-06	    6.81835e-06	    7.04316e-06	   -2.06031e-06	   -2.10509e-06	    2.95215e-05	    3.11706e-05	    3.47114e-06	    3.51860e-06	    3.66047e-06
    1.85633e+00	    1.11568e+00	    1.65840e-06	    1.74264e-06	    6.19056e-06	    6.33641e-06	    6.54443e-06	   -1.92700e-06	   -1.96978e-06	    2.71394e-05	    2.86362e-05	    3.20048e-06	    3.24324e-06	    3.37291e-06
    1.87255e+00	    1.11568e+00	    1.51397e-06	    1.58993e-06	    5.74793e-06	    5.88024e-06	    6.07240e-06	   -1.79919e-06	   -1.83990e-06	    2.49137e-05	    2.62701e-05	    2.94663e-06	    2.98509e-06	    3.10340e-06
    1.88900e+00	    1.11568e+00	    1.38000e-06	    1.44838e-06	    5.32923e-06	    5.44906e-06	    5.62626e-06	   -1.67691e-06	   -1.71551e-06	    2.28368e-05	    2.40641e-05	    2.70887e-06	    2.74341e-06	    2.85118e-06
    1.90568e+00	    1.11568e+00	    1.25593e-06	    1.31736e-06	    4.93372e-06	    5.04206e-06	    5.20518e-06	   -1.56017e-06	   -1.59662e-06	    2.09017e-05	    2.20102e-05	    2.48651e-06	    2.51748e-06	    2.61548e-06
    1.92258e+00	    1.11568e+00	    1.14118e-06	    1.19629e-06	    4.56064e-06	    4.65844e-06	    4.80833e-06	   -1.44892e-06	   -1.48323e-06	    1.91011e-05	    2.01007e-05	    2.27885e-06	    2.30657e-06	    2.39552e-06
    1.93973e+00	    1.11568e+00	    1.03522e-06	    1.08456e-06	    4.20926e-06	    4.29738e-06	    4.43487e-06	   -1.34315e-06	   -1.37533e-06	    1.74281e-05	    1.83279e-05	    2.08521e-06	    2.10997e-06	    2.19057e-06
    1.95712e+00	    1.11568e+00	    9.37527e-07	    9.81627e-07	    3.87879e-06	    3.95806e-06	    4.08393e-06	   -1.24277e-06	   -1.27286e-06	    1.58761e-05	    1.66847e-05	    1.90492e-06	    1.92700e-06	    1.99990e-06
    1.97475e+00	    1.11568e+00	    8.47602e-07	    8.86942e-07	    3.56848e-06	    3.63965e-06	    3.75468e-06	   -1.14772e-06	   -1.17575e-06	    1.44385e-05	    1.51637e-05	    1.73731e-06	    1.75697e-06	    1.82278e-06
    1.99264e+00	    1.11568e+00	    7.64961e-07	    7.99988e-07	    3.27756e-06	    3.34134e-06	    3.44624e-06	   -1.05789e-06	   -1.08393e-06	    1.31089e-05	    1.37582e-05	    1.58176e-06	    1.59922e-06	    1.65852e-06
    2.01079e+00	    1.11568e+00	    6.89140e-07	    7.20266e-07	    3.00524e-06	    3.06230e-06	    3.15778e-06	   -9.73182e-07	   -9.97295e-07	    1.18812e-05	    1.24614e-05	    1.43762e-06	    1.45310e-06	    1.50643e-06
    2.02921e+00	    1.11568e+00	    6.19696e-07	    6.47299e-07	    2.75077e-06	    2.80170e-06	    2.88844e-06	   -8.93470e-07	   -9.15728e-07	    1.07495e-05	    1.12669e-05	    1.30428e-06	    1.31798e-06	    1.36584e-06
    2.04790e+00	    1.11568e+00	    5.56203e-07	    5.80633e-07	    2.51336e-06	    2.55874e-06	    2.63738e-06	   -8.18619e-07	   -8.39102e-07	    9.70794e-06	    1.01685e-05	    1.18115e-06	    1.19325e-06	    1.23611e-06
    2.06687e+00	    1.11568e+00	    4.98257e-07	    5.19832e-07	    2.29226e-06	    2.33262e-06	    2.40375e-06	   -7.48484e-07	   -7.67276e-07	    8.75108e-06	    9.16022e-06	    1.06763e-06	    1.07830e-06	    1.11661e-06
    2.08612e+00	    1.11568e+00	    4.45468e-07	    4.64482e-07	    2.08671e-06	    2.12252e-06	    2.18674e-06	   -6.82913e-07	   -7.00101e-07	    7.87355e-06	    8.23623e-06	    9.63181e-07	    9.72561e-07	    1.00673e-06
    2.10567e+00	    1.11568e+00	    3.97469e-07	    4.14189e-07	    1.89596e-06	    1.92767e-06	    1.98551e-06	   -6.21744e-07	   -6.37416e-07	    7.07023e-06	    7.39104e-06	    8.67241e-07	    8.75472e-07	    9.05883e-07
    2.12552e+00	    1.11568e+00	    3.53909e-07	    3.68578e-07	    1.71928e-06	    1.74729e-06	    1.79927e-06	   -5.64809e-07	   -5.79057e-07	    6.33622e-06	    6.61937e-06	    7.79285e-07	    7.86492e-07	    8.13495e-07
    2.14568e+00	    1.11568e+00	    3.14456e-07	    3.27296e-07	    1.55592e-06	    1.58062e-06	    1.62723e-06	   -5.11937e-07	   -5.24850e-07	    5.66680e-06	    5.91616e-06	    6.98805e-07	    7.05101e-07	    7.29024e-07
    2.16616e+00	    1.11568e+00	    2.78794e-07	    2.90007e-07	    1.40520e-06	    1.42691e-06	    1.46861e-06	   -4.62951e-07	   -4.74618e-07	    5.05748e-06	    5.27658e-06	    6.25312e-07	    6.30799e-07	    6.51943e-07
    2.18696e+00	    1.11568e+00	    2.46627e-07	    2.56395e-07	    1.26639e-06	    1.28544e-06	    1.32266e-06	   -4.17673e-07	   -4.28182e-07	    4.50398e-06	    4.69604e-06	    5.58335e-07	    5.63105e-07	    5.81749e-07
    2.20809e+00	    1.11568e+00	    2.17673e-07	    2.26162e-07	    1.13882e-06	    1.15550e-06	    1.18863e-06	   -3.75922e-07	   -3.85358e-07	    4.00222e-06	    4.17016e-06	    4.97424e-07	    5.01561e-07	    5.17959e-07
    2.22956e+00	    1.11568e+00	    1.91669e-07	    1.99027e-07	    1.02183e-06	    1.03640e-06	    1.06581e-06	   -3.37516e-07	   -3.45964e-07	    3.54831e-06	    3.69481e-06	    4.42146e-07	    4.45725e-07	    4.60112e-07
    2.25138e+00	    1.11568e+00	    1.68367e-07	    1.74727e-07	    9.14770e-07	    9.27456e-07	    9.53512e-07	   -3.02277e-07	   -3.09814e-07	    3.13857e-06	    3.26605e-06	    3.92092e-07	    3.95181e-07	    4.07770e-07
    2.27356e+00	    1.11568e+00	    1.47533e-07	    1.53017e-07	    8.17010e-07	    8.28030e-07	    8.51049e-07	   -2.70024e-07	   -2.76728e-07	    2.76954e-06	    2.88017e-06	    3.46870e-07	    3.49527e-07	    3.60516e-07
    2.29611e+00	    1.11568e+00	    1.28950e-07	    1.33666e-07	    7.27945e-07	    7.37493e-07	    7.57773e-07	   -2.40580e-07	   -2.46524e-07	    2.43792e-06	    2.53367e-06	    3.06107e-07	    3.08388e-07	    3.17952e-07
    2.31904e+00	    1.11568e+00	    1.12415e-07	    1.16459e-07	    6.46991e-07	    6.55240e-07	    6.73058e-07	   -2.13773e-07	   -2.19025e-07	    2.14062e-06	    2.22327e-06	    2.69451e-07	    2.71403e-07	    2.79704e-07
    2.34236e+00	    1.11568e+00	    9.77394e-08	    1.01196e-07	    5.73583e-07	    5.80690e-07	    5.96301e-07	   -1.89431e-07	   -1.94056e-07	    1.87473e-06	    1.94587e-06	    2.36568e-07	    2.38233e-07	    2.45419e-07
    2.36607e+00	    1.11568e+00	    8.47470e-08	    8.76938e-08	    5.07181e-07	    5.13287e-07	    5.26924e-07	   -1.67388e-07	   -1.71448e-07	    1.63751e-06	    1.69857e-06	    2.07143e-07	    2.08560e-07	    2.14761e-07
    2.39020e+00	    1.11568e+00	    7.32751e-08	    7.57793e-08	    4.47267e-07	    4.52498e-07	    4.64375e-07	   -1.47483e-07	   -1.51035e-07	    1.42641e-06	    1.47866e-06	    1.80881e-07	    1.82083e-07	    1.87418e-07
    2.41475e+00	    1.11568e+00	    6.31730e-08	    6.52945e-08	    3.93347e-07	    3.97814e-07	    4.08127e-07	   -1.29561e-07	   -1.32657e-07	    1.23905e-06	    1.28363e-06	    1.57503e-07	    1.58520e-07	    1.63096e-07
    2.43973e+00	    1.11568e+00	    5.43019e-08	    5.60934e-08	    3.44950e-07	    3.48753e-07	    3.57680e-07	   -1.13472e-07	   -1.16160e-07	    1.07320e-06	    1.11111e-06	    1.36749e-07	    1.37606e-07	    1.41519e-07
    2.46516e+00	    1.11568e+00	    4.65340e-08	    4.80419e-08	    3.01629e-07	    3.04856e-07	    3.12558e-07	   -9.90709e-08	   -1.01397e-07	    9.26802e-07	    9.58941e-07	    1.18377e-07	    1.19097e-07	    1.22431e-07
    2.49105e+00	    1.11568e+00	    3.97521e-08	    4.10170e-08	    2.62960e-07	    2.65689e-07	    2.72313e-07	   -8.62213e-08	   -8.82271e-08	    7.97935e-07	    8.25092e-07	    1.02158e-07	    1.02761e-07	    1.05594e-07
    2.51741e+00	    1.11568e+00	    3.38490e-08	    3.49062e-08	    2.28544e-07	    2.30844e-07	    2.36521e-07	   -7.47920e-08	   -7.65148e-08	    6.84835e-07	    7.07703e-07	    8.78842e-08	    8.83873e-08	    9.07848e-08
    2.54425e+00	    1.11568e+00	    2.87267e-08	    2.96073e-08	    1.98004e-07	    1.99936e-07	    2.04784e-07	   -6.46591e-08	   -6.61330e-08	    5.85871e-07	    6.05061e-07	    7.53592e-08	    7.57775e-08	    7.77998e-08
    2.57159e+00	    1.11568e+00	    2.42962e-08	    2.50269e-08	    1.70985e-07	    1.72602e-07	    1.76728e-07	   -5.57054e-08	   -5.69614e-08	    4.99544e-07	    5.15589e-07	    6.44035e-08	    6.47500e-08	    6.64496e-08
    2.59945e+00	    1.11568e+00	    2.04766e-08	    2.10807e-08	    1.47158e-07	    1.48507e-07	    1.52005e-07	   -4.78207e-08	   -4.88866e-08	    4.24481e-07	    4.37848e-07	    5.48513e-08	    5.51373e-08	    5.65603e-08
    2.62784e+00	    1.11568e+00	    1.71949e-08	    1.76924e-08	    1.26214e-07	    1.27334e-07	    1.30288e-07	   -4.09017e-08	   -4.18025e-08	    3.59428e-07	    3.70521e-07	    4.65505e-08	    4.67855e-08	    4.79725e-08
    2.65677e+00	    1.11568e+00	    1.43853e-08	    1.47933e-08	    1.07865e-07	    1.08792e-07	    1.11277e-07	   -3.48520e-08	   -3.56101e-08	    3.03240e-07	    3.12410e-07	    3.93617e-08	    3.95542e-08	    4.05402e-08
    2.68627e+00	    1.11568e+00	    1.19885e-08	    1.23217e-08	    9.18450e-08	    9.26087e-08	    9.46916e-08	   -2.95820e-08	   -3.02172e-08	    2.54879e-07	    2.62429e-07	    3.31580e-08	    3.33149e-08	    3.41308e-08
    2.71635e+00	    1.11568e+00	    9.95134e-09	    1.02223e-08	    7.79084e-08	    7.85351e-08	    8.02733e-08	   -2.50087e-08	   -2.55385e-08	    2.13405e-07	    2.19595e-07	    2.78238e-08	    2.79512e-08	    2.86234e-08
    2.74703e+00	    1.11568e+00	    8.22660e-09	    8.44601e-09	    6.58286e-08	    6.63408e-08	    6.77850e-08	   -2.10555e-08	   -2.14955e-08	    1.77969e-07	    1.83022e-07	    2.32544e-08	    2.33574e-08	    2.39088e-08
    2.77832e+00	    1.11568e+00	    6.77211e-09	    6.94896e-09	    5.53979e-08	    5.58145e-08	    5.70093e-08	   -1.76522e-08	   -1.80158e-08	    1.47808e-07	    1.51916e-07	    1.93553e-08	    1.94382e-08	    1.98886e-08
    2.81025e+00	    1.11568e+00	    5.55053e-09	    5.69241e-09	    4.64261e-08	    4.67635e-08	    4.77475e-08	   -1.47344e-08	   -1.50334e-08	    1.22240e-07	    1.25563e-07	    1.60415e-08	    1.61079e-08	    1.64740e-08
    2.84283e+00	    1.11568e+00	    4.52888e-09	    4.64216e-09	    3.87404e-08	    3.90123e-08	    3.98189e-08	   -1.22436e-08	   -1.24882e-08	    1.00652e-07	    1.03328e-07	    1.32366e-08	    1.32896e-08	    1.35858e-08
    2.87610e+00	    1.11568e+00	    3.67815e-09	    3.76814e-09	    3.21838e-08	    3.24019e-08	    3.30599e-08	   -1.01266e-08	   -1.03258e-08	    8.25031e-08	    8.46477e-08	    1.08727e-08	    1.09147e-08	    1.11532e-08
    2.91007e+00	    1.11568e+00	    2.97293e-09	    3.04406e-09	    2.66145e-08	    2.67886e-08	    2.73226e-08	   -8.33563e-09	   -8.49689e-09	    6.73113e-08	    6.90214e-08	    8.88916e-09	    8.92229e-09	    9.11334e-09
    2.94476e+00	    1.11568e+00	    2.39104e-09	    2.44696e-09	    2.19048e-08	    2.20430e-08	    2.24743e-08	   -6.82747e-09	   -6.95734e-09	    5.46524e-08	    5.60089e-08	    7.23231e-09	    7.25832e-09	    7.41056e-09
    2.98020e+00	    1.11568e+00	    1.91322e-09	    1.95694e-09	    1.79404e-08	    1.80495e-08	    1.83959e-08	   -5.56364e-09	   -5.66765e-09	    4.41532e-08	    4.52235e-08	    5.85485e-09	    5.87516e-09	    5.99583e-09
    3.01641e+00	    1.11568e+00	    1.52280e-09	    1.55679e-09	    1.46192e-08	    1.47049e-08	    1.49816e-08	   -4.50986e-09	   -4.59268e-09	    3.54873e-08	    3.63271e-08	    4.71524e-09	    4.73101e-09	    4.82612e-09
    3.05343e+00	    1.11568e+00	    1.20543e-09	    1.23170e-09	    1.18504e-08	    1.19174e-08	    1.21372e-08	   -3.63576e-09	   -3.70131e-09	    2.83703e-08	    2.90255e-08	    3.77714e-09	    3.78931e-09	    3.86385e-09
    3.09127e+00	    1.11568e+00	    9.48806e-10	    9.68990e-10	    9.55405e-09	    9.60600e-09	    9.77958e-09	   -2.91457e-09	   -2.96613e-09	    2.25556e-08	    2.30638e-08	    3.00893e-09	    3.01827e-09	    3.07634e-09
    3.12997e+00	    1.11568e+00	    7.42448e-10	    7.57858e-10	    7.65946e-09	    7.69954e-09	    7.83579e-09	   -2.32282e-09	   -2.36312e-09	    1.78303e-08	    1.82220e-08	    2.38324e-09	    2.39035e-09	    2.43531e-09
    3.16956e+00	    1.11568e+00	    5.77452e-10	    5.89141e-10	    6.10491e-09	    6.13564e-09	    6.24191e-09	   -1.84005e-09	   -1.87135e-09	    1.40116e-08	    1.43117e-08	    1.87645e-09	    1.88184e-09	    1.91643e-09
    3.21007e+00	    1.11568e+00	    4.46306e-10	    4.55113e-10	    4.83658e-09	    4.85998e-09	    4.94234e-09	   -1.44853e-09	   -1.47266e-09	    1.09433e-08	    1.11717e-08	    1.46835e-09	    1.47240e-09	    1.49884e-09
    3.25153e+00	    1.11568e+00	    3.42702e-10	    3.49292e-10	    3.80785e-09	    3.82555e-09	    3.88894e-09	   -1.13294e-09	   -1.15142e-09	    8.49267e-09	    8.66524e-09	    1.14168e-09	    1.14471e-09	    1.16478e-09
    3.29398e+00	    1.11568e+00	    2.61375e-10	    2.66270e-10	    2.97852e-09	    2.99182e-09	    3.04027e-09	   -8.80169e-10	   -8.94224e-10	    6.54742e-09	    6.67693e-09	    8.81829e-10	    8.84077e-10	    8.99199e-10
    3.33746e+00	    1.11568e+00	    1.97954e-10	    2.01563e-10	    2.31417e-09	    2.32409e-09	    2.36086e-09	   -6.79047e-10	   -6.89653e-10	    5.01325e-09	    5.10974e-09	    6.76451e-10	    6.78106e-10	    6.89420e-10
    3.38201e+00	    1.11568e+00	    1.48834e-10	    1.51475e-10	    1.78547e-09	    1.79281e-09	    1.82051e-09	   -5.20109e-10	   -5.28050e-10	    3.81134e-09	    3.88268e-09	    5.15215e-10	    5.16425e-10	    5.24825e-10
    3.42766e+00	    1.11568e+00	    1.11060e-10	    1.12977e-10	    1.36759e-09	    1.37297e-09	    1.39367e-09	   -3.95394e-10	   -4.01292e-10	    2.87625e-09	    2.92859e-09	    3.89513e-10	    3.90390e-10	    3.96577e-10
    3.47445e+00	    1.11568e+00	    8.22248e-11	    8.36043e-11	    1.03963e-09	    1.04355e-09	    1.05890e-09	   -2.98252e-10	   -3.02596e-10	    2.15398e-09	    2.19206e-09	    2.92221e-10	    2.92851e-10	    2.97372e-10
    3.52245e+00	    1.11568e+00	    6.03816e-11	    6.13659e-11	    7.84140e-10	    7.86972e-10	    7.98253e-10	   -2.23162e-10	   -2.26334e-10	    1.60025e-09	    1.62773e-09	    2.17482e-10	    2.17931e-10	    2.21206e-10
    3.57168e+00	    1.11568e+00	    4.39665e-11	    4.46625e-11	    5.86627e-10	    5.88653e-10	    5.96875e-10	   -1.65579e-10	   -1.67874e-10	    1.17904e-09	    1.19869e-09	    1.60517e-10	    1.60834e-10	    1.63185e-10
    3.62220e+00	    1.11568e+00	    3.17326e-11	    3.22202e-11	    4.35150e-10	    4.36588e-10	    4.42525e-10	   -1.21784e-10	   -1.23429e-10	    8.61230e-10	    8.75153e-10	    1.17451e-10	    1.17673e-10	    1.19345e-10
    3.67407e+00	    1.11568e+00	    2.26934e-11	    2.30317e-11	    3.19944e-10	    3.20954e-10	    3.25201e-10	   -8.87604e-11	   -8.99282e-11	    6.23449e-10	    6.33222e-10	    8.51675e-11	    8.53213e-11	    8.65000e-11
    3.72735e+00	    1.11568e+00	    1.60745e-11	    1.63068e-11	    2.33080e-10	    2.33782e-10	    2.36791e-10	   -6.40814e-11	   -6.49020e-11	    4.47109e-10	    4.53900e-10	    6.11805e-11	    6.12860e-11	    6.21082e-11
    3.78207e+00	    1.11568e+00	    1.12732e-11	    1.14310e-11	    1.68175e-10	    1.68658e-10	    1.70768e-10	   -4.58096e-11	   -4.63802e-11	    3.17529e-10	    3.22199e-10	    4.35211e-11	    4.35927e-11	    4.41603e-11
    3.83833e+00	    1.11568e+00	    7.82419e-12	    7.93029e-12	    1.20133e-10	    1.20462e-10	    1.21926e-10	   -3.24122e-11	   -3.28047e-11	    2.23217e-10	    2.26395e-10	    3.06444e-11	    3.06925e-11	    3.10802e-11
    3.89616e+00	    1.11568e+00	    5.37184e-12	    5.44233e-12	    8.49219e-11	    8.51434e-11	    8.61475e-11	   -2.26881e-11	   -2.29549e-11	    1.55259e-10	    1.57396e-10	    2.13490e-11	    2.13809e-11	    2.16427e-11
    3.95566e+00	    1.11568e+00	    3.64662e-12	    3.69290e-12	    5.93788e-11	    5.95261e-11	    6.02071e-11	   -1.57044e-11	   -1.58836e-11	    1.06798e-10	    1.08219e-10	    1.47086e-11	    1.47295e-11	    1.49042e-11
    4.01689e+00	    1.11568e+00	    2.44637e-12	    2.47637e-12	    4.10472e-11	    4.11440e-11	    4.16002e-11	   -1.07438e-11	   -1.08628e-11	    7.26158e-11	    7.35493e-11	    1.00165e-11	    1.00301e-11	    1.01452e-11
    4.07992e+00	    1.11568e+00	    1.62101e-12	    1.64021e-12	    2.80381e-11	    2.81010e-11	    2.84028e-11	   -7.26082e-12	   -7.33872e-12	    4.87790e-11	    4.93842e-11	    6.73885e-12	    6.74751e-12	    6.82247e-12
    4.14485e+00	    1.11568e+00	    1.06031e-12	    1.07244e-12	    1.89142e-11	    1.89544e-11	    1.91515e-11	   -4.84458e-12	   -4.89491e-12	    3.23537e-11	    3.27409e-11	    4.47646e-12	    4.48192e-12	    4.53005e-12
    4.21176e+00	    1.11568e+00	    6.84239e-13	    6.91783e-13	    1.25935e-11	    1.26189e-11	    1.27457e-11	   -3.18942e-12	   -3.22149e-12	    2.11761e-11	    2.14204e-11	    2.93430e-12	    2.93769e-12	    2.96816e-12
    4.28075e+00	    1.11568e+00	    4.35338e-13	    4.39963e-13	    8.27080e-12	    8.28660e-12	    8.36709e-12	   -2.07052e-12	   -2.09064e-12	    1.36686e-11	    1.38204e-11	    1.89679e-12	    1.89887e-12	    1.91788e-12
    4.35191e+00	    1.11568e+00	    2.72895e-13	    2.75686e-13	    5.35435e-12	    5.36403e-12	    5.41433e-12	   -1.32454e-12	   -1.33697e-12	    8.69489e-12	    8.78786e-12	    1.20834e-12	    1.20959e-12	    1.22127e-12
    4.42535e+00	    1.11568e+00	    1.68421e-13	    1.70079e-13	    3.41439e-12	    3.42023e-12	    3.45117e-12	   -8.34365e-13	   -8.41925e-13	    5.44698e-12	    5.50298e-12	    7.58047e-13	    7.58791e-13	    7.65849e-13
    4.50119e+00	    1.11568e+00	    1.02258e-13	    1.03225e-13	    2.14308e-12	    2.14654e-12	    2.16525e-12	   -5.17156e-13	   -5.21674e-13	    3.35788e-12	    3.39105e-12	    4.67964e-13	    4.68398e-13	    4.72593e-13
    4.57954e+00	    1.11568e+00	    6.10285e-14	    6.15829e-14	    1.32291e-12	    1.32493e-12	    1.33605e-12	   -3.15141e-13	   -3.17793e-13	    2.03534e-12	    2.05464e-12	    2.84042e-13	    2.84290e-13	    2.86739e-13
    4.66054e+00	    1.11568e+00	    3.57704e-14	    3.60821e-14	    8.02445e-13	    8.03595e-13	    8.10085e-13	   -1.88637e-13	   -1.90165e-13	    1.21197e-12	    1.22299e-12	    1.69365e-13	    1.69505e-13	    1.70907e-13
    4.74432e+00	    1.11568e+00	    2.05711e-14	    2.07429e-14	    4.77847e-13	    4.78491e-13	    4.82204e-13	   -1.10811e-13	   -1.11674e-13	    7.08312e-13	    7.14481e-13	    9.91133e-14	    9.91901e-14	    9.99781e-14
    4.83103e+00	    1.11568e+00	    1.15956e-14	    1.16884e-14	    2.79075e-13	    2.79428e-13	    2.81510e-13	   -6.38169e-14	   -6.42940e-14	    4.05880e-13	    4.09263e-13	    5.68683e-14	    5.69098e-14	    5.73434e-14
    4.92084e+00	    1.11568e+00	    6.39973e-15	    6.44870e-15	    1.59679e-13	    1.59869e-13	    1.61011e-13	   -3.59930e-14	   -3.62512e-14	    2.27795e-13	    2.29610e-13	    3.19575e-14	    3.19794e-14	    3.22128e-14
    5.01391e+00	    1.11568e+00	    3.45425e-15	    3.47951e-15	    8.94081e-14	    8.95076e-14	    9.01201e-14	   -1.98578e-14	   -1.99942e-14	    1.25073e-13	    1.26025e-13	    1.75686e-14	    1.75799e-14	    1.77027e-14
    5.11042e+00	    1.11568e+00	    1.82107e-15	    1.83378e-15	    4.89294e-14	    4.89804e-14	    4.93010e-14	   -1.07036e-14	   -1.07740e-14	    6.70990e-14	    6.75860e-14	    9.43679e-15	    9.44245e-15	    9.50548e-15
    5.21058e+00	    1.11568e+00	    9.36463e-16	    9.42694e-16	    2.61368e-14	    2.61623e-14	    2.63259e-14	   -5.62913e-15	   -5.66451e-15	    3.51253e-14	    3.53682e-14	    4.94599e-15	    4.94876e-15	    4.98029e-15
    5.31459e+00	    1.11568e+00	    4.69047e-16	    4.72019e-16	    1.36084e-14	    1.36207e-14	    1.37021e-14	   -2.88426e-15	   -2.90156e-15	    1.79164e-14	    1.80343e-14	    2.52579e-15	    2.52711e-15	    2.54246e-15
    5.42269e+00	    1.11568e+00	    2.28466e-16	    2.29842e-16	    6.89541e-15	    6.90123e-15	    6.94050e-15	   -1.43758e-15	   -1.44581e-15	    8.89059e-15	    8.94619e-15	    1.25482e-15	    1.25543e-15	    1.26269e-15
    5.53513e+00	    1.11568e+00	    1.08035e-16	    1.08653e-16	    3.39460e-15	    3.39726e-15	    3.41566e-15	   -6.95837e-16	   -6.99625e-16	    4.28478e-15	    4.31021e-15	    6.05439e-16	    6.05713e-16	    6.09045e-16
    5.65217e+00	    1.11568e+00	    4.95050e-17	    4.97734e-17	    1.62071e-15	    1.62189e-15	    1.63024e-15	   -3.26486e-16	   -3.28175e-16	    2.00194e-15	    2.01320e-15	    2.83188e-16	    2.83307e-16	    2.84787e-16
    5.77410e+00	    1.11568e+00	    2.19385e-17	    2.20511e-17	    7.48965e-16	    7.49471e-16	    7.53131e-16	   -1.48198e-16	   -1.48926e-16	    9.04985e-16	    9.09801e-16	    1.28155e-16	    1.28205e-16	    1.28840e-16
    5.90125e+00	    1.11568e+00	    9.38197e-18	    9.42751e-18	    3.34295e-16	    3.34503e-16	    3.36051e-16	   -6.49401e-17	   -6.52422e-17	    3.94969e-16	    3.96955e-16	    5.59910e-17	    5.60112e-17	    5.62737e-17
    6.03396e+00	    1.11568e+00	    3.86267e-18	    3.88037e-18	    1.43781e-16	    1.43863e-16	    1.44493e-16	   -2.74066e-17	   -2.75272e-17	    1.66035e-16	    1.66822e-16	    2.35616e-17	    2.35694e-17	    2.36738e-17
    6.17261e+00	    1.11568e+00	    1.52711e-18	    1.53370e-18	    5.94394e-17	    5.94709e-17	    5.97166e-17	   -1.11112e-17	   -1.11573e-17	    6.70567e-17	    6.73561e-17	    9.52548e-18	    9.52839e-18	    9.56820e-18
    6.31760e+00	    1.11568e+00	    5.78118e-19	    5.80464e-19	    2.35532e-17	    2.35647e-17	    2.36564e-17	   -4.31535e-18	   -4.33225e-18	    2.59465e-17	    2.60554e-17	    3.68937e-18	    3.69041e-18	    3.70492e-18
    6.46939e+00	    1.11568e+00	    2.08926e-19	    2.09721e-19	    8.91890e-18	    8.92287e-18	    8.95555e-18	   -1.60066e-18	   -1.60655e-18	    9.58922e-18	    9.62697e-18	    1.36482e-18	    1.36517e-18	    1.37021e-18
    6.62847e+00	    1.11568e+00	    7.18337e-20	    7.20899e-20	    3.21671e-18	    3.21802e-18	    3.22908e-18	   -5.65131e-19	   -5.67084e-19	    3.37364e-18	    3.38608e-18	    4.80615e-19	    4.80728e-19	    4.82394e-19
    6.79539e+00	    1.11568e+00	    2.34107e-20	    2.34887e-20	    1.10095e-18	    1.10135e-18	    1.10490e-18	   -1.89221e-19	   -1.89833e-19	    1.12571e-18	    1.12959e-18	    1.60517e-19	    1.60551e-19	    1.61072e-19
    6.97073e+00	    1.11568e+00	    7.20234e-21	    7.22472e-21	    3.56140e-19	    3.56260e-19	    3.57331e-19	   -5.98405e-20	   -6.00214e-20	    3.54815e-19	    3.55953e-19	    5.06385e-20	    5.06484e-20	    5.08018e-20
    7.15517e+00	    1.11568e+00	    2.08230e-21	    2.08832e-21	    1.08403e-19	    1.08436e-19	    1.08740e-19	   -1.77942e-20	   -1.78444e-20	    1.05167e-19	    1.05480e-19	    1.50221e-20	    1.50248e-20	    1.50671e-20
    7.34943e+00	    1.11568e+00	    5.62934e-22	    5.64444e-22	    3.08957e-20	    3.09042e-20	    3.09847e-20	   -4.95073e-21	   -4.96370e-21	    2.91677e-20	    2.92484e-20	    4.16984e-21	    4.17050e-21	    4.18142e-21
    7.55432e+00	    1.11568e+00	    1.41523e-22	    1.41874e-22	    8.20030e-21	    8.20233e-21	    8.22214e-21	   -1.28172e-21	   -1.28483e-21	    7.52842e-21	    7.54767e-21	    1.07714e-21	    1.07730e-21	    1.07991e-21
    7.77076e+00	    1.11568e+00	    3.28878e-23	    3.29632e-23	    2.01495e-21	    2.01539e-21	    2.01990e-21	   -3.06942e-22	   -3.07632e-22	    1.79758e-21	    1.80182e-21	    2.57393e-22	    2.57426e-22	    2.58004e-22
    7.99974e+00	    1.11568e+00	    7.02242e-24	    7.03727e-24	    4.55672e-22	    4.55763e-22	    4.56704e-22	   -6.75898e-23	   -6.77302e-23	    3.94715e-22	    3.95574e-22	    5.65614e-23	    5.65680e-23	    5.66852e-23
    8.24239e+00	    1.11568e+00	    1.36870e-24	    1.37139e-24	    9.42119e-23	    9.42287e-23	    9.44099e-23	   -1.35948e-23	   -1.36210e-23	    7.91800e-23	    7.93400e-23	    1.13543e-23	    1.13555e-23	    1.13774e-23
    8.50000e+00	    1.11568e+00	    2.39023e-25	    2.39447e-25	    1.74908e-23	    1.74936e-23	    1.75240e-23	   -2.45294e-24	   -2.45723e-24	    1.42464e-23	    1.42724e-23	    2.04446e-24	    2.04465e-24	    2.04821e-24