# mc-number	             name	     mass	    width	deg	Qb	Qs	Qc	Qbot	isospin	charge	decays	   Nyield
#       321	               K+	  0.49400	0.00000e+00	1	0	  1	0	0	0.5	  1	  1	0.000115181
# 1:pbar [GeV]	2:m [GeV]	3:Feq 1	4:Feq 2	5:Fshear 1	6:Fshear 2	7:Fshear 3	8:Fbulk 1	9:Fbulk 2	10:Ftemp 1	11:Ftemp 2	12:Fvel 1	13:Fvel 2	14:Fvel 3
    3.62517e-03	    4.94000e-01	    2.08151e-04	    2.69051e-04	    5.15263e-09	    2.57626e-05	    6.45243e-09	    1.28070e-04	    1.90375e-04	    1.14823e-03	    1.62783e-03	    9.60894e-07	    3.61093e-03	    1.22176e-06
    7.25044e-03	    4.94000e-01	    4.16160e-04	    5.37921e-04	    4.12022e-08	    5.15374e-05	    5.15954e-08	    2.55978e-04	    3.80543e-04	    2.29569e-03	    3.25465e-03	    3.84208e-06	    3.61264e-03	    4.88505e-06
    1.08759e-02	    4.94000e-01	    6.23890e-04	    8.06396e-04	    1.38951e-07	    7.73362e-05	    1.73999e-07	    3.83569e-04	    5.70249e-04	    3.44165e-03	    4.87911e-03	    8.63905e-06	    3.61548e-03	    1.09842e-05
    1.45016e-02	    4.94000e-01	    8.31200e-04	    1.07432e-03	    3.29015e-07	    1.03171e-04	    4.11996e-07	    5.10679e-04	    7.59319e-04	    4.58532e-03	    6.50040e-03	    1.53444e-05	    3.61945e-03	    1.95092e-05
    1.81278e-02	    4.94000e-01	    1.03795e-03	    1.34149e-03	    6.41726e-07	    1.29053e-04	    8.03558e-07	    6.37151e-04	    9.47521e-04	    5.72595e-03	    8.11734e-03	    2.39475e-05	    3.62454e-03	    3.04468e-05
    2.17544e-02	    4.94000e-01	    1.24400e-03	    1.60772e-03	    1.10705e-06	    1.54995e-04	    1.38618e-06	    7.62828e-04	    1.13465e-03	    6.86281e-03	    9.72888e-03	    3.44353e-05	    3.63074e-03	    4.37793e-05
    2.53815e-02	    4.94000e-01	    1.44922e-03	    1.87284e-03	    1.75447e-06	    1.81007e-04	    2.19678e-06	    8.87556e-04	    1.32049e-03	    7.99514e-03	    1.13340e-02	    4.67912e-05	    3.63804e-03	    5.94857e-05
    2.90094e-02	    4.94000e-01	    1.65346e-03	    2.13665e-03	    2.61295e-06	    2.07100e-04	    3.27156e-06	    1.01118e-03	    1.50483e-03	    9.12220e-03	    1.29315e-02	    6.09963e-05	    3.64642e-03	    7.75410e-05
    3.26380e-02	    4.94000e-01	    1.85660e-03	    2.39899e-03	    3.71078e-06	    2.33284e-04	    4.64591e-06	    1.13355e-03	    1.68748e-03	    1.02433e-02	    1.45205e-02	    7.70285e-05	    3.65587e-03	    9.79169e-05
    3.62674e-02	    4.94000e-01	    2.05850e-03	    2.65965e-03	    5.07556e-06	    2.59569e-04	    6.35431e-06	    1.25453e-03	    1.86822e-03	    1.13576e-02	    1.60998e-02	    9.48632e-05	    3.66635e-03	    1.20581e-04
    3.98979e-02	    4.94000e-01	    2.25903e-03	    2.91849e-03	    6.73407e-06	    2.85965e-04	    8.43020e-06	    1.37395e-03	    2.04687e-03	    1.24646e-02	    1.76686e-02	    1.14473e-04	    3.67787e-03	    1.45498e-04
    4.35293e-02	    4.94000e-01	    2.45806e-03	    3.17531e-03	    8.71219e-06	    3.12480e-04	    1.09059e-05	    1.49169e-03	    2.22322e-03	    1.35634e-02	    1.92257e-02	    1.35828e-04	    3.69038e-03	    1.72628e-04
    4.71619e-02	    4.94000e-01	    2.65546e-03	    3.42996e-03	    1.10349e-05	    3.39122e-04	    1.38126e-05	    1.60761e-03	    2.39710e-03	    1.46534e-02	    2.07703e-02	    1.58895e-04	    3.70387e-03	    2.01930e-04
    5.07958e-02	    4.94000e-01	    2.85111e-03	    3.68226e-03	    1.37261e-05	    3.65898e-04	    1.71800e-05	    1.72157e-03	    2.56832e-03	    1.57339e-02	    2.23012e-02	    1.83640e-04	    3.71830e-03	    2.33357e-04
    5.44310e-02	    4.94000e-01	    3.04489e-03	    3.93204e-03	    1.68086e-05	    3.92815e-04	    2.10366e-05	    1.83344e-03	    2.73670e-03	    1.68042e-02	    2.38176e-02	    2.10024e-04	    3.73366e-03	    2.66861e-04
    5.80676e-02	    4.94000e-01	    3.23667e-03	    4.17916e-03	    2.03041e-05	    4.19880e-04	    2.54093e-05	    1.94310e-03	    2.90207e-03	    1.78638e-02	    2.53186e-02	    2.38009e-04	    3.74990e-03	    3.02391e-04
    6.17058e-02	    4.94000e-01	    3.42633e-03	    4.42345e-03	    2.42330e-05	    4.47096e-04	    3.03235e-05	    2.05043e-03	    3.06427e-03	    1.89119e-02	    2.68032e-02	    2.67553e-04	    3.76699e-03	    3.39891e-04
    6.53456e-02	    4.94000e-01	    3.61377e-03	    4.66476e-03	    2.86145e-05	    4.74468e-04	    3.58031e-05	    2.15530e-03	    3.22314e-03	    1.99480e-02	    2.82706e-02	    2.98610e-04	    3.78491e-03	    3.79306e-04
    6.89871e-02	    4.94000e-01	    3.79888e-03	    4.90294e-03	    3.34666e-05	    5.02000e-04	    4.18701e-05	    2.25762e-03	    3.37852e-03	    2.09714e-02	    2.97199e-02	    3.31136e-04	    3.80360e-03	    4.20574e-04
    7.26304e-02	    4.94000e-01	    3.98153e-03	    5.13786e-03	    3.88057e-05	    5.29693e-04	    4.85450e-05	    2.35728e-03	    3.53027e-03	    2.19816e-02	    3.11503e-02	    3.65082e-04	    3.82305e-03	    4.63634e-04
    7.62757e-02	    4.94000e-01	    4.16164e-03	    5.36936e-03	    4.46469e-05	    5.57550e-04	    5.58463e-05	    2.45417e-03	    3.67826e-03	    2.29780e-02	    3.25609e-02	    4.00399e-04	    3.84320e-03	    5.08421e-04
    7.99230e-02	    4.94000e-01	    4.33910e-03	    5.59732e-03	    5.10039e-05	    5.85571e-04	    6.37909e-05	    2.54821e-03	    3.82235e-03	    2.39601e-02	    3.39510e-02	    4.37035e-04	    3.86402e-03	    5.54870e-04
    8.35723e-02	    4.94000e-01	    4.51380e-03	    5.82160e-03	    5.78890e-05	    6.13755e-04	    7.23937e-05	    2.63930e-03	    3.96242e-03	    2.49274e-02	    3.53198e-02	    4.74937e-04	    3.88547e-03	    6.02910e-04
    8.72239e-02	    4.94000e-01	    4.68567e-03	    6.04209e-03	    6.53129e-05	    6.42101e-04	    8.16678e-05	    2.72737e-03	    4.09835e-03	    2.58792e-02	    3.66667e-02	    5.14052e-04	    3.90750e-03	    6.52472e-04
    9.08778e-02	    4.94000e-01	    4.85459e-03	    6.25865e-03	    7.32849e-05	    6.70607e-04	    9.16244e-05	    2.81233e-03	    4.23004e-03	    2.68153e-02	    3.79908e-02	    5.54324e-04	    3.93008e-03	    7.03483e-04
    9.45342e-02	    4.94000e-01	    5.02050e-03	    6.47119e-03	    8.18125e-05	    6.99269e-04	    1.02273e-04	    2.89411e-03	    4.35739e-03	    2.77350e-02	    3.92916e-02	    5.95695e-04	    3.95316e-03	    7.55871e-04
    9.81930e-02	    4.94000e-01	    5.18331e-03	    6.67958e-03	    9.09022e-05	    7.28084e-04	    1.13620e-04	    2.97266e-03	    4.48030e-03	    2.86380e-02	    4.05684e-02	    6.38108e-04	    3.97669e-03	    8.09560e-04
    1.01854e-01	    4.94000e-01	    5.34293e-03	    6.88373e-03	    1.00559e-04	    7.57046e-04	    1.25672e-04	    3.04791e-03	    4.59870e-03	    2.95238e-02	    4.18206e-02	    6.81505e-04	    4.00062e-03	    8.64475e-04
    1.05519e-01	    4.94000e-01	    5.49929e-03	    7.08353e-03	    1.10785e-04	    7.86148e-04	    1.38431e-04	    3.11981e-03	    4.71251e-03	    3.03920e-02	    4.30477e-02	    7.25825e-04	    4.02493e-03	    9.20537e-04
    1.09185e-01	    4.94000e-01	    5.65233e-03	    7.27890e-03	    1.21582e-04	    8.15384e-04	    1.51900e-04	    3.18832e-03	    4.82165e-03	    3.12423e-02	    4.42490e-02	    7.71009e-04	    4.04955e-03	    9.77671e-04
    1.12855e-01	    4.94000e-01	    5.80197e-03	    7.46974e-03	    1.32951e-04	    8.44746e-04	    1.66078e-04	    3.25339e-03	    4.92608e-03	    3.20744e-02	    4.54241e-02	    8.16996e-04	    4.07444e-03	    1.03580e-03
    1.16528e-01	    4.94000e-01	    5.94815e-03	    7.65598e-03	    1.44891e-04	    8.74225e-04	    1.80963e-04	    3.31500e-03	    5.02574e-03	    3.28878e-02	    4.65725e-02	    8.63725e-04	    4.09956e-03	    1.09483e-03
    1.20204e-01	    4.94000e-01	    6.09082e-03	    7.83754e-03	    1.57398e-04	    9.03811e-04	    1.96551e-04	    3.37311e-03	    5.12058e-03	    3.36823e-02	    4.76938e-02	    9.11134e-04	    4.12486e-03	    1.15470e-03
    1.23883e-01	    4.94000e-01	    6.22992e-03	    8.01434e-03	    1.70468e-04	    9.33494e-04	    2.12836e-04	    3.42770e-03	    5.21058e-03	    3.44575e-02	    4.87875e-02	    9.59161e-04	    4.15029e-03	    1.21533e-03
    1.27566e-01	    4.94000e-01	    6.36539e-03	    8.18633e-03	    1.84096e-04	    9.63261e-04	    2.29810e-04	    3.47877e-03	    5.29571e-03	    3.52133e-02	    4.98533e-02	    1.00775e-03	    4.17581e-03	    1.27663e-03
    1.31252e-01	    4.94000e-01	    6.49720e-03	    8.35345e-03	    1.98275e-04	    9.93101e-04	    2.47464e-04	    3.52629e-03	    5.37594e-03	    3.59494e-02	    5.08908e-02	    1.05682e-03	    4.20137e-03	    1.33852e-03
    1.34941e-01	    4.94000e-01	    6.62530e-03	    8.51563e-03	    2.12996e-04	    1.02300e-03	    2.65786e-04	    3.57026e-03	    5.45128e-03	    3.66656e-02	    5.18997e-02	    1.10634e-03	    4.22692e-03	    1.40093e-03
    1.38634e-01	    4.94000e-01	    6.74966e-03	    8.67284e-03	    2.28249e-04	    1.05295e-03	    2.84765e-04	    3.61069e-03	    5.52170e-03	    3.73617e-02	    5.28797e-02	    1.15622e-03	    4.25242e-03	    1.46378e-03
    1.42331e-01	    4.94000e-01	    6.87023e-03	    8.82503e-03	    2.44025e-04	    1.08293e-03	    3.04386e-04	    3.64759e-03	    5.58722e-03	    3.80375e-02	    5.38306e-02	    1.20642e-03	    4.27783e-03	    1.52699e-03
    1.46031e-01	    4.94000e-01	    6.98699e-03	    8.97217e-03	    2.60310e-04	    1.11292e-03	    3.24634e-04	    3.68096e-03	    5.64785e-03	    3.86929e-02	    5.47522e-02	    1.25687e-03	    4.30310e-03	    1.59047e-03
    1.49736e-01	    4.94000e-01	    7.09991e-03	    9.11422e-03	    2.77092e-04	    1.14292e-03	    3.45490e-04	    3.71083e-03	    5.70360e-03	    3.93277e-02	    5.56442e-02	    1.30751e-03	    4.32818e-03	    1.65416e-03
    1.53444e-01	    4.94000e-01	    7.20898e-03	    9.25116e-03	    2.94356e-04	    1.17290e-03	    3.66938e-04	    3.73721e-03	    5.75450e-03	    3.99418e-02	    5.65065e-02	    1.35828e-03	    4.35303e-03	    1.71798e-03
    1.57157e-01	    4.94000e-01	    7.31417e-03	    9.38296e-03	    3.12087e-04	    1.20285e-03	    3.88956e-04	    3.76014e-03	    5.80059e-03	    4.05352e-02	    5.73389e-02	    1.40913e-03	    4.37761e-03	    1.78185e-03
    1.60874e-01	    4.94000e-01	    7.41547e-03	    9.50962e-03	    3.30269e-04	    1.23275e-03	    4.11524e-04	    3.77965e-03	    5.84189e-03	    4.11078e-02	    5.81415e-02	    1.46000e-03	    4.40189e-03	    1.84571e-03
    1.64595e-01	    4.94000e-01	    7.51287e-03	    9.63111e-03	    3.48884e-04	    1.26259e-03	    4.34619e-04	    3.79578e-03	    5.87845e-03	    4.16596e-02	    5.89140e-02	    1.51082e-03	    4.42581e-03	    1.90947e-03
    1.68320e-01	    4.94000e-01	    7.60636e-03	    9.74745e-03	    3.67915e-04	    1.29234e-03	    4.58220e-04	    3.80856e-03	    5.91033e-03	    4.21905e-02	    5.96565e-02	    1.56155e-03	    4.44934e-03	    1.97306e-03
    1.72050e-01	    4.94000e-01	    7.69594e-03	    9.85862e-03	    3.87342e-04	    1.32200e-03	    4.82301e-04	    3.81804e-03	    5.93757e-03	    4.27005e-02	    6.03690e-02	    1.61213e-03	    4.47244e-03	    2.03643e-03
    1.75785e-01	    4.94000e-01	    7.78161e-03	    9.96463e-03	    4.07146e-04	    1.35153e-03	    5.06837e-04	    3.82428e-03	    5.96024e-03	    4.31897e-02	    6.10514e-02	    1.66251e-03	    4.49508e-03	    2.09949e-03
    1.79525e-01	    4.94000e-01	    7.86337e-03	    1.00655e-02	    4.27307e-04	    1.38092e-03	    5.31803e-04	    3.82732e-03	    5.97841e-03	    4.36581e-02	    6.17039e-02	    1.71263e-03	    4.51721e-03	    2.16219e-03
    1.83269e-01	    4.94000e-01	    7.94124e-03	    1.01612e-02	    4.47804e-04	    1.41016e-03	    5.57171e-04	    3.82723e-03	    5.99214e-03	    4.41058e-02	    6.23264e-02	    1.76245e-03	    4.53880e-03	    2.22446e-03
    1.87019e-01	    4.94000e-01	    8.01522e-03	    1.02518e-02	    4.68615e-04	    1.43922e-03	    5.82916e-04	    3.82406e-03	    6.00150e-03	    4.45327e-02	    6.29192e-02	    1.81192e-03	    4.55982e-03	    2.28624e-03
    1.90773e-01	    4.94000e-01	    8.08533e-03	    1.03373e-02	    4.89719e-04	    1.46809e-03	    6.09008e-04	    3.81788e-03	    6.00659e-03	    4.49391e-02	    6.34822e-02	    1.86098e-03	    4.58024e-03	    2.34746e-03
    1.94533e-01	    4.94000e-01	    8.15158e-03	    1.04178e-02	    5.11093e-04	    1.49674e-03	    6.35420e-04	    3.80875e-03	    6.00748e-03	    4.53250e-02	    6.40157e-02	    1.90959e-03	    4.60002e-03	    2.40806e-03
    1.98298e-01	    4.94000e-01	    8.21399e-03	    1.04932e-02	    5.32715e-04	    1.52517e-03	    6.62123e-04	    3.79674e-03	    6.00426e-03	    4.56906e-02	    6.45198e-02	    1.95771e-03	    4.61913e-03	    2.46800e-03
    2.02068e-01	    4.94000e-01	    8.27260e-03	    1.05635e-02	    5.54562e-04	    1.55334e-03	    6.89088e-04	    3.78193e-03	    5.99702e-03	    4.60360e-02	    6.49947e-02	    2.00530e-03	    4.63756e-03	    2.52721e-03
    2.05844e-01	    4.94000e-01	    8.32741e-03	    1.06290e-02	    5.76611e-04	    1.58124e-03	    7.16286e-04	    3.76439e-03	    5.98585e-03	    4.63613e-02	    6.54406e-02	    2.05230e-03	    4.65526e-03	    2.58565e-03
    2.09626e-01	    4.94000e-01	    8.37847e-03	    1.06895e-02	    5.98838e-04	    1.60886e-03	    7.43688e-04	    3.74419e-03	    5.97086e-03	    4.66667e-02	    6.58578e-02	    2.09869e-03	    4.67221e-03	    2.64326e-03
    2.13413e-01	    4.94000e-01	    8.42580e-03	    1.07451e-02	    6.21221e-04	    1.63617e-03	    7.71263e-04	    3.72141e-03	    5.95213e-03	    4.69524e-02	    6.62465e-02	    2.14442e-03	    4.68839e-03	    2.69999e-03
    2.17206e-01	    4.94000e-01	    8.46944e-03	    1.07959e-02	    6.43736e-04	    1.66317e-03	    7.98983e-04	    3.69613e-03	    5.92978e-03	    4.72187e-02	    6.66069e-02	    2.18946e-03	    4.70378e-03	    2.75580e-03
    2.21006e-01	    4.94000e-01	    8.50942e-03	    1.08419e-02	    6.66359e-04	    1.68982e-03	    8.26818e-04	    3.66844e-03	    5.90391e-03	    4.74656e-02	    6.69394e-02	    2.23377e-03	    4.71835e-03	    2.81064e-03
    2.24811e-01	    4.94000e-01	    8.54578e-03	    1.08832e-02	    6.89067e-04	    1.71611e-03	    8.54740e-04	    3.63841e-03	    5.87461e-03	    4.76934e-02	    6.72443e-02	    2.27731e-03	    4.73208e-03	    2.86448e-03
    2.28622e-01	    4.94000e-01	    8.57856e-03	    1.09199e-02	    7.11837e-04	    1.74203e-03	    8.82718e-04	    3.60613e-03	    5.84201e-03	    4.79024e-02	    6.75218e-02	    2.32006e-03	    4.74497e-03	    2.91726e-03
    2.32440e-01	    4.94000e-01	    8.60781e-03	    1.09519e-02	    7.34646e-04	    1.76756e-03	    9.10724e-04	    3.57168e-03	    5.80621e-03	    4.80928e-02	    6.77724e-02	    2.36198e-03	    4.75697e-03	    2.96896e-03
    2.36265e-01	    4.94000e-01	    8.63356e-03	    1.09794e-02	    7.57472e-04	    1.79268e-03	    9.38730e-04	    3.53514e-03	    5.76731e-03	    4.82648e-02	    6.79963e-02	    2.40305e-03	    4.76809e-03	    3.01954e-03
    2.40095e-01	    4.94000e-01	    8.65587e-03	    1.10024e-02	    7.80291e-04	    1.81738e-03	    9.66707e-04	    3.49661e-03	    5.72543e-03	    4.84188e-02	    6.81940e-02	    2.44324e-03	    4.77831e-03	    3.06896e-03
    2.43933e-01	    4.94000e-01	    8.67479e-03	    1.10210e-02	    8.03082e-04	    1.84164e-03	    9.94628e-04	    3.45616e-03	    5.68068e-03	    4.85549e-02	    6.83657e-02	    2.48252e-03	    4.78762e-03	    3.11719e-03
    2.47777e-01	    4.94000e-01	    8.69036e-03	    1.10352e-02	    8.25822e-04	    1.86546e-03	    1.02247e-03	    3.41389e-03	    5.63318e-03	    4.86734e-02	    6.85120e-02	    2.52087e-03	    4.79599e-03	    3.16421e-03
    2.51628e-01	    4.94000e-01	    8.70263e-03	    1.10452e-02	    8.48491e-04	    1.88881e-03	    1.05019e-03	    3.36988e-03	    5.58302e-03	    4.87747e-02	    6.86332e-02	    2.55827e-03	    4.80343e-03	    3.20999e-03
    2.55487e-01	    4.94000e-01	    8.71166e-03	    1.10510e-02	    8.71067e-04	    1.91168e-03	    1.07779e-03	    3.32421e-03	    5.53034e-03	    4.88591e-02	    6.87297e-02	    2.59470e-03	    4.80992e-03	    3.25450e-03
    2.59352e-01	    4.94000e-01	    8.71750e-03	    1.10527e-02	    8.93530e-04	    1.93406e-03	    1.10522e-03	    3.27697e-03	    5.47523e-03	    4.89267e-02	    6.88019e-02	    2.63014e-03	    4.81546e-03	    3.29772e-03
    2.63225e-01	    4.94000e-01	    8.72021e-03	    1.10504e-02	    9.15860e-04	    1.95594e-03	    1.13246e-03	    3.22825e-03	    5.41781e-03	    4.89780e-02	    6.88503e-02	    2.66456e-03	    4.82003e-03	    3.33963e-03
    2.67105e-01	    4.94000e-01	    8.71984e-03	    1.10440e-02	    9.38037e-04	    1.97731e-03	    1.15950e-03	    3.17812e-03	    5.35819e-03	    4.90131e-02	    6.88753e-02	    2.69797e-03	    4.82364e-03	    3.38021e-03
    2.70992e-01	    4.94000e-01	    8.71645e-03	    1.10338e-02	    9.60042e-04	    1.99815e-03	    1.18630e-03	    3.12668e-03	    5.29648e-03	    4.90326e-02	    6.88773e-02	    2.73033e-03	    4.82628e-03	    3.41945e-03
    2.74887e-01	    4.94000e-01	    8.71010e-03	    1.10198e-02	    9.81857e-04	    2.01845e-03	    1.21284e-03	    3.07401e-03	    5.23279e-03	    4.90365e-02	    6.88569e-02	    2.76164e-03	    4.82795e-03	    3.45732e-03
    2.78790e-01	    4.94000e-01	    8.70084e-03	    1.10021e-02	    1.00346e-03	    2.03822e-03	    1.23911e-03	    3.02018e-03	    5.16723e-03	    4.90254e-02	    6.88143e-02	    2.79189e-03	    4.82864e-03	    3.49382e-03
    2.82701e-01	    4.94000e-01	    8.68875e-03	    1.09807e-02	    1.02485e-03	    2.05743e-03	    1.26508e-03	    2.96528e-03	    5.09991e-03	    4.89994e-02	    6.87502e-02	    2.82106e-03	    4.82835e-03	    3.52893e-03
    2.86620e-01	    4.94000e-01	    8.67387e-03	    1.09558e-02	    1.04599e-03	    2.07607e-03	    1.29072e-03	    2.90939e-03	    5.03092e-03	    4.89589e-02	    6.86649e-02	    2.84915e-03	    4.82709e-03	    3.56265e-03
    2.90547e-01	    4.94000e-01	    8.65627e-03	    1.09274e-02	    1.06687e-03	    2.09415e-03	    1.31603e-03	    2.85259e-03	    4.96038e-03	    4.89043e-02	    6.85589e-02	    2.87616e-03	    4.82486e-03	    3.59497e-03
    2.94483e-01	    4.94000e-01	    8.63601e-03	    1.08956e-02	    1.08748e-03	    2.11165e-03	    1.34099e-03	    2.79496e-03	    4.88839e-03	    4.88358e-02	    6.84328e-02	    2.90206e-03	    4.82165e-03	    3.62587e-03
    2.98426e-01	    4.94000e-01	    8.61316e-03	    1.08605e-02	    1.10780e-03	    2.12857e-03	    1.36556e-03	    2.73656e-03	    4.81504e-03	    4.87539e-02	    6.82869e-02	    2.92687e-03	    4.81748e-03	    3.65536e-03
    3.02379e-01	    4.94000e-01	    8.58777e-03	    1.08222e-02	    1.12782e-03	    2.14490e-03	    1.38975e-03	    2.67748e-03	    4.74045e-03	    4.86587e-02	    6.81218e-02	    2.95058e-03	    4.81234e-03	    3.68344e-03
    3.06340e-01	    4.94000e-01	    8.55991e-03	    1.07807e-02	    1.14752e-03	    2.16064e-03	    1.41353e-03	    2.61780e-03	    4.66470e-03	    4.85506e-02	    6.79378e-02	    2.97317e-03	    4.80624e-03	    3.71010e-03
    3.10309e-01	    4.94000e-01	    8.52964e-03	    1.07362e-02	    1.16690e-03	    2.17578e-03	    1.43688e-03	    2.55757e-03	    4.58789e-03	    4.84301e-02	    6.77356e-02	    2.99466e-03	    4.79919e-03	    3.73533e-03
    3.14288e-01	    4.94000e-01	    8.49702e-03	    1.06888e-02	    1.18594e-03	    2.19032e-03	    1.45980e-03	    2.49687e-03	    4.51012e-03	    4.82973e-02	    6.75155e-02	    3.01505e-03	    4.79120e-03	    3.75915e-03
    3.18276e-01	    4.94000e-01	    8.46212e-03	    1.06384e-02	    1.20462e-03	    2.20426e-03	    1.48227e-03	    2.43577e-03	    4.43148e-03	    4.81526e-02	    6.72781e-02	    3.03432e-03	    4.78227e-03	    3.78156e-03
    3.22273e-01	    4.94000e-01	    8.42499e-03	    1.05853e-02	    1.22295e-03	    2.21759e-03	    1.50428e-03	    2.37434e-03	    4.35205e-03	    4.79964e-02	    6.70238e-02	    3.05249e-03	    4.77241e-03	    3.80256e-03
    3.26279e-01	    4.94000e-01	    8.38571e-03	    1.05295e-02	    1.24090e-03	    2.23031e-03	    1.52581e-03	    2.31264e-03	    4.27193e-03	    4.78289e-02	    6.67530e-02	    3.06956e-03	    4.76163e-03	    3.82215e-03
    3.30295e-01	    4.94000e-01	    8.34434e-03	    1.04710e-02	    1.25847e-03	    2.24242e-03	    1.54685e-03	    2.25073e-03	    4.19120e-03	    4.76505e-02	    6.64663e-02	    3.08553e-03	    4.74994e-03	    3.84034e-03
    3.34321e-01	    4.94000e-01	    8.30093e-03	    1.04100e-02	    1.27566e-03	    2.25392e-03	    1.56740e-03	    2.18868e-03	    4.10994e-03	    4.74614e-02	    6.61641e-02	    3.10041e-03	    4.73736e-03	    3.85714e-03
    3.38356e-01	    4.94000e-01	    8.25556e-03	    1.03466e-02	    1.29244e-03	    2.26481e-03	    1.58744e-03	    2.12654e-03	    4.02824e-03	    4.72621e-02	    6.58469e-02	    3.11420e-03	    4.72388e-03	    3.87255e-03
    3.42401e-01	    4.94000e-01	    8.20827e-03	    1.02808e-02	    1.30882e-03	    2.27508e-03	    1.60697e-03	    2.06438e-03	    3.94617e-03	    4.70528e-02	    6.55152e-02	    3.12691e-03	    4.70953e-03	    3.88660e-03
    3.46456e-01	    4.94000e-01	    8.15914e-03	    1.02127e-02	    1.32479e-03	    2.28475e-03	    1.62598e-03	    2.00224e-03	    3.86380e-03	    4.68337e-02	    6.51693e-02	    3.13855e-03	    4.69431e-03	    3.89928e-03
    3.50522e-01	    4.94000e-01	    8.10822e-03	    1.01424e-02	    1.34034e-03	    2.29381e-03	    1.64446e-03	    1.94019e-03	    3.78122e-03	    4.66053e-02	    6.48097e-02	    3.14912e-03	    4.67824e-03	    3.91061e-03
    3.54597e-01	    4.94000e-01	    8.05558e-03	    1.00700e-02	    1.35547e-03	    2.30226e-03	    1.66241e-03	    1.87827e-03	    3.69850e-03	    4.63679e-02	    6.44370e-02	    3.15863e-03	    4.66133e-03	    3.92059e-03
    3.58684e-01	    4.94000e-01	    8.00128e-03	    9.99555e-03	    1.37017e-03	    2.31011e-03	    1.67982e-03	    1.81654e-03	    3.61570e-03	    4.61216e-02	    6.40515e-02	    3.16709e-03	    4.64360e-03	    3.92925e-03
    3.62781e-01	    4.94000e-01	    7.94537e-03	    9.91913e-03	    1.38444e-03	    2.31735e-03	    1.69668e-03	    1.75504e-03	    3.53289e-03	    4.58668e-02	    6.36537e-02	    3.17451e-03	    4.62505e-03	    3.93660e-03
    3.66888e-01	    4.94000e-01	    7.88791e-03	    9.84083e-03	    1.39827e-03	    2.32400e-03	    1.71299e-03	    1.69382e-03	    3.45014e-03	    4.56039e-02	    6.32440e-02	    3.18090e-03	    4.60571e-03	    3.94265e-03
    3.71007e-01	    4.94000e-01	    7.82898e-03	    9.76074e-03	    1.41166e-03	    2.33004e-03	    1.72875e-03	    1.63293e-03	    3.36750e-03	    4.53330e-02	    6.28228e-02	    3.18628e-03	    4.58558e-03	    3.94742e-03
    3.75137e-01	    4.94000e-01	    7.76861e-03	    9.67891e-03	    1.42460e-03	    2.33550e-03	    1.74395e-03	    1.57240e-03	    3.28505e-03	    4.50544e-02	    6.23906e-02	    3.19065e-03	    4.56469e-03	    3.95092e-03
    3.79278e-01	    4.94000e-01	    7.70687e-03	    9.59544e-03	    1.43710e-03	    2.34037e-03	    1.75860e-03	    1.51229e-03	    3.20283e-03	    4.47685e-02	    6.19477e-02	    3.19402e-03	    4.54304e-03	    3.95317e-03
    3.83430e-01	    4.94000e-01	    7.64383e-03	    9.51040e-03	    1.44915e-03	    2.34466e-03	    1.77268e-03	    1.45263e-03	    3.12090e-03	    4.44755e-02	    6.14947e-02	    3.19642e-03	    4.52066e-03	    3.95418e-03
    3.87594e-01	    4.94000e-01	    7.57952e-03	    9.42386e-03	    1.46075e-03	    2.34836e-03	    1.78620e-03	    1.39345e-03	    3.03932e-03	    4.41757e-02	    6.10319e-02	    3.19784e-03	    4.49755e-03	    3.95398e-03
    3.91770e-01	    4.94000e-01	    7.51402e-03	    9.33590e-03	    1.47190e-03	    2.35150e-03	    1.79917e-03	    1.33480e-03	    2.95814e-03	    4.38693e-02	    6.05597e-02	    3.19831e-03	    4.47374e-03	    3.95258e-03
    3.95957e-01	    4.94000e-01	    7.44736e-03	    9.24659e-03	    1.48260e-03	    2.35406e-03	    1.81157e-03	    1.27671e-03	    2.87741e-03	    4.35566e-02	    6.00785e-02	    3.19783e-03	    4.44924e-03	    3.94999e-03
    4.00157e-01	    4.94000e-01	    7.37962e-03	    9.15599e-03	    1.49285e-03	    2.35606e-03	    1.82340e-03	    1.21921e-03	    2.79718e-03	    4.32378e-02	    5.95886e-02	    3.19642e-03	    4.42406e-03	    3.94625e-03
    4.04368e-01	    4.94000e-01	    7.31084e-03	    9.06419e-03	    1.50265e-03	    2.35751e-03	    1.83468e-03	    1.16232e-03	    2.71748e-03	    4.29132e-02	    5.90906e-02	    3.19410e-03	    4.39823e-03	    3.94136e-03
    4.08593e-01	    4.94000e-01	    7.24107e-03	    8.97125e-03	    1.51199e-03	    2.35841e-03	    1.84539e-03	    1.10610e-03	    2.63837e-03	    4.25831e-02	    5.85847e-02	    3.19088e-03	    4.37175e-03	    3.93535e-03
    4.12829e-01	    4.94000e-01	    7.17037e-03	    8.87724e-03	    1.52089e-03	    2.35876e-03	    1.85555e-03	    1.05055e-03	    2.55988e-03	    4.22476e-02	    5.80713e-02	    3.18677e-03	    4.34465e-03	    3.92823e-03
    4.17079e-01	    4.94000e-01	    7.09878e-03	    8.78223e-03	    1.52933e-03	    2.35857e-03	    1.86514e-03	    9.95703e-04	    2.48205e-03	    4.19070e-02	    5.75508e-02	    3.18179e-03	    4.31694e-03	    3.92003e-03
    4.21341e-01	    4.94000e-01	    7.02637e-03	    8.68628e-03	    1.53733e-03	    2.35786e-03	    1.87419e-03	    9.41590e-04	    2.40493e-03	    4.15615e-02	    5.70235e-02	    3.17595e-03	    4.28863e-03	    3.91076e-03
    4.25616e-01	    4.94000e-01	    6.95317e-03	    8.58945e-03	    1.54488e-03	    2.35662e-03	    1.88267e-03	    8.88231e-04	    2.32855e-03	    4.12114e-02	    5.64899e-02	    3.16927e-03	    4.25975e-03	    3.90045e-03
    4.29905e-01	    4.94000e-01	    6.87923e-03	    8.49182e-03	    1.55198e-03	    2.35486e-03	    1.89061e-03	    8.35648e-04	    2.25293e-03	    4.08569e-02	    5.59502e-02	    3.16177e-03	    4.23032e-03	    3.88911e-03
    4.34206e-01	    4.94000e-01	    6.80461e-03	    8.39343e-03	    1.55864e-03	    2.35260e-03	    1.89800e-03	    7.83861e-04	    2.17812e-03	    4.04981e-02	    5.54047e-02	    3.15345e-03	    4.20033e-03	    3.87677e-03
    4.38522e-01	    4.94000e-01	    6.72935e-03	    8.29437e-03	    1.56486e-03	    2.34983e-03	    1.90485e-03	    7.32889e-04	    2.10414e-03	    4.01354e-02	    5.48539e-02	    3.14434e-03	    4.16982e-03	    3.86345e-03
    4.42851e-01	    4.94000e-01	    6.65349e-03	    8.19467e-03	    1.57065e-03	    2.34657e-03	    1.91116e-03	    6.82749e-04	    2.03102e-03	    3.97688e-02	    5.42981e-02	    3.13445e-03	    4.13880e-03	    3.84916e-03
    4.47194e-01	    4.94000e-01	    6.57709e-03	    8.09441e-03	    1.57600e-03	    2.34282e-03	    1.91693e-03	    6.33459e-04	    1.95880e-03	    3.93987e-02	    5.37374e-02	    3.12379e-03	    4.10729e-03	    3.83394e-03
    4.51551e-01	    4.94000e-01	    6.50018e-03	    7.99365e-03	    1.58091e-03	    2.33859e-03	    1.92217e-03	    5.85034e-04	    1.88748e-03	    3.90251e-02	    5.31724e-02	    3.11239e-03	    4.07529e-03	    3.81779e-03
    4.55923e-01	    4.94000e-01	    6.42281e-03	    7.89243e-03	    1.58540e-03	    2.33388e-03	    1.92687e-03	    5.37486e-04	    1.81710e-03	    3.86484e-02	    5.26033e-02	    3.10025e-03	    4.04284e-03	    3.80075e-03
    4.60309e-01	    4.94000e-01	    6.34503e-03	    7.79081e-03	    1.58946e-03	    2.32872e-03	    1.93106e-03	    4.90830e-04	    1.74769e-03	    3.82687e-02	    5.20303e-02	    3.08740e-03	    4.00994e-03	    3.78282e-03
    4.64709e-01	    4.94000e-01	    6.26687e-03	    7.68885e-03	    1.59309e-03	    2.32309e-03	    1.93472e-03	    4.45075e-04	    1.67925e-03	    3.78861e-02	    5.14538e-02	    3.07384e-03	    3.97661e-03	    3.76404e-03
    4.69125e-01	    4.94000e-01	    6.18837e-03	    7.58659e-03	    1.59631e-03	    2.31702e-03	    1.93787e-03	    4.00233e-04	    1.61181e-03	    3.75009e-02	    5.08741e-02	    3.05960e-03	    3.94286e-03	    3.74443e-03
    4.73555e-01	    4.94000e-01	    6.10959e-03	    7.48410e-03	    1.59911e-03	    2.31050e-03	    1.94050e-03	    3.56313e-04	    1.54539e-03	    3.71132e-02	    5.02914e-02	    3.04470e-03	    3.90872e-03	    3.72399e-03
    4.78001e-01	    4.94000e-01	    6.03054e-03	    7.38142e-03	    1.60150e-03	    2.30355e-03	    1.94263e-03	    3.13322e-04	    1.48000e-03	    3.67232e-02	    4.97061e-02	    3.02914e-03	    3.87420e-03	    3.70277e-03
    4.82462e-01	    4.94000e-01	    5.95128e-03	    7.27861e-03	    1.60349e-03	    2.29617e-03	    1.94426e-03	    2.71268e-04	    1.41567e-03	    3.63310e-02	    4.91184e-02	    3.01294e-03	    3.83931e-03	    3.68077e-03
    4.86939e-01	    4.94000e-01	    5.87184e-03	    7.17570e-03	    1.60506e-03	    2.28838e-03	    1.94540e-03	    2.30157e-04	    1.35240e-03	    3.59369e-02	    4.85285e-02	    2.99612e-03	    3.80407e-03	    3.65801e-03
    4.91432e-01	    4.94000e-01	    5.79227e-03	    7.07275e-03	    1.60624e-03	    2.28017e-03	    1.94604e-03	    1.89994e-04	    1.29020e-03	    3.55410e-02	    4.79368e-02	    2.97870e-03	    3.76849e-03	    3.63453e-03
    4.95941e-01	    4.94000e-01	    5.71258e-03	    6.96980e-03	    1.60702e-03	    2.27156e-03	    1.94619e-03	    1.50784e-04	    1.22909e-03	    3.51435e-02	    4.73434e-02	    2.96068e-03	    3.73259e-03	    3.61034e-03
    5.00466e-01	    4.94000e-01	    5.63283e-03	    6.86690e-03	    1.60741e-03	    2.26255e-03	    1.94586e-03	    1.12528e-04	    1.16908e-03	    3.47445e-02	    4.67487e-02	    2.94209e-03	    3.69639e-03	    3.58545e-03
    5.05007e-01	    4.94000e-01	    5.55304e-03	    6.76409e-03	    1.60740e-03	    2.25316e-03	    1.94506e-03	    7.52305e-05	    1.11018e-03	    3.43441e-02	    4.61529e-02	    2.92295e-03	    3.65989e-03	    3.55990e-03
    5.09565e-01	    4.94000e-01	    5.47325e-03	    6.66141e-03	    1.60702e-03	    2.24338e-03	    1.94379e-03	    3.88919e-05	    1.05239e-03	    3.39425e-02	    4.55562e-02	    2.90326e-03	    3.62312e-03	    3.53369e-03
    5.14140e-01	    4.94000e-01	    5.39349e-03	    6.55891e-03	    1.60625e-03	    2.23323e-03	    1.94205e-03	    3.51314e-06	    9.95730e-04	    3.35399e-02	    4.49588e-02	    2.88305e-03	    3.58609e-03	    3.50686e-03
    5.18732e-01	    4.94000e-01	    5.31379e-03	    6.45662e-03	    1.60511e-03	    2.22272e-03	    1.93985e-03	   -3.09058e-05	    9.40197e-04	    3.31364e-02	    4.43610e-02	    2.86232e-03	    3.54881e-03	    3.47942e-03
    5.23341e-01	    4.94000e-01	    5.23419e-03	    6.35459e-03	    1.60360e-03	    2.21184e-03	    1.93720e-03	   -6.43660e-05	    8.85798e-04	    3.27321e-02	    4.37630e-02	    2.84110e-03	    3.51130e-03	    3.45139e-03
    5.27968e-01	    4.94000e-01	    5.15471e-03	    6.25285e-03	    1.60171e-03	    2.20062e-03	    1.93410e-03	   -9.68688e-05	    8.32538e-04	    3.23272e-02	    4.31650e-02	    2.81939e-03	    3.47357e-03	    3.42280e-03
    5.32613e-01	    4.94000e-01	    5.07539e-03	    6.15143e-03	    1.59947e-03	    2.18905e-03	    1.93055e-03	   -1.28417e-04	    7.80420e-04	    3.19218e-02	    4.25673e-02	    2.79722e-03	    3.43564e-03	    3.39365e-03
    5.37275e-01	    4.94000e-01	    4.99625e-03	    6.05038e-03	    1.59686e-03	    2.17714e-03	    1.92656e-03	   -1.59013e-04	    7.29447e-04	    3.15160e-02	    4.19700e-02	    2.77461e-03	    3.39752e-03	    3.36398e-03
    5.41956e-01	    4.94000e-01	    4.91733e-03	    5.94974e-03	    1.59390e-03	    2.16491e-03	    1.92214e-03	   -1.88660e-04	    6.79620e-04	    3.11099e-02	    4.13733e-02	    2.75155e-03	    3.35922e-03	    3.33380e-03
    5.46655e-01	    4.94000e-01	    4.83864e-03	    5.84952e-03	    1.59059e-03	    2.15235e-03	    1.91730e-03	   -2.17363e-04	    6.30941e-04	    3.07038e-02	    4.07775e-02	    2.72808e-03	    3.32076e-03	    3.30314e-03
    5.51373e-01	    4.94000e-01	    4.76023e-03	    5.74978e-03	    1.58694e-03	    2.13948e-03	    1.91203e-03	   -2.45128e-04	    5.83408e-04	    3.02977e-02	    4.01826e-02	    2.70420e-03	    3.28215e-03	    3.27200e-03
    5.56110e-01	    4.94000e-01	    4.68210e-03	    5.65053e-03	    1.58294e-03	    2.12630e-03	    1.90634e-03	   -2.71958e-04	    5.37022e-04	    2.98916e-02	    3.95890e-02	    2.67993e-03	    3.24341e-03	    3.24041e-03
    5.60866e-01	    4.94000e-01	    4.60429e-03	    5.55181e-03	    1.57860e-03	    2.11282e-03	    1.90025e-03	   -2.97860e-04	    4.91782e-04	    2.94859e-02	    3.89969e-02	    2.65529e-03	    3.20454e-03	    3.20840e-03
    5.65641e-01	    4.94000e-01	    4.52683e-03	    5.45365e-03	    1.57393e-03	    2.09904e-03	    1.89374e-03	   -3.22841e-04	    4.47683e-04	    2.90805e-02	    3.84062e-02	    2.63028e-03	    3.16556e-03	    3.17597e-03
    5.70436e-01	    4.94000e-01	    4.44973e-03	    5.35607e-03	    1.56893e-03	    2.08498e-03	    1.88684e-03	   -3.46908e-04	    4.04725e-04	    2.86755e-02	    3.78174e-02	    2.60493e-03	    3.12648e-03	    3.14315e-03
    5.75250e-01	    4.94000e-01	    4.37302e-03	    5.25911e-03	    1.56361e-03	    2.07064e-03	    1.87954e-03	   -3.70068e-04	    3.62903e-04	    2.82712e-02	    3.72304e-02	    2.57925e-03	    3.08732e-03	    3.10995e-03
    5.80085e-01	    4.94000e-01	    4.29672e-03	    5.16280e-03	    1.55796e-03	    2.05602e-03	    1.87186e-03	   -3.92329e-04	    3.22213e-04	    2.78675e-02	    3.66456e-02	    2.55325e-03	    3.04809e-03	    3.07640e-03
    5.84941e-01	    4.94000e-01	    4.22086e-03	    5.06715e-03	    1.55200e-03	    2.04113e-03	    1.86379e-03	   -4.13700e-04	    2.82650e-04	    2.74646e-02	    3.60630e-02	    2.52695e-03	    3.00880e-03	    3.04252e-03
    5.89816e-01	    4.94000e-01	    4.14545e-03	    4.97220e-03	    1.54573e-03	    2.02599e-03	    1.85534e-03	   -4.34189e-04	    2.44208e-04	    2.70626e-02	    3.54828e-02	    2.50035e-03	    2.96947e-03	    3.00832e-03
    5.94713e-01	    4.94000e-01	    4.07052e-03	    4.87796e-03	    1.53915e-03	    2.01059e-03	    1.84652e-03	   -4.53805e-04	    2.06882e-04	    2.66616e-02	    3.49052e-02	    2.47349e-03	    2.93009e-03	    2.97381e-03
    5.99631e-01	    4.94000e-01	    3.99608e-03	    4.78446e-03	    1.53227e-03	    1.99494e-03	    1.83733e-03	   -4.72558e-04	    1.70666e-04	    2.62618e-02	    3.43303e-02	    2.44636e-03	    2.89070e-03	    2.93903e-03
    6.04571e-01	    4.94000e-01	    3.92215e-03	    4.69173e-03	    1.52508e-03	    1.97906e-03	    1.82778e-03	   -4.90459e-04	    1.35550e-04	    2.58631e-02	    3.37583e-02	    2.41899e-03	    2.85129e-03	    2.90398e-03
    6.09532e-01	    4.94000e-01	    3.84876e-03	    4.59978e-03	    1.51761e-03	    1.96294e-03	    1.81788e-03	   -5.07517e-04	    1.01529e-04	    2.54657e-02	    3.31892e-02	    2.39138e-03	    2.81189e-03	    2.86869e-03
    6.14515e-01	    4.94000e-01	    3.77592e-03	    4.50863e-03	    1.50984e-03	    1.94659e-03	    1.80762e-03	   -5.23743e-04	    6.85941e-05	    2.50697e-02	    3.26233e-02	    2.36355e-03	    2.77250e-03	    2.83316e-03
    6.19520e-01	    4.94000e-01	    3.70365e-03	    4.41831e-03	    1.50179e-03	    1.93002e-03	    1.79703e-03	   -5.39148e-04	    3.67360e-05	    2.46752e-02	    3.20607e-02	    2.33552e-03	    2.73313e-03	    2.79743e-03
    6.24548e-01	    4.94000e-01	    3.63196e-03	    4.32883e-03	    1.49346e-03	    1.91323e-03	    1.78609e-03	   -5.53743e-04	    5.94593e-06	    2.42823e-02	    3.15015e-02	    2.30729e-03	    2.69380e-03	    2.76150e-03
    6.29598e-01	    4.94000e-01	    3.56087e-03	    4.24021e-03	    1.48485e-03	    1.89624e-03	    1.77483e-03	   -5.67540e-04	   -2.37859e-05	    2.38910e-02	    3.09458e-02	    2.27888e-03	    2.65451e-03	    2.72540e-03
    6.34672e-01	    4.94000e-01	    3.49039e-03	    4.15247e-03	    1.47597e-03	    1.87904e-03	    1.76323e-03	   -5.80550e-04	   -5.24694e-05	    2.35014e-02	    3.03938e-02	    2.25031e-03	    2.61528e-03	    2.68913e-03
    6.39769e-01	    4.94000e-01	    3.42055e-03	    4.06563e-03	    1.46682e-03	    1.86165e-03	    1.75132e-03	   -5.92786e-04	   -8.01152e-05	    2.31137e-02	    2.98455e-02	    2.22159e-03	    2.57612e-03	    2.65272e-03
    6.44890e-01	    4.94000e-01	    3.35135e-03	    3.97969e-03	    1.45741e-03	    1.84407e-03	    1.73910e-03	   -6.04259e-04	   -1.06734e-04	    2.27280e-02	    2.93011e-02	    2.19272e-03	    2.53703e-03	    2.61619e-03
    6.50035e-01	    4.94000e-01	    3.28280e-03	    3.89468e-03	    1.44774e-03	    1.82631e-03	    1.72656e-03	   -6.14983e-04	   -1.32338e-04	    2.23442e-02	    2.87607e-02	    2.16373e-03	    2.49804e-03	    2.57954e-03
    6.55204e-01	    4.94000e-01	    3.21493e-03	    3.81060e-03	    1.43782e-03	    1.80837e-03	    1.71373e-03	   -6.24970e-04	   -1.56937e-04	    2.19625e-02	    2.82244e-02	    2.13463e-03	    2.45914e-03	    2.54281e-03
    6.60398e-01	    4.94000e-01	    3.14774e-03	    3.72747e-03	    1.42764e-03	    1.79025e-03	    1.70060e-03	   -6.34232e-04	   -1.80545e-04	    2.15830e-02	    2.76924e-02	    2.10542e-03	    2.42035e-03	    2.50599e-03
    6.65617e-01	    4.94000e-01	    3.08124e-03	    3.64531e-03	    1.41723e-03	    1.77198e-03	    1.68718e-03	   -6.42783e-04	   -2.03174e-04	    2.12057e-02	    2.71646e-02	    2.07612e-03	    2.38169e-03	    2.46911e-03
    6.70861e-01	    4.94000e-01	    3.01545e-03	    3.56413e-03	    1.40657e-03	    1.75355e-03	    1.67348e-03	   -6.50636e-04	   -2.24836e-04	    2.08307e-02	    2.66413e-02	    2.04675e-03	    2.34315e-03	    2.43218e-03
    6.76130e-01	    4.94000e-01	    2.95037e-03	    3.48393e-03	    1.39569e-03	    1.73496e-03	    1.65950e-03	   -6.57805e-04	   -2.45544e-04	    2.04581e-02	    2.61225e-02	    2.01731e-03	    2.30476e-03	    2.39523e-03
    6.81425e-01	    4.94000e-01	    2.88602e-03	    3.40472e-03	    1.38457e-03	    1.71623e-03	    1.64526e-03	   -6.64302e-04	   -2.65313e-04	    2.00880e-02	    2.56082e-02	    1.98782e-03	    2.26651e-03	    2.35826e-03
    6.86747e-01	    4.94000e-01	    2.82241e-03	    3.32652e-03	    1.37323e-03	    1.69736e-03	    1.63075e-03	   -6.70142e-04	   -2.84155e-04	    1.97204e-02	    2.50987e-02	    1.95829e-03	    2.22842e-03	    2.32128e-03
    6.92095e-01	    4.94000e-01	    2.75954e-03	    3.24933e-03	    1.36166e-03	    1.67836e-03	    1.61598e-03	   -6.75338e-04	   -3.02084e-04	    1.93554e-02	    2.45939e-02	    1.92873e-03	    2.19050e-03	    2.28432e-03
    6.97470e-01	    4.94000e-01	    2.69742e-03	    3.17317e-03	    1.34989e-03	    1.65923e-03	    1.60097e-03	   -6.79904e-04	   -3.19116e-04	    1.89931e-02	    2.40940e-02	    1.89916e-03	    2.15276e-03	    2.24739e-03
    7.02873e-01	    4.94000e-01	    2.63607e-03	    3.09803e-03	    1.33790e-03	    1.63998e-03	    1.58571e-03	   -6.83854e-04	   -3.35263e-04	    1.86335e-02	    2.35990e-02	    1.86958e-03	    2.11520e-03	    2.21051e-03
    7.08303e-01	    4.94000e-01	    2.57548e-03	    3.02393e-03	    1.32572e-03	    1.62061e-03	    1.57022e-03	   -6.87202e-04	   -3.50542e-04	    1.82767e-02	    2.31090e-02	    1.84000e-03	    2.07784e-03	    2.17368e-03
    7.13761e-01	    4.94000e-01	    2.51567e-03	    2.95087e-03	    1.31333e-03	    1.60114e-03	    1.55451e-03	   -6.89963e-04	   -3.64967e-04	    1.79228e-02	    2.26240e-02	    1.81045e-03	    2.04068e-03	    2.13692e-03
    7.19247e-01	    4.94000e-01	    2.45664e-03	    2.87886e-03	    1.30075e-03	    1.58157e-03	    1.53857e-03	   -6.92149e-04	   -3.78553e-04	    1.75718e-02	    2.21442e-02	    1.78092e-03	    2.00374e-03	    2.10025e-03
    7.24762e-01	    4.94000e-01	    2.39839e-03	    2.80790e-03	    1.28798e-03	    1.56190e-03	    1.52241e-03	   -6.93777e-04	   -3.91315e-04	    1.72238e-02	    2.16697e-02	    1.75143e-03	    1.96702e-03	    2.06367e-03
    7.30306e-01	    4.94000e-01	    2.34094e-03	    2.73800e-03	    1.27503e-03	    1.54215e-03	    1.50605e-03	   -6.94859e-04	   -4.03270e-04	    1.68789e-02	    2.12004e-02	    1.72200e-03	    1.93052e-03	    2.02721e-03
    7.35879e-01	    4.94000e-01	    2.28429e-03	    2.66915e-03	    1.26191e-03	    1.52231e-03	    1.48950e-03	   -6.95410e-04	   -4.14432e-04	    1.65370e-02	    2.07364e-02	    1.69262e-03	    1.89427e-03	    1.99088e-03
    7.41482e-01	    4.94000e-01	    2.22844e-03	    2.60137e-03	    1.24861e-03	    1.50240e-03	    1.47275e-03	   -6.95444e-04	   -4.24819e-04	    1.61983e-02	    2.02778e-02	    1.66332e-03	    1.85826e-03	    1.95468e-03
    7.47116e-01	    4.94000e-01	    2.17339e-03	    2.53465e-03	    1.23515e-03	    1.48241e-03	    1.45582e-03	   -6.94976e-04	   -4.34446e-04	    1.58629e-02	    1.98246e-02	    1.63411e-03	    1.82250e-03	    1.91863e-03
    7.52780e-01	    4.94000e-01	    2.11915e-03	    2.46900e-03	    1.22152e-03	    1.46237e-03	    1.43871e-03	   -6.94021e-04	   -4.43329e-04	    1.55306e-02	    1.93770e-02	    1.60498e-03	    1.78701e-03	    1.88275e-03
    7.58475e-01	    4.94000e-01	    2.06573e-03	    2.40441e-03	    1.20775e-03	    1.44227e-03	    1.42143e-03	   -6.92591e-04	   -4.51485e-04	    1.52017e-02	    1.89348e-02	    1.57596e-03	    1.75178e-03	    1.84704e-03
    7.64201e-01	    4.94000e-01	    2.01312e-03	    2.34089e-03	    1.19383e-03	    1.42211e-03	    1.40399e-03	   -6.90703e-04	   -4.58929e-04	    1.48762e-02	    1.84983e-02	    1.54705e-03	    1.71683e-03	    1.81152e-03
    7.69959e-01	    4.94000e-01	    1.96133e-03	    2.27844e-03	    1.17976e-03	    1.40192e-03	    1.38640e-03	   -6.88369e-04	   -4.65680e-04	    1.45541e-02	    1.80674e-02	    1.51827e-03	    1.68216e-03	    1.77620e-03
    7.75750e-01	    4.94000e-01	    1.91035e-03	    2.21706e-03	    1.16556e-03	    1.38168e-03	    1.36867e-03	   -6.85605e-04	   -4.71753e-04	    1.42354e-02	    1.76421e-02	    1.48962e-03	    1.64779e-03	    1.74108e-03
    7.81573e-01	    4.94000e-01	    1.86020e-03	    2.15674e-03	    1.15123e-03	    1.36142e-03	    1.35080e-03	   -6.82425e-04	   -4.77166e-04	    1.39202e-02	    1.72225e-02	    1.46111e-03	    1.61371e-03	    1.70620e-03
    7.87429e-01	    4.94000e-01	    1.81087e-03	    2.09749e-03	    1.13678e-03	    1.34113e-03	    1.33280e-03	   -6.78842e-04	   -4.81935e-04	    1.36086e-02	    1.68086e-02	    1.43275e-03	    1.57993e-03	    1.67154e-03
    7.93319e-01	    4.94000e-01	    1.76236e-03	    2.03929e-03	    1.12221e-03	    1.32083e-03	    1.31468e-03	   -6.74871e-04	   -4.86077e-04	    1.33006e-02	    1.64005e-02	    1.40455e-03	    1.54647e-03	    1.63712e-03
    7.99243e-01	    4.94000e-01	    1.71467e-03	    1.98216e-03	    1.10753e-03	    1.30051e-03	    1.29645e-03	   -6.70526e-04	   -4.89609e-04	    1.29961e-02	    1.59982e-02	    1.37652e-03	    1.51332e-03	    1.60296e-03
    8.05201e-01	    4.94000e-01	    1.66780e-03	    1.92609e-03	    1.09274e-03	    1.28019e-03	    1.27811e-03	   -6.65821e-04	   -4.92548e-04	    1.26954e-02	    1.56017e-02	    1.34868e-03	    1.48049e-03	    1.56907e-03
    8.11194e-01	    4.94000e-01	    1.62175e-03	    1.87106e-03	    1.07786e-03	    1.25987e-03	    1.25968e-03	   -6.60770e-04	   -4.94911e-04	    1.23983e-02	    1.52110e-02	    1.32102e-03	    1.44799e-03	    1.53545e-03
    8.17222e-01	    4.94000e-01	    1.57652e-03	    1.81709e-03	    1.06289e-03	    1.23956e-03	    1.24116e-03	   -6.55387e-04	   -4.96716e-04	    1.21050e-02	    1.48261e-02	    1.29355e-03	    1.41583e-03	    1.50211e-03
    8.23287e-01	    4.94000e-01	    1.53211e-03	    1.76416e-03	    1.04783e-03	    1.21926e-03	    1.22256e-03	   -6.49686e-04	   -4.97979e-04	    1.18154e-02	    1.44471e-02	    1.26629e-03	    1.38401e-03	    1.46906e-03
    8.29387e-01	    4.94000e-01	    1.48851e-03	    1.71227e-03	    1.03269e-03	    1.19899e-03	    1.20390e-03	   -6.43679e-04	   -4.98717e-04	    1.15296e-02	    1.40739e-02	    1.23924e-03	    1.35253e-03	    1.43631e-03
    8.35524e-01	    4.94000e-01	    1.44573e-03	    1.66141e-03	    1.01748e-03	    1.17874e-03	    1.18517e-03	   -6.37382e-04	   -4.98947e-04	    1.12476e-02	    1.37067e-02	    1.21241e-03	    1.32140e-03	    1.40388e-03
    8.41699e-01	    4.94000e-01	    1.40376e-03	    1.61159e-03	    1.00221e-03	    1.15853e-03	    1.16639e-03	   -6.30807e-04	   -4.98687e-04	    1.09694e-02	    1.33453e-02	    1.18580e-03	    1.29063e-03	    1.37176e-03
    8.47911e-01	    4.94000e-01	    1.36259e-03	    1.56278e-03	    9.86880e-04	    1.13835e-03	    1.14756e-03	   -6.23968e-04	   -4.97953e-04	    1.06952e-02	    1.29898e-02	    1.15943e-03	    1.26022e-03	    1.33997e-03
    8.54162e-01	    4.94000e-01	    1.32223e-03	    1.51499e-03	    9.71497e-04	    1.11823e-03	    1.12869e-03	   -6.16877e-04	   -4.96762e-04	    1.04248e-02	    1.26403e-02	    1.13330e-03	    1.23017e-03	    1.30851e-03
    8.60452e-01	    4.94000e-01	    1.28267e-03	    1.46821e-03	    9.56069e-04	    1.09816e-03	    1.10980e-03	   -6.09549e-04	   -4.95131e-04	    1.01583e-02	    1.22966e-02	    1.10742e-03	    1.20049e-03	    1.27740e-03
    8.66781e-01	    4.94000e-01	    1.24391e-03	    1.42244e-03	    9.40603e-04	    1.07815e-03	    1.09089e-03	   -6.01996e-04	   -4.93076e-04	    9.89574e-03	    1.19588e-02	    1.08180e-03	    1.17118e-03	    1.24663e-03
    8.73149e-01	    4.94000e-01	    1.20594e-03	    1.37765e-03	    9.25107e-04	    1.05820e-03	    1.07197e-03	   -5.94230e-04	   -4.90615e-04	    9.63714e-03	    1.16268e-02	    1.05643e-03	    1.14226e-03	    1.21622e-03
    8.79559e-01	    4.94000e-01	    1.16876e-03	    1.33386e-03	    9.09586e-04	    1.03833e-03	    1.05305e-03	   -5.86265e-04	   -4.87763e-04	    9.38249e-03	    1.13008e-02	    1.03134e-03	    1.11371e-03	    1.18618e-03
    8.86009e-01	    4.94000e-01	    1.13236e-03	    1.29104e-03	    8.94047e-04	    1.01854e-03	    1.03413e-03	   -5.78113e-04	   -4.84538e-04	    9.13183e-03	    1.09806e-02	    1.00652e-03	    1.08555e-03	    1.15650e-03
    8.92501e-01	    4.94000e-01	    1.09674e-03	    1.24919e-03	    8.78498e-04	    9.98831e-04	    1.01522e-03	   -5.69786e-04	   -4.80955e-04	    8.88515e-03	    1.06663e-02	    9.81976e-04	    1.05777e-03	    1.12720e-03
    8.99035e-01	    4.94000e-01	    1.06189e-03	    1.20830e-03	    8.62946e-04	    9.79216e-04	    9.96342e-04	   -5.61296e-04	   -4.77031e-04	    8.64246e-03	    1.03578e-02	    9.57720e-04	    1.03039e-03	    1.09828e-03
    9.05611e-01	    4.94000e-01	    1.02780e-03	    1.16836e-03	    8.47396e-04	    9.59698e-04	    9.77492e-04	   -5.52656e-04	   -4.72782e-04	    8.40378e-03	    1.00551e-02	    9.33754e-04	    1.00340e-03	    1.06974e-03
    9.12231e-01	    4.94000e-01	    9.94482e-04	    1.12937e-03	    8.31856e-04	    9.40284e-04	    9.58681e-04	   -5.43878e-04	   -4.68223e-04	    8.16912e-03	    9.75819e-03	    9.10085e-04	    9.76810e-04	    1.04160e-03
    9.18895e-01	    4.94000e-01	    9.61915e-04	    1.09130e-03	    8.16333e-04	    9.20979e-04	    9.39918e-04	   -5.34972e-04	   -4.63370e-04	    7.93846e-03	    9.46708e-03	    8.86716e-04	    9.50617e-04	    1.01385e-03
    9.25604e-01	    4.94000e-01	    9.30095e-04	    1.05416e-03	    8.00833e-04	    9.01791e-04	    9.21211e-04	   -5.25951e-04	   -4.58239e-04	    7.71182e-03	    9.18172e-03	    8.63652e-04	    9.24826e-04	    9.86507e-04
    9.32358e-01	    4.94000e-01	    8.99016e-04	    1.01793e-03	    7.85364e-04	    8.82724e-04	    9.02568e-04	   -5.16826e-04	   -4.52844e-04	    7.48921e-03	    8.90209e-03	    8.40899e-04	    8.99439e-04	    9.59566e-04
    9.39157e-01	    4.94000e-01	    8.68671e-04	    9.82601e-04	    7.69931e-04	    8.63785e-04	    8.83997e-04	   -5.07607e-04	   -4.47202e-04	    7.27060e-03	    8.62814e-03	    8.18459e-04	    8.74457e-04	    9.33034e-04
    9.46003e-01	    4.94000e-01	    8.39052e-04	    9.48163e-04	    7.54542e-04	    8.44980e-04	    8.65506e-04	   -4.98307e-04	   -4.41327e-04	    7.05602e-03	    8.35986e-03	    7.96338e-04	    8.49883e-04	    9.06914e-04
    9.52896e-01	    4.94000e-01	    8.10153e-04	    9.14605e-04	    7.39204e-04	    8.26313e-04	    8.47102e-04	   -4.88934e-04	   -4.35234e-04	    6.84544e-03	    8.09721e-03	    7.74538e-04	    8.25717e-04	    8.81210e-04
    9.59837e-01	    4.94000e-01	    7.81965e-04	    8.81915e-04	    7.23922e-04	    8.07791e-04	    8.28794e-04	   -4.79501e-04	   -4.28937e-04	    6.63886e-03	    7.84016e-03	    7.53063e-04	    8.01962e-04	    8.55925e-04
    9.66826e-01	    4.94000e-01	    7.54481e-04	    8.50082e-04	    7.08703e-04	    7.89420e-04	    8.10589e-04	   -4.70016e-04	   -4.22451e-04	    6.43628e-03	    7.58866e-03	    7.31917e-04	    7.78617e-04	    8.31061e-04
    9.73865e-01	    4.94000e-01	    7.27693e-04	    8.19094e-04	    6.93554e-04	    7.71204e-04	    7.92494e-04	   -4.60491e-04	   -4.15789e-04	    6.23768e-03	    7.34268e-03	    7.11102e-04	    7.55685e-04	    8.06621e-04
    9.80953e-01	    4.94000e-01	    7.01591e-04	    7.88940e-04	    6.78482e-04	    7.53149e-04	    7.74517e-04	   -4.50934e-04	   -4.08965e-04	    6.04305e-03	    7.10218e-03	    6.90622e-04	    7.33165e-04	    7.82607e-04
    9.88092e-01	    4.94000e-01	    6.76169e-04	    7.59608e-04	    6.63492e-04	    7.35260e-04	    7.56665e-04	   -4.41356e-04	   -4.01993e-04	    5.85238e-03	    6.86711e-03	    6.70478e-04	    7.11057e-04	    7.59021e-04
    9.95282e-01	    4.94000e-01	    6.51417e-04	    7.31085e-04	    6.48590e-04	    7.17542e-04	    7.38946e-04	   -4.31766e-04	   -3.94886e-04	    5.66566e-03	    6.63743e-03	    6.50673e-04	    6.89363e-04	    7.35864e-04
    1.00252e+00	    4.94000e-01	    6.27326e-04	    7.03361e-04	    6.33784e-04	    7.00000e-04	    7.21366e-04	   -4.22173e-04	   -3.87657e-04	    5.48286e-03	    6.41309e-03	    6.31209e-04	    6.68082e-04	    7.13137e-04
    1.00982e+00	    4.94000e-01	    6.03887e-04	    6.76421e-04	    6.19078e-04	    6.82639e-04	    7.03931e-04	   -4.12585e-04	   -3.80319e-04	    5.30397e-03	    6.19405e-03	    6.12088e-04	    6.47213e-04	    6.90842e-04
    1.01717e+00	    4.94000e-01	    5.81092e-04	    6.50255e-04	    6.04479e-04	    6.65464e-04	    6.86650e-04	   -4.03012e-04	   -3.72884e-04	    5.12897e-03	    5.98025e-03	    5.93311e-04	    6.26757e-04	    6.68978e-04
    1.02457e+00	    4.94000e-01	    5.58932e-04	    6.24848e-04	    5.89993e-04	    6.48480e-04	    6.69528e-04	   -3.93462e-04	   -3.65364e-04	    4.95783e-03	    5.77164e-03	    5.74880e-04	    6.06712e-04	    6.47547e-04
    1.03203e+00	    4.94000e-01	    5.37396e-04	    6.00189e-04	    5.75625e-04	    6.31690e-04	    6.52571e-04	   -3.83942e-04	   -3.57771e-04	    4.79054e-03	    5.56818e-03	    5.56795e-04	    5.87078e-04	    6.26548e-04
    1.03954e+00	    4.94000e-01	    5.16476e-04	    5.76266e-04	    5.61381e-04	    6.15099e-04	    6.35786e-04	   -3.74461e-04	   -3.50117e-04	    4.62706e-03	    5.36979e-03	    5.39058e-04	    5.67854e-04	    6.05981e-04
    1.04712e+00	    4.94000e-01	    4.96161e-04	    5.53064e-04	    5.47267e-04	    5.98712e-04	    6.19178e-04	   -3.65027e-04	   -3.42413e-04	    4.46737e-03	    5.17644e-03	    5.21669e-04	    5.49038e-04	    5.85846e-04
    1.05474e+00	    4.94000e-01	    4.76442e-04	    5.30571e-04	    5.33287e-04	    5.82532e-04	    6.02754e-04	   -3.55647e-04	   -3.34669e-04	    4.31145e-03	    4.98806e-03	    5.04629e-04	    5.30629e-04	    5.66141e-04
    1.06243e+00	    4.94000e-01	    4.57310e-04	    5.08775e-04	    5.19447e-04	    5.66563e-04	    5.86519e-04	   -3.46327e-04	   -3.26897e-04	    4.15925e-03	    4.80459e-03	    4.87937e-04	    5.12625e-04	    5.46867e-04
    1.07018e+00	    4.94000e-01	    4.38755e-04	    4.87662e-04	    5.05753e-04	    5.50810e-04	    5.70479e-04	   -3.37075e-04	   -3.19107e-04	    4.01076e-03	    4.62598e-03	    4.71593e-04	    4.95025e-04	    5.28020e-04
    1.07799e+00	    4.94000e-01	    4.20766e-04	    4.67219e-04	    4.92208e-04	    5.35275e-04	    5.54638e-04	   -3.27898e-04	   -3.11308e-04	    3.86594e-03	    4.45216e-03	    4.55598e-04	    4.77826e-04	    5.09601e-04
    1.08586e+00	    4.94000e-01	    4.03333e-04	    4.47433e-04	    4.78818e-04	    5.19962e-04	    5.39002e-04	   -3.18801e-04	   -3.03511e-04	    3.72476e-03	    4.28306e-03	    4.39950e-04	    4.61026e-04	    4.91607e-04
    1.09379e+00	    4.94000e-01	    3.86448e-04	    4.28292e-04	    4.65587e-04	    5.04874e-04	    5.23576e-04	   -3.09791e-04	   -2.95725e-04	    3.58717e-03	    4.11863e-03	    4.24649e-04	    4.44622e-04	    4.74035e-04
    1.10178e+00	    4.94000e-01	    3.70098e-04	    4.09781e-04	    4.52520e-04	    4.90014e-04	    5.08363e-04	   -3.00874e-04	   -2.87958e-04	    3.45315e-03	    3.95880e-03	    4.09694e-04	    4.28612e-04	    4.56885e-04
    1.10984e+00	    4.94000e-01	    3.54275e-04	    3.91889e-04	    4.39622e-04	    4.75386e-04	    4.93369e-04	   -2.92055e-04	   -2.80219e-04	    3.32266e-03	    3.80351e-03	    3.95084e-04	    4.12994e-04	    4.40152e-04
    1.11796e+00	    4.94000e-01	    3.38968e-04	    3.74601e-04	    4.26895e-04	    4.60992e-04	    4.78597e-04	   -2.83339e-04	   -2.72517e-04	    3.19565e-03	    3.65268e-03	    3.80817e-04	    3.97763e-04	    4.23835e-04
    1.12615e+00	    4.94000e-01	    3.24167e-04	    3.57905e-04	    4.14345e-04	    4.46835e-04	    4.64052e-04	   -2.74732e-04	   -2.64860e-04	    3.07209e-03	    3.50626e-03	    3.66892e-04	    3.82918e-04	    4.07931e-04
    1.13441e+00	    4.94000e-01	    3.09861e-04	    3.41787e-04	    4.01975e-04	    4.32916e-04	    4.49737e-04	   -2.66239e-04	   -2.57255e-04	    2.95194e-03	    3.36416e-03	    3.53306e-04	    3.68454e-04	    3.92435e-04
    1.14273e+00	    4.94000e-01	    2.96040e-04	    3.26235e-04	    3.89788e-04	    4.19239e-04	    4.35656e-04	   -2.57863e-04	   -2.49709e-04	    2.83515e-03	    3.22633e-03	    3.40058e-04	    3.54368e-04	    3.77346e-04
    1.15112e+00	    4.94000e-01	    2.82695e-04	    3.11237e-04	    3.77788e-04	    4.05805e-04	    4.21812e-04	   -2.49609e-04	   -2.42230e-04	    2.72167e-03	    3.09269e-03	    3.27146e-04	    3.40657e-04	    3.62658e-04
    1.15959e+00	    4.94000e-01	    2.69814e-04	    2.96777e-04	    3.65979e-04	    3.92616e-04	    4.08207e-04	   -2.41481e-04	   -2.34825e-04	    2.61148e-03	    2.96318e-03	    3.14567e-04	    3.27316e-04	    3.48369e-04
    1.16812e+00	    4.94000e-01	    2.57388e-04	    2.82845e-04	    3.54362e-04	    3.79674e-04	    3.94845e-04	   -2.33484e-04	   -2.27499e-04	    2.50451e-03	    2.83771e-03	    3.02319e-04	    3.14343e-04	    3.34474e-04
    1.17673e+00	    4.94000e-01	    2.45406e-04	    2.69427e-04	    3.42942e-04	    3.66980e-04	    3.81729e-04	   -2.25619e-04	   -2.20259e-04	    2.40073e-03	    2.71622e-03	    2.90398e-04	    3.01731e-04	    3.20969e-04
    1.18541e+00	    4.94000e-01	    2.33857e-04	    2.56511e-04	    3.31720e-04	    3.54535e-04	    3.68860e-04	   -2.17891e-04	   -2.13110e-04	    2.30008e-03	    2.59864e-03	    2.78803e-04	    2.89478e-04	    3.07850e-04
    1.19417e+00	    4.94000e-01	    2.22733e-04	    2.44083e-04	    3.20700e-04	    3.42341e-04	    3.56240e-04	   -2.10303e-04	   -2.06058e-04	    2.20252e-03	    2.48489e-03	    2.67529e-04	    2.77579e-04	    2.95112e-04
    1.20300e+00	    4.94000e-01	    2.12022e-04	    2.32132e-04	    3.09883e-04	    3.30398e-04	    3.43872e-04	   -2.02857e-04	   -1.99107e-04	    2.10800e-03	    2.37490e-03	    2.56573e-04	    2.66029e-04	    2.82749e-04
    1.21192e+00	    4.94000e-01	    2.01715e-04	    2.20644e-04	    2.99271e-04	    3.18708e-04	    3.31756e-04	   -1.95555e-04	   -1.92263e-04	    2.01647e-03	    2.26860e-03	    2.45932e-04	    2.54824e-04	    2.70759e-04
    1.22090e+00	    4.94000e-01	    1.91801e-04	    2.09608e-04	    2.88867e-04	    3.07270e-04	    3.19895e-04	   -1.88401e-04	   -1.85529e-04	    1.92788e-03	    2.16591e-03	    2.35603e-04	    2.43959e-04	    2.59134e-04
    1.22997e+00	    4.94000e-01	    1.82271e-04	    1.99011e-04	    2.78672e-04	    2.96086e-04	    3.08289e-04	   -1.81395e-04	   -1.78910e-04	    1.84218e-03	    2.06676e-03	    2.25582e-04	    2.33429e-04	    2.47871e-04
    1.23912e+00	    4.94000e-01	    1.73114e-04	    1.88842e-04	    2.68687e-04	    2.85154e-04	    2.96940e-04	   -1.74541e-04	   -1.72410e-04	    1.75931e-03	    1.97108e-03	    2.15864e-04	    2.23229e-04	    2.36963e-04
    1.24836e+00	    4.94000e-01	    1.64321e-04	    1.79087e-04	    2.58914e-04	    2.74476e-04	    2.85847e-04	   -1.67838e-04	   -1.66031e-04	    1.67922e-03	    1.87878e-03	    2.06446e-04	    2.13354e-04	    2.26405e-04
    1.25767e+00	    4.94000e-01	    1.55881e-04	    1.69736e-04	    2.49353e-04	    2.64050e-04	    2.75012e-04	   -1.61289e-04	   -1.59777e-04	    1.60187e-03	    1.78980e-03	    1.97324e-04	    2.03799e-04	    2.16192e-04
    1.26708e+00	    4.94000e-01	    1.47785e-04	    1.60776e-04	    2.40007e-04	    2.53877e-04	    2.64434e-04	   -1.54895e-04	   -1.53652e-04	    1.52720e-03	    1.70406e-03	    1.88492e-04	    1.94558e-04	    2.06318e-04
    1.27656e+00	    4.94000e-01	    1.40024e-04	    1.52196e-04	    2.30874e-04	    2.43956e-04	    2.54114e-04	   -1.48656e-04	   -1.47656e-04	    1.45515e-03	    1.62149e-03	    1.79948e-04	    1.85625e-04	    1.96777e-04
    1.28614e+00	    4.94000e-01	    1.32588e-04	    1.43985e-04	    2.21956e-04	    2.34286e-04	    2.44050e-04	   -1.42573e-04	   -1.41793e-04	    1.38567e-03	    1.54201e-03	    1.71686e-04	    1.76997e-04	    1.87563e-04
    1.29581e+00	    4.94000e-01	    1.25467e-04	    1.36131e-04	    2.13252e-04	    2.24866e-04	    2.34243e-04	   -1.36647e-04	   -1.36065e-04	    1.31871e-03	    1.46555e-03	    1.63701e-04	    1.68666e-04	    1.78669e-04
    1.30557e+00	    4.94000e-01	    1.18652e-04	    1.28623e-04	    2.04764e-04	    2.15695e-04	    2.24693e-04	   -1.30877e-04	   -1.30473e-04	    1.25421e-03	    1.39203e-03	    1.55990e-04	    1.60627e-04	    1.70091e-04
    1.31542e+00	    4.94000e-01	    1.12134e-04	    1.21450e-04	    1.96490e-04	    2.06771e-04	    2.15396e-04	   -1.25263e-04	   -1.25019e-04	    1.19212e-03	    1.32139e-03	    1.48546e-04	    1.52875e-04	    1.61822e-04
    1.32536e+00	    4.94000e-01	    1.05904e-04	    1.14602e-04	    1.88431e-04	    1.98094e-04	    2.06354e-04	   -1.19807e-04	   -1.19703e-04	    1.13238e-03	    1.25354e-03	    1.41366e-04	    1.45404e-04	    1.53855e-04
    1.33540e+00	    4.94000e-01	    9.99522e-05	    1.08067e-04	    1.80585e-04	    1.89660e-04	    1.97564e-04	   -1.14506e-04	   -1.14528e-04	    1.07493e-03	    1.18842e-03	    1.34444e-04	    1.38208e-04	    1.46184e-04
    1.34554e+00	    4.94000e-01	    9.42704e-05	    1.01835e-04	    1.72953e-04	    1.81470e-04	    1.89025e-04	   -1.09361e-04	   -1.09492e-04	    1.01974e-03	    1.12595e-03	    1.27775e-04	    1.31281e-04	    1.38803e-04
    1.35578e+00	    4.94000e-01	    8.88495e-05	    9.58962e-05	    1.65533e-04	    1.73519e-04	    1.80735e-04	   -1.04370e-04	   -1.04597e-04	    9.66725e-04	    1.06606e-03	    1.21355e-04	    1.24617e-04	    1.31705e-04
    1.36612e+00	    4.94000e-01	    8.36811e-05	    9.02400e-05	    1.58323e-04	    1.65807e-04	    1.72691e-04	   -9.95334e-05	   -9.98434e-05	    9.15848e-04	    1.00868e-03	    1.15176e-04	    1.18210e-04	    1.24884e-04
    1.37656e+00	    4.94000e-01	    7.87566e-05	    8.48566e-05	    1.51324e-04	    1.58331e-04	    1.64893e-04	   -9.48492e-05	   -9.52302e-05	    8.67048e-04	    9.53734e-04	    1.09236e-04	    1.12055e-04	    1.18333e-04
    1.38711e+00	    4.94000e-01	    7.40676e-05	    7.97362e-05	    1.44533e-04	    1.51088e-04	    1.57337e-04	   -9.03164e-05	   -9.07576e-05	    8.20273e-04	    9.01158e-04	    1.03528e-04	    1.06145e-04	    1.12046e-04
    1.39776e+00	    4.94000e-01	    6.96059e-05	    7.48694e-05	    1.37948e-04	    1.44076e-04	    1.50021e-04	   -8.59334e-05	   -8.64250e-05	    7.75466e-04	    8.50880e-04	    9.80463e-05	    1.00475e-04	    1.06016e-04
    1.40853e+00	    4.94000e-01	    6.53635e-05	    7.02466e-05	    1.31568e-04	    1.37293e-04	    1.42943e-04	   -8.16988e-05	   -8.22317e-05	    7.32575e-04	    8.02831e-04	    9.27864e-05	    9.50375e-05	    1.00237e-04
    1.41940e+00	    4.94000e-01	    6.13324e-05	    6.58589e-05	    1.25391e-04	    1.30734e-04	    1.36099e-04	   -7.76109e-05	   -7.81768e-05	    6.91545e-04	    7.56942e-04	    8.77427e-05	    8.98276e-05	    9.47023e-05
    1.43039e+00	    4.94000e-01	    5.75048e-05	    6.16971e-05	    1.19415e-04	    1.24397e-04	    1.29486e-04	   -7.36677e-05	   -7.42592e-05	    6.52322e-04	    7.13146e-04	    8.29097e-05	    8.48390e-05	    8.94049e-05
    1.44149e+00	    4.94000e-01	    5.38731e-05	    5.77524e-05	    1.13637e-04	    1.18279e-04	    1.23101e-04	   -6.98672e-05	   -7.04777e-05	    6.14853e-04	    6.71376e-04	    7.82819e-05	    8.00657e-05	    8.43385e-05
    1.45270e+00	    4.94000e-01	    5.04299e-05	    5.40164e-05	    1.08055e-04	    1.12376e-04	    1.16941e-04	   -6.62074e-05	   -6.68308e-05	    5.79085e-04	    6.31567e-04	    7.38539e-05	    7.55018e-05	    7.94966e-05
    1.46404e+00	    4.94000e-01	    4.71679e-05	    5.04807e-05	    1.02667e-04	    1.06686e-04	    1.11003e-04	   -6.26860e-05	   -6.33169e-05	    5.44966e-04	    5.93653e-04	    6.96203e-05	    7.11412e-05	    7.48726e-05
    1.47549e+00	    4.94000e-01	    4.40798e-05	    4.71370e-05	    9.74690e-05	    1.01203e-04	    1.05282e-04	   -5.93007e-05	   -5.99343e-05	    5.12444e-04	    5.57570e-04	    6.55756e-05	    6.69780e-05	    7.04601e-05
    1.48707e+00	    4.94000e-01	    4.11587e-05	    4.39773e-05	    9.24592e-05	    9.59262e-05	    9.97750e-05	   -5.60490e-05	   -5.66812e-05	    4.81467e-04	    5.23256e-04	    6.17144e-05	    6.30064e-05	    6.62527e-05
    1.49878e+00	    4.94000e-01	    3.83978e-05	    4.09940e-05	    8.76342e-05	    9.08500e-05	    9.44784e-05	   -5.29284e-05	   -5.35554e-05	    4.51985e-04	    4.90647e-04	    5.80313e-05	    5.92204e-05	    6.22440e-05
    1.51061e+00	    4.94000e-01	    3.57904e-05	    3.81794e-05	    8.29911e-05	    8.59710e-05	    8.93880e-05	   -4.99363e-05	   -5.05548e-05	    4.23947e-04	    4.59684e-04	    5.45209e-05	    5.56143e-05	    5.84275e-05
    1.52257e+00	    4.94000e-01	    3.33299e-05	    3.55261e-05	    7.85266e-05	    8.12852e-05	    8.44997e-05	   -4.70699e-05	   -4.76772e-05	    3.97305e-04	    4.30305e-04	    5.11778e-05	    5.21822e-05	    5.47971e-05
    1.53467e+00	    4.94000e-01	    3.10102e-05	    3.30271e-05	    7.42374e-05	    7.67887e-05	    7.98093e-05	   -4.43265e-05	   -4.49202e-05	    3.72008e-04	    4.02453e-04	    4.79968e-05	    4.89184e-05	    5.13466e-05
    1.54690e+00	    4.94000e-01	    2.88249e-05	    3.06752e-05	    7.01201e-05	    7.24774e-05	    7.53127e-05	   -4.17033e-05	   -4.22813e-05	    3.48009e-04	    3.76068e-04	    4.49724e-05	    4.58173e-05	    4.80696e-05
    1.55927e+00	    4.94000e-01	    2.67681e-05	    2.84639e-05	    6.61712e-05	    6.83470e-05	    7.10055e-05	   -3.91973e-05	   -3.97579e-05	    3.25260e-04	    3.51095e-04	    4.20995e-05	    4.28732e-05	    4.49603e-05
    1.57178e+00	    4.94000e-01	    2.48340e-05	    2.63865e-05	    6.23872e-05	    6.43933e-05	    6.68832e-05	   -3.68057e-05	   -3.73475e-05	    3.03715e-04	    3.27478e-04	    3.93728e-05	    4.00807e-05	    4.20125e-05
    1.58443e+00	    4.94000e-01	    2.30169e-05	    2.44366e-05	    5.87644e-05	    6.06121e-05	    6.29414e-05	   -3.45253e-05	   -3.50472e-05	    2.83328e-04	    3.05162e-04	    3.67873e-05	    3.74342e-05	    3.92204e-05
    1.59723e+00	    4.94000e-01	    2.13112e-05	    2.26082e-05	    5.52990e-05	    5.69990e-05	    5.91755e-05	   -3.23531e-05	   -3.28544e-05	    2.64053e-04	    2.84093e-04	    3.43379e-05	    3.49284e-05	    3.65781e-05
    1.61018e+00	    4.94000e-01	    1.97118e-05	    2.08952e-05	    5.19872e-05	    5.35497e-05	    5.55811e-05	   -3.02861e-05	   -3.07662e-05	    2.45846e-04	    2.64221e-04	    3.20195e-05	    3.25579e-05	    3.40799e-05
    1.62328e+00	    4.94000e-01	    1.82132e-05	    1.92919e-05	    4.88253e-05	    5.02598e-05	    5.21534e-05	   -2.83212e-05	   -2.87796e-05	    2.28665e-04	    2.45494e-04	    2.98272e-05	    3.03176e-05	    3.17201e-05
    1.63654e+00	    4.94000e-01	    1.68107e-05	    1.77927e-05	    4.58093e-05	    4.71247e-05	    4.88879e-05	   -2.64553e-05	   -2.68918e-05	    2.12466e-04	    2.27862e-04	    2.77561e-05	    2.82023e-05	    2.94932e-05
    1.64995e+00	    4.94000e-01	    1.54993e-05	    1.63922e-05	    4.29353e-05	    4.41402e-05	    4.57798e-05	   -2.46853e-05	   -2.50998e-05	    1.97208e-04	    2.11277e-04	    2.58016e-05	    2.62070e-05	    2.73937e-05
    1.66353e+00	    4.94000e-01	    1.42744e-05	    1.50854e-05	    4.01992e-05	    4.13016e-05	    4.28244e-05	   -2.30079e-05	   -2.34006e-05	    1.82851e-04	    1.95692e-04	    2.39587e-05	    2.43267e-05	    2.54164e-05
    1.67727e+00	    4.94000e-01	    1.31315e-05	    1.38671e-05	    3.75972e-05	    3.86046e-05	    4.00171e-05	   -2.14201e-05	   -2.17913e-05	    1.69354e-04	    1.81061e-04	    2.22231e-05	    2.25566e-05	    2.35559e-05
    1.69117e+00	    4.94000e-01	    1.20661e-05	    1.27325e-05	    3.51252e-05	    3.60446e-05	    3.73532e-05	   -1.99188e-05	   -2.02688e-05	    1.56680e-04	    1.67339e-04	    2.05900e-05	    2.08920e-05	    2.18072e-05
    1.70525e+00	    4.94000e-01	    1.10741e-05	    1.16771e-05	    3.27791e-05	    3.36171e-05	    3.48279e-05	   -1.85009e-05	   -1.88300e-05	    1.44789e-04	    1.54484e-04	    1.90550e-05	    1.93281e-05	    2.01654e-05
    1.71951e+00	    4.94000e-01	    1.01515e-05	    1.06964e-05	    3.05549e-05	    3.13179e-05	    3.24365e-05	   -1.71632e-05	   -1.74720e-05	    1.33647e-04	    1.42452e-04	    1.76139e-05	    1.78605e-05	    1.86254e-05
    1.73394e+00	    4.94000e-01	    9.29437e-06	    9.78606e-06	    2.84486e-05	    2.91423e-05	    3.01745e-05	   -1.59026e-05	   -1.61918e-05	    1.23216e-04	    1.31204e-04	    1.62624e-05	    1.64848e-05	    1.71827e-05
    1.74856e+00	    4.94000e-01	    8.49897e-06	    8.94208e-06	    2.64561e-05	    2.70860e-05	    2.80371e-05	   -1.47163e-05	   -1.49864e-05	    1.13463e-04	    1.20700e-04	    1.49963e-05	    1.51966e-05	    1.58325e-05
    1.76336e+00	    4.94000e-01	    7.76173e-06	    8.16051e-06	    2.45734e-05	    2.51446e-05	    2.60198e-05	   -1.36010e-05	   -1.38528e-05	    1.04354e-04	    1.10901e-04	    1.38117e-05	    1.39918e-05	    1.45703e-05
    1.77835e+00	    4.94000e-01	    7.07922e-06	    7.43759e-06	    2.27965e-05	    2.33138e-05	    2.41180e-05	   -1.25539e-05	   -1.27881e-05	    9.58548e-05	    1.01770e-04	    1.27044e-05	    1.28662e-05	    1.33919e-05
    1.79354e+00	    4.94000e-01	    6.44813e-06	    6.76973e-06	    2.11215e-05	    2.15892e-05	    2.23271e-05	   -1.15720e-05	   -1.17894e-05	    8.79353e-05	    9.32727e-05	    1.16709e-05	    1.18160e-05	    1.22929e-05
    1.80893e+00	    4.94000e-01	    5.86534e-06	    6.15351e-06	    1.95444e-05	    1.99667e-05	    2.06428e-05	   -1.06525e-05	   -1.08538e-05	    8.05645e-05	    8.53733e-05	    1.07072e-05	    1.08372e-05	    1.12692e-05
    1.82452e+00	    4.94000e-01	    5.32782e-06	    5.58565e-06	    1.80612e-05	    1.84421e-05	    1.90606e-05	   -9.79246e-06	   -9.97852e-06	    7.37128e-05	    7.80392e-05	    9.80986e-06	    9.92605e-06	    1.03169e-05
    1.84032e+00	    4.94000e-01	    4.83270e-06	    5.06304e-06	    1.66683e-05	    1.70112e-05	    1.75761e-05	   -8.98915e-06	   -9.16073e-06	    6.73516e-05	    7.12382e-05	    8.97532e-06	    9.07906e-06	    9.43208e-06
    1.85633e+00	    4.94000e-01	    4.37726e-06	    4.58270e-06	    1.53616e-05	    1.56699e-05	    1.61851e-05	   -8.23985e-06	   -8.39773e-06	    6.14534e-05	    6.49396e-05	    8.20020e-06	    8.29268e-06	    8.61105e-06
    1.87255e+00	    4.94000e-01	    3.95887e-06	    4.14182e-06	    1.41376e-05	    1.44143e-05	    1.48834e-05	   -7.54188e-06	   -7.68685e-06	    5.59917e-05	    5.91139e-05	    7.48125e-06	    7.56355e-06	    7.85021e-06
    1.88900e+00	    4.94000e-01	    3.57506e-06	    3.73772e-06	    1.29925e-05	    1.32404e-05	    1.36669e-05	   -6.89266e-06	   -7.02548e-06	    5.09409e-05	    5.37327e-05	    6.81528e-06	    6.88841e-06	    7.14611e-06
    1.90568e+00	    4.94000e-01	    3.22347e-06	    3.36784e-06	    1.19226e-05	    1.21444e-05	    1.25315e-05	   -6.28965e-06	   -6.41108e-06	    4.62765e-05	    4.87690e-05	    6.19925e-06	    6.26413e-06	    6.49541e-06
    1.92258e+00	    4.94000e-01	    2.90186e-06	    3.02979e-06	    1.09245e-05	    1.11226e-05	    1.14733e-05	   -5.73038e-06	   -5.84117e-06	    4.19751e-05	    4.41966e-05	    5.63024e-06	    5.68770e-06	    5.89491e-06
    1.93973e+00	    4.94000e-01	    2.60812e-06	    2.72128e-06	    9.99456e-06	    1.01712e-05	    1.04884e-05	   -5.21247e-06	   -5.31331e-06	    3.80141e-05	    3.99907e-05	    5.10541e-06	    5.15621e-06	    5.34154e-06
    1.95712e+00	    4.94000e-01	    2.34025e-06	    2.44015e-06	    9.12950e-06	    9.28675e-06	    9.57315e-06	   -4.73360e-06	   -4.82519e-06	    3.43719e-05	    3.61275e-05	    4.62206e-06	    4.66688e-06	    4.83236e-06
    1.97475e+00	    4.94000e-01	    2.09633e-06	    2.18438e-06	    8.32596e-06	    8.46568e-06	    8.72381e-06	   -4.29151e-06	   -4.37451e-06	    3.10278e-05	    3.25845e-05	    4.17758e-06	    4.21706e-06	    4.36454e-06
    1.99264e+00	    4.94000e-01	    1.87459e-06	    1.95205e-06	    7.58069e-06	    7.70462e-06	    7.93684e-06	   -3.88404e-06	   -3.95909e-06	    2.79623e-05	    2.93401e-05	    3.76949e-06	    3.80420e-06	    3.93540e-06
    2.01079e+00	    4.94000e-01	    1.67334e-06	    1.74135e-06	    6.89056e-06	    7.00027e-06	    7.20880e-06	   -3.50909e-06	   -3.57681e-06	    2.51565e-05	    2.63737e-05	    3.39540e-06	    3.42586e-06	    3.54235e-06
    2.02921e+00	    4.94000e-01	    1.49098e-06	    1.55058e-06	    6.25251e-06	    6.34945e-06	    6.53634e-06	   -3.16465e-06	   -3.22560e-06	    2.25925e-05	    2.36658e-05	    3.05304e-06	    3.07972e-06	    3.18295e-06
    2.04790e+00	    4.94000e-01	    1.32604e-06	    1.37816e-06	    5.66356e-06	    5.74905e-06	    5.91623e-06	   -2.84878e-06	   -2.90352e-06	    2.02535e-05	    2.11981e-05	    2.74024e-06	    2.76356e-06	    2.85487e-06
    2.06687e+00	    4.94000e-01	    1.17710e-06	    1.22259e-06	    5.12086e-06	    5.19610e-06	    5.34534e-06	   -2.55962e-06	   -2.60866e-06	    1.81233e-05	    1.89529e-05	    2.45494e-06	    2.47528e-06	    2.55588e-06
    2.08612e+00	    4.94000e-01	    1.04286e-06	    1.08247e-06	    4.62162e-06	    4.68771e-06	    4.82067e-06	   -2.29539e-06	   -2.33922e-06	    1.61865e-05	    1.69138e-05	    2.19518e-06	    2.21289e-06	    2.28389e-06
    2.10567e+00	    4.94000e-01	    9.22082e-07	    9.56513e-07	    4.16317e-06	    4.22110e-06	    4.33931e-06	   -2.05438e-06	   -2.09346e-06	    1.44289e-05	    1.50650e-05	    1.95909e-06	    1.97448e-06	    2.03689e-06
    2.12552e+00	    4.94000e-01	    8.13630e-07	    8.43487e-07	    3.74294e-06	    3.79361e-06	    3.89848e-06	   -1.83496e-06	   -1.86972e-06	    1.28367e-05	    1.33919e-05	    1.74492e-06	    1.75826e-06	    1.81300e-06
    2.14568e+00	    4.94000e-01	    7.16432e-07	    7.42264e-07	    3.35845e-06	    3.40267e-06	    3.49550e-06	   -1.63560e-06	   -1.66643e-06	    1.13970e-05	    1.18806e-05	    1.55100e-06	    1.56253e-06	    1.61043e-06
    2.16616e+00	    4.94000e-01	    6.29492e-07	    6.51791e-07	    3.00733e-06	    3.04584e-06	    3.12782e-06	   -1.45480e-06	   -1.48209e-06	    1.00978e-05	    1.05180e-05	    1.37574e-06	    1.38569e-06	    1.42753e-06
    2.18696e+00	    4.94000e-01	    5.51887e-07	    5.71089e-07	    2.68730e-06	    2.72076e-06	    2.79300e-06	   -1.29119e-06	   -1.31527e-06	    8.92758e-06	    9.29195e-06	    1.21768e-06	    1.22624e-06	    1.26269e-06
    2.20809e+00	    4.94000e-01	    4.82757e-07	    4.99254e-07	    2.39620e-06	    2.42519e-06	    2.48870e-06	   -1.14342e-06	   -1.16463e-06	    7.87575e-06	    8.19092e-06	    1.07541e-06	    1.08276e-06	    1.11443e-06
    2.22956e+00	    4.94000e-01	    4.21310e-07	    4.35447e-07	    2.13193e-06	    2.15700e-06	    2.21271e-06	   -1.01026e-06	   -1.02887e-06	    6.93227e-06	    7.20423e-06	    9.47620e-07	    9.53919e-07	    9.81378e-07
    2.25138e+00	    4.94000e-01	    3.66812e-07	    3.78896e-07	    1.89254e-06	    1.91417e-06	    1.96290e-06	   -8.90516e-07	   -9.06814e-07	    6.08777e-06	    6.32186e-06	    8.33086e-07	    8.38467e-07	    8.62214e-07
    2.27356e+00	    4.94000e-01	    3.18586e-07	    3.28887e-07	    1.67615e-06	    1.69475e-06	    1.73728e-06	   -7.83081e-07	   -7.97311e-07	    5.33352e-06	    5.53451e-06	    7.30657e-07	    7.35243e-07	    7.55726e-07
    2.29611e+00	    4.94000e-01	    2.76008e-07	    2.84767e-07	    1.48098e-06	    1.49694e-06	    1.53396e-06	   -6.86912e-07	   -6.99300e-07	    4.66139e-06	    4.83350e-06	    6.39261e-07	    6.43158e-07	    6.60781e-07
    2.31904e+00	    4.94000e-01	    2.38508e-07	    2.45934e-07	    1.30535e-06	    1.31900e-06	    1.35114e-06	   -6.01030e-07	   -6.11784e-07	    4.06381e-06	    4.21081e-06	    5.57899e-07	    5.61202e-07	    5.76322e-07
    2.34236e+00	    4.94000e-01	    2.05559e-07	    2.11838e-07	    1.14766e-06	    1.15932e-06	    1.18713e-06	   -5.24522e-07	   -5.33828e-07	    3.53379e-06	    3.65899e-06	    4.85642e-07	    4.88433e-07	    5.01370e-07
    2.36607e+00	    4.94000e-01	    1.76683e-07	    1.81977e-07	    1.00644e-06	    1.01635e-06	    1.04037e-06	   -4.56532e-07	   -4.64562e-07	    3.06481e-06	    3.17115e-06	    4.21628e-07	    4.23980e-07	    4.35018e-07
    2.39020e+00	    4.94000e-01	    1.51441e-07	    1.55890e-07	    8.80253e-07	    8.88668e-07	    9.09338e-07	   -3.96268e-07	   -4.03175e-07	    2.65090e-06	    2.74095e-06	    3.65059e-07	    3.67036e-07	    3.76425e-07
    2.41475e+00	    4.94000e-01	    1.29434e-07	    1.33163e-07	    7.67801e-07	    7.74919e-07	    7.92660e-07	   -3.42992e-07	   -3.48914e-07	    2.28652e-06	    2.36256e-06	    3.15200e-07	    3.16855e-07	    3.24819e-07
    2.43973e+00	    4.94000e-01	    1.10300e-07	    1.13415e-07	    6.67844e-07	    6.73848e-07	    6.89028e-07	   -2.96020e-07	   -3.01081e-07	    1.96661e-06	    2.03061e-06	    2.71370e-07	    2.72753e-07	    2.79486e-07
    2.46516e+00	    4.94000e-01	    9.37111e-08	    9.63045e-08	    5.79233e-07	    5.84280e-07	    5.97228e-07	   -2.54723e-07	   -2.59033e-07	    1.68648e-06	    1.74019e-06	    2.32948e-07	    2.34098e-07	    2.39773e-07
    2.49105e+00	    4.94000e-01	    7.93697e-08	    8.15219e-08	    5.00894e-07	    5.05124e-07	    5.16133e-07	   -2.18516e-07	   -2.22175e-07	    1.44189e-06	    1.48681e-06	    1.99359e-07	    2.00314e-07	    2.05081e-07
    2.51741e+00	    4.94000e-01	    6.70083e-08	    6.87882e-08	    4.31834e-07	    4.35366e-07	    4.44697e-07	   -1.86868e-07	   -1.89962e-07	    1.22895e-06	    1.26639e-06	    1.70082e-07	    1.70871e-07	    1.74863e-07
    2.54425e+00	    4.94000e-01	    5.63862e-08	    5.78530e-08	    3.71131e-07	    3.74071e-07	    3.81951e-07	   -1.59286e-07	   -1.61894e-07	    1.04410e-06	    1.07521e-06	    1.44639e-07	    1.45289e-07	    1.48619e-07
    2.57159e+00	    4.94000e-01	    4.72873e-08	    4.84918e-08	    3.17933e-07	    3.20371e-07	    3.27004e-07	   -1.35324e-07	   -1.37513e-07	    8.84139e-07	    9.09889e-07	    1.22596e-07	    1.23129e-07	    1.25898e-07
    2.59945e+00	    4.94000e-01	    3.95185e-08	    4.05039e-08	    2.71457e-07	    2.73472e-07	    2.79034e-07	   -1.14572e-07	   -1.16403e-07	    7.46144e-07	    7.67384e-07	    1.03558e-07	    1.03995e-07	    1.06289e-07
    2.62784e+00	    4.94000e-01	    3.29076e-08	    3.37105e-08	    2.30983e-07	    2.32642e-07	    2.37289e-07	   -9.66608e-08	   -9.81865e-08	    6.27488e-07	    6.44942e-07	    8.71710e-08	    8.75264e-08	    8.94195e-08
    2.65677e+00	    4.94000e-01	    2.73012e-08	    2.79530e-08	    1.95851e-07	    1.97211e-07	    2.01080e-07	   -8.12532e-08	   -8.25192e-08	    5.25802e-07	    5.40089e-07	    7.31119e-08	    7.34003e-08	    7.49565e-08
    2.68627e+00	    4.94000e-01	    2.25638e-08	    2.30907e-08	    1.65460e-07	    1.66571e-07	    1.69778e-07	   -6.80458e-08	   -6.90920e-08	    4.38960e-07	    4.50609e-07	    6.10922e-08	    6.13253e-08	    6.25995e-08
    2.71635e+00	    4.94000e-01	    1.85751e-08	    1.89993e-08	    1.39261e-07	    1.40165e-07	    1.42813e-07	   -5.67653e-08	   -5.76261e-08	    3.65059e-07	    3.74518e-07	    5.08528e-08	    5.10403e-08	    5.20794e-08
    2.74703e+00	    4.94000e-01	    1.52297e-08	    1.55696e-08	    1.16758e-07	    1.17490e-07	    1.19668e-07	   -4.71664e-08	   -4.78716e-08	    3.02402e-07	    3.10050e-07	    4.21621e-08	    4.23124e-08	    4.31560e-08
    2.77832e+00	    4.94000e-01	    1.24346e-08	    1.27059e-08	    9.75010e-08	    9.80915e-08	    9.98745e-08	   -3.90298e-08	   -3.96050e-08	    2.49479e-07	    2.55637e-07	    3.48140e-08	    3.49339e-08	    3.56159e-08
    2.81025e+00	    4.94000e-01	    1.01087e-08	    1.03242e-08	    8.10852e-08	    8.15593e-08	    8.30128e-08	   -3.21600e-08	   -3.26269e-08	    2.04954e-07	    2.09889e-07	    2.86255e-08	    2.87207e-08	    2.92696e-08
    2.84283e+00	    4.94000e-01	    8.18136e-09	    8.35171e-09	    6.71469e-08	    6.75258e-08	    6.87052e-08	   -2.63836e-08	   -2.67608e-08	    1.67645e-07	    1.71581e-07	    2.34348e-08	    2.35100e-08	    2.39496e-08
    2.87610e+00	    4.94000e-01	    6.59107e-09	    6.72507e-09	    5.53606e-08	    5.56620e-08	    5.66144e-08	   -2.15471e-08	   -2.18503e-08	    1.36513e-07	    1.39638e-07	    1.90991e-08	    1.91583e-08	    1.95087e-08
    2.91007e+00	    4.94000e-01	    5.28471e-09	    5.38959e-09	    4.54363e-08	    4.56748e-08	    4.64403e-08	   -1.75151e-08	   -1.77577e-08	    1.10648e-07	    1.13117e-07	    1.54934e-08	    1.55397e-08	    1.58177e-08
    2.94476e+00	    4.94000e-01	    4.21651e-09	    4.29817e-09	    3.71164e-08	    3.73042e-08	    3.79163e-08	   -1.41691e-08	   -1.43620e-08	    8.92549e-08	    9.11954e-08	    1.25082e-08	    1.25442e-08	    1.27636e-08
    2.98020e+00	    4.94000e-01	    3.34718e-09	    3.41042e-09	    3.01731e-08	    3.03201e-08	    3.08071e-08	   -1.14052e-08	   -1.15579e-08	    7.16419e-08	    7.31590e-08	    1.00481e-08	    1.00760e-08	    1.02482e-08
    3.01641e+00	    4.94000e-01	    2.64317e-09	    2.69186e-09	    2.44058e-08	    2.45203e-08	    2.49055e-08	   -9.13317e-09	   -9.25333e-09	    5.72104e-08	    5.83901e-08	    8.03055e-09	    8.05201e-09	    8.18645e-09
    3.05343e+00	    4.94000e-01	    2.07592e-09	    2.11320e-09	    1.96385e-08	    1.97272e-08	    2.00303e-08	   -7.27483e-09	   -7.36883e-09	    4.54443e-08	    4.63564e-08	    6.38405e-09	    6.40048e-09	    6.50484e-09
    3.09127e+00	    4.94000e-01	    1.62127e-09	    1.64965e-09	    1.57176e-08	    1.57859e-08	    1.60230e-08	   -5.76268e-09	   -5.83579e-09	    3.59003e-08	    3.66014e-08	    5.04729e-09	    5.05979e-09	    5.14032e-09
    3.12997e+00	    4.94000e-01	    1.25885e-09	    1.28031e-09	    1.25096e-08	    1.25618e-08	    1.27462e-08	   -4.53881e-09	   -4.59532e-09	    2.81999e-08	    2.87355e-08	    3.96777e-09	    3.97722e-09	    4.03899e-09
    3.16956e+00	    4.94000e-01	    9.71569e-10	    9.87696e-10	    9.89899e-09	    9.93875e-09	    1.00813e-08	   -3.55376e-09	   -3.59715e-09	    2.20211e-08	    2.24277e-08	    3.10078e-09	    3.10788e-09	    3.15496e-09
    3.21007e+00	    4.94000e-01	    7.45180e-10	    7.57219e-10	    7.78646e-09	    7.81650e-09	    7.92593e-09	   -2.76545e-09	   -2.79856e-09	    1.70914e-08	    1.73982e-08	    2.40846e-09	    2.41376e-09	    2.44942e-09
    3.25153e+00	    4.94000e-01	    5.67855e-10	    5.76781e-10	    6.08687e-09	    6.10941e-09	    6.19288e-09	   -2.13837e-09	   -2.16345e-09	    1.31816e-08	    1.34114e-08	    1.85890e-09	    1.86282e-09	    1.88964e-09
    3.29398e+00	    4.94000e-01	    4.29831e-10	    4.36402e-10	    4.72770e-09	    4.74451e-09	    4.80775e-09	   -1.64260e-09	   -1.66147e-09	    1.00996e-08	    1.02706e-08	    1.42533e-09	    1.42822e-09	    1.44825e-09
    3.33746e+00	    4.94000e-01	    3.23098e-10	    3.27899e-10	    3.64757e-09	    3.66001e-09	    3.70757e-09	   -1.25316e-09	   -1.26725e-09	    7.68570e-09	    7.81202e-09	    1.08545e-09	    1.08756e-09	    1.10242e-09
    3.38201e+00	    4.94000e-01	    2.41118e-10	    2.44600e-10	    2.79475e-09	    2.80388e-09	    2.83940e-09	   -9.49285e-10	   -9.59727e-10	    5.80750e-09	    5.90011e-09	    8.20784e-10	    8.22315e-10	    8.33245e-10
    3.42766e+00	    4.94000e-01	    1.78594e-10	    1.81098e-10	    2.12594e-09	    2.13260e-09	    2.15891e-09	   -7.13806e-10	   -7.21483e-10	    4.35615e-09	    4.42352e-09	    6.16101e-10	    6.17201e-10	    6.25182e-10
    3.47445e+00	    4.94000e-01	    1.31255e-10	    1.33042e-10	    1.60511e-09	    1.60992e-09	    1.62926e-09	   -5.32638e-10	   -5.38237e-10	    3.24265e-09	    3.29126e-09	    4.58937e-10	    4.59722e-10	    4.65503e-10
    3.52245e+00	    4.94000e-01	    9.56848e-11	    9.69487e-11	    1.20247e-09	    1.20591e-09	    1.22001e-09	   -3.94296e-10	   -3.98344e-10	    2.39469e-09	    2.42947e-09	    3.39158e-10	    3.39713e-10	    3.43865e-10
    3.57168e+00	    4.94000e-01	    6.91687e-11	    7.00547e-11	    8.93552e-10	    8.96000e-10	    9.06188e-10	   -2.89475e-10	   -2.92375e-10	    1.75392e-09	    1.77859e-09	    2.48576e-10	    2.48966e-10	    2.51921e-10
    3.62220e+00	    4.94000e-01	    4.95640e-11	    5.01794e-11	    6.58416e-10	    6.60140e-10	    6.67436e-10	   -2.10694e-10	   -2.12753e-10	    1.27362e-09	    1.29096e-09	    1.80626e-10	    1.80896e-10	    1.82981e-10
    3.67407e+00	    4.94000e-01	    3.51931e-11	    3.56164e-11	    4.80910e-10	    4.82111e-10	    4.87288e-10	   -1.51981e-10	   -1.53430e-10	    9.16599e-10	    9.28669e-10	    1.30079e-10	    1.30265e-10	    1.31721e-10
    3.72735e+00	    4.94000e-01	    2.47524e-11	    2.50406e-11	    3.48055e-10	    3.48884e-10	    3.52522e-10	   -1.08609e-10	   -1.09617e-10	    6.53535e-10	    6.61856e-10	    9.28069e-11	    9.29333e-11	    9.39411e-11
    3.78207e+00	    4.94000e-01	    1.72374e-11	    1.74316e-11	    2.49507e-10	    2.50074e-10	    2.52604e-10	   -7.68602e-11	   -7.75550e-11	    4.61461e-10	    4.67138e-10	    6.55731e-11	    6.56583e-11	    6.63483e-11
    3.83833e+00	    4.94000e-01	    1.18805e-11	    1.20100e-11	    1.77088e-10	    1.77471e-10	    1.79213e-10	   -5.38418e-11	   -5.43153e-11	    3.22550e-10	    3.26382e-10	    4.58629e-11	    4.59197e-11	    4.63872e-11
    3.89616e+00	    4.94000e-01	    8.10054e-12	    8.18585e-12	    1.24388e-10	    1.24644e-10	    1.25829e-10	   -3.73186e-11	   -3.76378e-11	    2.23080e-10	    2.25638e-10	    3.17392e-11	    3.17766e-11	    3.20898e-11
    3.95566e+00	    4.94000e-01	    5.46137e-12	    5.51692e-12	    8.64265e-11	    8.65957e-11	    8.73932e-11	   -2.55809e-11	   -2.57935e-11	    1.52589e-10	    1.54277e-10	    2.17233e-11	    2.17476e-11	    2.19549e-11
    4.01689e+00	    4.94000e-01	    3.63897e-12	    3.67470e-12	    5.93721e-11	    5.94825e-11	    6.00127e-11	   -1.73331e-11	   -1.74729e-11	    1.03174e-10	    1.04274e-10	    1.46971e-11	    1.47128e-11	    1.48484e-11
    4.07992e+00	    4.94000e-01	    2.39505e-12	    2.41773e-12	    4.03050e-11	    4.03761e-11	    4.07242e-11	   -1.16031e-11	   -1.16939e-11	    6.89238e-11	    6.96313e-11	    9.82403e-12	    9.83396e-12	    9.92149e-12
    4.14485e+00	    4.94000e-01	    1.55618e-12	    1.57039e-12	    2.70231e-11	    2.70683e-11	    2.72938e-11	   -7.66951e-12	   -7.72769e-12	    4.54651e-11	    4.59143e-11	    6.48413e-12	    6.49036e-12	    6.54612e-12
    4.21176e+00	    4.94000e-01	    9.97602e-13	    1.00637e-12	    1.78836e-11	    1.79120e-11	    1.80561e-11	   -5.00264e-12	   -5.03939e-12	    2.95964e-11	    2.98777e-11	    4.22340e-12	    4.22724e-12	    4.26227e-12
    4.28075e+00	    4.94000e-01	    6.30559e-13	    6.35893e-13	    1.16748e-11	    1.16923e-11	    1.17831e-11	   -3.21805e-12	   -3.24093e-12	    1.90010e-11	    1.91745e-11	    2.71296e-12	    2.71530e-12	    2.73699e-12
    4.35191e+00	    4.94000e-01	    3.92708e-13	    3.95902e-13	    7.51323e-12	    7.52390e-12	    7.58020e-12	   -2.04012e-12	   -2.05415e-12	    1.20226e-11	    1.21280e-11	    1.71753e-12	    1.71893e-12	    1.73215e-12
    4.42535e+00	    4.94000e-01	    2.40810e-13	    2.42692e-13	    4.76299e-12	    4.76937e-12	    4.80375e-12	   -1.27373e-12	   -1.28219e-12	    7.49191e-12	    7.55494e-12	    1.07087e-12	    1.07169e-12	    1.07962e-12
    4.50119e+00	    4.94000e-01	    1.45279e-13	    1.46369e-13	    2.97220e-12	    2.97596e-12	    2.99660e-12	   -7.82568e-13	   -7.87584e-13	    4.59437e-12	    4.63142e-12	    6.57052e-13	    6.57529e-13	    6.62207e-13
    4.57954e+00	    4.94000e-01	    8.61580e-14	    8.67780e-14	    1.82420e-12	    1.82637e-12	    1.83855e-12	   -4.72756e-13	   -4.75678e-13	    2.77040e-12	    2.79180e-12	    3.96409e-13	    3.96680e-13	    3.99391e-13
    4.66054e+00	    4.94000e-01	    5.01845e-14	    5.05305e-14	    1.10023e-12	    1.10147e-12	    1.10852e-12	   -2.80570e-13	   -2.82240e-13	    1.64121e-12	    1.65334e-12	    2.34957e-13	    2.35108e-13	    2.36650e-13
    4.74432e+00	    4.94000e-01	    2.86823e-14	    2.88716e-14	    6.51498e-13	    6.52186e-13	    6.56196e-13	   -1.63429e-13	   -1.64365e-13	    9.54299e-13	    9.61043e-13	    1.36687e-13	    1.36769e-13	    1.37629e-13
    4.83103e+00	    4.94000e-01	    1.60690e-14	    1.61704e-14	    3.78381e-13	    3.78755e-13	    3.80988e-13	   -9.33394e-14	   -9.38533e-14	    5.44085e-13	    5.47757e-13	    7.79690e-14	    7.80134e-14	    7.84831e-14
    4.92084e+00	    4.94000e-01	    8.81497e-15	    8.86813e-15	    2.15312e-13	    2.15512e-13	    2.16729e-13	   -5.22133e-14	   -5.24893e-14	    3.03840e-13	    3.05796e-13	    4.35621e-14	    4.35854e-14	    4.38364e-14
    5.01391e+00	    4.94000e-01	    4.72940e-15	    4.75661e-15	    1.19905e-13	    1.20009e-13	    1.20657e-13	   -2.85744e-14	   -2.87192e-14	    1.66003e-13	    1.67022e-13	    2.38115e-14	    2.38234e-14	    2.39545e-14
    5.11042e+00	    4.94000e-01	    2.47855e-15	    2.49215e-15	    6.52673e-14	    6.53203e-14	    6.56573e-14	   -1.52796e-14	   -1.53538e-14	    8.86224e-14	    8.91400e-14	    1.27178e-14	    1.27238e-14	    1.27906e-14
    5.21058e+00	    4.94000e-01	    1.26710e-15	    1.27372e-15	    3.46796e-14	    3.47059e-14	    3.48767e-14	   -7.97271e-15	   -8.00975e-15	    4.61683e-14	    4.64247e-14	    6.62842e-15	    6.63131e-15	    6.66453e-15
    5.31459e+00	    4.94000e-01	    6.30978e-16	    6.34111e-16	    1.79618e-14	    1.79745e-14	    1.80588e-14	   -4.05353e-15	   -4.07151e-15	    2.34365e-14	    2.35602e-14	    3.36628e-15	    3.36765e-15	    3.38371e-15
    5.42269e+00	    4.94000e-01	    3.05578e-16	    3.07019e-16	    9.05427e-15	    9.06022e-15	    9.10068e-15	   -2.00501e-15	   -2.01350e-15	    1.15748e-14	    1.16327e-14	    1.66325e-15	    1.66388e-15	    1.67143e-15
    5.53513e+00	    4.94000e-01	    1.43681e-16	    1.44323e-16	    4.43467e-15	    4.43737e-15	    4.45620e-15	   -9.63216e-16	   -9.67101e-16	    5.55231e-15	    5.57861e-15	    7.98179e-16	    7.98459e-16	    8.01898e-16
    5.65217e+00	    4.94000e-01	    6.54699e-17	    6.57471e-17	    2.10661e-15	    2.10780e-15	    2.11629e-15	   -4.48603e-16	   -4.50324e-16	    2.58214e-15	    2.59371e-15	    3.71351e-16	    3.71472e-16	    3.72989e-16
    5.77410e+00	    4.94000e-01	    2.88526e-17	    2.89682e-17	    9.68661e-16	    9.69168e-16	    9.72867e-16	   -2.02149e-16	   -2.02886e-16	    1.16191e-15	    1.16683e-15	    1.67167e-16	    1.67218e-16	    1.67864e-16
    5.90125e+00	    4.94000e-01	    1.22712e-17	    1.23176e-17	    4.30227e-16	    4.30435e-16	    4.31989e-16	   -8.79467e-17	   -8.82506e-17	    5.04801e-16	    5.06814e-16	    7.26552e-17	    7.26754e-17	    7.29410e-17
    6.03396e+00	    4.94000e-01	    5.02485e-18	    5.04275e-18	    1.84142e-16	    1.84224e-16	    1.84853e-16	   -3.68542e-17	   -3.69748e-17	    2.11253e-16	    2.12046e-16	    3.04168e-17	    3.04246e-17	    3.05295e-17
    6.17261e+00	    4.94000e-01	    1.97594e-18	    1.98256e-18	    7.57600e-17	    7.57910e-17	    7.60348e-17	   -1.48377e-17	   -1.48836e-17	    8.49399e-17	    8.52397e-17	    1.22344e-17	    1.22373e-17	    1.22770e-17
    6.31760e+00	    4.94000e-01	    7.44073e-19	    7.46417e-19	    2.98782e-17	    2.98894e-17	    2.99798e-17	   -5.72328e-18	   -5.73996e-18	    3.27217e-17	    3.28301e-17	    4.71478e-18	    4.71581e-18	    4.73022e-18
    6.46939e+00	    4.94000e-01	    2.67494e-19	    2.68284e-19	    1.12610e-17	    1.12649e-17	    1.12969e-17	   -2.10861e-18	   -2.11439e-18	    1.20406e-17	    1.20779e-17	    1.73550e-18	    1.73584e-18	    1.74082e-18
    6.62847e+00	    4.94000e-01	    9.14953e-20	    9.17481e-20	    4.04266e-18	    4.04393e-18	    4.05471e-18	   -7.39537e-19	   -7.41442e-19	    4.21784e-18	    4.23006e-18	    6.08152e-19	    6.08262e-19	    6.09896e-19
    6.79539e+00	    4.94000e-01	    2.96659e-20	    2.97424e-20	    1.37731e-18	    1.37770e-18	    1.38114e-18	   -2.46001e-19	   -2.46595e-19	    1.40140e-18	    1.40518e-18	    2.02127e-19	    2.02160e-19	    2.02668e-19
    6.97073e+00	    4.94000e-01	    9.08053e-21	    9.10235e-21	    4.43525e-19	    4.43640e-19	    4.44672e-19	   -7.72971e-20	   -7.74716e-20	    4.39841e-19	    4.40946e-19	    6.34594e-20	    6.34689e-20	    6.36175e-20
    7.15517e+00	    4.94000e-01	    2.61215e-21	    2.61798e-21	    1.34398e-19	    1.34429e-19	    1.34720e-19	   -2.28395e-20	   -2.28876e-20	    1.29821e-19	    1.30124e-19	    1.87360e-20	    1.87385e-20	    1.87794e-20
    7.34943e+00	    4.94000e-01	    7.02664e-22	    7.04118e-22	    3.81344e-20	    3.81424e-20	    3.82191e-20	   -6.31476e-21	   -6.32712e-21	    3.58555e-20	    3.59329e-20	    5.17625e-21	    5.17688e-21	    5.18735e-21
    7.55432e+00	    4.94000e-01	    1.75780e-22	    1.76117e-22	    1.00763e-20	    1.00782e-20	    1.00970e-20	   -1.62468e-21	   -1.62763e-21	    9.21610e-21	    9.23447e-21	    1.33085e-21	    1.33093e-21	    1.33349e-21
    7.77076e+00	    4.94000e-01	    4.06416e-23	    4.07134e-23	    2.46457e-21	    2.46499e-21	    2.46923e-21	   -3.86649e-22	   -3.87299e-22	    2.19104e-21	    2.19506e-21	    3.16482e-22	    3.16514e-22	    3.17061e-22
    7.99974e+00	    4.94000e-01	    8.62811e-24	    8.64217e-24	    5.54452e-22	    5.54537e-22	    5.55419e-22	   -8.45536e-23	   -8.46853e-23	    4.78702e-22	    4.79513e-22	    6.91632e-23	    6.91694e-23	    6.92799e-23
    8.24239e+00	    4.94000e-01	    1.66911e-24	    1.67163e-24	    1.13842e-22	    1.13857e-22	    1.14025e-22	   -1.68617e-23	   -1.68862e-23	    9.53822e-23	    9.55318e-23	    1.37841e-23	    1.37852e-23	    1.38057e-23
    8.50000e+00	    4.94000e-01	    2.90966e-25	    2.91367e-25	    2.11022e-23	    2.11047e-23	    2.11332e-23	   -3.03305e-24	   -3.03707e-24	    1.71416e-23	    1.71660e-23	    2.47783e-24	    2.47800e-24	    2.48135e-24