# mc-number	             name	     mass	    width	deg	Qb	Qs	Qc	Qbot	isospin	charge	decays	   Nyield
#      2212	                p	  0.93830	0.00000e+00	2	1	  0	0	0	0.5	  1	  1	3.28969e-05
# 1:pbar [GeV]	2:m [GeV]	3:Feq 1	4:Feq 2	5:Fshear 1	6:Fshear 2	7:Fshear 3	8:Fbulk 1	9:Fbulk 2	10:Ftemp 1	11:Ftemp 2	12:Fvel 1	13:Fvel 2	14:Fvel 3
    3.62517e-03	    9.38300e-01	    1.21097e-05	    1.53211e-05	    1.72821e-10	    2.18975e-06	    2.14585e-10	    1.26437e-05	    1.79105e-05	    1.01578e-04	    1.36829e-04	    4.52382e-08	    3.61622e-04	    5.69053e-08
    7.25044e-03	    9.38300e-01	    2.42162e-05	    3.06380e-05	    1.38242e-09	    4.37996e-06	    1.71647e-09	    2.52825e-05	    3.58143e-05	    2.03132e-04	    2.73623e-04	    1.80930e-07	    3.61705e-04	    2.27592e-07
    1.08759e-02	    9.38300e-01	    3.63160e-05	    4.59463e-05	    4.66475e-09	    6.57111e-06	    5.79194e-09	    3.79115e-05	    5.37047e-05	    3.04638e-04	    4.10349e-04	    4.07007e-07	    3.61843e-04	    5.11972e-07
    1.45016e-02	    9.38300e-01	    4.84060e-05	    6.12417e-05	    1.10541e-08	    8.76366e-06	    1.37252e-08	    5.05258e-05	    7.15750e-05	    4.06071e-04	    5.46973e-04	    7.23355e-07	    3.62037e-04	    9.09899e-07
    1.81278e-02	    9.38300e-01	    6.04828e-05	    7.65200e-05	    2.15824e-08	    1.09581e-05	    2.67974e-08	    6.31206e-05	    8.94184e-05	    5.07406e-04	    6.83459e-04	    1.12981e-06	    3.62286e-04	    1.42117e-06
    2.17544e-02	    9.38300e-01	    7.25431e-05	    9.17768e-05	    3.72782e-08	    1.31548e-05	    4.62857e-08	    7.56909e-05	    1.07228e-04	    6.08620e-04	    8.19773e-04	    1.62618e-06	    3.62590e-04	    2.04551e-06
    2.53815e-02	    9.38300e-01	    8.45837e-05	    1.07008e-04	    5.91660e-08	    1.53544e-05	    7.34618e-08	    8.82320e-05	    1.24998e-04	    7.09689e-04	    9.55883e-04	    2.21220e-06	    3.62949e-04	    2.78262e-06
    2.90094e-02	    9.38300e-01	    9.66012e-05	    1.22209e-04	    8.82653e-08	    1.75571e-05	    1.09592e-07	    1.00739e-04	    1.42721e-04	    8.10588e-04	    1.09175e-03	    2.88758e-06	    3.63363e-04	    3.63210e-06
    3.26380e-02	    9.38300e-01	    1.08593e-04	    1.37376e-04	    1.25590e-07	    1.97636e-05	    1.55934e-07	    1.13207e-04	    1.60391e-04	    9.11293e-04	    1.22735e-03	    3.65198e-06	    3.63830e-04	    4.59352e-06
    3.62674e-02	    9.38300e-01	    1.20554e-04	    1.52505e-04	    1.72148e-07	    2.19742e-05	    2.13739e-07	    1.25631e-04	    1.78000e-04	    1.01178e-03	    1.36264e-03	    4.50502e-06	    3.64352e-04	    5.66638e-06
    3.98979e-02	    9.38300e-01	    1.32483e-04	    1.67591e-04	    2.28939e-07	    2.41893e-05	    2.84248e-07	    1.38007e-04	    1.95543e-04	    1.11203e-03	    1.49759e-03	    5.44625e-06	    3.64927e-04	    6.85013e-06
    4.35293e-02	    9.38300e-01	    1.44376e-04	    1.82630e-04	    2.96954e-07	    2.64095e-05	    3.68693e-07	    1.50329e-04	    2.13013e-04	    1.21201e-03	    1.63216e-03	    6.47521e-06	    3.65556e-04	    8.14416e-06
    4.71619e-02	    9.38300e-01	    1.56230e-04	    1.97618e-04	    3.77178e-07	    2.86351e-05	    4.68293e-07	    1.62594e-04	    2.30404e-04	    1.31170e-03	    1.76632e-03	    7.59139e-06	    3.66237e-04	    9.54781e-06
    5.07958e-02	    9.38300e-01	    1.68041e-04	    2.12551e-04	    4.70583e-07	    3.08666e-05	    5.84257e-07	    1.74795e-04	    2.47708e-04	    1.41107e-03	    1.90005e-03	    8.79420e-06	    3.66970e-04	    1.10603e-05
    5.44310e-02	    9.38300e-01	    1.79807e-04	    2.27425e-04	    5.78133e-07	    3.31043e-05	    7.17779e-07	    1.86930e-04	    2.64920e-04	    1.51011e-03	    2.03329e-03	    1.00831e-05	    3.67756e-04	    1.26810e-05
    5.80676e-02	    9.38300e-01	    1.91524e-04	    2.42235e-04	    7.00779e-07	    3.53487e-05	    8.70039e-07	    1.98992e-04	    2.82033e-04	    1.60879e-03	    2.16603e-03	    1.14573e-05	    3.68592e-04	    1.44089e-05
    6.17058e-02	    9.38300e-01	    2.03189e-04	    2.56978e-04	    8.39460e-07	    3.76002e-05	    1.04220e-06	    2.10978e-04	    2.99041e-04	    1.70709e-03	    2.29823e-03	    1.29162e-05	    3.69480e-04	    1.62432e-05
    6.53456e-02	    9.38300e-01	    2.14798e-04	    2.71649e-04	    9.95105e-07	    3.98590e-05	    1.23542e-06	    2.22883e-04	    3.15938e-04	    1.80498e-03	    2.42986e-03	    1.44591e-05	    3.70417e-04	    1.81829e-05
    6.89871e-02	    9.38300e-01	    2.26350e-04	    2.86244e-04	    1.16863e-06	    4.21257e-05	    1.45083e-06	    2.34702e-04	    3.32717e-04	    1.90244e-03	    2.56087e-03	    1.60852e-05	    3.71404e-04	    2.02271e-05
    7.26304e-02	    9.38300e-01	    2.37840e-04	    3.00760e-04	    1.36092e-06	    4.44006e-05	    1.68954e-06	    2.46430e-04	    3.49373e-04	    1.99944e-03	    2.69125e-03	    1.77936e-05	    3.72439e-04	    2.23747e-05
    7.62757e-02	    9.38300e-01	    2.49266e-04	    3.15192e-04	    1.57288e-06	    4.66840e-05	    1.95265e-06	    2.58065e-04	    3.65899e-04	    2.09597e-03	    2.82096e-03	    1.95835e-05	    3.73523e-04	    2.46245e-05
    7.99230e-02	    9.38300e-01	    2.60625e-04	    3.29536e-04	    1.80536e-06	    4.89763e-05	    2.24123e-06	    2.69600e-04	    3.82289e-04	    2.19200e-03	    2.94996e-03	    2.14540e-05	    3.74654e-04	    2.69755e-05
    8.35723e-02	    9.38300e-01	    2.71913e-04	    3.43789e-04	    2.05923e-06	    5.12777e-05	    2.55635e-06	    2.81033e-04	    3.98538e-04	    2.28751e-03	    3.07823e-03	    2.34042e-05	    3.75832e-04	    2.94263e-05
    8.72239e-02	    9.38300e-01	    2.83127e-04	    3.57946e-04	    2.33531e-06	    5.35887e-05	    2.89903e-06	    2.92358e-04	    4.14639e-04	    2.38248e-03	    3.20573e-03	    2.54330e-05	    3.77055e-04	    3.19759e-05
    9.08778e-02	    9.38300e-01	    2.94265e-04	    3.72004e-04	    2.63443e-06	    5.59094e-05	    3.27029e-06	    3.03571e-04	    4.30587e-04	    2.47687e-03	    3.33243e-03	    2.75394e-05	    3.78323e-04	    3.46227e-05
    9.45342e-02	    9.38300e-01	    3.05324e-04	    3.85959e-04	    2.95738e-06	    5.82403e-05	    3.67112e-06	    3.14669e-04	    4.46375e-04	    2.57068e-03	    3.45830e-03	    2.97224e-05	    3.79635e-04	    3.73655e-05
    9.81930e-02	    9.38300e-01	    3.16300e-04	    3.99807e-04	    3.30494e-06	    6.05814e-05	    4.10249e-06	    3.25646e-04	    4.61999e-04	    2.66388e-03	    3.58332e-03	    3.19809e-05	    3.80990e-04	    4.02028e-05
    1.01854e-01	    9.38300e-01	    3.27192e-04	    4.13544e-04	    3.67787e-06	    6.29332e-05	    4.56533e-06	    3.36500e-04	    4.77453e-04	    2.75645e-03	    3.70744e-03	    3.43138e-05	    3.82388e-04	    4.31332e-05
    1.05519e-01	    9.38300e-01	    3.37995e-04	    4.27167e-04	    4.07692e-06	    6.52959e-05	    5.06056e-06	    3.47226e-04	    4.92732e-04	    2.84836e-03	    3.83064e-03	    3.67197e-05	    3.83826e-04	    4.61552e-05
    1.09185e-01	    9.38300e-01	    3.48707e-04	    4.40672e-04	    4.50280e-06	    6.76696e-05	    5.58906e-06	    3.57820e-04	    5.07829e-04	    2.93960e-03	    3.95289e-03	    3.91976e-05	    3.85305e-04	    4.92672e-05
    1.12855e-01	    9.38300e-01	    3.59326e-04	    4.54056e-04	    4.95620e-06	    7.00545e-05	    6.15171e-06	    3.68279e-04	    5.22740e-04	    3.03014e-03	    4.07416e-03	    4.17462e-05	    3.86823e-04	    5.24677e-05
    1.16528e-01	    9.38300e-01	    3.69848e-04	    4.67314e-04	    5.43781e-06	    7.24510e-05	    6.74934e-06	    3.78599e-04	    5.37460e-04	    3.11996e-03	    4.19443e-03	    4.43642e-05	    3.88379e-04	    5.57548e-05
    1.20204e-01	    9.38300e-01	    3.80271e-04	    4.80443e-04	    5.94828e-06	    7.48590e-05	    7.38275e-06	    3.88775e-04	    5.51983e-04	    3.20904e-03	    4.31365e-03	    4.70503e-05	    3.89972e-04	    5.91271e-05
    1.23883e-01	    9.38300e-01	    3.90592e-04	    4.93441e-04	    6.48823e-06	    7.72789e-05	    8.05271e-06	    3.98805e-04	    5.66305e-04	    3.29737e-03	    4.43180e-03	    4.98031e-05	    3.91601e-04	    6.25826e-05
    1.27566e-01	    9.38300e-01	    4.00809e-04	    5.06302e-04	    7.05828e-06	    7.97107e-05	    8.75997e-06	    4.08685e-04	    5.80420e-04	    3.38491e-03	    4.54886e-03	    5.26212e-05	    3.93265e-04	    6.61197e-05
    1.31252e-01	    9.38300e-01	    4.10918e-04	    5.19025e-04	    7.65899e-06	    8.21545e-05	    9.50526e-06	    4.18412e-04	    5.94324e-04	    3.47166e-03	    4.66480e-03	    5.55032e-05	    3.94962e-04	    6.97365e-05
    1.34941e-01	    9.38300e-01	    4.20918e-04	    5.31606e-04	    8.29093e-06	    8.46105e-05	    1.02893e-05	    4.27981e-04	    6.08012e-04	    3.55759e-03	    4.77958e-03	    5.84476e-05	    3.96692e-04	    7.34312e-05
    1.38634e-01	    9.38300e-01	    4.30806e-04	    5.44041e-04	    8.95463e-06	    8.70786e-05	    1.11126e-05	    4.37391e-04	    6.21480e-04	    3.64268e-03	    4.89319e-03	    6.14531e-05	    3.98453e-04	    7.72018e-05
    1.42331e-01	    9.38300e-01	    4.40579e-04	    5.56327e-04	    9.65059e-06	    8.95591e-05	    1.19759e-05	    4.46637e-04	    6.34723e-04	    3.72691e-03	    5.00559e-03	    6.45179e-05	    4.00244e-04	    8.10464e-05
    1.46031e-01	    9.38300e-01	    4.50235e-04	    5.68461e-04	    1.03793e-05	    9.20519e-05	    1.28798e-05	    4.55717e-04	    6.47737e-04	    3.81026e-03	    5.11676e-03	    6.76407e-05	    4.02064e-04	    8.49630e-05
    1.49736e-01	    9.38300e-01	    4.59771e-04	    5.80440e-04	    1.11412e-05	    9.45570e-05	    1.38248e-05	    4.64627e-04	    6.60517e-04	    3.89272e-03	    5.22667e-03	    7.08197e-05	    4.03911e-04	    8.89496e-05
    1.53444e-01	    9.38300e-01	    4.69185e-04	    5.92261e-04	    1.19367e-05	    9.70745e-05	    1.48115e-05	    4.73365e-04	    6.73060e-04	    3.97426e-03	    5.33529e-03	    7.40535e-05	    4.05784e-04	    9.30041e-05
    1.57157e-01	    9.38300e-01	    4.78475e-04	    6.03921e-04	    1.27662e-05	    9.96042e-05	    1.58402e-05	    4.81927e-04	    6.85362e-04	    4.05487e-03	    5.44261e-03	    7.73404e-05	    4.07682e-04	    9.71245e-05
    1.60874e-01	    9.38300e-01	    4.87639e-04	    6.15417e-04	    1.36301e-05	    1.02146e-04	    1.69116e-05	    4.90312e-04	    6.97418e-04	    4.13453e-03	    5.54859e-03	    8.06786e-05	    4.09603e-04	    1.01309e-04
    1.64595e-01	    9.38300e-01	    4.96673e-04	    6.26747e-04	    1.45287e-05	    1.04701e-04	    1.80259e-05	    4.98515e-04	    7.09225e-04	    4.21322e-03	    5.65322e-03	    8.40666e-05	    4.11547e-04	    1.05554e-04
    1.68320e-01	    9.38300e-01	    5.05577e-04	    6.37906e-04	    1.54624e-05	    1.07267e-04	    1.91836e-05	    5.06536e-04	    7.20780e-04	    4.29093e-03	    5.75646e-03	    8.75026e-05	    4.13511e-04	    1.09859e-04
    1.72050e-01	    9.38300e-01	    5.14347e-04	    6.48893e-04	    1.64313e-05	    1.09845e-04	    2.03850e-05	    5.14371e-04	    7.32078e-04	    4.36763e-03	    5.85830e-03	    9.09849e-05	    4.15494e-04	    1.14221e-04
    1.75785e-01	    9.38300e-01	    5.22982e-04	    6.59705e-04	    1.74359e-05	    1.12436e-04	    2.16304e-05	    5.22017e-04	    7.43117e-04	    4.44331e-03	    5.95871e-03	    9.45117e-05	    4.17496e-04	    1.18638e-04
    1.79525e-01	    9.38300e-01	    5.31480e-04	    6.70340e-04	    1.84762e-05	    1.15038e-04	    2.29201e-05	    5.29473e-04	    7.53893e-04	    4.51796e-03	    6.05766e-03	    9.80812e-05	    4.19513e-04	    1.23108e-04
    1.83269e-01	    9.38300e-01	    5.39839e-04	    6.80794e-04	    1.95525e-05	    1.17651e-04	    2.42543e-05	    5.36737e-04	    7.64403e-04	    4.59155e-03	    6.15515e-03	    1.01692e-04	    4.21546e-04	    1.27628e-04
    1.87019e-01	    9.38300e-01	    5.48056e-04	    6.91065e-04	    2.06649e-05	    1.20276e-04	    2.56332e-05	    5.43806e-04	    7.74645e-04	    4.66408e-03	    6.25113e-03	    1.05341e-04	    4.23592e-04	    1.32196e-04
    1.90773e-01	    9.38300e-01	    5.56130e-04	    7.01151e-04	    2.18137e-05	    1.22912e-04	    2.70570e-05	    5.50678e-04	    7.84614e-04	    4.73552e-03	    6.34560e-03	    1.09028e-04	    4.25650e-04	    1.36809e-04
    1.94533e-01	    9.38300e-01	    5.64059e-04	    7.11050e-04	    2.29988e-05	    1.25559e-04	    2.85257e-05	    5.57352e-04	    7.94310e-04	    4.80586e-03	    6.43854e-03	    1.12750e-04	    4.27718e-04	    1.41466e-04
    1.98298e-01	    9.38300e-01	    5.71842e-04	    7.20759e-04	    2.42203e-05	    1.28217e-04	    3.00395e-05	    5.63825e-04	    8.03728e-04	    4.87509e-03	    6.52991e-03	    1.16506e-04	    4.29795e-04	    1.46163e-04
    2.02068e-01	    9.38300e-01	    5.79476e-04	    7.30276e-04	    2.54784e-05	    1.30885e-04	    3.15984e-05	    5.70096e-04	    8.12867e-04	    4.94318e-03	    6.61971e-03	    1.20293e-04	    4.31880e-04	    1.50899e-04
    2.05844e-01	    9.38300e-01	    5.86959e-04	    7.39599e-04	    2.67730e-05	    1.33563e-04	    3.32023e-05	    5.76164e-04	    8.21725e-04	    5.01014e-03	    6.70791e-03	    1.24110e-04	    4.33971e-04	    1.55671e-04
    2.09626e-01	    9.38300e-01	    5.94291e-04	    7.48726e-04	    2.81040e-05	    1.36251e-04	    3.48513e-05	    5.82026e-04	    8.30299e-04	    5.07594e-03	    6.79449e-03	    1.27955e-04	    4.36066e-04	    1.60476e-04
    2.13413e-01	    9.38300e-01	    6.01470e-04	    7.57655e-04	    2.94715e-05	    1.38949e-04	    3.65453e-05	    5.87682e-04	    8.38587e-04	    5.14057e-03	    6.87945e-03	    1.31826e-04	    4.38164e-04	    1.65313e-04
    2.17206e-01	    9.38300e-01	    6.08493e-04	    7.66383e-04	    3.08753e-05	    1.41655e-04	    3.82841e-05	    5.93130e-04	    8.46587e-04	    5.20401e-03	    6.96274e-03	    1.35720e-04	    4.40263e-04	    1.70178e-04
    2.21006e-01	    9.38300e-01	    6.15360e-04	    7.74910e-04	    3.23153e-05	    1.44370e-04	    4.00676e-05	    5.98370e-04	    8.54298e-04	    5.26626e-03	    7.04438e-03	    1.39637e-04	    4.42361e-04	    1.75068e-04
    2.24811e-01	    9.38300e-01	    6.22070e-04	    7.83233e-04	    3.37914e-05	    1.47093e-04	    4.18957e-05	    6.03399e-04	    8.61719e-04	    5.32730e-03	    7.12432e-03	    1.43573e-04	    4.44458e-04	    1.79983e-04
    2.28622e-01	    9.38300e-01	    6.28620e-04	    7.91351e-04	    3.53034e-05	    1.49824e-04	    4.37679e-05	    6.08217e-04	    8.68846e-04	    5.38712e-03	    7.20257e-03	    1.47527e-04	    4.46551e-04	    1.84918e-04
    2.32440e-01	    9.38300e-01	    6.35009e-04	    7.99261e-04	    3.68511e-05	    1.52562e-04	    4.56842e-05	    6.12823e-04	    8.75680e-04	    5.44571e-03	    7.27909e-03	    1.51497e-04	    4.48639e-04	    1.89871e-04
    2.36265e-01	    9.38300e-01	    6.41237e-04	    8.06964e-04	    3.84343e-05	    1.55307e-04	    4.76441e-05	    6.17217e-04	    8.82219e-04	    5.50305e-03	    7.35389e-03	    1.55481e-04	    4.50721e-04	    1.94840e-04
    2.40095e-01	    9.38300e-01	    6.47302e-04	    8.14456e-04	    4.00526e-05	    1.58058e-04	    4.96473e-05	    6.21398e-04	    8.88463e-04	    5.55913e-03	    7.42694e-03	    1.59477e-04	    4.52794e-04	    1.99823e-04
    2.43933e-01	    9.38300e-01	    6.53202e-04	    8.21737e-04	    4.17058e-05	    1.60815e-04	    5.16934e-05	    6.25364e-04	    8.94409e-04	    5.61396e-03	    7.49823e-03	    1.63483e-04	    4.54857e-04	    2.04816e-04
    2.47777e-01	    9.38300e-01	    6.58938e-04	    8.28805e-04	    4.33935e-05	    1.63577e-04	    5.37820e-05	    6.29117e-04	    9.00058e-04	    5.66750e-03	    7.56775e-03	    1.67497e-04	    4.56908e-04	    2.09817e-04
    2.51628e-01	    9.38300e-01	    6.64507e-04	    8.35659e-04	    4.51153e-05	    1.66344e-04	    5.59127e-05	    6.32655e-04	    9.05410e-04	    5.71976e-03	    7.63547e-03	    1.71516e-04	    4.58947e-04	    2.14824e-04
    2.55487e-01	    9.38300e-01	    6.69910e-04	    8.42298e-04	    4.68710e-05	    1.69114e-04	    5.80848e-05	    6.35978e-04	    9.10462e-04	    5.77073e-03	    7.70141e-03	    1.75539e-04	    4.60971e-04	    2.19834e-04
    2.59352e-01	    9.38300e-01	    6.75144e-04	    8.48721e-04	    4.86599e-05	    1.71889e-04	    6.02978e-05	    6.39087e-04	    9.15216e-04	    5.82039e-03	    7.76553e-03	    1.79564e-04	    4.62978e-04	    2.24844e-04
    2.63225e-01	    9.38300e-01	    6.80209e-04	    8.54927e-04	    5.04817e-05	    1.74666e-04	    6.25512e-05	    6.41980e-04	    9.19671e-04	    5.86874e-03	    7.82783e-03	    1.83589e-04	    4.64968e-04	    2.29851e-04
    2.67105e-01	    9.38300e-01	    6.85105e-04	    8.60914e-04	    5.23360e-05	    1.77445e-04	    6.48443e-05	    6.44659e-04	    9.23826e-04	    5.91576e-03	    7.88830e-03	    1.87611e-04	    4.66938e-04	    2.34854e-04
    2.70992e-01	    9.38300e-01	    6.89830e-04	    8.66683e-04	    5.42220e-05	    1.80225e-04	    6.71765e-05	    6.47123e-04	    9.27683e-04	    5.96146e-03	    7.94693e-03	    1.91629e-04	    4.68887e-04	    2.39850e-04
    2.74887e-01	    9.38300e-01	    6.94385e-04	    8.72232e-04	    5.61394e-05	    1.83007e-04	    6.95471e-05	    6.49373e-04	    9.31242e-04	    6.00583e-03	    8.00370e-03	    1.95641e-04	    4.70813e-04	    2.44835e-04
    2.78790e-01	    9.38300e-01	    6.98768e-04	    8.77561e-04	    5.80875e-05	    1.85788e-04	    7.19552e-05	    6.51409e-04	    9.34502e-04	    6.04885e-03	    8.05862e-03	    1.99644e-04	    4.72715e-04	    2.49808e-04
    2.82701e-01	    9.38300e-01	    7.02978e-04	    8.82669e-04	    6.00657e-05	    1.88569e-04	    7.44002e-05	    6.53232e-04	    9.37465e-04	    6.09052e-03	    8.11168e-03	    2.03637e-04	    4.74591e-04	    2.54765e-04
    2.86620e-01	    9.38300e-01	    7.07017e-04	    8.87555e-04	    6.20734e-05	    1.91348e-04	    7.68812e-05	    6.54842e-04	    9.40130e-04	    6.13083e-03	    8.16285e-03	    2.07617e-04	    4.76440e-04	    2.59705e-04
    2.90547e-01	    9.38300e-01	    7.10882e-04	    8.92219e-04	    6.41099e-05	    1.94125e-04	    7.93974e-05	    6.56240e-04	    9.42500e-04	    6.16978e-03	    8.21215e-03	    2.11583e-04	    4.78260e-04	    2.64625e-04
    2.94483e-01	    9.38300e-01	    7.14573e-04	    8.96662e-04	    6.61745e-05	    1.96899e-04	    8.19479e-05	    6.57426e-04	    9.44574e-04	    6.20736e-03	    8.25956e-03	    2.15532e-04	    4.80049e-04	    2.69521e-04
    2.98426e-01	    9.38300e-01	    7.18091e-04	    9.00881e-04	    6.82665e-05	    1.99669e-04	    8.45317e-05	    6.58403e-04	    9.46355e-04	    6.24358e-03	    8.30507e-03	    2.19463e-04	    4.81806e-04	    2.74393e-04
    3.02379e-01	    9.38300e-01	    7.21435e-04	    9.04878e-04	    7.03851e-05	    2.02434e-04	    8.71480e-05	    6.59170e-04	    9.47842e-04	    6.27841e-03	    8.34869e-03	    2.23374e-04	    4.83530e-04	    2.79236e-04
    3.06340e-01	    9.38300e-01	    7.24605e-04	    9.08652e-04	    7.25296e-05	    2.05194e-04	    8.97957e-05	    6.59728e-04	    9.49038e-04	    6.31187e-03	    8.39040e-03	    2.27261e-04	    4.85219e-04	    2.84049e-04
    3.10309e-01	    9.38300e-01	    7.27601e-04	    9.12203e-04	    7.46991e-05	    2.07948e-04	    9.24737e-05	    6.60080e-04	    9.49944e-04	    6.34394e-03	    8.43021e-03	    2.31125e-04	    4.86871e-04	    2.88829e-04
    3.14288e-01	    9.38300e-01	    7.30423e-04	    9.15531e-04	    7.68929e-05	    2.10694e-04	    9.51812e-05	    6.60226e-04	    9.50562e-04	    6.37462e-03	    8.46811e-03	    2.34962e-04	    4.88486e-04	    2.93574e-04
    3.18276e-01	    9.38300e-01	    7.33070e-04	    9.18636e-04	    7.91099e-05	    2.13432e-04	    9.79168e-05	    6.60168e-04	    9.50893e-04	    6.40391e-03	    8.50410e-03	    2.38771e-04	    4.90060e-04	    2.98281e-04
    3.22273e-01	    9.38300e-01	    7.35543e-04	    9.21519e-04	    8.13495e-05	    2.16162e-04	    1.00680e-04	    6.59907e-04	    9.50940e-04	    6.43181e-03	    8.53817e-03	    2.42549e-04	    4.91594e-04	    3.02948e-04
    3.26279e-01	    9.38300e-01	    7.37843e-04	    9.24179e-04	    8.36106e-05	    2.18881e-04	    1.03468e-04	    6.59445e-04	    9.50704e-04	    6.45831e-03	    8.57033e-03	    2.46296e-04	    4.93086e-04	    3.07573e-04
    3.30295e-01	    9.38300e-01	    7.39968e-04	    9.26618e-04	    8.58923e-05	    2.21589e-04	    1.06282e-04	    6.58784e-04	    9.50188e-04	    6.48341e-03	    8.60057e-03	    2.50008e-04	    4.94533e-04	    3.12152e-04
    3.34321e-01	    9.38300e-01	    7.41920e-04	    9.28835e-04	    8.81937e-05	    2.24285e-04	    1.09119e-04	    6.57924e-04	    9.49393e-04	    6.50712e-03	    8.62889e-03	    2.53684e-04	    4.95936e-04	    3.16684e-04
    3.38356e-01	    9.38300e-01	    7.43698e-04	    9.30831e-04	    9.05137e-05	    2.26969e-04	    1.11979e-04	    6.56869e-04	    9.48322e-04	    6.52943e-03	    8.65530e-03	    2.57323e-04	    4.97292e-04	    3.21166e-04
    3.42401e-01	    9.38300e-01	    7.45304e-04	    9.32607e-04	    9.28515e-05	    2.29639e-04	    1.14859e-04	    6.55620e-04	    9.46979e-04	    6.55034e-03	    8.67980e-03	    2.60922e-04	    4.98600e-04	    3.25596e-04
    3.46456e-01	    9.38300e-01	    7.46737e-04	    9.34163e-04	    9.52059e-05	    2.32294e-04	    1.17760e-04	    6.54179e-04	    9.45364e-04	    6.56985e-03	    8.70238e-03	    2.64480e-04	    4.99858e-04	    3.29972e-04
    3.50522e-01	    9.38300e-01	    7.47998e-04	    9.35501e-04	    9.75759e-05	    2.34933e-04	    1.20678e-04	    6.52548e-04	    9.43482e-04	    6.58796e-03	    8.72305e-03	    2.67994e-04	    5.01066e-04	    3.34291e-04
    3.54597e-01	    9.38300e-01	    7.49088e-04	    9.36620e-04	    9.99604e-05	    2.37556e-04	    1.23614e-04	    6.50729e-04	    9.41335e-04	    6.60468e-03	    8.74182e-03	    2.71463e-04	    5.02223e-04	    3.38551e-04
    3.58684e-01	    9.38300e-01	    7.50007e-04	    9.37522e-04	    1.02358e-04	    2.40161e-04	    1.26566e-04	    6.48725e-04	    9.38925e-04	    6.62000e-03	    8.75868e-03	    2.74886e-04	    5.03326e-04	    3.42751e-04
    3.62781e-01	    9.38300e-01	    7.50755e-04	    9.38207e-04	    1.04769e-04	    2.42747e-04	    1.29532e-04	    6.46539e-04	    9.36257e-04	    6.63392e-03	    8.77364e-03	    2.78260e-04	    5.04375e-04	    3.46887e-04
    3.66888e-01	    9.38300e-01	    7.51335e-04	    9.38678e-04	    1.07190e-04	    2.45313e-04	    1.32511e-04	    6.44171e-04	    9.33333e-04	    6.64645e-03	    8.78671e-03	    2.81584e-04	    5.05368e-04	    3.50958e-04
    3.71007e-01	    9.38300e-01	    7.51745e-04	    9.38934e-04	    1.09622e-04	    2.47858e-04	    1.35501e-04	    6.41626e-04	    9.30156e-04	    6.65759e-03	    8.79788e-03	    2.84856e-04	    5.06304e-04	    3.54962e-04
    3.75137e-01	    9.38300e-01	    7.51988e-04	    9.38978e-04	    1.12062e-04	    2.50382e-04	    1.38501e-04	    6.38905e-04	    9.26731e-04	    6.66735e-03	    8.80718e-03	    2.88075e-04	    5.07183e-04	    3.58897e-04
    3.79278e-01	    9.38300e-01	    7.52064e-04	    9.38810e-04	    1.14510e-04	    2.52882e-04	    1.41510e-04	    6.36012e-04	    9.23060e-04	    6.67572e-03	    8.81459e-03	    2.91238e-04	    5.08002e-04	    3.62760e-04
    3.83430e-01	    9.38300e-01	    7.51974e-04	    9.38432e-04	    1.16965e-04	    2.55358e-04	    1.44526e-04	    6.32948e-04	    9.19147e-04	    6.68272e-03	    8.82014e-03	    2.94345e-04	    5.08762e-04	    3.66549e-04
    3.87594e-01	    9.38300e-01	    7.51719e-04	    9.37845e-04	    1.19425e-04	    2.57809e-04	    1.47547e-04	    6.29717e-04	    9.14996e-04	    6.68834e-03	    8.82383e-03	    2.97393e-04	    5.09459e-04	    3.70263e-04
    3.91770e-01	    9.38300e-01	    7.51301e-04	    9.37051e-04	    1.21889e-04	    2.60234e-04	    1.50572e-04	    6.26322e-04	    9.10611e-04	    6.69259e-03	    8.82566e-03	    3.00382e-04	    5.10095e-04	    3.73900e-04
    3.95957e-01	    9.38300e-01	    7.50719e-04	    9.36051e-04	    1.24356e-04	    2.62632e-04	    1.53600e-04	    6.22766e-04	    9.05995e-04	    6.69548e-03	    8.82565e-03	    3.03309e-04	    5.10667e-04	    3.77458e-04
    4.00157e-01	    9.38300e-01	    7.49976e-04	    9.34848e-04	    1.26825e-04	    2.65002e-04	    1.56628e-04	    6.19051e-04	    9.01153e-04	    6.69700e-03	    8.82380e-03	    3.06174e-04	    5.11175e-04	    3.80935e-04
    4.04368e-01	    9.38300e-01	    7.49073e-04	    9.33442e-04	    1.29294e-04	    2.67342e-04	    1.59656e-04	    6.15181e-04	    8.96088e-04	    6.69718e-03	    8.82013e-03	    3.08974e-04	    5.11618e-04	    3.84329e-04
    4.08593e-01	    9.38300e-01	    7.48010e-04	    9.31835e-04	    1.31761e-04	    2.69651e-04	    1.62681e-04	    6.11159e-04	    8.90805e-04	    6.69601e-03	    8.81465e-03	    3.11709e-04	    5.11994e-04	    3.87639e-04
    4.12829e-01	    9.38300e-01	    7.46790e-04	    9.30030e-04	    1.34227e-04	    2.71929e-04	    1.65702e-04	    6.06987e-04	    8.85309e-04	    6.69350e-03	    8.80736e-03	    3.14376e-04	    5.12303e-04	    3.90863e-04
    4.17079e-01	    9.38300e-01	    7.45413e-04	    9.28027e-04	    1.36689e-04	    2.74175e-04	    1.68718e-04	    6.02670e-04	    8.79602e-04	    6.68965e-03	    8.79829e-03	    3.16976e-04	    5.12545e-04	    3.93999e-04
    4.21341e-01	    9.38300e-01	    7.43882e-04	    9.25830e-04	    1.39147e-04	    2.76387e-04	    1.71726e-04	    5.98210e-04	    8.73691e-04	    6.68448e-03	    8.78743e-03	    3.19505e-04	    5.12717e-04	    3.97045e-04
    4.25616e-01	    9.38300e-01	    7.42197e-04	    9.23441e-04	    1.41598e-04	    2.78564e-04	    1.74726e-04	    5.93612e-04	    8.67579e-04	    6.67800e-03	    8.77481e-03	    3.21964e-04	    5.12820e-04	    4.00001e-04
    4.29905e-01	    9.38300e-01	    7.40360e-04	    9.20860e-04	    1.44041e-04	    2.80705e-04	    1.77714e-04	    5.88877e-04	    8.61270e-04	    6.67021e-03	    8.76044e-03	    3.24351e-04	    5.12852e-04	    4.02864e-04
    4.34206e-01	    9.38300e-01	    7.38373e-04	    9.18091e-04	    1.46476e-04	    2.82809e-04	    1.80691e-04	    5.84010e-04	    8.54770e-04	    6.66111e-03	    8.74433e-03	    3.26664e-04	    5.12814e-04	    4.05634e-04
    4.38522e-01	    9.38300e-01	    7.36238e-04	    9.15136e-04	    1.48901e-04	    2.84875e-04	    1.83654e-04	    5.79014e-04	    8.48083e-04	    6.65073e-03	    8.72650e-03	    3.28903e-04	    5.12703e-04	    4.08308e-04
    4.42851e-01	    9.38300e-01	    7.33955e-04	    9.11997e-04	    1.51315e-04	    2.86902e-04	    1.86601e-04	    5.73893e-04	    8.41214e-04	    6.63907e-03	    8.70697e-03	    3.31067e-04	    5.12520e-04	    4.10886e-04
    4.47194e-01	    9.38300e-01	    7.31527e-04	    9.08676e-04	    1.53715e-04	    2.88889e-04	    1.89530e-04	    5.68650e-04	    8.34168e-04	    6.62614e-03	    8.68574e-03	    3.33153e-04	    5.12264e-04	    4.13366e-04
    4.51551e-01	    9.38300e-01	    7.28956e-04	    9.05176e-04	    1.56101e-04	    2.90835e-04	    1.92441e-04	    5.63289e-04	    8.26949e-04	    6.61195e-03	    8.66284e-03	    3.35162e-04	    5.11935e-04	    4.15747e-04
    4.55923e-01	    9.38300e-01	    7.26243e-04	    9.01500e-04	    1.58472e-04	    2.92739e-04	    1.95332e-04	    5.57813e-04	    8.19563e-04	    6.59651e-03	    8.63828e-03	    3.37093e-04	    5.11531e-04	    4.18027e-04
    4.60309e-01	    9.38300e-01	    7.23390e-04	    8.97649e-04	    1.60827e-04	    2.94599e-04	    1.98199e-04	    5.52227e-04	    8.12014e-04	    6.57983e-03	    8.61208e-03	    3.38944e-04	    5.11052e-04	    4.20206e-04
    4.64709e-01	    9.38300e-01	    7.20400e-04	    8.93626e-04	    1.63162e-04	    2.96415e-04	    2.01043e-04	    5.46533e-04	    8.04307e-04	    6.56192e-03	    8.58425e-03	    3.40714e-04	    5.10499e-04	    4.22283e-04
    4.69125e-01	    9.38300e-01	    7.17274e-04	    8.89435e-04	    1.65479e-04	    2.98186e-04	    2.03862e-04	    5.40736e-04	    7.96448e-04	    6.54281e-03	    8.55482e-03	    3.42403e-04	    5.09870e-04	    4.24256e-04
    4.73555e-01	    9.38300e-01	    7.14013e-04	    8.85077e-04	    1.67774e-04	    2.99911e-04	    2.06653e-04	    5.34839e-04	    7.88442e-04	    6.52249e-03	    8.52381e-03	    3.44010e-04	    5.09164e-04	    4.26125e-04
    4.78001e-01	    9.38300e-01	    7.10621e-04	    8.80555e-04	    1.70048e-04	    3.01589e-04	    2.09415e-04	    5.28846e-04	    7.80293e-04	    6.50098e-03	    8.49123e-03	    3.45534e-04	    5.08383e-04	    4.27889e-04
    4.82462e-01	    9.38300e-01	    7.07100e-04	    8.75873e-04	    1.72298e-04	    3.03218e-04	    2.12146e-04	    5.22762e-04	    7.72007e-04	    6.47829e-03	    8.45710e-03	    3.46974e-04	    5.07525e-04	    4.29546e-04
    4.86939e-01	    9.38300e-01	    7.03450e-04	    8.71033e-04	    1.74523e-04	    3.04798e-04	    2.14845e-04	    5.16588e-04	    7.63589e-04	    6.45444e-03	    8.42145e-03	    3.48330e-04	    5.06590e-04	    4.31097e-04
    4.91432e-01	    9.38300e-01	    6.99675e-04	    8.66038e-04	    1.76722e-04	    3.06328e-04	    2.17510e-04	    5.10331e-04	    7.55045e-04	    6.42945e-03	    8.38429e-03	    3.49601e-04	    5.05578e-04	    4.32539e-04
    4.95941e-01	    9.38300e-01	    6.95777e-04	    8.60891e-04	    1.78893e-04	    3.07807e-04	    2.20140e-04	    5.03992e-04	    7.46379e-04	    6.40331e-03	    8.34565e-03	    3.50786e-04	    5.04489e-04	    4.33874e-04
    5.00466e-01	    9.38300e-01	    6.91758e-04	    8.55594e-04	    1.81036e-04	    3.09234e-04	    2.22732e-04	    4.97577e-04	    7.37597e-04	    6.37606e-03	    8.30554e-03	    3.51885e-04	    5.03322e-04	    4.35099e-04
    5.05007e-01	    9.38300e-01	    6.87620e-04	    8.50151e-04	    1.83148e-04	    3.10608e-04	    2.25286e-04	    4.91089e-04	    7.28703e-04	    6.34771e-03	    8.26400e-03	    3.52898e-04	    5.02078e-04	    4.36215e-04
    5.09565e-01	    9.38300e-01	    6.83365e-04	    8.44566e-04	    1.85230e-04	    3.11928e-04	    2.27799e-04	    4.84533e-04	    7.19705e-04	    6.31826e-03	    8.22104e-03	    3.53823e-04	    5.00757e-04	    4.37220e-04
    5.14140e-01	    9.38300e-01	    6.78996e-04	    8.38840e-04	    1.87278e-04	    3.13194e-04	    2.30270e-04	    4.77910e-04	    7.10606e-04	    6.28773e-03	    8.17668e-03	    3.54661e-04	    4.99357e-04	    4.38116e-04
    5.18732e-01	    9.38300e-01	    6.74516e-04	    8.32977e-04	    1.89293e-04	    3.14404e-04	    2.32698e-04	    4.71227e-04	    7.01412e-04	    6.25615e-03	    8.13095e-03	    3.55411e-04	    4.97880e-04	    4.38900e-04
    5.23341e-01	    9.38300e-01	    6.69926e-04	    8.26981e-04	    1.91272e-04	    3.15558e-04	    2.35080e-04	    4.64486e-04	    6.92129e-04	    6.22353e-03	    8.08388e-03	    3.56072e-04	    4.96326e-04	    4.39574e-04
    5.27968e-01	    9.38300e-01	    6.65229e-04	    8.20855e-04	    1.93216e-04	    3.16654e-04	    2.37416e-04	    4.57692e-04	    6.82761e-04	    6.18987e-03	    8.03548e-03	    3.56645e-04	    4.94694e-04	    4.40135e-04
    5.32613e-01	    9.38300e-01	    6.60428e-04	    8.14601e-04	    1.95121e-04	    3.17693e-04	    2.39704e-04	    4.50848e-04	    6.73314e-04	    6.15521e-03	    7.98578e-03	    3.57130e-04	    4.92985e-04	    4.40586e-04
    5.37275e-01	    9.38300e-01	    6.55525e-04	    8.08223e-04	    1.96988e-04	    3.18673e-04	    2.41942e-04	    4.43959e-04	    6.63794e-04	    6.11956e-03	    7.93481e-03	    3.57525e-04	    4.91199e-04	    4.40925e-04
    5.41956e-01	    9.38300e-01	    6.50522e-04	    8.01724e-04	    1.98814e-04	    3.19594e-04	    2.44129e-04	    4.37027e-04	    6.54206e-04	    6.08293e-03	    7.88259e-03	    3.57831e-04	    4.89336e-04	    4.41151e-04
    5.46655e-01	    9.38300e-01	    6.45422e-04	    7.95109e-04	    2.00600e-04	    3.20455e-04	    2.46263e-04	    4.30058e-04	    6.44554e-04	    6.04534e-03	    7.82915e-03	    3.58049e-04	    4.87397e-04	    4.41267e-04
    5.51373e-01	    9.38300e-01	    6.40228e-04	    7.88379e-04	    2.02343e-04	    3.21254e-04	    2.48344e-04	    4.23054e-04	    6.34845e-04	    6.00680e-03	    7.77451e-03	    3.58177e-04	    4.85381e-04	    4.41270e-04
    5.56110e-01	    9.38300e-01	    6.34942e-04	    7.81538e-04	    2.04042e-04	    3.21992e-04	    2.50369e-04	    4.16020e-04	    6.25083e-04	    5.96735e-03	    7.71870e-03	    3.58216e-04	    4.83289e-04	    4.41162e-04
    5.60866e-01	    9.38300e-01	    6.29566e-04	    7.74591e-04	    2.05697e-04	    3.22668e-04	    2.52337e-04	    4.08959e-04	    6.15274e-04	    5.92699e-03	    7.66175e-03	    3.58166e-04	    4.81122e-04	    4.40942e-04
    5.65641e-01	    9.38300e-01	    6.24104e-04	    7.67540e-04	    2.07306e-04	    3.23281e-04	    2.54247e-04	    4.01875e-04	    6.05423e-04	    5.88575e-03	    7.60368e-03	    3.58027e-04	    4.78880e-04	    4.40611e-04
    5.70436e-01	    9.38300e-01	    6.18559e-04	    7.60389e-04	    2.08869e-04	    3.23831e-04	    2.56098e-04	    3.94772e-04	    5.95536e-04	    5.84364e-03	    7.54453e-03	    3.57799e-04	    4.76564e-04	    4.40170e-04
    5.75250e-01	    9.38300e-01	    6.12931e-04	    7.53140e-04	    2.10383e-04	    3.24317e-04	    2.57889e-04	    3.87654e-04	    5.85617e-04	    5.80069e-03	    7.48431e-03	    3.57482e-04	    4.74173e-04	    4.39617e-04
    5.80085e-01	    9.38300e-01	    6.07226e-04	    7.45799e-04	    2.11849e-04	    3.24739e-04	    2.59617e-04	    3.80525e-04	    5.75671e-04	    5.75690e-03	    7.42305e-03	    3.57077e-04	    4.71709e-04	    4.38955e-04
    5.84941e-01	    9.38300e-01	    6.01444e-04	    7.38368e-04	    2.13265e-04	    3.25095e-04	    2.61282e-04	    3.73387e-04	    5.65705e-04	    5.71231e-03	    7.36079e-03	    3.56584e-04	    4.69172e-04	    4.38183e-04
    5.89816e-01	    9.38300e-01	    5.95589e-04	    7.30850e-04	    2.14630e-04	    3.25386e-04	    2.62883e-04	    3.66245e-04	    5.55722e-04	    5.66692e-03	    7.29756e-03	    3.56004e-04	    4.66563e-04	    4.37302e-04
    5.94713e-01	    9.38300e-01	    5.89664e-04	    7.23250e-04	    2.15943e-04	    3.25611e-04	    2.64418e-04	    3.59102e-04	    5.45728e-04	    5.62077e-03	    7.23337e-03	    3.55336e-04	    4.63883e-04	    4.36313e-04
    5.99631e-01	    9.38300e-01	    5.83671e-04	    7.15571e-04	    2.17204e-04	    3.25770e-04	    2.65887e-04	    3.51962e-04	    5.35727e-04	    5.57387e-03	    7.16827e-03	    3.54581e-04	    4.61131e-04	    4.35216e-04
    6.04571e-01	    9.38300e-01	    5.77613e-04	    7.07816e-04	    2.18410e-04	    3.25862e-04	    2.67289e-04	    3.44828e-04	    5.25726e-04	    5.52625e-03	    7.10227e-03	    3.53739e-04	    4.58310e-04	    4.34012e-04
    6.09532e-01	    9.38300e-01	    5.71492e-04	    6.99989e-04	    2.19563e-04	    3.25887e-04	    2.68621e-04	    3.37704e-04	    5.15728e-04	    5.47791e-03	    7.03541e-03	    3.52812e-04	    4.55419e-04	    4.32701e-04
    6.14515e-01	    9.38300e-01	    5.65312e-04	    6.92094e-04	    2.20660e-04	    3.25844e-04	    2.69884e-04	    3.30594e-04	    5.05738e-04	    5.42889e-03	    6.96772e-03	    3.51800e-04	    4.52460e-04	    4.31285e-04
    6.19520e-01	    9.38300e-01	    5.59076e-04	    6.84134e-04	    2.21701e-04	    3.25734e-04	    2.71076e-04	    3.23500e-04	    4.95762e-04	    5.37920e-03	    6.89923e-03	    3.50703e-04	    4.49434e-04	    4.29765e-04
    6.24548e-01	    9.38300e-01	    5.52785e-04	    6.76112e-04	    2.22685e-04	    3.25556e-04	    2.72197e-04	    3.16426e-04	    4.85804e-04	    5.32886e-03	    6.82997e-03	    3.49522e-04	    4.46341e-04	    4.28141e-04
    6.29598e-01	    9.38300e-01	    5.46444e-04	    6.68033e-04	    2.23611e-04	    3.25309e-04	    2.73245e-04	    3.09375e-04	    4.75868e-04	    5.27791e-03	    6.75996e-03	    3.48257e-04	    4.43183e-04	    4.26414e-04
    6.34672e-01	    9.38300e-01	    5.40054e-04	    6.59900e-04	    2.24479e-04	    3.24995e-04	    2.74220e-04	    3.02351e-04	    4.65960e-04	    5.22635e-03	    6.68924e-03	    3.46910e-04	    4.39960e-04	    4.24586e-04
    6.39769e-01	    9.38300e-01	    5.33618e-04	    6.51716e-04	    2.25288e-04	    3.24612e-04	    2.75121e-04	    2.95357e-04	    4.56083e-04	    5.17421e-03	    6.61784e-03	    3.45482e-04	    4.36673e-04	    4.22658e-04
    6.44890e-01	    9.38300e-01	    5.27140e-04	    6.43485e-04	    2.26037e-04	    3.24160e-04	    2.75947e-04	    2.88396e-04	    4.46243e-04	    5.12151e-03	    6.54578e-03	    3.43972e-04	    4.33324e-04	    4.20630e-04
    6.50035e-01	    9.38300e-01	    5.20621e-04	    6.35210e-04	    2.26726e-04	    3.23639e-04	    2.76698e-04	    2.81471e-04	    4.36443e-04	    5.06827e-03	    6.47311e-03	    3.42383e-04	    4.29913e-04	    4.18505e-04
    6.55204e-01	    9.38300e-01	    5.14066e-04	    6.26896e-04	    2.27354e-04	    3.23050e-04	    2.77373e-04	    2.74584e-04	    4.26688e-04	    5.01452e-03	    6.39984e-03	    3.40715e-04	    4.26443e-04	    4.16283e-04
    6.60398e-01	    9.38300e-01	    5.07476e-04	    6.18545e-04	    2.27920e-04	    3.22392e-04	    2.77970e-04	    2.67740e-04	    4.16982e-04	    4.96028e-03	    6.32601e-03	    3.38968e-04	    4.22913e-04	    4.13966e-04
    6.65617e-01	    9.38300e-01	    5.00854e-04	    6.10162e-04	    2.28425e-04	    3.21665e-04	    2.78491e-04	    2.60941e-04	    4.07329e-04	    4.90557e-03	    6.25165e-03	    3.37145e-04	    4.19326e-04	    4.11554e-04
    6.70861e-01	    9.38300e-01	    4.94203e-04	    6.01749e-04	    2.28867e-04	    3.20870e-04	    2.78933e-04	    2.54190e-04	    3.97734e-04	    4.85040e-03	    6.17679e-03	    3.35246e-04	    4.15682e-04	    4.09050e-04
    6.76130e-01	    9.38300e-01	    4.87526e-04	    5.93310e-04	    2.29246e-04	    3.20005e-04	    2.79298e-04	    2.47489e-04	    3.88200e-04	    4.79481e-03	    6.10147e-03	    3.33271e-04	    4.11982e-04	    4.06456e-04
    6.81425e-01	    9.38300e-01	    4.80826e-04	    5.84849e-04	    2.29562e-04	    3.19073e-04	    2.79584e-04	    2.40842e-04	    3.78731e-04	    4.73882e-03	    6.02570e-03	    3.31224e-04	    4.08229e-04	    4.03772e-04
    6.86747e-01	    9.38300e-01	    4.74105e-04	    5.76369e-04	    2.29815e-04	    3.18072e-04	    2.79790e-04	    2.34250e-04	    3.69332e-04	    4.68244e-03	    5.94953e-03	    3.29103e-04	    4.04423e-04	    4.01000e-04
    6.92095e-01	    9.38300e-01	    4.67366e-04	    5.67874e-04	    2.30004e-04	    3.17003e-04	    2.79917e-04	    2.27718e-04	    3.60005e-04	    4.62570e-03	    5.87298e-03	    3.26912e-04	    4.00566e-04	    3.98142e-04
    6.97470e-01	    9.38300e-01	    4.60612e-04	    5.59367e-04	    2.30128e-04	    3.15867e-04	    2.79965e-04	    2.21246e-04	    3.50755e-04	    4.56863e-03	    5.79608e-03	    3.24650e-04	    3.96659e-04	    3.95199e-04
    7.02873e-01	    9.38300e-01	    4.53845e-04	    5.50851e-04	    2.30188e-04	    3.14663e-04	    2.79933e-04	    2.14838e-04	    3.41585e-04	    4.51124e-03	    5.71887e-03	    3.22319e-04	    3.92704e-04	    3.92174e-04
    7.08303e-01	    9.38300e-01	    4.47068e-04	    5.42330e-04	    2.30184e-04	    3.13391e-04	    2.79821e-04	    2.08496e-04	    3.32498e-04	    4.45356e-03	    5.64138e-03	    3.19922e-04	    3.88701e-04	    3.89068e-04
    7.13761e-01	    9.38300e-01	    4.40284e-04	    5.33807e-04	    2.30115e-04	    3.12053e-04	    2.79628e-04	    2.02222e-04	    3.23498e-04	    4.39562e-03	    5.56363e-03	    3.17458e-04	    3.84653e-04	    3.85882e-04
    7.19247e-01	    9.38300e-01	    4.33496e-04	    5.25286e-04	    2.29981e-04	    3.10649e-04	    2.79356e-04	    1.96019e-04	    3.14588e-04	    4.33742e-03	    5.48566e-03	    3.14929e-04	    3.80561e-04	    3.82619e-04
    7.24762e-01	    9.38300e-01	    4.26706e-04	    5.16769e-04	    2.29782e-04	    3.09179e-04	    2.79003e-04	    1.89888e-04	    3.05772e-04	    4.27900e-03	    5.40749e-03	    3.12338e-04	    3.76427e-04	    3.79281e-04
    7.30306e-01	    9.38300e-01	    4.19916e-04	    5.08260e-04	    2.29518e-04	    3.07643e-04	    2.78571e-04	    1.83832e-04	    2.97051e-04	    4.22038e-03	    5.32916e-03	    3.09684e-04	    3.72252e-04	    3.75870e-04
    7.35879e-01	    9.38300e-01	    4.13130e-04	    4.99763e-04	    2.29190e-04	    3.06042e-04	    2.78058e-04	    1.77853e-04	    2.88430e-04	    4.16158e-03	    5.25069e-03	    3.06971e-04	    3.68038e-04	    3.72386e-04
    7.41482e-01	    9.38300e-01	    4.06349e-04	    4.91280e-04	    2.28796e-04	    3.04377e-04	    2.77466e-04	    1.71952e-04	    2.79911e-04	    4.10262e-03	    5.17213e-03	    3.04199e-04	    3.63786e-04	    3.68834e-04
    7.47116e-01	    9.38300e-01	    3.99577e-04	    4.82814e-04	    2.28338e-04	    3.02648e-04	    2.76794e-04	    1.66133e-04	    2.71497e-04	    4.04352e-03	    5.09349e-03	    3.01369e-04	    3.59498e-04	    3.65214e-04
    7.52780e-01	    9.38300e-01	    3.92815e-04	    4.74369e-04	    2.27815e-04	    3.00856e-04	    2.76043e-04	    1.60395e-04	    2.63191e-04	    3.98432e-03	    5.01480e-03	    2.98485e-04	    3.55176e-04	    3.61529e-04
    7.58475e-01	    9.38300e-01	    3.86067e-04	    4.65948e-04	    2.27228e-04	    2.99002e-04	    2.75213e-04	    1.54742e-04	    2.54994e-04	    3.92502e-03	    4.93610e-03	    2.95546e-04	    3.50821e-04	    3.57780e-04
    7.64201e-01	    9.38300e-01	    3.79335e-04	    4.57554e-04	    2.26577e-04	    2.97086e-04	    2.74304e-04	    1.49174e-04	    2.46910e-04	    3.86565e-03	    4.85741e-03	    2.92555e-04	    3.46435e-04	    3.53971e-04
    7.69959e-01	    9.38300e-01	    3.72621e-04	    4.49189e-04	    2.25862e-04	    2.95109e-04	    2.73318e-04	    1.43693e-04	    2.38940e-04	    3.80624e-03	    4.77877e-03	    2.89514e-04	    3.42019e-04	    3.50102e-04
    7.75750e-01	    9.38300e-01	    3.65927e-04	    4.40857e-04	    2.25083e-04	    2.93072e-04	    2.72253e-04	    1.38301e-04	    2.31088e-04	    3.74681e-03	    4.70020e-03	    2.86423e-04	    3.37577e-04	    3.46177e-04
    7.81573e-01	    9.38300e-01	    3.59257e-04	    4.32560e-04	    2.24241e-04	    2.90975e-04	    2.71112e-04	    1.32999e-04	    2.23354e-04	    3.68737e-03	    4.62173e-03	    2.83286e-04	    3.33108e-04	    3.42197e-04
    7.87429e-01	    9.38300e-01	    3.52611e-04	    4.24302e-04	    2.23336e-04	    2.88821e-04	    2.69894e-04	    1.27789e-04	    2.15742e-04	    3.62795e-03	    4.54339e-03	    2.80103e-04	    3.28615e-04	    3.38166e-04
    7.93319e-01	    9.38300e-01	    3.45994e-04	    4.16085e-04	    2.22369e-04	    2.86608e-04	    2.68600e-04	    1.22670e-04	    2.08252e-04	    3.56857e-03	    4.46521e-03	    2.76877e-04	    3.24101e-04	    3.34084e-04
    7.99243e-01	    9.38300e-01	    3.39406e-04	    4.07912e-04	    2.21341e-04	    2.84340e-04	    2.67232e-04	    1.17646e-04	    2.00887e-04	    3.50925e-03	    4.38721e-03	    2.73608e-04	    3.19565e-04	    3.29954e-04
    8.05201e-01	    9.38300e-01	    3.32850e-04	    3.99786e-04	    2.20251e-04	    2.82015e-04	    2.65789e-04	    1.12716e-04	    1.93649e-04	    3.45001e-03	    4.30942e-03	    2.70300e-04	    3.15011e-04	    3.25780e-04
    8.11194e-01	    9.38300e-01	    3.26329e-04	    3.91709e-04	    2.19100e-04	    2.79636e-04	    2.64273e-04	    1.07882e-04	    1.86538e-04	    3.39088e-03	    4.23187e-03	    2.66954e-04	    3.10440e-04	    3.21562e-04
    8.17222e-01	    9.38300e-01	    3.19843e-04	    3.83684e-04	    2.17889e-04	    2.77204e-04	    2.62684e-04	    1.03144e-04	    1.79556e-04	    3.33188e-03	    4.15459e-03	    2.63571e-04	    3.05854e-04	    3.17304e-04
    8.23287e-01	    9.38300e-01	    3.13397e-04	    3.75713e-04	    2.16619e-04	    2.74719e-04	    2.61023e-04	    9.85037e-05	    1.72705e-04	    3.27301e-03	    4.07759e-03	    2.60154e-04	    3.01255e-04	    3.13007e-04
    8.29387e-01	    9.38300e-01	    3.06990e-04	    3.67799e-04	    2.15290e-04	    2.72183e-04	    2.59292e-04	    9.39613e-05	    1.65985e-04	    3.21432e-03	    4.00092e-03	    2.56704e-04	    2.96644e-04	    3.08675e-04
    8.35524e-01	    9.38300e-01	    3.00627e-04	    3.59945e-04	    2.13904e-04	    2.69597e-04	    2.57492e-04	    8.95176e-05	    1.59398e-04	    3.15581e-03	    3.92459e-03	    2.53223e-04	    2.92024e-04	    3.04309e-04
    8.41699e-01	    9.38300e-01	    2.94308e-04	    3.52152e-04	    2.12460e-04	    2.66962e-04	    2.55622e-04	    8.51730e-05	    1.52945e-04	    3.09750e-03	    3.84863e-03	    2.49714e-04	    2.87396e-04	    2.99912e-04
    8.47911e-01	    9.38300e-01	    2.88035e-04	    3.44423e-04	    2.10960e-04	    2.64279e-04	    2.53686e-04	    8.09281e-05	    1.46627e-04	    3.03943e-03	    3.77306e-03	    2.46177e-04	    2.82762e-04	    2.95486e-04
    8.54162e-01	    9.38300e-01	    2.81811e-04	    3.36760e-04	    2.09404e-04	    2.61551e-04	    2.51683e-04	    7.67833e-05	    1.40444e-04	    2.98159e-03	    3.69791e-03	    2.42616e-04	    2.78124e-04	    2.91034e-04
    8.60452e-01	    9.38300e-01	    2.75637e-04	    3.29165e-04	    2.07795e-04	    2.58776e-04	    2.49616e-04	    7.27388e-05	    1.34397e-04	    2.92402e-03	    3.62320e-03	    2.39031e-04	    2.73483e-04	    2.86558e-04
    8.66781e-01	    9.38300e-01	    2.69515e-04	    3.21641e-04	    2.06131e-04	    2.55959e-04	    2.47485e-04	    6.87948e-05	    1.28486e-04	    2.86674e-03	    3.54896e-03	    2.35426e-04	    2.68842e-04	    2.82061e-04
    8.73149e-01	    9.38300e-01	    2.63446e-04	    3.14190e-04	    2.04416e-04	    2.53099e-04	    2.45291e-04	    6.49516e-05	    1.22712e-04	    2.80975e-03	    3.47520e-03	    2.31801e-04	    2.64203e-04	    2.77544e-04
    8.79559e-01	    9.38300e-01	    2.57433e-04	    3.06813e-04	    2.02649e-04	    2.50197e-04	    2.43037e-04	    6.12091e-05	    1.17075e-04	    2.75309e-03	    3.40196e-03	    2.28158e-04	    2.59567e-04	    2.73011e-04
    8.86009e-01	    9.38300e-01	    2.51477e-04	    2.99513e-04	    2.00831e-04	    2.47257e-04	    2.40723e-04	    5.75673e-05	    1.11575e-04	    2.69676e-03	    3.32925e-03	    2.24501e-04	    2.54936e-04	    2.68464e-04
    8.92501e-01	    9.38300e-01	    2.45580e-04	    2.92290e-04	    1.98964e-04	    2.44278e-04	    2.38352e-04	    5.40262e-05	    1.06213e-04	    2.64079e-03	    3.25710e-03	    2.20830e-04	    2.50311e-04	    2.63906e-04
    8.99035e-01	    9.38300e-01	    2.39743e-04	    2.85148e-04	    1.97050e-04	    2.41263e-04	    2.35924e-04	    5.05856e-05	    1.00988e-04	    2.58519e-03	    3.18552e-03	    2.17147e-04	    2.45696e-04	    2.59337e-04
    9.05611e-01	    9.38300e-01	    2.33968e-04	    2.78088e-04	    1.95088e-04	    2.38212e-04	    2.33441e-04	    4.72452e-05	    9.59001e-05	    2.52999e-03	    3.11454e-03	    2.13455e-04	    2.41091e-04	    2.54762e-04
    9.12231e-01	    9.38300e-01	    2.28256e-04	    2.71111e-04	    1.93081e-04	    2.35128e-04	    2.30904e-04	    4.40046e-05	    9.09492e-05	    2.47519e-03	    3.04418e-03	    2.09755e-04	    2.36498e-04	    2.50182e-04
    9.18895e-01	    9.38300e-01	    2.22608e-04	    2.64219e-04	    1.91029e-04	    2.32012e-04	    2.28317e-04	    4.08636e-05	    8.61348e-05	    2.42081e-03	    2.97446e-03	    2.06049e-04	    2.31919e-04	    2.45600e-04
    9.25604e-01	    9.38300e-01	    2.17027e-04	    2.57414e-04	    1.88934e-04	    2.28865e-04	    2.25679e-04	    3.78216e-05	    8.14566e-05	    2.36688e-03	    2.90539e-03	    2.02340e-04	    2.27356e-04	    2.41018e-04
    9.32358e-01	    9.38300e-01	    2.11512e-04	    2.50696e-04	    1.86798e-04	    2.25689e-04	    2.22993e-04	    3.48781e-05	    7.69140e-05	    2.31340e-03	    2.83699e-03	    1.98629e-04	    2.22811e-04	    2.36439e-04
    9.39157e-01	    9.38300e-01	    2.06066e-04	    2.44068e-04	    1.84621e-04	    2.22487e-04	    2.20261e-04	    3.20324e-05	    7.25062e-05	    2.26039e-03	    2.76929e-03	    1.94917e-04	    2.18285e-04	    2.31864e-04
    9.46003e-01	    9.38300e-01	    2.00690e-04	    2.37531e-04	    1.82406e-04	    2.19258e-04	    2.17484e-04	    2.92839e-05	    6.82326e-05	    2.20786e-03	    2.70230e-03	    1.91208e-04	    2.13779e-04	    2.27297e-04
    9.52896e-01	    9.38300e-01	    1.95384e-04	    2.31085e-04	    1.80152e-04	    2.16006e-04	    2.14665e-04	    2.66319e-05	    6.40923e-05	    2.15584e-03	    2.63604e-03	    1.87502e-04	    2.09297e-04	    2.22739e-04
    9.59837e-01	    9.38300e-01	    1.90150e-04	    2.24732e-04	    1.77863e-04	    2.12731e-04	    2.11804e-04	    2.40754e-05	    6.00843e-05	    2.10433e-03	    2.57052e-03	    1.83802e-04	    2.04839e-04	    2.18192e-04
    9.66826e-01	    9.38300e-01	    1.84989e-04	    2.18474e-04	    1.75539e-04	    2.09436e-04	    2.08905e-04	    2.16137e-05	    5.62077e-05	    2.05335e-03	    2.50576e-03	    1.80109e-04	    2.00406e-04	    2.13660e-04
    9.73865e-01	    9.38300e-01	    1.79902e-04	    2.12310e-04	    1.73182e-04	    2.06122e-04	    2.05968e-04	    1.92458e-05	    5.24613e-05	    2.00291e-03	    2.44178e-03	    1.76425e-04	    1.96002e-04	    2.09143e-04
    9.80953e-01	    9.38300e-01	    1.74889e-04	    2.06243e-04	    1.70794e-04	    2.02790e-04	    2.02996e-04	    1.69706e-05	    4.88439e-05	    1.95303e-03	    2.37858e-03	    1.72752e-04	    1.91626e-04	    2.04645e-04
    9.88092e-01	    9.38300e-01	    1.69952e-04	    2.00273e-04	    1.68375e-04	    1.99443e-04	    1.99991e-04	    1.47872e-05	    4.53541e-05	    1.90371e-03	    2.31619e-03	    1.69093e-04	    1.87281e-04	    2.00167e-04
    9.95282e-01	    9.38300e-01	    1.65091e-04	    1.94400e-04	    1.65928e-04	    1.96083e-04	    1.96955e-04	    1.26943e-05	    4.19907e-05	    1.85497e-03	    2.25461e-03	    1.65447e-04	    1.82969e-04	    1.95711e-04
    1.00252e+00	    9.38300e-01	    1.60307e-04	    1.88625e-04	    1.63455e-04	    1.92711e-04	    1.93890e-04	    1.06908e-05	    3.87522e-05	    1.80682e-03	    2.19386e-03	    1.61818e-04	    1.78691e-04	    1.91280e-04
    1.00982e+00	    9.38300e-01	    1.55601e-04	    1.82950e-04	    1.60956e-04	    1.89328e-04	    1.90798e-04	    8.77542e-06	    3.56370e-05	    1.75928e-03	    2.13396e-03	    1.58207e-04	    1.74447e-04	    1.86876e-04
    1.01717e+00	    9.38300e-01	    1.50973e-04	    1.77375e-04	    1.58433e-04	    1.85937e-04	    1.87680e-04	    6.94694e-06	    3.26435e-05	    1.71234e-03	    2.07490e-03	    1.54616e-04	    1.70241e-04	    1.82500e-04
    1.02457e+00	    9.38300e-01	    1.46423e-04	    1.71899e-04	    1.55889e-04	    1.82539e-04	    1.84540e-04	    5.20397e-06	    2.97700e-05	    1.66603e-03	    2.01671e-03	    1.51046e-04	    1.66073e-04	    1.78155e-04
    1.03203e+00	    9.38300e-01	    1.41954e-04	    1.66524e-04	    1.53324e-04	    1.79137e-04	    1.81379e-04	    3.54512e-06	    2.70149e-05	    1.62035e-03	    1.95939e-03	    1.47499e-04	    1.61944e-04	    1.73842e-04
    1.03954e+00	    9.38300e-01	    1.37564e-04	    1.61250e-04	    1.50741e-04	    1.75731e-04	    1.78199e-04	    1.96897e-06	    2.43762e-05	    1.57531e-03	    1.90295e-03	    1.43976e-04	    1.57856e-04	    1.69563e-04
    1.04712e+00	    9.38300e-01	    1.33254e-04	    1.56078e-04	    1.48141e-04	    1.72324e-04	    1.75002e-04	    4.74014e-07	    2.18520e-05	    1.53092e-03	    1.84741e-03	    1.40480e-04	    1.53811e-04	    1.65321e-04
    1.05474e+00	    9.38300e-01	    1.29024e-04	    1.51006e-04	    1.45526e-04	    1.68918e-04	    1.71791e-04	   -9.41261e-07	    1.94405e-05	    1.48719e-03	    1.79276e-03	    1.37011e-04	    1.49809e-04	    1.61117e-04
    1.06243e+00	    9.38300e-01	    1.24876e-04	    1.46037e-04	    1.42898e-04	    1.65513e-04	    1.68568e-04	   -2.27843e-06	    1.71397e-05	    1.44413e-03	    1.73903e-03	    1.33571e-04	    1.45852e-04	    1.56952e-04
    1.07018e+00	    9.38300e-01	    1.20808e-04	    1.41169e-04	    1.40258e-04	    1.62113e-04	    1.65334e-04	   -3.53908e-06	    1.49474e-05	    1.40174e-03	    1.68620e-03	    1.30162e-04	    1.41941e-04	    1.52829e-04
    1.07799e+00	    9.38300e-01	    1.16821e-04	    1.36403e-04	    1.37608e-04	    1.58718e-04	    1.62092e-04	   -4.72488e-06	    1.28615e-05	    1.36003e-03	    1.63430e-03	    1.26785e-04	    1.38078e-04	    1.48748e-04
    1.08586e+00	    9.38300e-01	    1.12916e-04	    1.31739e-04	    1.34949e-04	    1.55331e-04	    1.58844e-04	   -5.83748e-06	    1.08800e-05	    1.31901e-03	    1.58332e-03	    1.23441e-04	    1.34262e-04	    1.44713e-04
    1.09379e+00	    9.38300e-01	    1.09092e-04	    1.27176e-04	    1.32285e-04	    1.51954e-04	    1.55592e-04	   -6.87860e-06	    9.00050e-06	    1.27867e-03	    1.53327e-03	    1.20132e-04	    1.30496e-04	    1.40723e-04
    1.10178e+00	    9.38300e-01	    1.05349e-04	    1.22714e-04	    1.29615e-04	    1.48587e-04	    1.52338e-04	   -7.84998e-06	    7.22086e-06	    1.23904e-03	    1.48416e-03	    1.16859e-04	    1.26781e-04	    1.36781e-04
    1.10984e+00	    9.38300e-01	    1.01688e-04	    1.18354e-04	    1.26942e-04	    1.45233e-04	    1.49084e-04	   -8.75337e-06	    5.53875e-06	    1.20011e-03	    1.43598e-03	    1.13623e-04	    1.23116e-04	    1.32888e-04
    1.11796e+00	    9.38300e-01	    9.81075e-05	    1.14094e-04	    1.24269e-04	    1.41893e-04	    1.45833e-04	   -9.59056e-06	    3.95185e-06	    1.16189e-03	    1.38875e-03	    1.10426e-04	    1.19505e-04	    1.29046e-04
    1.12615e+00	    9.38300e-01	    9.46081e-05	    1.09935e-04	    1.21595e-04	    1.38569e-04	    1.42586e-04	   -1.03634e-05	    2.45780e-06	    1.12438e-03	    1.34246e-03	    1.07268e-04	    1.15946e-04	    1.25255e-04
    1.13441e+00	    9.38300e-01	    9.11893e-05	    1.05876e-04	    1.18924e-04	    1.35263e-04	    1.39346e-04	   -1.10736e-05	    1.05419e-06	    1.08758e-03	    1.29712e-03	    1.04151e-04	    1.12442e-04	    1.21518e-04
    1.14273e+00	    9.38300e-01	    8.78510e-05	    1.01916e-04	    1.16256e-04	    1.31977e-04	    1.36115e-04	   -1.17232e-05	   -2.61386e-07	    1.05150e-03	    1.25272e-03	    1.01076e-04	    1.08993e-04	    1.17834e-04
    1.15112e+00	    9.38300e-01	    8.45928e-05	    9.80553e-05	    1.13595e-04	    1.28711e-04	    1.32894e-04	   -1.23138e-05	   -1.49138e-06	    1.01613e-03	    1.20926e-03	    9.80440e-05	    1.05599e-04	    1.14206e-04
    1.15959e+00	    9.38300e-01	    8.14144e-05	    9.42929e-05	    1.10940e-04	    1.25468e-04	    1.29685e-04	   -1.28476e-05	   -2.63824e-06	    9.81492e-04	    1.16676e-03	    9.50557e-05	    1.02262e-04	    1.10634e-04
    1.16812e+00	    9.38300e-01	    7.83153e-05	    9.06280e-05	    1.08294e-04	    1.22250e-04	    1.26491e-04	   -1.33262e-05	   -3.70447e-06	    9.47572e-04	    1.12520e-03	    9.21123e-05	    9.89823e-05	    1.07120e-04
    1.17673e+00	    9.38300e-01	    7.52950e-05	    8.70601e-05	    1.05659e-04	    1.19057e-04	    1.23314e-04	   -1.37516e-05	   -4.69256e-06	    9.14375e-04	    1.08458e-03	    8.92145e-05	    9.57602e-05	    1.03664e-04
    1.18541e+00	    9.38300e-01	    7.23531e-05	    8.35882e-05	    1.03036e-04	    1.15891e-04	    1.20155e-04	   -1.41257e-05	   -5.60500e-06	    8.81901e-04	    1.04490e-03	    8.63634e-05	    9.25964e-05	    1.00267e-04
    1.19417e+00	    9.38300e-01	    6.94890e-05	    8.02116e-05	    1.00426e-04	    1.12754e-04	    1.17017e-04	   -1.44505e-05	   -6.44433e-06	    8.50150e-04	    1.00616e-03	    8.35595e-05	    8.94915e-05	    9.69300e-05
    1.20300e+00	    9.38300e-01	    6.67020e-05	    7.69294e-05	    9.78321e-05	    1.09647e-04	    1.13901e-04	   -1.47277e-05	   -7.21304e-06	    8.19121e-04	    9.68358e-04	    8.08038e-05	    8.64459e-05	    9.36541e-05
    1.21192e+00	    9.38300e-01	    6.39916e-05	    7.37406e-05	    9.52549e-05	    1.06572e-04	    1.10808e-04	   -1.49593e-05	   -7.91367e-06	    7.88813e-04	    9.31486e-04	    7.80968e-05	    8.34601e-05	    9.04397e-05
    1.22090e+00	    9.38300e-01	    6.13570e-05	    7.06442e-05	    9.26962e-05	    1.03530e-04	    1.07742e-04	   -1.51472e-05	   -8.54872e-06	    7.59223e-04	    8.95540e-04	    7.54393e-05	    8.05344e-05	    8.72875e-05
    1.22997e+00	    9.38300e-01	    5.87975e-05	    6.76391e-05	    9.01574e-05	    1.00522e-04	    1.04703e-04	   -1.52932e-05	   -9.12070e-06	    7.30351e-04	    8.60515e-04	    7.28318e-05	    7.76692e-05	    8.41981e-05
    1.23912e+00	    9.38300e-01	    5.63124e-05	    6.47244e-05	    8.76400e-05	    9.75499e-05	    1.01694e-04	   -1.53994e-05	   -9.63212e-06	    7.02193e-04	    8.26406e-04	    7.02748e-05	    7.48647e-05	    8.11718e-05
    1.24836e+00	    9.38300e-01	    5.39007e-05	    6.18988e-05	    8.51455e-05	    9.46146e-05	    9.87150e-05	   -1.54674e-05	   -1.00855e-05	    6.74746e-04	    7.93206e-04	    6.77688e-05	    7.21211e-05	    7.82093e-05
    1.25767e+00	    9.38300e-01	    5.15616e-05	    5.91612e-05	    8.26752e-05	    9.17176e-05	    9.57689e-05	   -1.54992e-05	   -1.04832e-05	    6.48006e-04	    7.60908e-04	    6.53142e-05	    6.94387e-05	    7.53109e-05
    1.26708e+00	    9.38300e-01	    4.92943e-05	    5.65104e-05	    8.02305e-05	    8.88598e-05	    9.28569e-05	   -1.54966e-05	   -1.08278e-05	    6.21969e-04	    7.29505e-04	    6.29115e-05	    6.68174e-05	    7.24768e-05
    1.27656e+00	    9.38300e-01	    4.70979e-05	    5.39451e-05	    7.78128e-05	    8.60425e-05	    8.99804e-05	   -1.54615e-05	   -1.11217e-05	    5.96632e-04	    6.98990e-04	    6.05609e-05	    6.42574e-05	    6.97073e-05
    1.28614e+00	    9.38300e-01	    4.49713e-05	    5.14640e-05	    7.54232e-05	    8.32668e-05	    8.71411e-05	   -1.53955e-05	   -1.13673e-05	    5.71988e-04	    6.69353e-04	    5.82627e-05	    6.17588e-05	    6.70027e-05
    1.29581e+00	    9.38300e-01	    4.29136e-05	    4.90658e-05	    7.30632e-05	    8.05336e-05	    8.43401e-05	   -1.53006e-05	   -1.15669e-05	    5.48033e-04	    6.40585e-04	    5.60172e-05	    5.93213e-05	    6.43629e-05
    1.30557e+00	    9.38300e-01	    4.09237e-05	    4.67492e-05	    7.07339e-05	    7.78441e-05	    8.15790e-05	   -1.51784e-05	   -1.17230e-05	    5.24761e-04	    6.12678e-04	    5.38244e-05	    5.69451e-05	    6.17882e-05
    1.31542e+00	    9.38300e-01	    3.90006e-05	    4.45127e-05	    6.84364e-05	    7.51991e-05	    7.88590e-05	   -1.50307e-05	   -1.18379e-05	    5.02165e-04	    5.85622e-04	    5.16846e-05	    5.46298e-05	    5.92785e-05
    1.32536e+00	    9.38300e-01	    3.71433e-05	    4.23550e-05	    6.61719e-05	    7.25996e-05	    7.61813e-05	   -1.48591e-05	   -1.19138e-05	    4.80239e-04	    5.59406e-04	    4.95977e-05	    5.23754e-05	    5.68336e-05
    1.33540e+00	    9.38300e-01	    3.53505e-05	    4.02745e-05	    6.39414e-05	    7.00463e-05	    7.35471e-05	   -1.46654e-05	   -1.19530e-05	    4.58976e-04	    5.34019e-04	    4.75638e-05	    5.01816e-05	    5.44536e-05
    1.34554e+00	    9.38300e-01	    3.36212e-05	    3.82699e-05	    6.17460e-05	    6.75401e-05	    7.09575e-05	   -1.44511e-05	   -1.19577e-05	    4.38368e-04	    5.09451e-04	    4.55829e-05	    4.80482e-05	    5.21382e-05
    1.35578e+00	    9.38300e-01	    3.19542e-05	    3.63396e-05	    5.95866e-05	    6.50817e-05	    6.84135e-05	   -1.42179e-05	   -1.19301e-05	    4.18407e-04	    4.85690e-04	    4.36548e-05	    4.59747e-05	    4.98871e-05
    1.36612e+00	    9.38300e-01	    3.03484e-05	    3.44821e-05	    5.74642e-05	    6.26717e-05	    6.59161e-05	   -1.39674e-05	   -1.18723e-05	    3.99087e-04	    4.62723e-04	    4.17794e-05	    4.39608e-05	    4.77001e-05
    1.37656e+00	    9.38300e-01	    2.88025e-05	    3.26959e-05	    5.53796e-05	    6.03109e-05	    6.34663e-05	   -1.37010e-05	   -1.17863e-05	    3.80397e-04	    4.40539e-04	    3.99565e-05	    4.20061e-05	    4.55768e-05
    1.38711e+00	    9.38300e-01	    2.73154e-05	    3.09795e-05	    5.33336e-05	    5.79998e-05	    6.10649e-05	   -1.34202e-05	   -1.16743e-05	    3.62330e-04	    4.19125e-04	    3.81859e-05	    4.01102e-05	    4.35168e-05
    1.39776e+00	    9.38300e-01	    2.58857e-05	    2.93311e-05	    5.13271e-05	    5.57388e-05	    5.87126e-05	   -1.31266e-05	   -1.15381e-05	    3.44876e-04	    3.98468e-04	    3.64673e-05	    3.82724e-05	    4.15196e-05
    1.40853e+00	    9.38300e-01	    2.45123e-05	    2.77494e-05	    4.93606e-05	    5.35284e-05	    5.64103e-05	   -1.28214e-05	   -1.13797e-05	    3.28025e-04	    3.78555e-04	    3.48003e-05	    3.64923e-05	    3.95847e-05
    1.41940e+00	    9.38300e-01	    2.31938e-05	    2.62326e-05	    4.74348e-05	    5.13691e-05	    5.41584e-05	   -1.25062e-05	   -1.12011e-05	    3.11769e-04	    3.59372e-04	    3.31846e-05	    3.47692e-05	    3.77115e-05
    1.43039e+00	    9.38300e-01	    2.19291e-05	    2.47793e-05	    4.55504e-05	    4.92611e-05	    5.19576e-05	   -1.21821e-05	   -1.10039e-05	    2.96097e-04	    3.40905e-04	    3.16198e-05	    3.31026e-05	    3.58994e-05
    1.44149e+00	    9.38300e-01	    2.07167e-05	    2.33877e-05	    4.37079e-05	    4.72047e-05	    4.98085e-05	   -1.18504e-05	   -1.07900e-05	    2.80998e-04	    3.23140e-04	    3.01054e-05	    3.14917e-05	    3.41477e-05
    1.45270e+00	    9.38300e-01	    1.95556e-05	    2.20563e-05	    4.19077e-05	    4.52002e-05	    4.77113e-05	   -1.15125e-05	   -1.05610e-05	    2.66463e-04	    3.06063e-04	    2.86409e-05	    2.99359e-05	    3.24557e-05
    1.46404e+00	    9.38300e-01	    1.84442e-05	    2.07834e-05	    4.01503e-05	    4.32477e-05	    4.56666e-05	   -1.11695e-05	   -1.03186e-05	    2.52480e-04	    2.89660e-04	    2.72257e-05	    2.84343e-05	    3.08226e-05
    1.47549e+00	    9.38300e-01	    1.73814e-05	    1.95674e-05	    3.84360e-05	    4.13473e-05	    4.36746e-05	   -1.08225e-05	   -1.00645e-05	    2.39039e-04	    2.73915e-04	    2.58592e-05	    2.69862e-05	    2.92476e-05
    1.48707e+00	    9.38300e-01	    1.63657e-05	    1.84068e-05	    3.67652e-05	    3.94991e-05	    4.17355e-05	   -1.04726e-05	   -9.80003e-06	    2.26128e-04	    2.58813e-04	    2.45409e-05	    2.55907e-05	    2.77300e-05
    1.49878e+00	    9.38300e-01	    1.53960e-05	    1.72999e-05	    3.51380e-05	    3.77029e-05	    3.98494e-05	   -1.01209e-05	   -9.52676e-06	    2.13736e-04	    2.44340e-04	    2.32700e-05	    2.42471e-05	    2.62686e-05
    1.51061e+00	    9.38300e-01	    1.44709e-05	    1.62451e-05	    3.35548e-05	    3.59589e-05	    3.80166e-05	   -9.76831e-06	   -9.24607e-06	    2.01852e-04	    2.30481e-04	    2.20459e-05	    2.29544e-05	    2.48628e-05
    1.52257e+00	    9.38300e-01	    1.35891e-05	    1.52407e-05	    3.20154e-05	    3.42667e-05	    3.62369e-05	   -9.41582e-06	   -8.95929e-06	    1.90464e-04	    2.17219e-04	    2.08678e-05	    2.17118e-05	    2.35113e-05
    1.53467e+00	    9.38300e-01	    1.27493e-05	    1.42853e-05	    3.05202e-05	    3.26263e-05	    3.45104e-05	   -9.06433e-06	   -8.66770e-06	    1.79561e-04	    2.04540e-04	    1.97350e-05	    2.05182e-05	    2.22134e-05
    1.54690e+00	    9.38300e-01	    1.19501e-05	    1.33771e-05	    2.90690e-05	    3.10373e-05	    3.28369e-05	   -8.71468e-06	   -8.37251e-06	    1.69129e-04	    1.92427e-04	    1.86467e-05	    1.93727e-05	    2.09679e-05
    1.55927e+00	    9.38300e-01	    1.11904e-05	    1.25147e-05	    2.76619e-05	    2.94996e-05	    3.12163e-05	   -8.36766e-06	   -8.07486e-06	    1.59158e-04	    1.80867e-04	    1.76020e-05	    1.82743e-05	    1.97738e-05
    1.57178e+00	    9.38300e-01	    1.04687e-05	    1.16965e-05	    2.62987e-05	    2.80127e-05	    2.96482e-05	   -8.02402e-06	   -7.77584e-06	    1.49636e-04	    1.69842e-04	    1.66001e-05	    1.72221e-05	    1.86300e-05
    1.58443e+00	    9.38300e-01	    9.78390e-06	    1.09209e-05	    2.49792e-05	    2.65762e-05	    2.81324e-05	   -7.68446e-06	   -7.47648e-06	    1.40549e-04	    1.59338e-04	    1.56401e-05	    1.62149e-05	    1.75354e-05
    1.59723e+00	    9.38300e-01	    9.13462e-06	    1.01863e-05	    2.37033e-05	    2.51896e-05	    2.66686e-05	   -7.34963e-06	   -7.17773e-06	    1.31886e-04	    1.49338e-04	    1.47212e-05	    1.52518e-05	    1.64888e-05
    1.61018e+00	    9.38300e-01	    8.51963e-06	    9.49142e-06	    2.24707e-05	    2.38525e-05	    2.52562e-05	   -7.02013e-06	   -6.88050e-06	    1.23635e-04	    1.39828e-04	    1.38424e-05	    1.43316e-05	    1.54891e-05
    1.62328e+00	    9.38300e-01	    7.93771e-06	    8.83460e-06	    2.12811e-05	    2.25644e-05	    2.38949e-05	   -6.69651e-06	   -6.58561e-06	    1.15784e-04	    1.30791e-04	    1.30027e-05	    1.34534e-05	    1.45351e-05
    1.63654e+00	    9.38300e-01	    7.38761e-06	    8.21441e-06	    2.01341e-05	    2.13245e-05	    2.25839e-05	   -6.37928e-06	   -6.29384e-06	    1.08320e-04	    1.22213e-04	    1.22013e-05	    1.26158e-05	    1.36257e-05
    1.64995e+00	    9.38300e-01	    6.86812e-06	    7.62939e-06	    1.90292e-05	    2.01322e-05	    2.13228e-05	   -6.06891e-06	   -6.00592e-06	    1.01231e-04	    1.14078e-04	    1.14371e-05	    1.18180e-05	    1.27595e-05
    1.66353e+00	    9.38300e-01	    6.37804e-06	    7.07813e-06	    1.79661e-05	    1.89869e-05	    2.01109e-05	   -5.76579e-06	   -5.72249e-06	    9.45044e-05	    1.06370e-04	    1.07091e-05	    1.10587e-05	    1.19354e-05
    1.67727e+00	    9.38300e-01	    5.91621e-06	    6.55923e-06	    1.69442e-05	    1.78877e-05	    1.89475e-05	   -5.47032e-06	   -5.44417e-06	    8.81289e-05	    9.90754e-05	    1.00164e-05	    1.03369e-05	    1.11522e-05
    1.69117e+00	    9.38300e-01	    5.48146e-06	    6.07132e-06	    1.59629e-05	    1.68340e-05	    1.78318e-05	   -5.18280e-06	   -5.17149e-06	    8.20921e-05	    9.21781e-05	    9.35795e-06	    9.65139e-06	    1.04087e-05
    1.70525e+00	    9.38300e-01	    5.07264e-06	    5.61304e-06	    1.50216e-05	    1.58249e-05	    1.67630e-05	   -4.90353e-06	   -4.90494e-06	    7.63821e-05	    8.56636e-05	    8.73273e-06	    9.00104e-06	    9.70345e-06
    1.71951e+00	    9.38300e-01	    4.68865e-06	    5.18308e-06	    1.41198e-05	    1.48595e-05	    1.57402e-05	   -4.63274e-06	   -4.64496e-06	    7.09868e-05	    7.95172e-05	    8.13972e-06	    8.38473e-06	    9.03540e-06
    1.73394e+00	    9.38300e-01	    4.32839e-06	    4.78016e-06	    1.32566e-05	    1.39370e-05	    1.47627e-05	   -4.37065e-06	   -4.39194e-06	    6.58946e-05	    7.37245e-05	    7.57789e-06	    7.80134e-06	    8.40325e-06
    1.74856e+00	    9.38300e-01	    3.99079e-06	    4.40300e-06	    1.24315e-05	    1.30564e-05	    1.38293e-05	   -4.11741e-06	   -4.14621e-06	    6.10938e-05	    6.82712e-05	    7.04622e-06	    7.24972e-06	    7.80576e-06
    1.76336e+00	    9.38300e-01	    3.67480e-06	    4.05040e-06	    1.16436e-05	    1.22168e-05	    1.29393e-05	   -3.87315e-06	   -3.90806e-06	    5.65729e-05	    6.31433e-05	    6.54367e-06	    6.72875e-06	    7.24168e-06
    1.77835e+00	    9.38300e-01	    3.37939e-06	    3.72114e-06	    1.08921e-05	    1.14172e-05	    1.20915e-05	   -3.63796e-06	   -3.67772e-06	    5.23206e-05	    5.83271e-05	    6.06922e-06	    6.23731e-06	    6.70980e-06
    1.79354e+00	    9.38300e-01	    3.10357e-06	    3.41407e-06	    1.01762e-05	    1.06565e-05	    1.12849e-05	   -3.41190e-06	   -3.45540e-06	    4.83256e-05	    5.38088e-05	    5.62185e-06	    5.77428e-06	    6.20888e-06
    1.80893e+00	    9.38300e-01	    2.84637e-06	    3.12806e-06	    9.49512e-06	    9.93385e-06	    1.05185e-05	   -3.19498e-06	   -3.24123e-06	    4.45770e-05	    4.95754e-05	    5.20053e-06	    5.33857e-06	    5.73771e-06
    1.82452e+00	    9.38300e-01	    2.60684e-06	    2.86200e-06	    8.84793e-06	    9.24808e-06	    9.79124e-06	   -2.98721e-06	   -3.03534e-06	    4.10639e-05	    4.56137e-05	    4.80425e-06	    4.92906e-06	    5.29508e-06
    1.84032e+00	    9.38300e-01	    2.38405e-06	    2.61483e-06	    8.23373e-06	    8.59816e-06	    9.10193e-06	   -2.78854e-06	   -2.83780e-06	    3.77757e-05	    4.19110e-05	    4.43201e-06	    4.54469e-06	    4.87982e-06
    1.85633e+00	    9.38300e-01	    2.17713e-06	    2.38552e-06	    7.65162e-06	    7.98299e-06	    8.44948e-06	   -2.59892e-06	   -2.64863e-06	    3.47021e-05	    3.84548e-05	    4.08282e-06	    4.18439e-06	    4.49074e-06
    1.87255e+00	    9.38300e-01	    1.98521e-06	    2.17308e-06	    7.10065e-06	    7.40150e-06	    7.83273e-06	   -2.41823e-06	   -2.46786e-06	    3.18329e-05	    3.52331e-05	    3.75568e-06	    3.84709e-06	    4.12668e-06
    1.88900e+00	    9.38300e-01	    1.80745e-06	    1.97654e-06	    6.57986e-06	    6.85256e-06	    7.25053e-06	   -2.24639e-06	   -2.29543e-06	    2.91580e-05	    3.22339e-05	    3.44965e-06	    3.53177e-06	    3.78652e-06
    1.90568e+00	    9.38300e-01	    1.64304e-06	    1.79497e-06	    6.08829e-06	    6.33508e-06	    6.70172e-06	   -2.08323e-06	   -2.13130e-06	    2.66679e-05	    2.94459e-05	    3.16374e-06	    3.23741e-06	    3.46913e-06
    1.92258e+00	    9.38300e-01	    1.49121e-06	    1.62749e-06	    5.62497e-06	    5.84793e-06	    6.18511e-06	   -1.92861e-06	   -1.97536e-06	    2.43530e-05	    2.68578e-05	    2.89704e-06	    2.96301e-06	    3.17342e-06
    1.93973e+00	    9.38300e-01	    1.35121e-06	    1.47323e-06	    5.18890e-06	    5.38999e-06	    5.69953e-06	   -1.78235e-06	   -1.82752e-06	    2.22041e-05	    2.44587e-05	    2.64862e-06	    2.70759e-06	    2.89831e-06
    1.95712e+00	    9.38300e-01	    1.22231e-06	    1.33137e-06	    4.77910e-06	    4.96015e-06	    5.24378e-06	   -1.64425e-06	   -1.68762e-06	    2.02124e-05	    2.22382e-05	    2.41758e-06	    2.47020e-06	    2.64276e-06
    1.97475e+00	    9.38300e-01	    1.10382e-06	    1.20112e-06	    4.39456e-06	    4.55728e-06	    4.81670e-06	   -1.51410e-06	   -1.55551e-06	    1.83690e-05	    2.01861e-05	    2.20303e-06	    2.24990e-06	    2.40575e-06
    1.99264e+00	    9.38300e-01	    9.95084e-07	    1.08173e-06	    4.03430e-06	    4.18027e-06	    4.41709e-06	   -1.39167e-06	   -1.43100e-06	    1.66657e-05	    1.82925e-05	    2.00412e-06	    2.04578e-06	    2.18627e-06
    2.01079e+00	    9.38300e-01	    8.95457e-07	    9.72460e-07	    3.69731e-06	    3.82802e-06	    4.04379e-06	   -1.27673e-06	   -1.31390e-06	    1.50943e-05	    1.65481e-05	    1.82000e-06	    1.85696e-06	    1.98337e-06
    2.02921e+00	    9.38300e-01	    8.04333e-07	    8.72633e-07	    3.38262e-06	    3.49943e-06	    3.69563e-06	   -1.16904e-06	   -1.20400e-06	    1.36470e-05	    1.49437e-05	    1.64986e-06	    1.68259e-06	    1.79610e-06
    2.04790e+00	    9.38300e-01	    7.21130e-07	    7.81589e-07	    3.08923e-06	    3.19342e-06	    3.37147e-06	   -1.06832e-06	   -1.10107e-06	    1.23162e-05	    1.34704e-05	    1.49290e-06	    1.52183e-06	    1.62354e-06
    2.06687e+00	    9.38300e-01	    6.45296e-07	    6.98704e-07	    2.81617e-06	    2.90891e-06	    3.07016e-06	   -9.74332e-07	   -1.00487e-06	    1.10946e-05	    1.21200e-05	    1.34835e-06	    1.37386e-06	    1.46483e-06
    2.08612e+00	    9.38300e-01	    5.76304e-07	    6.23383e-07	    2.56247e-06	    2.64486e-06	    2.79058e-06	   -8.86792e-07	   -9.15151e-07	    9.97518e-06	    1.08843e-05	    1.21547e-06	    1.23793e-06	    1.31911e-06
    2.10567e+00	    9.38300e-01	    5.13655e-07	    5.55065e-07	    2.32719e-06	    2.40022e-06	    2.53162e-06	   -8.05432e-07	   -8.31664e-07	    8.95133e-06	    9.75568e-06	    1.09355e-06	    1.11327e-06	    1.18556e-06
    2.12552e+00	    9.38300e-01	    4.56873e-07	    4.93216e-07	    2.10939e-06	    2.17399e-06	    2.29222e-06	   -7.29975e-07	   -7.54144e-07	    8.01658e-06	    8.72667e-06	    9.81879e-07	    9.99160e-07	    1.06340e-06
    2.14568e+00	    9.38300e-01	    4.05511e-07	    4.37334e-07	    1.90814e-06	    1.96517e-06	    2.07130e-06	   -6.60143e-07	   -6.82328e-07	    7.16479e-06	    7.79030e-06	    8.79802e-07	    8.94911e-07	    9.51862e-07
    2.16616e+00	    9.38300e-01	    3.59144e-07	    3.86946e-07	    1.72256e-06	    1.77278e-06	    1.86784e-06	   -5.95660e-07	   -6.15947e-07	    6.39012e-06	    6.93988e-06	    7.86676e-07	    7.99855e-07	    8.50230e-07
    2.18696e+00	    9.38300e-01	    3.17374e-07	    3.41604e-07	    1.55176e-06	    1.59587e-06	    1.68082e-06	   -5.36248e-07	   -5.54732e-07	    5.68698e-06	    6.16904e-06	    7.01888e-07	    7.13357e-07	    7.57809e-07
    2.20809e+00	    9.38300e-01	    2.79825e-07	    3.00890e-07	    1.39487e-06	    1.43354e-06	    1.50926e-06	   -4.81636e-07	   -4.98414e-07	    5.05008e-06	    5.47177e-06	    6.24851e-07	    6.34807e-07	    6.73938e-07
    2.22956e+00	    9.38300e-01	    2.46142e-07	    2.64410e-07	    1.25107e-06	    1.28488e-06	    1.35222e-06	   -4.31551e-07	   -4.46726e-07	    4.47438e-06	    4.84237e-06	    5.55005e-07	    5.63626e-07	    5.97987e-07
    2.25138e+00	    9.38300e-01	    2.15996e-07	    2.31797e-07	    1.11955e-06	    1.14904e-06	    1.20876e-06	   -3.85728e-07	   -3.99404e-07	    3.95512e-06	    4.27545e-06	    4.91816e-07	    4.99263e-07	    5.29359e-07
    2.27356e+00	    9.38300e-01	    1.89076e-07	    2.02708e-07	    9.99520e-07	    1.02517e-06	    1.07800e-06	   -3.43907e-07	   -3.56186e-07	    3.48782e-06	    3.76594e-06	    4.34779e-07	    4.41194e-07	    4.67486e-07
    2.29611e+00	    9.38300e-01	    1.65095e-07	    1.76823e-07	    8.90222e-07	    9.12480e-07	    9.59093e-07	   -3.05833e-07	   -3.16819e-07	    3.06821e-06	    3.30906e-06	    3.83412e-07	    3.88924e-07	    4.11831e-07
    2.31904e+00	    9.38300e-01	    1.43782e-07	    1.53845e-07	    7.90926e-07	    8.10186e-07	    8.51201e-07	   -2.71258e-07	   -2.81051e-07	    2.69232e-06	    2.90033e-06	    3.37261e-07	    3.41983e-07	    3.61887e-07
    2.34236e+00	    9.38300e-01	    1.24887e-07	    1.33497e-07	    7.00932e-07	    7.17551e-07	    7.53540e-07	   -2.39943e-07	   -2.48641e-07	    2.35640e-06	    2.53554e-06	    2.95897e-07	    2.99931e-07	    3.17177e-07
    2.36607e+00	    9.38300e-01	    1.08180e-07	    1.15524e-07	    6.19566e-07	    6.33866e-07	    6.65354e-07	   -2.11656e-07	   -2.19353e-07	    2.05693e-06	    2.21078e-06	    2.58915e-07	    2.62352e-07	    2.77251e-07
    2.39020e+00	    9.38300e-01	    9.34452e-08	    9.96914e-08	    5.46185e-07	    5.58454e-07	    5.85923e-07	   -1.86174e-07	   -1.92960e-07	    1.79064e-06	    1.92239e-06	    2.25935e-07	    2.28854e-07	    2.41688e-07
    2.41475e+00	    9.38300e-01	    8.04847e-08	    8.57806e-08	    4.80176e-07	    4.90671e-07	    5.14562e-07	   -1.63283e-07	   -1.69243e-07	    1.55447e-06	    1.66694e-06	    1.96603e-07	    1.99074e-07	    2.10095e-07
    2.43973e+00	    9.38300e-01	    6.91166e-08	    7.35925e-08	    4.20955e-07	    4.29904e-07	    4.50619e-07	   -1.42778e-07	   -1.47993e-07	    1.34557e-06	    1.44130e-06	    1.70584e-07	    1.72670e-07	    1.82105e-07
    2.46516e+00	    9.38300e-01	    5.91734e-08	    6.29440e-08	    3.67968e-07	    3.75575e-07	    3.93480e-07	   -1.24465e-07	   -1.29011e-07	    1.16130e-06	    1.24252e-06	    1.47568e-07	    1.49323e-07	    1.57375e-07
    2.49105e+00	    9.38300e-01	    5.05020e-08	    5.36678e-08	    3.20693e-07	    3.27138e-07	    3.42562e-07	   -1.08159e-07	   -1.12106e-07	    9.99222e-07	    1.06790e-06	    1.27268e-07	    1.28740e-07	    1.35588e-07
    2.51741e+00	    9.38300e-01	    4.29625e-08	    4.56114e-08	    2.78633e-07	    2.84076e-07	    2.97319e-07	   -9.36846e-08	   -9.70978e-08	    8.57073e-07	    9.14957e-07	    1.09416e-07	    1.10645e-07	    1.16450e-07
    2.54425e+00	    9.38300e-01	    3.64275e-08	    3.86360e-08	    2.41326e-07	    2.45906e-07	    2.57237e-07	   -8.08771e-08	   -8.38169e-08	    7.32780e-07	    7.81397e-07	    9.37631e-08	    9.47870e-08	    9.96898e-08
    2.57159e+00	    9.38300e-01	    3.07812e-08	    3.26158e-08	    2.08334e-07	    2.12175e-07	    2.21836e-07	   -6.95815e-08	   -7.21031e-08	    6.24435e-07	    6.65125e-07	    8.00820e-08	    8.09315e-08	    8.50579e-08
    2.59945e+00	    9.38300e-01	    2.59187e-08	    2.74371e-08	    1.79251e-07	    1.82459e-07	    1.90667e-07	   -5.96526e-08	   -6.18066e-08	    5.30293e-07	    5.64224e-07	    6.81625e-08	    6.88647e-08	    7.23249e-08
    2.62784e+00	    9.38300e-01	    2.17454e-08	    2.29972e-08	    1.53696e-07	    1.56366e-07	    1.63312e-07	   -5.09553e-08	   -5.27873e-08	    4.48760e-07	    4.76949e-07	    5.78122e-08	    5.83904e-08	    6.12810e-08
    2.65677e+00	    9.38300e-01	    1.81761e-08	    1.92040e-08	    1.31315e-07	    1.33529e-07	    1.39385e-07	   -4.33638e-08	   -4.49151e-08	    3.78388e-07	    4.01715e-07	    4.88551e-08	    4.93293e-08	    5.17346e-08
    2.68627e+00	    9.38300e-01	    1.51343e-08	    1.59749e-08	    1.11783e-07	    1.13611e-07	    1.18528e-07	   -3.67616e-08	   -3.80695e-08	    3.17859e-07	    3.37087e-07	    4.11309e-08	    4.15182e-08	    4.35116e-08
    2.71635e+00	    9.38300e-01	    1.25517e-08	    1.32363e-08	    9.47963e-08	    9.62998e-08	    1.00412e-07	   -3.10414e-08	   -3.21389e-08	    2.65985e-07	    2.81768e-07	    3.44940e-08	    3.48091e-08	    3.64542e-08
    2.74703e+00	    9.38300e-01	    1.03674e-08	    1.09224e-08	    8.00778e-08	    8.13090e-08	    8.47337e-08	   -2.61046e-08	   -2.70212e-08	    2.21692e-07	    2.34594e-07	    2.88127e-08	    2.90678e-08	    3.04198e-08
    2.77832e+00	    9.38300e-01	    8.52710e-09	    8.97512e-09	    6.73727e-08	    6.83765e-08	    7.12160e-08	   -2.18607e-08	   -2.26227e-08	    1.84019e-07	    1.94518e-07	    2.39681e-08	    2.41738e-08	    2.52800e-08
    2.81025e+00	    9.38300e-01	    6.98305e-09	    7.34301e-09	    5.64481e-08	    5.72629e-08	    5.96068e-08	   -1.82275e-08	   -1.88578e-08	    1.52101e-07	    1.60608e-07	    1.98535e-08	    2.00185e-08	    2.09195e-08
    2.84283e+00	    9.38300e-01	    5.69297e-09	    5.98080e-09	    4.70925e-08	    4.77507e-08	    4.96765e-08	   -1.51303e-08	   -1.56490e-08	    1.25171e-07	    1.32031e-07	    1.63731e-08	    1.65050e-08	    1.72353e-08
    2.87610e+00	    9.38300e-01	    4.61975e-09	    4.84878e-09	    3.91136e-08	    3.96428e-08	    4.12175e-08	   -1.25015e-08	   -1.29262e-08	    1.02545e-07	    1.08050e-07	    1.34418e-08	    1.35466e-08	    1.41357e-08
    2.91007e+00	    9.38300e-01	    3.73093e-09	    3.91225e-09	    3.23380e-08	    3.27614e-08	    3.40428e-08	   -1.02803e-08	   -1.06262e-08	    8.36170e-08	    8.80131e-08	    1.09837e-08	    1.10665e-08	    1.15395e-08
    2.94476e+00	    9.38300e-01	    2.99825e-09	    3.14104e-09	    2.66099e-08	    2.69469e-08	    2.79843e-08	   -8.41229e-09	   -8.69242e-09	    6.78549e-08	    7.13476e-08	    8.93172e-09	    8.99691e-09	    9.37457e-09
    2.98020e+00	    9.38300e-01	    2.39716e-09	    2.50900e-09	    2.17895e-08	    2.20563e-08	    2.28917e-08	   -6.84879e-09	   -7.07439e-09	    5.47900e-08	    5.75503e-08	    7.22685e-09	    7.27786e-09	    7.57784e-09
    3.01641e+00	    9.38300e-01	    1.90647e-09	    1.99358e-09	    1.77522e-08	    1.79622e-08	    1.86314e-08	   -5.54665e-09	   -5.72728e-09	    4.40131e-08	    4.61825e-08	    5.81722e-09	    5.85690e-09	    6.09388e-09
    3.05343e+00	    9.38300e-01	    1.50794e-09	    1.57540e-09	    1.43873e-08	    1.45518e-08	    1.50847e-08	   -4.46775e-09	   -4.61151e-09	    3.51677e-08	    3.68632e-08	    4.65753e-09	    4.68823e-09	    4.87436e-09
    3.09127e+00	    9.38300e-01	    1.18600e-09	    1.23792e-09	    1.15972e-08	    1.17252e-08	    1.21472e-08	   -3.57854e-09	   -3.69226e-09	    2.79451e-08	    2.92625e-08	    3.70842e-09	    3.73203e-09	    3.87737e-09
    3.12997e+00	    9.38300e-01	    9.27334e-10	    9.67058e-10	    9.29577e-09	    9.39480e-09	    9.72700e-09	   -2.84969e-09	   -2.93907e-09	    2.20793e-08	    2.30967e-08	    2.93583e-09	    2.95386e-09	    3.06666e-09
    3.16956e+00	    9.38300e-01	    7.20699e-10	    7.50893e-10	    7.40782e-09	    7.48395e-09	    7.74382e-09	   -2.25567e-09	   -2.32546e-09	    1.73416e-08	    1.81224e-08	    2.31042e-09	    2.32411e-09	    2.41110e-09
    3.21007e+00	    9.38300e-01	    5.56598e-10	    5.79396e-10	    5.86781e-09	    5.92596e-09	    6.12794e-09	   -1.77438e-09	   -1.82850e-09	    1.35372e-08	    1.41325e-08	    1.80707e-09	    1.81740e-09	    1.88405e-09
    3.25153e+00	    9.38300e-01	    4.27070e-10	    4.44166e-10	    4.61897e-09	    4.66309e-09	    4.81903e-09	   -1.38679e-09	   -1.42847e-09	    1.05003e-08	    1.09512e-08	    1.40439e-09	    1.41213e-09	    1.46285e-09
    3.29398e+00	    9.38300e-01	    3.25478e-10	    3.38207e-10	    3.61241e-09	    3.64564e-09	    3.76522e-09	   -1.07663e-09	   -1.10849e-09	    8.09106e-09	    8.43016e-09	    1.08423e-09	    1.08999e-09	    1.12832e-09
    3.33746e+00	    9.38300e-01	    2.46320e-10	    2.55727e-10	    2.80624e-09	    2.83109e-09	    2.92212e-09	   -8.30056e-10	   -8.54233e-10	    6.19204e-09	    6.44524e-09	    8.31331e-10	    8.35581e-10	    8.64337e-10
    3.38201e+00	    9.38300e-01	    1.85063e-10	    1.91962e-10	    2.16479e-09	    2.18324e-09	    2.25203e-09	   -6.35358e-10	   -6.53561e-10	    4.70515e-09	    4.89278e-09	    6.32889e-10	    6.36004e-10	    6.57414e-10
    3.42766e+00	    9.38300e-01	    1.37993e-10	    1.43013e-10	    1.65788e-09	    1.67147e-09	    1.72305e-09	   -4.82704e-10	   -4.96299e-10	    3.54898e-09	    3.68695e-09	    4.78260e-10	    4.80524e-10	    4.96341e-10
    3.47445e+00	    9.38300e-01	    1.02091e-10	    1.05714e-10	    1.26012e-09	    1.27005e-09	    1.30842e-09	   -3.63890e-10	   -3.73958e-10	    2.65644e-09	    2.75707e-09	    3.58640e-10	    3.60272e-10	    3.71862e-10
    3.52245e+00	    9.38300e-01	    7.49165e-11	    7.75079e-11	    9.50306e-10	    9.57499e-10	    9.85803e-10	   -2.72115e-10	   -2.79508e-10	    1.97255e-09	    2.04534e-09	    2.66795e-10	    2.67961e-10	    2.76382e-10
    3.57168e+00	    9.38300e-01	    5.45108e-11	    5.63482e-11	    7.10836e-10	    7.16002e-10	    7.36701e-10	   -2.01785e-10	   -2.07165e-10	    1.45262e-09	    1.50480e-09	    1.96826e-10	    1.97652e-10	    2.03717e-10
    3.62220e+00	    9.38300e-01	    3.93147e-11	    4.06055e-11	    5.27212e-10	    5.30888e-10	    5.45890e-10	   -1.48332e-10	   -1.52210e-10	    1.06053e-09	    1.09760e-09	    1.43955e-10	    1.44535e-10	    1.48863e-10
    3.67407e+00	    9.38300e-01	    2.80957e-11	    2.89937e-11	    3.87577e-10	    3.90168e-10	    4.00940e-10	   -1.08052e-10	   -1.10821e-10	    7.67335e-10	    7.93427e-10	    1.04341e-10	    1.04744e-10	    1.07804e-10
    3.72735e+00	    9.38300e-01	    1.98870e-11	    2.05055e-11	    2.82310e-10	    2.84118e-10	    2.91778e-10	   -7.79692e-11	   -7.99258e-11	    5.50018e-10	    5.68200e-10	    7.49206e-11	    7.51980e-11	    7.73398e-11
    3.78207e+00	    9.38300e-01	    1.39370e-11	    1.43586e-11	    2.03666e-10	    2.04915e-10	    2.10307e-10	   -5.57095e-11	   -5.70778e-11	    3.90414e-10	    4.02955e-10	    5.32717e-11	    5.34607e-11	    5.49444e-11
    3.83833e+00	    9.38300e-01	    9.66613e-12	    9.95036e-12	    1.45464e-10	    1.46318e-10	    1.50073e-10	   -3.93977e-11	   -4.03442e-11	    2.74314e-10	    2.82871e-10	    3.74936e-11	    3.76209e-11	    3.86378e-11
    3.89616e+00	    9.38300e-01	    6.63173e-12	    6.82119e-12	    1.02813e-10	    1.03390e-10	    1.05977e-10	   -2.75647e-11	   -2.82120e-11	    1.90700e-10	    1.96474e-10	    2.61090e-11	    2.61938e-11	    2.68829e-11
    3.95566e+00	    9.38300e-01	    4.49866e-12	    4.62345e-12	    7.18774e-11	    7.22629e-11	    7.40240e-11	   -1.90710e-11	   -1.95085e-11	    1.31108e-10	    1.34959e-10	    1.79800e-11	    1.80358e-11	    1.84974e-11
    4.01689e+00	    9.38300e-01	    3.01580e-12	    3.09698e-12	    4.96792e-11	    4.99336e-11	    5.11183e-11	   -1.30411e-11	   -1.33331e-11	    8.90979e-11	    9.16356e-11	    1.22388e-11	    1.22751e-11	    1.25805e-11
    4.07992e+00	    9.38300e-01	    1.99688e-12	    2.04901e-12	    3.39287e-11	    3.40944e-11	    3.48815e-11	   -8.80941e-12	   -9.00181e-12	    5.98185e-11	    6.14693e-11	    8.23022e-12	    8.25349e-12	    8.45302e-12
    4.14485e+00	    9.38300e-01	    1.30522e-12	    1.33825e-12	    2.28838e-11	    2.29904e-11	    2.35065e-11	   -5.87523e-12	   -6.00030e-12	    3.96542e-11	    4.07139e-11	    5.46460e-12	    5.47933e-12	    5.60796e-12
    4.21176e+00	    9.38300e-01	    8.41663e-13	    8.62292e-13	    1.52337e-11	    1.53012e-11	    1.56350e-11	   -3.86626e-12	   -3.94642e-12	    2.59399e-11	    2.66108e-11	    3.58033e-12	    3.58952e-12	    3.67129e-12
    4.28075e+00	    9.38300e-01	    5.35099e-13	    5.47793e-13	    1.00028e-11	    1.00450e-11	    1.02577e-11	   -2.50881e-12	   -2.55943e-12	    1.67340e-11	    1.71525e-11	    2.31328e-12	    2.31894e-12	    2.37016e-12
    4.35191e+00	    9.38300e-01	    3.35177e-13	    3.42869e-13	    6.47423e-12	    6.50020e-12	    6.63377e-12	   -1.60422e-12	   -1.63570e-12	    1.06386e-11	    1.08958e-11	    1.47293e-12	    1.47636e-12	    1.50795e-12
    4.42535e+00	    9.38300e-01	    2.06701e-13	    2.11286e-13	    4.12759e-12	    4.14332e-12	    4.22586e-12	   -1.01010e-12	   -1.02936e-12	    6.66067e-12	    6.81617e-12	    9.23575e-13	    9.25613e-13	    9.44795e-13
    4.50119e+00	    9.38300e-01	    1.25402e-13	    1.28089e-13	    2.59010e-12	    2.59946e-12	    2.64964e-12	   -6.25806e-13	   -6.37387e-13	    4.10356e-12	    4.19601e-12	    5.69853e-13	    5.71046e-13	    5.82496e-13
    4.57954e+00	    9.38300e-01	    7.47818e-14	    7.63281e-14	    1.59844e-12	    1.60391e-12	    1.63388e-12	   -3.81179e-13	   -3.88021e-13	    2.48576e-12	    2.53976e-12	    3.45699e-13	    3.46386e-13	    3.53100e-13
    4.66054e+00	    9.38300e-01	    4.37960e-14	    4.46693e-14	    9.69298e-13	    9.72443e-13	    9.90015e-13	   -2.28062e-13	   -2.32029e-13	    1.47921e-12	    1.51018e-12	    2.06015e-13	    2.06402e-13	    2.10267e-13
    4.74432e+00	    9.38300e-01	    2.51656e-14	    2.56491e-14	    5.77030e-13	    5.78800e-13	    5.88907e-13	   -1.33907e-13	   -1.36162e-13	    8.63912e-13	    8.81321e-13	    1.20491e-13	    1.20706e-13	    1.22887e-13
    4.83103e+00	    9.38300e-01	    1.41734e-14	    1.44355e-14	    3.36888e-13	    3.37865e-13	    3.43561e-13	   -7.70809e-14	   -7.83363e-14	    4.94696e-13	    5.04285e-13	    6.90929e-14	    6.92091e-14	    7.04151e-14
    4.92084e+00	    9.38300e-01	    7.81556e-15	    7.95460e-15	    1.92689e-13	    1.93216e-13	    1.96358e-13	   -4.34522e-14	   -4.41360e-14	    2.77440e-13	    2.82608e-13	    3.88028e-14	    3.88644e-14	    3.95169e-14
    5.01391e+00	    9.38300e-01	    4.21463e-15	    4.28668e-15	    1.07849e-13	    1.08127e-13	    1.09821e-13	   -2.39605e-14	   -2.43245e-14	    1.52215e-13	    1.54938e-13	    2.13178e-14	    2.13497e-14	    2.16947e-14
    5.11042e+00	    9.38300e-01	    2.21986e-15	    2.25629e-15	    5.89960e-14	    5.91391e-14	    6.00312e-14	   -1.29080e-14	   -1.30971e-14	    8.15957e-14	    8.29953e-14	    1.14427e-14	    1.14588e-14	    1.16369e-14
    5.21058e+00	    9.38300e-01	    1.14043e-15	    1.15838e-15	    3.14995e-14	    3.15713e-14	    3.20292e-14	   -6.78452e-15	   -6.88022e-15	    4.26787e-14	    4.33802e-14	    5.99298e-15	    6.00091e-15	    6.09046e-15
    5.31459e+00	    9.38300e-01	    5.70633e-16	    5.79236e-16	    1.63921e-14	    1.64272e-14	    1.66561e-14	   -3.47413e-15	   -3.52128e-15	    2.17502e-14	    2.20924e-14	    3.05811e-15	    3.06191e-15	    3.10575e-15
    5.42269e+00	    9.38300e-01	    2.77655e-16	    2.81660e-16	    8.30131e-15	    8.31796e-15	    8.42915e-15	   -1.73047e-15	   -1.75303e-15	    1.07831e-14	    1.09453e-14	    1.51804e-15	    1.51981e-15	    1.54066e-15
    5.53513e+00	    9.38300e-01	    1.31151e-16	    1.32960e-16	    4.08423e-15	    4.09190e-15	    4.14431e-15	   -8.37023e-16	   -8.47496e-16	    5.19187e-15	    5.26644e-15	    7.31814e-16	    7.32611e-16	    7.42233e-16
    5.65217e+00	    9.38300e-01	    6.00287e-17	    6.08187e-17	    1.94868e-15	    1.95209e-15	    1.97602e-15	   -3.92440e-16	   -3.97145e-16	    2.42328e-15	    2.45648e-15	    3.41986e-16	    3.42335e-16	    3.46633e-16
    5.77410e+00	    9.38300e-01	    2.65702e-17	    2.69035e-17	    8.99871e-16	    9.01342e-16	    9.11902e-16	   -1.77996e-16	   -1.80038e-16	    1.09427e-15	    1.10855e-15	    1.54614e-16	    1.54761e-16	    1.56616e-16
    5.90125e+00	    9.38300e-01	    1.13484e-17	    1.14840e-17	    4.01333e-16	    4.01943e-16	    4.06438e-16	   -7.79310e-17	   -7.87856e-17	    4.77038e-16	    4.82959e-16	    6.74810e-17	    6.75407e-17	    6.83126e-17
    6.03396e+00	    9.38300e-01	    4.66612e-18	    4.71910e-18	    1.72465e-16	    1.72709e-16	    1.74550e-16	   -3.28592e-17	   -3.32030e-17	    2.00294e-16	    2.02655e-16	    2.83656e-17	    2.83889e-17	    2.86978e-17
    6.17261e+00	    9.38300e-01	    1.84219e-18	    1.86204e-18	    7.12313e-17	    7.13247e-17	    7.20479e-17	   -1.33088e-17	   -1.34414e-17	    8.07899e-17	    8.16932e-17	    1.14542e-17	    1.14630e-17	    1.15815e-17
    6.31760e+00	    9.38300e-01	    6.96383e-19	    7.03494e-19	    2.81972e-17	    2.82314e-17	    2.85034e-17	   -5.16345e-18	   -5.21240e-18	    3.12182e-17	    3.15487e-17	    4.43090e-18	    4.43402e-18	    4.47754e-18
    6.46939e+00	    9.38300e-01	    2.51278e-19	    2.53706e-19	    1.06657e-17	    1.06776e-17	    1.07752e-17	   -1.91307e-18	   -1.93029e-18	    1.15210e-17	    1.16363e-17	    1.63696e-18	    1.63802e-18	    1.65326e-18
    6.62847e+00	    9.38300e-01	    8.62555e-20	    8.70423e-20	    3.84212e-18	    3.84609e-18	    3.87934e-18	   -6.74613e-19	   -6.80366e-19	    4.04713e-18	    4.08534e-18	    5.75632e-19	    5.75978e-19	    5.81043e-19
    6.79539e+00	    9.38300e-01	    2.80626e-20	    2.83039e-20	    1.31329e-18	    1.31454e-18	    1.32528e-18	   -2.25582e-19	   -2.27402e-19	    1.34826e-18	    1.36025e-18	    1.91960e-19	    1.92066e-19	    1.93661e-19
    6.97073e+00	    9.38300e-01	    8.61782e-21	    8.68752e-21	    4.24234e-19	    4.24602e-19	    4.27873e-19	   -7.12388e-20	   -7.17810e-20	    4.24230e-19	    4.27776e-19	    6.04602e-20	    6.04908e-20	    6.09638e-20
    7.15517e+00	    9.38300e-01	    2.48675e-21	    2.50562e-21	    1.28933e-19	    1.29036e-19	    1.29971e-19	   -2.11512e-20	   -2.13028e-20	    1.25511e-19	    1.26495e-19	    1.79047e-20	    1.79130e-20	    1.80446e-20
    7.34943e+00	    9.38300e-01	    6.70898e-22	    6.75668e-22	    3.66858e-20	    3.67123e-20	    3.69621e-20	   -5.87497e-21	   -5.91453e-21	    3.47420e-20	    3.49969e-20	    4.96075e-21	    4.96284e-21	    4.99704e-21
    7.55432e+00	    9.38300e-01	    1.68295e-22	    1.69413e-22	    9.71935e-21	    9.72572e-21	    9.78770e-21	   -1.51824e-21	   -1.52783e-21	    8.94825e-21	    9.00955e-21	    1.27887e-21	    1.27936e-21	    1.28761e-21
    7.77076e+00	    9.38300e-01	    3.90172e-23	    3.92589e-23	    2.38343e-21	    2.38485e-21	    2.39905e-21	   -3.62861e-22	   -3.65003e-22	    2.13173e-21	    2.14534e-21	    3.04931e-22	    3.05037e-22	    3.06873e-22
    7.99974e+00	    9.38300e-01	    8.30877e-24	    8.35672e-24	    5.37730e-22	    5.38022e-22	    5.41011e-22	   -7.97156e-23	   -8.01553e-23	    4.66864e-22	    4.69638e-22	    6.68381e-23	    6.68593e-23	    6.72347e-23
    8.24239e+00	    9.38300e-01	    1.61531e-24	    1.62404e-24	    1.10933e-22	    1.10988e-22	    1.11567e-22	   -1.59973e-23	   -1.60802e-23	    9.34253e-23	    9.39451e-23	    1.33854e-23	    1.33893e-23	    1.34598e-23
    8.50000e+00	    9.38300e-01	    2.81928e-25	    2.83337e-25	    2.05867e-23	    2.05957e-23	    2.06952e-23	   -2.88540e-24	   -2.89926e-24	    1.68000e-23	    1.68863e-23	    2.40899e-24	    2.40960e-24	    2.42135e-24