# mc-number	             name	     mass	    width	deg	Qb	Qs	Qc	Qbot	isospin	charge	decays	   Nyield
#       211	              pi+	  0.14000	0.00000e+00	1	0	  0	0	0	1	  1	  1	0.000630422
# 1:pbar [GeV]	2:m [GeV]	3:Feq 1	4:Feq 2	5:Fshear 1	6:Fshear 2	7:Fshear 3	8:Fbulk 1	9:Fbulk 2	10:Ftemp 1	11:Ftemp 2	12:Fvel 1	13:Fvel 2	14:Fvel 3
    3.62517e-03	    1.40000e-01	    2.74254e-03	    5.13930e-03	    1.02183e-07	    1.43823e-04	    2.52961e-07	    5.35757e-04	    1.64190e-03	    6.50042e-03	    2.61695e-02	    1.92300e-05	    4.02964e-02	    2.43990e-05
    7.25044e-03	    1.40000e-01	    5.47486e-03	    1.02609e-02	    8.18944e-07	    2.86010e-04	    2.01449e-06	    1.06640e-03	    3.27305e-03	    1.29670e-02	    5.22652e-02	    7.67503e-05	    4.03308e-02	    9.72451e-05
    1.08759e-02	    1.40000e-01	    8.18687e-03	    1.53473e-02	    2.77186e-06	    4.25004e-04	    6.74731e-06	    1.58689e-03	    4.88291e-03	    1.93665e-02	    7.82143e-02	    1.72054e-04	    4.03879e-02	    2.17497e-04
    1.45016e-02	    1.40000e-01	    1.08687e-02	    2.03816e-02	    6.59520e-06	    5.59388e-04	    1.58234e-05	    2.09229e-03	    6.46130e-03	    2.56665e-02	    1.03946e-01	    3.04298e-04	    4.04677e-02	    3.83451e-04
    1.81278e-02	    1.40000e-01	    1.35107e-02	    2.53475e-02	    1.29387e-05	    6.87950e-04	    3.04805e-05	    2.57785e-03	    7.99855e-03	    3.18366e-02	    1.29395e-01	    4.72314e-04	    4.05698e-02	    5.92793e-04
    2.17544e-02	    1.40000e-01	    1.61038e-02	    3.02297e-02	    2.24676e-05	    8.09741e-04	    5.17830e-05	    3.03905e-03	    9.48571e-03	    3.78480e-02	    1.54497e-01	    6.74606e-04	    4.06938e-02	    8.42656e-04
    2.53815e-02	    1.40000e-01	    1.86394e-02	    3.50141e-02	    3.58569e-05	    9.24114e-04	    8.05847e-05	    3.47162e-03	    1.09147e-02	    4.36746e-02	    1.79195e-01	    9.09376e-04	    4.08392e-02	    1.12971e-03
    2.90094e-02	    1.40000e-01	    2.11093e-02	    3.96878e-02	    5.37824e-05	    1.03076e-03	    1.17499e-04	    3.87163e-03	    1.22783e-02	    4.92932e-02	    2.03437e-01	    1.17453e-03	    4.10052e-02	    1.45023e-03
    3.26380e-02	    1.40000e-01	    2.35062e-02	    4.42391e-02	    7.69056e-05	    1.12971e-03	    1.62875e-04	    4.23550e-03	    1.35705e-02	    5.46839e-02	    2.27177e-01	    1.46770e-03	    4.11911e-02	    1.80024e-03
    3.62674e-02	    1.40000e-01	    2.58234e-02	    4.86580e-02	    1.05858e-04	    1.22135e-03	    2.16785e-04	    4.56002e-03	    1.47863e-02	    5.98302e-02	    2.50376e-01	    1.78626e-03	    4.13956e-02	    2.17558e-03
    3.98979e-02	    1.40000e-01	    2.80552e-02	    5.29360e-02	    1.41218e-04	    1.30640e-03	    2.79012e-04	    4.84239e-03	    1.59219e-02	    6.47196e-02	    2.73000e-01	    2.12739e-03	    4.16175e-02	    2.57199e-03
    4.35293e-02	    1.40000e-01	    3.01964e-02	    5.70658e-02	    1.83490e-04	    1.38589e-03	    3.49064e-04	    5.08024e-03	    1.69749e-02	    6.93433e-02	    2.95021e-01	    2.48808e-03	    4.18551e-02	    2.98530e-03
    4.71619e-02	    1.40000e-01	    3.22428e-02	    6.10420e-02	    2.33077e-04	    1.46112e-03	    4.26179e-04	    5.27165e-03	    1.79437e-02	    7.36965e-02	    3.16418e-01	    2.86515e-03	    4.21067e-02	    3.41144e-03
    5.07958e-02	    1.40000e-01	    3.41913e-02	    6.48602e-02	    2.90264e-04	    1.53358e-03	    5.09357e-04	    5.41516e-03	    1.88282e-02	    7.77783e-02	    3.37173e-01	    3.25537e-03	    4.23703e-02	    3.84655e-03
    5.44310e-02	    1.40000e-01	    3.60393e-02	    6.85176e-02	    3.55196e-04	    1.60495e-03	    5.97390e-04	    5.50977e-03	    1.96293e-02	    8.15915e-02	    3.57275e-01	    3.65544e-03	    4.26436e-02	    4.28711e-03
    5.80676e-02	    1.40000e-01	    3.77852e-02	    7.20124e-02	    4.27867e-04	    1.67699e-03	    6.88906e-04	    5.55496e-03	    2.03488e-02	    8.51427e-02	    3.76715e-01	    4.06204e-03	    4.29241e-02	    4.72990e-03
    6.17058e-02	    1.40000e-01	    3.94283e-02	    7.53442e-02	    5.08102e-04	    1.75151e-03	    7.82416e-04	    5.55068e-03	    2.09894e-02	    8.84415e-02	    3.95488e-01	    4.47193e-03	    4.32092e-02	    5.17216e-03
    6.53456e-02	    1.40000e-01	    4.09686e-02	    7.85134e-02	    5.95560e-04	    1.83029e-03	    8.76369e-04	    5.49734e-03	    2.15547e-02	    9.15005e-02	    4.13591e-01	    4.88195e-03	    4.34963e-02	    5.61153e-03
    6.89871e-02	    1.40000e-01	    4.24069e-02	    8.15211e-02	    6.89733e-04	    1.91502e-03	    9.69201e-04	    5.39582e-03	    2.20489e-02	    9.43347e-02	    4.31025e-01	    5.28910e-03	    4.37825e-02	    6.04611e-03
    7.26304e-02	    1.40000e-01	    4.37447e-02	    8.43693e-02	    7.89959e-04	    2.00726e-03	    1.05939e-03	    5.24742e-03	    2.24766e-02	    9.69612e-02	    4.47790e-01	    5.69056e-03	    4.40651e-02	    6.47444e-03
    7.62757e-02	    1.40000e-01	    4.49839e-02	    8.70606e-02	    8.95429e-04	    2.10840e-03	    1.14550e-03	    5.05388e-03	    2.28429e-02	    9.93988e-02	    4.63888e-01	    6.08372e-03	    4.43411e-02	    6.89550e-03
    7.99230e-02	    1.40000e-01	    4.61273e-02	    8.95979e-02	    1.00521e-03	    2.21962e-03	    1.22625e-03	    4.81730e-03	    2.31529e-02	    1.01667e-01	    4.79323e-01	    6.46625e-03	    4.46077e-02	    7.30866e-03
    8.35723e-02	    1.40000e-01	    4.71778e-02	    9.19847e-02	    1.11828e-03	    2.34186e-03	    1.30049e-03	    4.54016e-03	    2.34121e-02	    1.03787e-01	    4.94098e-01	    6.83609e-03	    4.48625e-02	    7.71367e-03
    8.72239e-02	    1.40000e-01	    4.81389e-02	    9.42245e-02	    1.23353e-03	    2.47580e-03	    1.36732e-03	    4.22523e-03	    2.36256e-02	    1.05779e-01	    5.08215e-01	    7.19148e-03	    4.51027e-02	    8.11061e-03
    9.08778e-02	    1.40000e-01	    4.90144e-02	    9.63212e-02	    1.34981e-03	    2.62190e-03	    1.42602e-03	    3.87555e-03	    2.37987e-02	    1.07662e-01	    5.21679e-01	    7.53096e-03	    4.53261e-02	    8.49981e-03
    9.45342e-02	    1.40000e-01	    4.98082e-02	    9.82784e-02	    1.46597e-03	    2.78033e-03	    1.47613e-03	    3.49439e-03	    2.39363e-02	    1.09458e-01	    5.34491e-01	    7.85337e-03	    4.55304e-02	    8.88182e-03
    9.81930e-02	    1.40000e-01	    5.05246e-02	    1.00100e-01	    1.58086e-03	    2.95104e-03	    1.51742e-03	    3.08517e-03	    2.40429e-02	    1.11184e-01	    5.46655e-01	    8.15789e-03	    4.57139e-02	    9.25739e-03
    1.01854e-01	    1.40000e-01	    5.11678e-02	    1.01790e-01	    1.69337e-03	    3.13375e-03	    1.54989e-03	    2.65144e-03	    2.41228e-02	    1.12858e-01	    5.58173e-01	    8.44397e-03	    4.58748e-02	    9.62734e-03
    1.05519e-01	    1.40000e-01	    5.17421e-02	    1.03353e-01	    1.80247e-03	    3.32798e-03	    1.57377e-03	    2.19680e-03	    2.41799e-02	    1.14496e-01	    5.69048e-01	    8.71133e-03	    4.60116e-02	    9.99259e-03
    1.09185e-01	    1.40000e-01	    5.22518e-02	    1.04791e-01	    1.90720e-03	    3.53307e-03	    1.58948e-03	    1.72488e-03	    2.42174e-02	    1.16113e-01	    5.79284e-01	    8.95999e-03	    4.61233e-02	    1.03541e-02
    1.12855e-01	    1.40000e-01	    5.27011e-02	    1.06110e-01	    2.00672e-03	    3.74820e-03	    1.59763e-03	    1.23926e-03	    2.42385e-02	    1.17721e-01	    5.88882e-01	    9.19015e-03	    4.62090e-02	    1.07127e-02
    1.16528e-01	    1.40000e-01	    5.30940e-02	    1.07311e-01	    2.10030e-03	    3.97245e-03	    1.59898e-03	    7.43451e-04	    2.42454e-02	    1.19330e-01	    5.97847e-01	    9.40226e-03	    4.62681e-02	    1.10693e-02
    1.20204e-01	    1.40000e-01	    5.34346e-02	    1.08399e-01	    2.18732e-03	    4.20477e-03	    1.59443e-03	    2.40851e-04	    2.42404e-02	    1.20951e-01	    6.06182e-01	    9.59694e-03	    4.63001e-02	    1.14247e-02
    1.23883e-01	    1.40000e-01	    5.37267e-02	    1.09377e-01	    2.26734e-03	    4.44408e-03	    1.58497e-03	   -2.65305e-04	    2.42250e-02	    1.22589e-01	    6.13891e-01	    9.77495e-03	    4.63050e-02	    1.17795e-02
    1.27566e-01	    1.40000e-01	    5.39737e-02	    1.10248e-01	    2.34000e-03	    4.68925e-03	    1.57166e-03	   -7.71957e-04	    2.42004e-02	    1.24251e-01	    6.20980e-01	    9.93720e-03	    4.62828e-02	    1.21344e-02
    1.31252e-01	    1.40000e-01	    5.41792e-02	    1.11016e-01	    2.40510e-03	    4.93910e-03	    1.55560e-03	   -1.27625e-03	    2.41677e-02	    1.25940e-01	    6.27455e-01	    1.00847e-02	    4.62337e-02	    1.24898e-02
    1.34941e-01	    1.40000e-01	    5.43463e-02	    1.11683e-01	    2.46257e-03	    5.19250e-03	    1.53791e-03	   -1.77556e-03	    2.41273e-02	    1.27659e-01	    6.33322e-01	    1.02184e-02	    4.61583e-02	    1.28459e-02
    1.38634e-01	    1.40000e-01	    5.44778e-02	    1.12253e-01	    2.51244e-03	    5.44832e-03	    1.51971e-03	   -2.26749e-03	    2.40796e-02	    1.29407e-01	    6.38588e-01	    1.03395e-02	    4.60572e-02	    1.32029e-02
    1.42331e-01	    1.40000e-01	    5.45765e-02	    1.12728e-01	    2.55487e-03	    5.70545e-03	    1.50207e-03	   -2.74989e-03	    2.40246e-02	    1.31184e-01	    6.43264e-01	    1.04491e-02	    4.59311e-02	    1.35610e-02
    1.46031e-01	    1.40000e-01	    5.46450e-02	    1.13111e-01	    2.59009e-03	    5.96285e-03	    1.48601e-03	   -3.22086e-03	    2.39623e-02	    1.32989e-01	    6.47358e-01	    1.05484e-02	    4.57808e-02	    1.39199e-02
    1.49736e-01	    1.40000e-01	    5.46854e-02	    1.13406e-01	    2.61845e-03	    6.21954e-03	    1.47252e-03	   -3.67875e-03	    2.38925e-02	    1.34819e-01	    6.50880e-01	    1.06383e-02	    4.56074e-02	    1.42795e-02
    1.53444e-01	    1.40000e-01	    5.46998e-02	    1.13614e-01	    2.64034e-03	    6.47459e-03	    1.46247e-03	   -4.12213e-03	    2.38147e-02	    1.36671e-01	    6.53843e-01	    1.07201e-02	    4.54118e-02	    1.46395e-02
    1.57157e-01	    1.40000e-01	    5.46900e-02	    1.13739e-01	    2.65624e-03	    6.72715e-03	    1.45668e-03	   -4.54984e-03	    2.37284e-02	    1.38539e-01	    6.56259e-01	    1.07947e-02	    4.51951e-02	    1.49996e-02
    1.60874e-01	    1.40000e-01	    5.46578e-02	    1.13784e-01	    2.66664e-03	    6.97645e-03	    1.45586e-03	   -4.96090e-03	    2.36333e-02	    1.40419e-01	    6.58142e-01	    1.08631e-02	    4.49585e-02	    1.53591e-02
    1.64595e-01	    1.40000e-01	    5.46047e-02	    1.13751e-01	    2.67210e-03	    7.22177e-03	    1.46063e-03	   -5.35456e-03	    2.35288e-02	    1.42306e-01	    6.59504e-01	    1.09263e-02	    4.47031e-02	    1.57176e-02
    1.68320e-01	    1.40000e-01	    5.45318e-02	    1.13643e-01	    2.67318e-03	    7.46249e-03	    1.47151e-03	   -5.73028e-03	    2.34144e-02	    1.44194e-01	    6.60362e-01	    1.09850e-02	    4.44301e-02	    1.60746e-02
    1.72050e-01	    1.40000e-01	    5.44406e-02	    1.13463e-01	    2.67045e-03	    7.69804e-03	    1.48891e-03	   -6.08766e-03	    2.32895e-02	    1.46077e-01	    6.60730e-01	    1.10400e-02	    4.41407e-02	    1.64292e-02
    1.75785e-01	    1.40000e-01	    5.43319e-02	    1.13213e-01	    2.66451e-03	    7.92794e-03	    1.51318e-03	   -6.42648e-03	    2.31538e-02	    1.47949e-01	    6.60625e-01	    1.10921e-02	    4.38360e-02	    1.67809e-02
    1.79525e-01	    1.40000e-01	    5.42067e-02	    1.12896e-01	    2.65592e-03	    8.15176e-03	    1.54454e-03	   -6.74668e-03	    2.30068e-02	    1.49805e-01	    6.60063e-01	    1.11418e-02	    4.35170e-02	    1.71290e-02
    1.83269e-01	    1.40000e-01	    5.40659e-02	    1.12515e-01	    2.64524e-03	    8.36914e-03	    1.58314e-03	   -7.04832e-03	    2.28481e-02	    1.51638e-01	    6.59060e-01	    1.11898e-02	    4.31851e-02	    1.74728e-02
    1.87019e-01	    1.40000e-01	    5.39101e-02	    1.12073e-01	    2.63301e-03	    8.57978e-03	    1.62907e-03	   -7.33155e-03	    2.26776e-02	    1.53443e-01	    6.57634e-01	    1.12365e-02	    4.28411e-02	    1.78115e-02
    1.90773e-01	    1.40000e-01	    5.37400e-02	    1.11572e-01	    2.61974e-03	    8.78342e-03	    1.68230e-03	   -7.59664e-03	    2.24949e-02	    1.55214e-01	    6.55803e-01	    1.12822e-02	    4.24863e-02	    1.81445e-02
    1.94533e-01	    1.40000e-01	    5.35562e-02	    1.11014e-01	    2.60592e-03	    8.97986e-03	    1.74277e-03	   -7.84396e-03	    2.22999e-02	    1.56946e-01	    6.53582e-01	    1.13274e-02	    4.21215e-02	    1.84711e-02
    1.98298e-01	    1.40000e-01	    5.33592e-02	    1.10403e-01	    2.59198e-03	    9.16895e-03	    1.81035e-03	   -8.07391e-03	    2.20927e-02	    1.58634e-01	    6.50991e-01	    1.13724e-02	    4.17477e-02	    1.87907e-02
    2.02068e-01	    1.40000e-01	    5.31493e-02	    1.09741e-01	    2.57835e-03	    9.35057e-03	    1.88484e-03	   -8.28698e-03	    2.18731e-02	    1.60272e-01	    6.48046e-01	    1.14172e-02	    4.13658e-02	    1.91026e-02
    2.05844e-01	    1.40000e-01	    5.29271e-02	    1.09030e-01	    2.56540e-03	    9.52463e-03	    1.96601e-03	   -8.48368e-03	    2.16412e-02	    1.61857e-01	    6.44765e-01	    1.14622e-02	    4.09767e-02	    1.94063e-02
    2.09626e-01	    1.40000e-01	    5.26928e-02	    1.08273e-01	    2.55346e-03	    9.69110e-03	    2.05358e-03	   -8.66458e-03	    2.13973e-02	    1.63385e-01	    6.41165e-01	    1.15075e-02	    4.05813e-02	    1.97011e-02
    2.13413e-01	    1.40000e-01	    5.24468e-02	    1.07473e-01	    2.54284e-03	    9.84995e-03	    2.14725e-03	   -8.83027e-03	    2.11414e-02	    1.64851e-01	    6.37263e-01	    1.15530e-02	    4.01802e-02	    1.99867e-02
    2.17206e-01	    1.40000e-01	    5.21894e-02	    1.06631e-01	    2.53381e-03	    1.00012e-02	    2.24668e-03	   -8.98133e-03	    2.08739e-02	    1.66253e-01	    6.33075e-01	    1.15990e-02	    3.97743e-02	    2.02624e-02
    2.21006e-01	    1.40000e-01	    5.19209e-02	    1.05751e-01	    2.52659e-03	    1.01448e-02	    2.35150e-03	   -9.11840e-03	    2.05951e-02	    1.67587e-01	    6.28619e-01	    1.16452e-02	    3.93642e-02	    2.05279e-02
    2.24811e-01	    1.40000e-01	    5.16416e-02	    1.04834e-01	    2.52136e-03	    1.02810e-02	    2.46134e-03	   -9.24208e-03	    2.03054e-02	    1.68850e-01	    6.23910e-01	    1.16918e-02	    3.89505e-02	    2.07828e-02
    2.28622e-01	    1.40000e-01	    5.13517e-02	    1.03883e-01	    2.51831e-03	    1.04096e-02	    2.57581e-03	   -9.35301e-03	    2.00050e-02	    1.70041e-01	    6.18964e-01	    1.17387e-02	    3.85339e-02	    2.10268e-02
    2.32440e-01	    1.40000e-01	    5.10514e-02	    1.02900e-01	    2.51754e-03	    1.05309e-02	    2.69451e-03	   -9.45179e-03	    1.96945e-02	    1.71157e-01	    6.13796e-01	    1.17858e-02	    3.81148e-02	    2.12594e-02
    2.36265e-01	    1.40000e-01	    5.07410e-02	    1.01886e-01	    2.51917e-03	    1.06448e-02	    2.81704e-03	   -9.53903e-03	    1.93744e-02	    1.72197e-01	    6.08421e-01	    1.18330e-02	    3.76939e-02	    2.14806e-02
    2.40095e-01	    1.40000e-01	    5.04208e-02	    1.00846e-01	    2.52327e-03	    1.07516e-02	    2.94298e-03	   -9.61533e-03	    1.90451e-02	    1.73158e-01	    6.02855e-01	    1.18802e-02	    3.72717e-02	    2.16899e-02
    2.43933e-01	    1.40000e-01	    5.00909e-02	    9.97790e-02	    2.52988e-03	    1.08513e-02	    3.07195e-03	   -9.68127e-03	    1.87072e-02	    1.74041e-01	    5.97110e-01	    1.19272e-02	    3.68484e-02	    2.18874e-02
    2.47777e-01	    1.40000e-01	    4.97516e-02	    9.86886e-02	    2.53902e-03	    1.09441e-02	    3.20354e-03	   -9.73743e-03	    1.83612e-02	    1.74845e-01	    5.91200e-01	    1.19740e-02	    3.64247e-02	    2.20727e-02
    2.51628e-01	    1.40000e-01	    4.94032e-02	    9.75764e-02	    2.55071e-03	    1.10301e-02	    3.33737e-03	   -9.78435e-03	    1.80076e-02	    1.75568e-01	    5.85139e-01	    1.20204e-02	    3.60008e-02	    2.22459e-02
    2.55487e-01	    1.40000e-01	    4.90458e-02	    9.64442e-02	    2.56493e-03	    1.11094e-02	    3.47305e-03	   -9.82257e-03	    1.76470e-02	    1.76210e-01	    5.78939e-01	    1.20662e-02	    3.55772e-02	    2.24068e-02
    2.59352e-01	    1.40000e-01	    4.86798e-02	    9.52938e-02	    2.58166e-03	    1.11821e-02	    3.61021e-03	   -9.85260e-03	    1.72800e-02	    1.76772e-01	    5.72612e-01	    1.21113e-02	    3.51541e-02	    2.25554e-02
    2.63225e-01	    1.40000e-01	    4.83054e-02	    9.41269e-02	    2.60083e-03	    1.12485e-02	    3.74849e-03	   -9.87495e-03	    1.69070e-02	    1.77253e-01	    5.66170e-01	    1.21555e-02	    3.47318e-02	    2.26917e-02
    2.67105e-01	    1.40000e-01	    4.79227e-02	    9.29453e-02	    2.62241e-03	    1.13086e-02	    3.88754e-03	   -9.89009e-03	    1.65288e-02	    1.77654e-01	    5.59624e-01	    1.21987e-02	    3.43107e-02	    2.28157e-02
    2.70992e-01	    1.40000e-01	    4.75321e-02	    9.17504e-02	    2.64631e-03	    1.13627e-02	    4.02704e-03	   -9.89848e-03	    1.61458e-02	    1.77975e-01	    5.52985e-01	    1.22407e-02	    3.38909e-02	    2.29275e-02
    2.74887e-01	    1.40000e-01	    4.71339e-02	    9.05438e-02	    2.67247e-03	    1.14108e-02	    4.16666e-03	   -9.90057e-03	    1.57587e-02	    1.78217e-01	    5.46263e-01	    1.22814e-02	    3.34727e-02	    2.30271e-02
    2.78790e-01	    1.40000e-01	    4.67282e-02	    8.93271e-02	    2.70079e-03	    1.14532e-02	    4.30609e-03	   -9.89677e-03	    1.53678e-02	    1.78381e-01	    5.39468e-01	    1.23206e-02	    3.30564e-02	    2.31145e-02
    2.82701e-01	    1.40000e-01	    4.63154e-02	    8.81017e-02	    2.73119e-03	    1.14900e-02	    4.44505e-03	   -9.88750e-03	    1.49739e-02	    1.78468e-01	    5.32609e-01	    1.23582e-02	    3.26420e-02	    2.31900e-02
    2.86620e-01	    1.40000e-01	    4.58958e-02	    8.68689e-02	    2.76355e-03	    1.15213e-02	    4.58326e-03	   -9.87314e-03	    1.45774e-02	    1.78479e-01	    5.25694e-01	    1.23940e-02	    3.22299e-02	    2.32537e-02
    2.90547e-01	    1.40000e-01	    4.54695e-02	    8.56300e-02	    2.79779e-03	    1.15474e-02	    4.72046e-03	   -9.85406e-03	    1.41788e-02	    1.78415e-01	    5.18734e-01	    1.24279e-02	    3.18200e-02	    2.33057e-02
    2.94483e-01	    1.40000e-01	    4.50368e-02	    8.43862e-02	    2.83380e-03	    1.15683e-02	    4.85641e-03	   -9.83061e-03	    1.37787e-02	    1.78277e-01	    5.11735e-01	    1.24598e-02	    3.14126e-02	    2.33461e-02
    2.98426e-01	    1.40000e-01	    4.45982e-02	    8.31389e-02	    2.87146e-03	    1.15842e-02	    4.99086e-03	   -9.80313e-03	    1.33775e-02	    1.78066e-01	    5.04705e-01	    1.24895e-02	    3.10079e-02	    2.33752e-02
    3.02379e-01	    1.40000e-01	    4.41537e-02	    8.18890e-02	    2.91066e-03	    1.15954e-02	    5.12361e-03	   -9.77194e-03	    1.29757e-02	    1.77786e-01	    4.97652e-01	    1.25169e-02	    3.06058e-02	    2.33932e-02
    3.06340e-01	    1.40000e-01	    4.37037e-02	    8.06377e-02	    2.95129e-03	    1.16019e-02	    5.25444e-03	   -9.73734e-03	    1.25738e-02	    1.77435e-01	    4.90581e-01	    1.25420e-02	    3.02065e-02	    2.34002e-02
    3.10309e-01	    1.40000e-01	    4.32486e-02	    7.93860e-02	    2.99324e-03	    1.16039e-02	    5.38318e-03	   -9.69961e-03	    1.21723e-02	    1.77017e-01	    4.83501e-01	    1.25646e-02	    2.98102e-02	    2.33966e-02
    3.14288e-01	    1.40000e-01	    4.27884e-02	    7.81350e-02	    3.03640e-03	    1.16015e-02	    5.50963e-03	   -9.65904e-03	    1.17714e-02	    1.76533e-01	    4.76417e-01	    1.25845e-02	    2.94168e-02	    2.33824e-02
    3.18276e-01	    1.40000e-01	    4.23237e-02	    7.68854e-02	    3.08064e-03	    1.15950e-02	    5.63364e-03	   -9.61587e-03	    1.13718e-02	    1.75985e-01	    4.69334e-01	    1.26018e-02	    2.90264e-02	    2.33580e-02
    3.22273e-01	    1.40000e-01	    4.18545e-02	    7.56383e-02	    3.12586e-03	    1.15844e-02	    5.75506e-03	   -9.57035e-03	    1.09737e-02	    1.75374e-01	    4.62259e-01	    1.26164e-02	    2.86391e-02	    2.33235e-02
    3.26279e-01	    1.40000e-01	    4.13813e-02	    7.43945e-02	    3.17194e-03	    1.15700e-02	    5.87374e-03	   -9.52271e-03	    1.05777e-02	    1.74702e-01	    4.55196e-01	    1.26281e-02	    2.82549e-02	    2.32793e-02
    3.30295e-01	    1.40000e-01	    4.09043e-02	    7.31547e-02	    3.21878e-03	    1.15518e-02	    5.98955e-03	   -9.47316e-03	    1.01839e-02	    1.73971e-01	    4.48150e-01	    1.26368e-02	    2.78740e-02	    2.32256e-02
    3.34321e-01	    1.40000e-01	    4.04238e-02	    7.19198e-02	    3.26626e-03	    1.15300e-02	    6.10237e-03	   -9.42191e-03	    9.79281e-03	    1.73183e-01	    4.41126e-01	    1.26426e-02	    2.74962e-02	    2.31627e-02
    3.38356e-01	    1.40000e-01	    3.99400e-02	    7.06903e-02	    3.31428e-03	    1.15047e-02	    6.21210e-03	   -9.36914e-03	    9.40475e-03	    1.72340e-01	    4.34128e-01	    1.26454e-02	    2.71216e-02	    2.30907e-02
    3.42401e-01	    1.40000e-01	    3.94532e-02	    6.94671e-02	    3.36272e-03	    1.14761e-02	    6.31864e-03	   -9.31503e-03	    9.02004e-03	    1.71442e-01	    4.27160e-01	    1.26451e-02	    2.67503e-02	    2.30100e-02
    3.46456e-01	    1.40000e-01	    3.89638e-02	    6.82507e-02	    3.41150e-03	    1.14443e-02	    6.42190e-03	   -9.25974e-03	    8.63899e-03	    1.70493e-01	    4.20226e-01	    1.26417e-02	    2.63823e-02	    2.29208e-02
    3.50522e-01	    1.40000e-01	    3.84719e-02	    6.70417e-02	    3.46049e-03	    1.14094e-02	    6.52180e-03	   -9.20342e-03	    8.26188e-03	    1.69494e-01	    4.13329e-01	    1.26351e-02	    2.60175e-02	    2.28235e-02
    3.54597e-01	    1.40000e-01	    3.79779e-02	    6.58406e-02	    3.50961e-03	    1.13716e-02	    6.61827e-03	   -9.14621e-03	    7.88899e-03	    1.68446e-01	    4.06473e-01	    1.26252e-02	    2.56560e-02	    2.27182e-02
    3.58684e-01	    1.40000e-01	    3.74820e-02	    6.46481e-02	    3.55876e-03	    1.13310e-02	    6.71124e-03	   -9.08824e-03	    7.52058e-03	    1.67352e-01	    3.99661e-01	    1.26122e-02	    2.52977e-02	    2.26052e-02
    3.62781e-01	    1.40000e-01	    3.69846e-02	    6.34646e-02	    3.60784e-03	    1.12876e-02	    6.80066e-03	   -9.02963e-03	    7.15690e-03	    1.66214e-01	    3.92895e-01	    1.25959e-02	    2.49427e-02	    2.24848e-02
    3.66888e-01	    1.40000e-01	    3.64857e-02	    6.22905e-02	    3.65675e-03	    1.12417e-02	    6.88649e-03	   -8.97048e-03	    6.79818e-03	    1.65033e-01	    3.86179e-01	    1.25764e-02	    2.45910e-02	    2.23573e-02
    3.71007e-01	    1.40000e-01	    3.59858e-02	    6.11263e-02	    3.70541e-03	    1.11932e-02	    6.96869e-03	   -8.91088e-03	    6.44464e-03	    1.63810e-01	    3.79514e-01	    1.25536e-02	    2.42425e-02	    2.22229e-02
    3.75137e-01	    1.40000e-01	    3.54850e-02	    5.99724e-02	    3.75373e-03	    1.11424e-02	    7.04721e-03	   -8.85093e-03	    6.09648e-03	    1.62549e-01	    3.72903e-01	    1.25275e-02	    2.38972e-02	    2.20819e-02
    3.79278e-01	    1.40000e-01	    3.49836e-02	    5.88292e-02	    3.80162e-03	    1.10893e-02	    7.12204e-03	   -8.79070e-03	    5.75390e-03	    1.61250e-01	    3.66348e-01	    1.24982e-02	    2.35551e-02	    2.19346e-02
    3.83430e-01	    1.40000e-01	    3.44819e-02	    5.76970e-02	    3.84900e-03	    1.10341e-02	    7.19315e-03	   -8.73026e-03	    5.41707e-03	    1.59915e-01	    3.59851e-01	    1.24656e-02	    2.32162e-02	    2.17811e-02
    3.87594e-01	    1.40000e-01	    3.39801e-02	    5.65760e-02	    3.89579e-03	    1.09768e-02	    7.26052e-03	   -8.66967e-03	    5.08616e-03	    1.58545e-01	    3.53414e-01	    1.24297e-02	    2.28805e-02	    2.16219e-02
    3.91770e-01	    1.40000e-01	    3.34784e-02	    5.54667e-02	    3.94191e-03	    1.09174e-02	    7.32416e-03	   -8.60897e-03	    4.76131e-03	    1.57144e-01	    3.47039e-01	    1.23906e-02	    2.25479e-02	    2.14570e-02
    3.95957e-01	    1.40000e-01	    3.29771e-02	    5.43692e-02	    3.98729e-03	    1.08562e-02	    7.38405e-03	   -8.54821e-03	    4.44267e-03	    1.55711e-01	    3.40726e-01	    1.23482e-02	    2.22184e-02	    2.12868e-02
    4.00157e-01	    1.40000e-01	    3.24763e-02	    5.32839e-02	    4.03184e-03	    1.07932e-02	    7.44019e-03	   -8.48743e-03	    4.13036e-03	    1.54250e-01	    3.34477e-01	    1.23027e-02	    2.18920e-02	    2.11114e-02
    4.04368e-01	    1.40000e-01	    3.19764e-02	    5.22109e-02	    4.07551e-03	    1.07284e-02	    7.49260e-03	   -8.42666e-03	    3.82451e-03	    1.52760e-01	    3.28294e-01	    1.22540e-02	    2.15687e-02	    2.09313e-02
    4.08593e-01	    1.40000e-01	    3.14775e-02	    5.11505e-02	    4.11822e-03	    1.06619e-02	    7.54127e-03	   -8.36592e-03	    3.52520e-03	    1.51245e-01	    3.22178e-01	    1.22022e-02	    2.12484e-02	    2.07465e-02
    4.12829e-01	    1.40000e-01	    3.09798e-02	    5.01028e-02	    4.15991e-03	    1.05939e-02	    7.58623e-03	   -8.30522e-03	    3.23253e-03	    1.49705e-01	    3.16129e-01	    1.21473e-02	    2.09311e-02	    2.05573e-02
    4.17079e-01	    1.40000e-01	    3.04835e-02	    4.90680e-02	    4.20052e-03	    1.05244e-02	    7.62749e-03	   -8.24458e-03	    2.94659e-03	    1.48142e-01	    3.10149e-01	    1.20893e-02	    2.06168e-02	    2.03640e-02
    4.21341e-01	    1.40000e-01	    2.99889e-02	    4.80463e-02	    4.23998e-03	    1.04534e-02	    7.66507e-03	   -8.18400e-03	    2.66744e-03	    1.46558e-01	    3.04238e-01	    1.20283e-02	    2.03055e-02	    2.01668e-02
    4.25616e-01	    1.40000e-01	    2.94961e-02	    4.70377e-02	    4.27824e-03	    1.03810e-02	    7.69901e-03	   -8.12348e-03	    2.39514e-03	    1.44954e-01	    2.98397e-01	    1.19643e-02	    1.99971e-02	    1.99659e-02
    4.29905e-01	    1.40000e-01	    2.90054e-02	    4.60424e-02	    4.31525e-03	    1.03074e-02	    7.72932e-03	   -8.06302e-03	    2.12975e-03	    1.43331e-01	    2.92627e-01	    1.18974e-02	    1.96916e-02	    1.97615e-02
    4.34206e-01	    1.40000e-01	    2.85168e-02	    4.50606e-02	    4.35095e-03	    1.02324e-02	    7.75604e-03	   -8.00262e-03	    1.87129e-03	    1.41690e-01	    2.86928e-01	    1.18277e-02	    1.93890e-02	    1.95538e-02
    4.38522e-01	    1.40000e-01	    2.80307e-02	    4.40921e-02	    4.38530e-03	    1.01563e-02	    7.77920e-03	   -7.94227e-03	    1.61981e-03	    1.40034e-01	    2.81300e-01	    1.17551e-02	    1.90893e-02	    1.93431e-02
    4.42851e-01	    1.40000e-01	    2.75470e-02	    4.31373e-02	    4.41824e-03	    1.00790e-02	    7.79885e-03	   -7.88194e-03	    1.37533e-03	    1.38363e-01	    2.75745e-01	    1.16798e-02	    1.87923e-02	    1.91295e-02
    4.47194e-01	    1.40000e-01	    2.70661e-02	    4.21960e-02	    4.44975e-03	    1.00006e-02	    7.81502e-03	   -7.82163e-03	    1.13784e-03	    1.36679e-01	    2.70261e-01	    1.16018e-02	    1.84982e-02	    1.89133e-02
    4.51551e-01	    1.40000e-01	    2.65881e-02	    4.12684e-02	    4.47976e-03	    9.92118e-03	    7.82776e-03	   -7.76131e-03	    9.07369e-04	    1.34983e-01	    2.64850e-01	    1.15211e-02	    1.82069e-02	    1.86946e-02
    4.55923e-01	    1.40000e-01	    2.61131e-02	    4.03544e-02	    4.50826e-03	    9.84075e-03	    7.83711e-03	   -7.70097e-03	    6.83899e-04	    1.33276e-01	    2.59512e-01	    1.14379e-02	    1.79184e-02	    1.84737e-02
    4.60309e-01	    1.40000e-01	    2.56413e-02	    3.94542e-02	    4.53520e-03	    9.75936e-03	    7.84311e-03	   -7.64059e-03	    4.67418e-04	    1.31559e-01	    2.54246e-01	    1.13522e-02	    1.76326e-02	    1.82506e-02
    4.64709e-01	    1.40000e-01	    2.51728e-02	    3.85676e-02	    4.56055e-03	    9.67707e-03	    7.84583e-03	   -7.58014e-03	    2.57908e-04	    1.29834e-01	    2.49053e-01	    1.12641e-02	    1.73495e-02	    1.80257e-02
    4.69125e-01	    1.40000e-01	    2.47078e-02	    3.76947e-02	    4.58428e-03	    9.59391e-03	    7.84531e-03	   -7.51960e-03	    5.53403e-05	    1.28102e-01	    2.43933e-01	    1.11736e-02	    1.70691e-02	    1.77991e-02
    4.73555e-01	    1.40000e-01	    2.42464e-02	    3.68355e-02	    4.60637e-03	    9.50992e-03	    7.84161e-03	   -7.45894e-03	   -1.40321e-04	    1.26364e-01	    2.38886e-01	    1.10809e-02	    1.67914e-02	    1.75710e-02
    4.78001e-01	    1.40000e-01	    2.37887e-02	    3.59900e-02	    4.62678e-03	    9.42514e-03	    7.83477e-03	   -7.39813e-03	   -3.29118e-04	    1.24621e-01	    2.33911e-01	    1.09859e-02	    1.65164e-02	    1.73415e-02
    4.82462e-01	    1.40000e-01	    2.33349e-02	    3.51580e-02	    4.64551e-03	    9.33961e-03	    7.82486e-03	   -7.33717e-03	   -5.11098e-04	    1.22873e-01	    2.29009e-01	    1.08888e-02	    1.62440e-02	    1.71108e-02
    4.86939e-01	    1.40000e-01	    2.28850e-02	    3.43397e-02	    4.66253e-03	    9.25336e-03	    7.81194e-03	   -7.27601e-03	   -6.86317e-04	    1.21123e-01	    2.24178e-01	    1.07896e-02	    1.59743e-02	    1.68790e-02
    4.91432e-01	    1.40000e-01	    2.24391e-02	    3.35349e-02	    4.67782e-03	    9.16643e-03	    7.79606e-03	   -7.21463e-03	   -8.54833e-04	    1.19370e-01	    2.19420e-01	    1.06885e-02	    1.57072e-02	    1.66464e-02
    4.95941e-01	    1.40000e-01	    2.19975e-02	    3.27436e-02	    4.69137e-03	    9.07885e-03	    7.77729e-03	   -7.15302e-03	   -1.01671e-03	    1.17617e-01	    2.14734e-01	    1.05854e-02	    1.54427e-02	    1.64130e-02
    5.00466e-01	    1.40000e-01	    2.15601e-02	    3.19658e-02	    4.70317e-03	    8.99066e-03	    7.75569e-03	   -7.09114e-03	   -1.17203e-03	    1.15864e-01	    2.10119e-01	    1.04806e-02	    1.51808e-02	    1.61791e-02
    5.05007e-01	    1.40000e-01	    2.11271e-02	    3.12013e-02	    4.71321e-03	    8.90189e-03	    7.73132e-03	   -7.02897e-03	   -1.32086e-03	    1.14111e-01	    2.05575e-01	    1.03740e-02	    1.49215e-02	    1.59447e-02
    5.09565e-01	    1.40000e-01	    2.06986e-02	    3.04500e-02	    4.72149e-03	    8.81256e-03	    7.70424e-03	   -6.96650e-03	   -1.46327e-03	    1.12360e-01	    2.01102e-01	    1.02657e-02	    1.46648e-02	    1.57101e-02
    5.14140e-01	    1.40000e-01	    2.02746e-02	    2.97120e-02	    4.72800e-03	    8.72271e-03	    7.67452e-03	   -6.90371e-03	   -1.59937e-03	    1.10612e-01	    1.96699e-01	    1.01558e-02	    1.44106e-02	    1.54752e-02
    5.18732e-01	    1.40000e-01	    1.98552e-02	    2.89871e-02	    4.73274e-03	    8.63237e-03	    7.64223e-03	   -6.84057e-03	   -1.72923e-03	    1.08867e-01	    1.92367e-01	    1.00444e-02	    1.41590e-02	    1.52404e-02
    5.23341e-01	    1.40000e-01	    1.94405e-02	    2.82752e-02	    4.73571e-03	    8.54156e-03	    7.60743e-03	   -6.77706e-03	   -1.85296e-03	    1.07126e-01	    1.88103e-01	    9.93165e-03	    1.39099e-02	    1.50056e-02
    5.27968e-01	    1.40000e-01	    1.90305e-02	    2.75762e-02	    4.73692e-03	    8.45032e-03	    7.57019e-03	   -6.71318e-03	   -1.97064e-03	    1.05390e-01	    1.83909e-01	    9.81752e-03	    1.36634e-02	    1.47711e-02
    5.32613e-01	    1.40000e-01	    1.86254e-02	    2.68901e-02	    4.73637e-03	    8.35867e-03	    7.53058e-03	   -6.64891e-03	   -2.08238e-03	    1.03660e-01	    1.79784e-01	    9.70213e-03	    1.34194e-02	    1.45369e-02
    5.37275e-01	    1.40000e-01	    1.82252e-02	    2.62167e-02	    4.73407e-03	    8.26664e-03	    7.48866e-03	   -6.58424e-03	   -2.18827e-03	    1.01936e-01	    1.75726e-01	    9.58555e-03	    1.31779e-02	    1.43031e-02
    5.41956e-01	    1.40000e-01	    1.78299e-02	    2.55559e-02	    4.73002e-03	    8.17425e-03	    7.44450e-03	   -6.51915e-03	   -2.28844e-03	    1.00219e-01	    1.71736e-01	    9.46788e-03	    1.29390e-02	    1.40700e-02
    5.46655e-01	    1.40000e-01	    1.74396e-02	    2.49076e-02	    4.72425e-03	    8.08154e-03	    7.39818e-03	   -6.45365e-03	   -2.38298e-03	    9.85106e-02	    1.67813e-01	    9.34918e-03	    1.27026e-02	    1.38375e-02
    5.51373e-01	    1.40000e-01	    1.70544e-02	    2.42716e-02	    4.71677e-03	    7.98852e-03	    7.34975e-03	   -6.38771e-03	   -2.47201e-03	    9.68101e-02	    1.63957e-01	    9.22954e-03	    1.24687e-02	    1.36057e-02
    5.56110e-01	    1.40000e-01	    1.66742e-02	    2.36480e-02	    4.70758e-03	    7.89523e-03	    7.29929e-03	   -6.32134e-03	   -2.55563e-03	    9.51187e-02	    1.60166e-01	    9.10904e-03	    1.22373e-02	    1.33749e-02
    5.60866e-01	    1.40000e-01	    1.62991e-02	    2.30364e-02	    4.69672e-03	    7.80169e-03	    7.24687e-03	   -6.25454e-03	   -2.63397e-03	    9.34369e-02	    1.56440e-01	    8.98776e-03	    1.20084e-02	    1.31450e-02
    5.65641e-01	    1.40000e-01	    1.59292e-02	    2.24369e-02	    4.68419e-03	    7.70793e-03	    7.19255e-03	   -6.18730e-03	   -2.70714e-03	    9.17652e-02	    1.52780e-01	    8.86576e-03	    1.17820e-02	    1.29162e-02
    5.70436e-01	    1.40000e-01	    1.55645e-02	    2.18493e-02	    4.67003e-03	    7.61396e-03	    7.13640e-03	   -6.11962e-03	   -2.77526e-03	    9.01043e-02	    1.49183e-01	    8.74314e-03	    1.15582e-02	    1.26886e-02
    5.75250e-01	    1.40000e-01	    1.52049e-02	    2.12734e-02	    4.65425e-03	    7.51983e-03	    7.07850e-03	   -6.05152e-03	   -2.83845e-03	    8.84547e-02	    1.45650e-01	    8.61996e-03	    1.13368e-02	    1.24622e-02
    5.80085e-01	    1.40000e-01	    1.48506e-02	    2.07092e-02	    4.63687e-03	    7.42555e-03	    7.01891e-03	   -5.98298e-03	   -2.89682e-03	    8.68168e-02	    1.42180e-01	    8.49630e-03	    1.11180e-02	    1.22371e-02
    5.84941e-01	    1.40000e-01	    1.45015e-02	    2.01564e-02	    4.61793e-03	    7.33115e-03	    6.95769e-03	   -5.91403e-03	   -2.95051e-03	    8.51912e-02	    1.38772e-01	    8.37223e-03	    1.09016e-02	    1.20134e-02
    5.89816e-01	    1.40000e-01	    1.41577e-02	    1.96150e-02	    4.59745e-03	    7.23665e-03	    6.89492e-03	   -5.84467e-03	   -2.99962e-03	    8.35783e-02	    1.35426e-01	    8.24783e-03	    1.06877e-02	    1.17912e-02
    5.94713e-01	    1.40000e-01	    1.38191e-02	    1.90849e-02	    4.57547e-03	    7.14207e-03	    6.83066e-03	   -5.77490e-03	   -3.04429e-03	    8.19785e-02	    1.32140e-01	    8.12316e-03	    1.04764e-02	    1.15706e-02
    5.99631e-01	    1.40000e-01	    1.34858e-02	    1.85658e-02	    4.55200e-03	    7.04746e-03	    6.76498e-03	   -5.70474e-03	   -3.08463e-03	    8.03922e-02	    1.28915e-01	    7.99830e-03	    1.02675e-02	    1.13516e-02
    6.04571e-01	    1.40000e-01	    1.31578e-02	    1.80576e-02	    4.52708e-03	    6.95282e-03	    6.69795e-03	   -5.63421e-03	   -3.12077e-03	    7.88199e-02	    1.25750e-01	    7.87332e-03	    1.00611e-02	    1.11342e-02
    6.09532e-01	    1.40000e-01	    1.28350e-02	    1.75602e-02	    4.50075e-03	    6.85818e-03	    6.62962e-03	   -5.56331e-03	   -3.15283e-03	    7.72619e-02	    1.22643e-01	    7.74828e-03	    9.85726e-03	    1.09187e-02
    6.14515e-01	    1.40000e-01	    1.25175e-02	    1.70735e-02	    4.47303e-03	    6.76357e-03	    6.56007e-03	   -5.49207e-03	   -3.18094e-03	    7.57185e-02	    1.19595e-01	    7.62324e-03	    9.65588e-03	    1.07049e-02
    6.19520e-01	    1.40000e-01	    1.22053e-02	    1.65973e-02	    4.44397e-03	    6.66901e-03	    6.48937e-03	   -5.42050e-03	   -3.20520e-03	    7.41902e-02	    1.16605e-01	    7.49829e-03	    9.45699e-03	    1.04930e-02
    6.24548e-01	    1.40000e-01	    1.18983e-02	    1.61314e-02	    4.41359e-03	    6.57453e-03	    6.41756e-03	   -5.34863e-03	   -3.22576e-03	    7.26772e-02	    1.13671e-01	    7.37347e-03	    9.26059e-03	    1.02830e-02
    6.29598e-01	    1.40000e-01	    1.15966e-02	    1.56758e-02	    4.38194e-03	    6.48016e-03	    6.34473e-03	   -5.27646e-03	   -3.24271e-03	    7.11798e-02	    1.10794e-01	    7.24885e-03	    9.06667e-03	    1.00750e-02
    6.34672e-01	    1.40000e-01	    1.13000e-02	    1.52303e-02	    4.34904e-03	    6.38591e-03	    6.27092e-03	   -5.20403e-03	   -3.25620e-03	    6.96983e-02	    1.07972e-01	    7.12449e-03	    8.87525e-03	    9.86899e-03
    6.39769e-01	    1.40000e-01	    1.10087e-02	    1.47947e-02	    4.31494e-03	    6.29181e-03	    6.19620e-03	   -5.13135e-03	   -3.26632e-03	    6.82329e-02	    1.05205e-01	    7.00045e-03	    8.68631e-03	    9.66507e-03
    6.44890e-01	    1.40000e-01	    1.07226e-02	    1.43689e-02	    4.27968e-03	    6.19788e-03	    6.12064e-03	   -5.05846e-03	   -3.27321e-03	    6.67840e-02	    1.02493e-01	    6.87679e-03	    8.49985e-03	    9.46325e-03
    6.50035e-01	    1.40000e-01	    1.04416e-02	    1.39527e-02	    4.24329e-03	    6.10416e-03	    6.04428e-03	   -4.98537e-03	   -3.27699e-03	    6.53517e-02	    9.98343e-02	    6.75356e-03	    8.31588e-03	    9.26358e-03
    6.55204e-01	    1.40000e-01	    1.01658e-02	    1.35460e-02	    4.20582e-03	    6.01066e-03	    5.96720e-03	   -4.91211e-03	   -3.27775e-03	    6.39362e-02	    9.72284e-02	    6.63081e-03	    8.13439e-03	    9.06610e-03
    6.60398e-01	    1.40000e-01	    9.89512e-03	    1.31487e-02	    4.16729e-03	    5.91741e-03	    5.88944e-03	   -4.83870e-03	   -3.27563e-03	    6.25378e-02	    9.46747e-02	    6.50861e-03	    7.95537e-03	    8.87084e-03
    6.65617e-01	    1.40000e-01	    9.62949e-03	    1.27606e-02	    4.12776e-03	    5.82443e-03	    5.81107e-03	   -4.76518e-03	   -3.27073e-03	    6.11566e-02	    9.21726e-02	    6.38700e-03	    7.77882e-03	    8.67784e-03
    6.70861e-01	    1.40000e-01	    9.36892e-03	    1.23815e-02	    4.08726e-03	    5.73175e-03	    5.73215e-03	   -4.69156e-03	   -3.26316e-03	    5.97929e-02	    8.97214e-02	    6.26603e-03	    7.60474e-03	    8.48713e-03
    6.76130e-01	    1.40000e-01	    9.11336e-03	    1.20114e-02	    4.04584e-03	    5.63939e-03	    5.65272e-03	   -4.61789e-03	   -3.25304e-03	    5.84466e-02	    8.73203e-02	    6.14575e-03	    7.43313e-03	    8.29873e-03
    6.81425e-01	    1.40000e-01	    8.86279e-03	    1.16500e-02	    4.00353e-03	    5.54736e-03	    5.57284e-03	   -4.54418e-03	   -3.24047e-03	    5.71181e-02	    8.49688e-02	    6.02620e-03	    7.26397e-03	    8.11267e-03
    6.86747e-01	    1.40000e-01	    8.61716e-03	    1.12973e-02	    3.96037e-03	    5.45571e-03	    5.49257e-03	   -4.47047e-03	   -3.22556e-03	    5.58073e-02	    8.26661e-02	    5.90744e-03	    7.09727e-03	    7.92898e-03
    6.92095e-01	    1.40000e-01	    8.37644e-03	    1.09531e-02	    3.91640e-03	    5.36444e-03	    5.41196e-03	   -4.39678e-03	   -3.20842e-03	    5.45145e-02	    8.04116e-02	    5.78949e-03	    6.93303e-03	    7.74767e-03
    6.97470e-01	    1.40000e-01	    8.14058e-03	    1.06172e-02	    3.87167e-03	    5.27359e-03	    5.33105e-03	   -4.32315e-03	   -3.18915e-03	    5.32396e-02	    7.82045e-02	    5.67242e-03	    6.77122e-03	    7.56878e-03
    7.02873e-01	    1.40000e-01	    7.90955e-03	    1.02895e-02	    3.82622e-03	    5.18317e-03	    5.24990e-03	   -4.24959e-03	   -3.16784e-03	    5.19829e-02	    7.60443e-02	    5.55624e-03	    6.61185e-03	    7.39231e-03
    7.08303e-01	    1.40000e-01	    7.68329e-03	    9.96986e-03	    3.78008e-03	    5.09320e-03	    5.16857e-03	   -4.17616e-03	   -3.14461e-03	    5.07443e-02	    7.39303e-02	    5.44102e-03	    6.45492e-03	    7.21828e-03
    7.13761e-01	    1.40000e-01	    7.46178e-03	    9.65817e-03	    3.73330e-03	    5.00371e-03	    5.08709e-03	   -4.10286e-03	   -3.11954e-03	    4.95240e-02	    7.18617e-02	    5.32677e-03	    6.30040e-03	    7.04671e-03
    7.19247e-01	    1.40000e-01	    7.24495e-03	    9.35426e-03	    3.68592e-03	    4.91472e-03	    5.00551e-03	   -4.02974e-03	   -3.09273e-03	    4.83219e-02	    6.98380e-02	    5.21353e-03	    6.14831e-03	    6.87760e-03
    7.24762e-01	    1.40000e-01	    7.03276e-03	    9.05800e-03	    3.63797e-03	    4.82625e-03	    4.92388e-03	   -3.95682e-03	   -3.06429e-03	    4.71382e-02	    6.78585e-02	    5.10135e-03	    5.99861e-03	    6.71098e-03
    7.30306e-01	    1.40000e-01	    6.82516e-03	    8.76925e-03	    3.58950e-03	    4.73832e-03	    4.84225e-03	   -3.88413e-03	   -3.03429e-03	    4.59727e-02	    6.59225e-02	    4.99025e-03	    5.85132e-03	    6.54684e-03
    7.35879e-01	    1.40000e-01	    6.62211e-03	    8.48788e-03	    3.54054e-03	    4.65095e-03	    4.76065e-03	   -3.81170e-03	   -3.00282e-03	    4.48257e-02	    6.40294e-02	    4.88025e-03	    5.70642e-03	    6.38519e-03
    7.41482e-01	    1.40000e-01	    6.42355e-03	    8.21374e-03	    3.49114e-03	    4.56416e-03	    4.67914e-03	   -3.73955e-03	   -2.96999e-03	    4.36969e-02	    6.21785e-02	    4.77140e-03	    5.56390e-03	    6.22605e-03
    7.47116e-01	    1.40000e-01	    6.22943e-03	    7.94672e-03	    3.44133e-03	    4.47798e-03	    4.59775e-03	   -3.66773e-03	   -2.93586e-03	    4.25865e-02	    6.03691e-02	    4.66372e-03	    5.42374e-03	    6.06941e-03
    7.52780e-01	    1.40000e-01	    6.03970e-03	    7.68666e-03	    3.39115e-03	    4.39241e-03	    4.51652e-03	   -3.59625e-03	   -2.90054e-03	    4.14945e-02	    5.86008e-02	    4.55723e-03	    5.28595e-03	    5.91527e-03
    7.58475e-01	    1.40000e-01	    5.85430e-03	    7.43345e-03	    3.34063e-03	    4.30748e-03	    4.43550e-03	   -3.52514e-03	   -2.86408e-03	    4.04207e-02	    5.68727e-02	    4.45196e-03	    5.15050e-03	    5.76364e-03
    7.64201e-01	    1.40000e-01	    5.67318e-03	    7.18695e-03	    3.28983e-03	    4.22321e-03	    4.35471e-03	   -3.45444e-03	   -2.82659e-03	    3.93652e-02	    5.51843e-02	    4.34794e-03	    5.01739e-03	    5.61452e-03
    7.69959e-01	    1.40000e-01	    5.49628e-03	    6.94703e-03	    3.23876e-03	    4.13961e-03	    4.27421e-03	   -3.38416e-03	   -2.78812e-03	    3.83280e-02	    5.35349e-02	    4.24517e-03	    4.88659e-03	    5.46790e-03
    7.75750e-01	    1.40000e-01	    5.32356e-03	    6.71356e-03	    3.18747e-03	    4.05670e-03	    4.19402e-03	   -3.31433e-03	   -2.74877e-03	    3.73089e-02	    5.19240e-02	    4.14369e-03	    4.75811e-03	    5.32378e-03
    7.81573e-01	    1.40000e-01	    5.15494e-03	    6.48642e-03	    3.13599e-03	    3.97451e-03	    4.11418e-03	   -3.24498e-03	   -2.70860e-03	    3.63079e-02	    5.03509e-02	    4.04352e-03	    4.63193e-03	    5.18216e-03
    7.87429e-01	    1.40000e-01	    4.99039e-03	    6.26548e-03	    3.08436e-03	    3.89304e-03	    4.03472e-03	   -3.17614e-03	   -2.66768e-03	    3.53249e-02	    4.88150e-02	    3.94466e-03	    4.50803e-03	    5.04303e-03
    7.93319e-01	    1.40000e-01	    4.82983e-03	    6.05061e-03	    3.03262e-03	    3.81231e-03	    3.95568e-03	   -3.10782e-03	   -2.62608e-03	    3.43599e-02	    4.73156e-02	    3.84714e-03	    4.38639e-03	    4.90638e-03
    7.99243e-01	    1.40000e-01	    4.67321e-03	    5.84171e-03	    2.98078e-03	    3.73233e-03	    3.87709e-03	   -3.04005e-03	   -2.58387e-03	    3.34128e-02	    4.58523e-02	    3.75098e-03	    4.26701e-03	    4.77220e-03
    8.05201e-01	    1.40000e-01	    4.52048e-03	    5.63863e-03	    2.92890e-03	    3.65313e-03	    3.79898e-03	   -2.97286e-03	   -2.54112e-03	    3.24835e-02	    4.44243e-02	    3.65617e-03	    4.14987e-03	    4.64049e-03
    8.11194e-01	    1.40000e-01	    4.37157e-03	    5.44126e-03	    2.87699e-03	    3.57472e-03	    3.72138e-03	   -2.90626e-03	   -2.49788e-03	    3.15719e-02	    4.30311e-02	    3.56275e-03	    4.03494e-03	    4.51124e-03
    8.17222e-01	    1.40000e-01	    4.22643e-03	    5.24949e-03	    2.82510e-03	    3.49710e-03	    3.64432e-03	   -2.84028e-03	   -2.45422e-03	    3.06779e-02	    4.16721e-02	    3.47071e-03	    3.92223e-03	    4.38443e-03
    8.23287e-01	    1.40000e-01	    4.08499e-03	    5.06320e-03	    2.77325e-03	    3.42030e-03	    3.56782e-03	   -2.77494e-03	   -2.41020e-03	    2.98014e-02	    4.03467e-02	    3.38008e-03	    3.81170e-03	    4.26004e-03
    8.29387e-01	    1.40000e-01	    3.94721e-03	    4.88226e-03	    2.72147e-03	    3.34433e-03	    3.49191e-03	   -2.71026e-03	   -2.36587e-03	    2.89422e-02	    3.90543e-02	    3.29085e-03	    3.70335e-03	    4.13808e-03
    8.35524e-01	    1.40000e-01	    3.81301e-03	    4.70657e-03	    2.66980e-03	    3.26919e-03	    3.41663e-03	   -2.64625e-03	   -2.32129e-03	    2.81003e-02	    3.77943e-02	    3.20303e-03	    3.59715e-03	    4.01852e-03
    8.41699e-01	    1.40000e-01	    3.68235e-03	    4.53601e-03	    2.61825e-03	    3.19491e-03	    3.34198e-03	   -2.58294e-03	   -2.27651e-03	    2.72754e-02	    3.65662e-02	    3.11664e-03	    3.49308e-03	    3.90134e-03
    8.47911e-01	    1.40000e-01	    3.55515e-03	    4.37047e-03	    2.56686e-03	    3.12148e-03	    3.26800e-03	   -2.52034e-03	   -2.23158e-03	    2.64676e-02	    3.53695e-02	    3.03167e-03	    3.39114e-03	    3.78654e-03
    8.54162e-01	    1.40000e-01	    3.43137e-03	    4.20984e-03	    2.51566e-03	    3.04893e-03	    3.19471e-03	   -2.45848e-03	   -2.18655e-03	    2.56766e-02	    3.42035e-02	    2.94814e-03	    3.29129e-03	    3.67408e-03
    8.60452e-01	    1.40000e-01	    3.31094e-03	    4.05401e-03	    2.46466e-03	    2.97726e-03	    3.12213e-03	   -2.39735e-03	   -2.14148e-03	    2.49023e-02	    3.30676e-02	    2.86604e-03	    3.19352e-03	    3.56397e-03
    8.66781e-01	    1.40000e-01	    3.19381e-03	    3.90287e-03	    2.41391e-03	    2.90649e-03	    3.05028e-03	   -2.33699e-03	   -2.09640e-03	    2.41446e-02	    3.19615e-02	    2.78537e-03	    3.09781e-03	    3.45617e-03
    8.73149e-01	    1.40000e-01	    3.07991e-03	    3.75632e-03	    2.36342e-03	    2.83661e-03	    2.97919e-03	   -2.27741e-03	   -2.05135e-03	    2.34032e-02	    3.08844e-02	    2.70615e-03	    3.00415e-03	    3.35067e-03
    8.79559e-01	    1.40000e-01	    2.96919e-03	    3.61425e-03	    2.31321e-03	    2.76765e-03	    2.90886e-03	   -2.21861e-03	   -2.00639e-03	    2.26781e-02	    2.98358e-02	    2.62836e-03	    2.91250e-03	    3.24744e-03
    8.86009e-01	    1.40000e-01	    2.86158e-03	    3.47656e-03	    2.26331e-03	    2.69960e-03	    2.83932e-03	   -2.16061e-03	   -1.96155e-03	    2.19691e-02	    2.88153e-02	    2.55201e-03	    2.82285e-03	    3.14648e-03
    8.92501e-01	    1.40000e-01	    2.75703e-03	    3.34315e-03	    2.21374e-03	    2.63248e-03	    2.77058e-03	   -2.10343e-03	   -1.91687e-03	    2.12760e-02	    2.78223e-02	    2.47710e-03	    2.73518e-03	    3.04775e-03
    8.99035e-01	    1.40000e-01	    2.65548e-03	    3.21392e-03	    2.16453e-03	    2.56629e-03	    2.70266e-03	   -2.04707e-03	   -1.87239e-03	    2.05986e-02	    2.68563e-02	    2.40362e-03	    2.64947e-03	    2.95123e-03
    9.05611e-01	    1.40000e-01	    2.55688e-03	    3.08876e-03	    2.11569e-03	    2.50104e-03	    2.63558e-03	   -1.99154e-03	   -1.82813e-03	    1.99368e-02	    2.59167e-02	    2.33157e-03	    2.56569e-03	    2.85690e-03
    9.12231e-01	    1.40000e-01	    2.46116e-03	    2.96759e-03	    2.06724e-03	    2.43674e-03	    2.56935e-03	   -1.93686e-03	   -1.78415e-03	    1.92904e-02	    2.50030e-02	    2.26095e-03	    2.48383e-03	    2.76475e-03
    9.18895e-01	    1.40000e-01	    2.36827e-03	    2.85030e-03	    2.01921e-03	    2.37338e-03	    2.50398e-03	   -1.88303e-03	   -1.74046e-03	    1.86593e-02	    2.41147e-02	    2.19175e-03	    2.40385e-03	    2.67473e-03
    9.25604e-01	    1.40000e-01	    2.27815e-03	    2.73680e-03	    1.97161e-03	    2.31098e-03	    2.43949e-03	   -1.83006e-03	   -1.69709e-03	    1.80432e-02	    2.32514e-02	    2.12397e-03	    2.32575e-03	    2.58684e-03
    9.32358e-01	    1.40000e-01	    2.19074e-03	    2.62700e-03	    1.92446e-03	    2.24954e-03	    2.37588e-03	   -1.77795e-03	   -1.65409e-03	    1.74419e-02	    2.24125e-02	    2.05759e-03	    2.24949e-03	    2.50104e-03
    9.39157e-01	    1.40000e-01	    2.10599e-03	    2.52080e-03	    1.87778e-03	    2.18906e-03	    2.31318e-03	   -1.72671e-03	   -1.61147e-03	    1.68553e-02	    2.15976e-02	    1.99262e-03	    2.17506e-03	    2.41731e-03
    9.46003e-01	    1.40000e-01	    2.02384e-03	    2.41813e-03	    1.83158e-03	    2.12955e-03	    2.25137e-03	   -1.67636e-03	   -1.56925e-03	    1.62833e-02	    2.08060e-02	    1.92904e-03	    2.10243e-03	    2.33563e-03
    9.52896e-01	    1.40000e-01	    1.94423e-03	    2.31888e-03	    1.78588e-03	    2.07100e-03	    2.19049e-03	   -1.62688e-03	   -1.52748e-03	    1.57255e-02	    2.00375e-02	    1.86685e-03	    2.03157e-03	    2.25597e-03
    9.59837e-01	    1.40000e-01	    1.86712e-03	    2.22297e-03	    1.74069e-03	    2.01343e-03	    2.13053e-03	   -1.57829e-03	   -1.48616e-03	    1.51818e-02	    1.92914e-02	    1.80604e-03	    1.96247e-03	    2.17831e-03
    9.66826e-01	    1.40000e-01	    1.79244e-03	    2.13031e-03	    1.69603e-03	    1.95682e-03	    2.07151e-03	   -1.53059e-03	   -1.44532e-03	    1.46520e-02	    1.85674e-02	    1.74659e-03	    1.89509e-03	    2.10261e-03
    9.73865e-01	    1.40000e-01	    1.72014e-03	    2.04083e-03	    1.65192e-03	    1.90119e-03	    2.01342e-03	   -1.48378e-03	   -1.40498e-03	    1.41359e-02	    1.78649e-02	    1.68850e-03	    1.82943e-03	    2.02885e-03
    9.80953e-01	    1.40000e-01	    1.65018e-03	    1.95443e-03	    1.60835e-03	    1.84654e-03	    1.95629e-03	   -1.43787e-03	   -1.36516e-03	    1.36333e-02	    1.71835e-02	    1.63175e-03	    1.76544e-03	    1.95700e-03
    9.88092e-01	    1.40000e-01	    1.58249e-03	    1.87104e-03	    1.56536e-03	    1.79286e-03	    1.90010e-03	   -1.39285e-03	   -1.32587e-03	    1.31441e-02	    1.65227e-02	    1.57634e-03	    1.70311e-03	    1.88704e-03
    9.95282e-01	    1.40000e-01	    1.51702e-03	    1.79058e-03	    1.52294e-03	    1.74015e-03	    1.84487e-03	   -1.34872e-03	   -1.28714e-03	    1.26679e-02	    1.58822e-02	    1.52225e-03	    1.64242e-03	    1.81894e-03
    1.00252e+00	    1.40000e-01	    1.45372e-03	    1.71296e-03	    1.48111e-03	    1.68841e-03	    1.79060e-03	   -1.30549e-03	   -1.24897e-03	    1.22047e-02	    1.52613e-02	    1.46947e-03	    1.58334e-03	    1.75267e-03
    1.00982e+00	    1.40000e-01	    1.39254e-03	    1.63811e-03	    1.43988e-03	    1.63765e-03	    1.73729e-03	   -1.26315e-03	   -1.21139e-03	    1.17541e-02	    1.46598e-02	    1.41799e-03	    1.52583e-03	    1.68820e-03
    1.01717e+00	    1.40000e-01	    1.33343e-03	    1.56596e-03	    1.39926e-03	    1.58786e-03	    1.68495e-03	   -1.22170e-03	   -1.17441e-03	    1.13161e-02	    1.40772e-02	    1.36779e-03	    1.46989e-03	    1.62551e-03
    1.02457e+00	    1.40000e-01	    1.27633e-03	    1.49643e-03	    1.35925e-03	    1.53903e-03	    1.63358e-03	   -1.18115e-03	   -1.13803e-03	    1.08904e-02	    1.35130e-02	    1.31886e-03	    1.41549e-03	    1.56456e-03
    1.03203e+00	    1.40000e-01	    1.22121e-03	    1.42944e-03	    1.31986e-03	    1.49117e-03	    1.58318e-03	   -1.14148e-03	   -1.10227e-03	    1.04767e-02	    1.29668e-02	    1.27118e-03	    1.36259e-03	    1.50534e-03
    1.03954e+00	    1.40000e-01	    1.16800e-03	    1.36493e-03	    1.28111e-03	    1.44428e-03	    1.53375e-03	   -1.10269e-03	   -1.06714e-03	    1.00750e-02	    1.24383e-02	    1.22475e-03	    1.31118e-03	    1.44780e-03
    1.04712e+00	    1.40000e-01	    1.11666e-03	    1.30282e-03	    1.24299e-03	    1.39834e-03	    1.48528e-03	   -1.06478e-03	   -1.03265e-03	    9.68487e-03	    1.19269e-02	    1.17954e-03	    1.26123e-03	    1.39192e-03
    1.05474e+00	    1.40000e-01	    1.06715e-03	    1.24304e-03	    1.20552e-03	    1.35335e-03	    1.43779e-03	   -1.02775e-03	   -9.98798e-04	    9.30626e-03	    1.14324e-02	    1.13554e-03	    1.21272e-03	    1.33768e-03
    1.06243e+00	    1.40000e-01	    1.01941e-03	    1.18554e-03	    1.16870e-03	    1.30932e-03	    1.39127e-03	   -9.91590e-04	   -9.65600e-04	    8.93892e-03	    1.09542e-02	    1.09273e-03	    1.16562e-03	    1.28503e-03
    1.07018e+00	    1.40000e-01	    9.73406e-04	    1.13023e-03	    1.13253e-03	    1.26624e-03	    1.34571e-03	   -9.56293e-04	   -9.33059e-04	    8.58263e-03	    1.04921e-02	    1.05110e-03	    1.11990e-03	    1.23397e-03
    1.07799e+00	    1.40000e-01	    9.29080e-04	    1.07706e-03	    1.09702e-03	    1.22409e-03	    1.30111e-03	   -9.21855e-04	   -9.01180e-04	    8.23719e-03	    1.00456e-02	    1.01063e-03	    1.07554e-03	    1.18445e-03
    1.08586e+00	    1.40000e-01	    8.86393e-04	    1.02596e-03	    1.06217e-03	    1.18288e-03	    1.25748e-03	   -8.88269e-04	   -8.69967e-04	    7.90240e-03	    9.61425e-03	    9.71305e-04	    1.03252e-03	    1.13644e-03
    1.09379e+00	    1.40000e-01	    8.45298e-04	    9.76872e-04	    1.02798e-03	    1.14260e-03	    1.21480e-03	   -8.55529e-04	   -8.39423e-04	    7.57804e-03	    9.19779e-03	    9.33108e-04	    9.90807e-04	    1.08992e-03
    1.10178e+00	    1.40000e-01	    8.05753e-04	    9.29729e-04	    9.94464e-04	    1.10324e-03	    1.17308e-03	   -8.23627e-04	   -8.09551e-04	    7.26391e-03	    8.79580e-03	    8.96021e-04	    9.50383e-04	    1.04487e-03
    1.10984e+00	    1.40000e-01	    7.67714e-04	    8.84474e-04	    9.61614e-04	    1.06480e-03	    1.13231e-03	   -7.92555e-04	   -7.80351e-04	    6.95981e-03	    8.40793e-03	    8.60026e-04	    9.11219e-04	    1.00124e-03
    1.11796e+00	    1.40000e-01	    7.31138e-04	    8.41048e-04	    9.29435e-04	    1.02727e-03	    1.09248e-03	   -7.62306e-04	   -7.51825e-04	    6.66553e-03	    8.03381e-03	    8.25108e-04	    8.73290e-04	    9.59011e-04
    1.12615e+00	    1.40000e-01	    6.95984e-04	    7.99394e-04	    8.97926e-04	    9.90643e-04	    1.05359e-03	   -7.32870e-04	   -7.23973e-04	    6.38086e-03	    7.67308e-03	    7.91245e-04	    8.36575e-04	    9.18157e-04
    1.13441e+00	    1.40000e-01	    6.62210e-04	    7.59454e-04	    8.67088e-04	    9.54911e-04	    1.01563e-03	   -7.04240e-04	   -6.96794e-04	    6.10561e-03	    7.32539e-03	    7.58423e-04	    8.01045e-04	    8.78647e-04
    1.14273e+00	    1.40000e-01	    6.29775e-04	    7.21175e-04	    8.36921e-04	    9.20061e-04	    9.78596e-04	   -6.76405e-04	   -6.70286e-04	    5.83956e-03	    6.99039e-03	    7.26621e-04	    7.66677e-04	    8.40452e-04
    1.15112e+00	    1.40000e-01	    5.98641e-04	    6.84501e-04	    8.07424e-04	    8.86097e-04	    9.42483e-04	   -6.49356e-04	   -6.44447e-04	    5.58252e-03	    6.66775e-03	    6.95823e-04	    7.33446e-04	    8.03545e-04
    1.15959e+00	    1.40000e-01	    5.68768e-04	    6.49381e-04	    7.78596e-04	    8.52999e-04	    9.07281e-04	   -6.23083e-04	   -6.19276e-04	    5.33429e-03	    6.35713e-03	    6.66008e-04	    7.01329e-04	    7.67896e-04
    1.16812e+00	    1.40000e-01	    5.40117e-04	    6.15763e-04	    7.50435e-04	    8.20763e-04	    8.72983e-04	   -5.97576e-04	   -5.94767e-04	    5.09466e-03	    6.05819e-03	    6.37160e-04	    6.70301e-04	    7.33477e-04
    1.17673e+00	    1.40000e-01	    5.12651e-04	    5.83596e-04	    7.22939e-04	    7.89379e-04	    8.39581e-04	   -5.72824e-04	   -5.70918e-04	    4.86345e-03	    5.77063e-03	    6.09259e-04	    6.40337e-04	    7.00261e-04
    1.18541e+00	    1.40000e-01	    4.86332e-04	    5.52832e-04	    6.96104e-04	    7.58837e-04	    8.07066e-04	   -5.48817e-04	   -5.47724e-04	    4.64044e-03	    5.49410e-03	    5.82287e-04	    6.11415e-04	    6.68220e-04
    1.19417e+00	    1.40000e-01	    4.61125e-04	    5.23422e-04	    6.69930e-04	    7.29128e-04	    7.75429e-04	   -5.25544e-04	   -5.25179e-04	    4.42545e-03	    5.22831e-03	    5.56225e-04	    5.83509e-04	    6.37325e-04
    1.20300e+00	    1.40000e-01	    4.36994e-04	    4.95320e-04	    6.44410e-04	    7.00243e-04	    7.44660e-04	   -5.02993e-04	   -5.03279e-04	    4.21828e-03	    4.97294e-03	    5.31053e-04	    5.56596e-04	    6.07550e-04
    1.21192e+00	    1.40000e-01	    4.13904e-04	    4.68480e-04	    6.19542e-04	    6.72166e-04	    7.14750e-04	   -4.81153e-04	   -4.82017e-04	    4.01873e-03	    4.72769e-03	    5.06755e-04	    5.30653e-04	    5.78867e-04
    1.22090e+00	    1.40000e-01	    3.91820e-04	    4.42857e-04	    5.95321e-04	    6.44898e-04	    6.85690e-04	   -4.60012e-04	   -4.61387e-04	    3.82663e-03	    4.49226e-03	    4.83310e-04	    5.05655e-04	    5.51248e-04
    1.22997e+00	    1.40000e-01	    3.70710e-04	    4.18408e-04	    5.71742e-04	    6.18418e-04	    6.57467e-04	   -4.39558e-04	   -4.41381e-04	    3.64177e-03	    4.26636e-03	    4.60699e-04	    4.81581e-04	    5.24668e-04
    1.23912e+00	    1.40000e-01	    3.50540e-04	    3.95090e-04	    5.48800e-04	    5.92719e-04	    6.30073e-04	   -4.19780e-04	   -4.21993e-04	    3.46397e-03	    4.04970e-03	    4.38905e-04	    4.58407e-04	    4.99100e-04
    1.24836e+00	    1.40000e-01	    3.31279e-04	    3.72862e-04	    5.26491e-04	    5.67789e-04	    6.03495e-04	   -4.00665e-04	   -4.03214e-04	    3.29304e-03	    3.84200e-03	    4.17908e-04	    4.36110e-04	    4.74516e-04
    1.25767e+00	    1.40000e-01	    3.12894e-04	    3.51683e-04	    5.04808e-04	    5.43617e-04	    5.77723e-04	   -3.82201e-04	   -3.85036e-04	    3.12880e-03	    3.64299e-03	    3.97690e-04	    4.14667e-04	    4.50892e-04
    1.26708e+00	    1.40000e-01	    2.95356e-04	    3.31516e-04	    4.83744e-04	    5.20191e-04	    5.52744e-04	   -3.64375e-04	   -3.67452e-04	    2.97108e-03	    3.45238e-03	    3.78231e-04	    3.94056e-04	    4.28200e-04
    1.27656e+00	    1.40000e-01	    2.78633e-04	    3.12320e-04	    4.63293e-04	    4.97500e-04	    5.28547e-04	   -3.47174e-04	   -3.50451e-04	    2.81967e-03	    3.26992e-03	    3.59514e-04	    3.74255e-04	    4.06416e-04
    1.28614e+00	    1.40000e-01	    2.62698e-04	    2.94059e-04	    4.43448e-04	    4.75532e-04	    5.05121e-04	   -3.30587e-04	   -3.34025e-04	    2.67442e-03	    3.09534e-03	    3.41520e-04	    3.55242e-04	    3.85514e-04
    1.29581e+00	    1.40000e-01	    2.47521e-04	    2.76697e-04	    4.24203e-04	    4.54275e-04	    4.82451e-04	   -3.14599e-04	   -3.18164e-04	    2.53514e-03	    2.92838e-03	    3.24230e-04	    3.36995e-04	    3.65469e-04
    1.30557e+00	    1.40000e-01	    2.33074e-04	    2.60199e-04	    4.05548e-04	    4.33716e-04	    4.60527e-04	   -2.99199e-04	   -3.02859e-04	    2.40167e-03	    2.76880e-03	    3.07626e-04	    3.19493e-04	    3.46257e-04
    1.31542e+00	    1.40000e-01	    2.19330e-04	    2.44531e-04	    3.87478e-04	    4.13843e-04	    4.39335e-04	   -2.84374e-04	   -2.88099e-04	    2.27382e-03	    2.61635e-03	    2.91690e-04	    3.02714e-04	    3.27852e-04
    1.32536e+00	    1.40000e-01	    2.06263e-04	    2.29658e-04	    3.69982e-04	    3.94643e-04	    4.18862e-04	   -2.70109e-04	   -2.73875e-04	    2.15143e-03	    2.47079e-03	    2.76405e-04	    2.86638e-04	    3.10232e-04
    1.33540e+00	    1.40000e-01	    1.93845e-04	    2.15549e-04	    3.53055e-04	    3.76105e-04	    3.99095e-04	   -2.56393e-04	   -2.60176e-04	    2.03434e-03	    2.33188e-03	    2.61751e-04	    2.71243e-04	    2.93371e-04
    1.34554e+00	    1.40000e-01	    1.82053e-04	    2.02173e-04	    3.36686e-04	    3.58214e-04	    3.80021e-04	   -2.43213e-04	   -2.46991e-04	    1.92237e-03	    2.19940e-03	    2.47711e-04	    2.56510e-04	    2.77247e-04
    1.35578e+00	    1.40000e-01	    1.70862e-04	    1.89499e-04	    3.20866e-04	    3.40960e-04	    3.61626e-04	   -2.30554e-04	   -2.34310e-04	    1.81538e-03	    2.07310e-03	    2.34268e-04	    2.42418e-04	    2.61837e-04
    1.36612e+00	    1.40000e-01	    1.60247e-04	    1.77497e-04	    3.05588e-04	    3.24327e-04	    3.43897e-04	   -2.18405e-04	   -2.22121e-04	    1.71319e-03	    1.95279e-03	    2.21405e-04	    2.28948e-04	    2.47118e-04
    1.37656e+00	    1.40000e-01	    1.50185e-04	    1.66140e-04	    2.90841e-04	    3.08305e-04	    3.26820e-04	   -2.06752e-04	   -2.10415e-04	    1.61565e-03	    1.83823e-03	    2.09103e-04	    2.16079e-04	    2.33067e-04
    1.38711e+00	    1.40000e-01	    1.40654e-04	    1.55398e-04	    2.76617e-04	    2.92878e-04	    3.10381e-04	   -1.95582e-04	   -1.99179e-04	    1.52262e-03	    1.72923e-03	    1.97346e-04	    2.03792e-04	    2.19663e-04
    1.39776e+00	    1.40000e-01	    1.31631e-04	    1.45246e-04	    2.62905e-04	    2.78035e-04	    2.94566e-04	   -1.84883e-04	   -1.88402e-04	    1.43392e-03	    1.62556e-03	    1.86118e-04	    1.92069e-04	    2.06884e-04
    1.40853e+00	    1.40000e-01	    1.23096e-04	    1.35657e-04	    2.49696e-04	    2.63762e-04	    2.79362e-04	   -1.74641e-04	   -1.78073e-04	    1.34943e-03	    1.52704e-03	    1.75400e-04	    1.80891e-04	    1.94708e-04
    1.41940e+00	    1.40000e-01	    1.15026e-04	    1.26606e-04	    2.36979e-04	    2.50046e-04	    2.64754e-04	   -1.64843e-04	   -1.68180e-04	    1.26899e-03	    1.43347e-03	    1.65178e-04	    1.70239e-04	    1.83115e-04
    1.43039e+00	    1.40000e-01	    1.07403e-04	    1.18069e-04	    2.24746e-04	    2.36874e-04	    2.50729e-04	   -1.55477e-04	   -1.58713e-04	    1.19246e-03	    1.34465e-03	    1.55435e-04	    1.60096e-04	    1.72084e-04
    1.44149e+00	    1.40000e-01	    1.00206e-04	    1.10022e-04	    2.12985e-04	    2.24232e-04	    2.37271e-04	   -1.46530e-04	   -1.49660e-04	    1.11970e-03	    1.26040e-03	    1.46154e-04	    1.50443e-04	    1.61596e-04
    1.45270e+00	    1.40000e-01	    9.34172e-05	    1.02442e-04	    2.01686e-04	    2.12108e-04	    2.24368e-04	   -1.37990e-04	   -1.41008e-04	    1.05056e-03	    1.18053e-03	    1.37320e-04	    1.41264e-04	    1.51629e-04
    1.46404e+00	    1.40000e-01	    8.70171e-05	    9.53080e-05	    1.90840e-04	    2.00488e-04	    2.12004e-04	   -1.29843e-04	   -1.32748e-04	    9.84927e-04	    1.10488e-03	    1.28918e-04	    1.32541e-04	    1.42166e-04
    1.47549e+00	    1.40000e-01	    8.09883e-05	    8.85977e-05	    1.80435e-04	    1.89358e-04	    2.00165e-04	   -1.22078e-04	   -1.24867e-04	    9.22655e-04	    1.03326e-03	    1.20933e-04	    1.24257e-04	    1.33187e-04
    1.48707e+00	    1.40000e-01	    7.53137e-05	    8.22911e-05	    1.70460e-04	    1.78706e-04	    1.88839e-04	   -1.14682e-04	   -1.17353e-04	    8.63617e-04	    9.65519e-04	    1.13348e-04	    1.16397e-04	    1.24673e-04
    1.49878e+00	    1.40000e-01	    6.99765e-05	    7.63683e-05	    1.60906e-04	    1.68519e-04	    1.78009e-04	   -1.07644e-04	   -1.10196e-04	    8.07687e-04	    9.01482e-04	    1.06151e-04	    1.08943e-04	    1.16607e-04
    1.51061e+00	    1.40000e-01	    6.49606e-05	    7.08104e-05	    1.51761e-04	    1.58783e-04	    1.67663e-04	   -1.00950e-04	   -1.03385e-04	    7.54742e-04	    8.40995e-04	    9.93258e-05	    1.01881e-04	    1.08971e-04
    1.52257e+00	    1.40000e-01	    6.02505e-05	    6.55989e-05	    1.43015e-04	    1.49486e-04	    1.57786e-04	   -9.45906e-05	   -9.69077e-05	    7.04662e-04	    7.83904e-04	    9.28587e-05	    9.51947e-05	    1.01747e-04
    1.53467e+00	    1.40000e-01	    5.58312e-05	    6.07163e-05	    1.34657e-04	    1.40614e-04	    1.48364e-04	   -8.85523e-05	   -9.07533e-05	    6.57329e-04	    7.30060e-04	    8.67360e-05	    8.88694e-05	    9.49187e-05
    1.54690e+00	    1.40000e-01	    5.16882e-05	    5.61456e-05	    1.26676e-04	    1.32154e-04	    1.39384e-04	   -8.28243e-05	   -8.49105e-05	    6.12629e-04	    6.79317e-04	    8.09439e-05	    8.28904e-05	    8.84696e-05
    1.55927e+00	    1.40000e-01	    4.78075e-05	    5.18704e-05	    1.19062e-04	    1.24095e-04	    1.30831e-04	   -7.73951e-05	   -7.93689e-05	    5.70449e-04	    6.31535e-04	    7.54692e-05	    7.72434e-05	    8.23837e-05
    1.57178e+00	    1.40000e-01	    4.41756e-05	    4.78750e-05	    1.11804e-04	    1.16422e-04	    1.22692e-04	   -7.22536e-05	   -7.41177e-05	    5.30681e-04	    5.86579e-04	    7.02990e-05	    7.19143e-05	    7.66453e-05
    1.58443e+00	    1.40000e-01	    4.07797e-05	    4.41445e-05	    1.04890e-04	    1.09125e-04	    1.14954e-04	   -6.73888e-05	   -6.91460e-05	    4.93219e-04	    5.44315e-04	    6.54206e-05	    6.68896e-05	    7.12392e-05
    1.59723e+00	    1.40000e-01	    3.76072e-05	    4.06644e-05	    9.83114e-05	    1.02189e-04	    1.07603e-04	   -6.27901e-05	   -6.44434e-05	    4.57959e-04	    5.04618e-04	    6.08215e-05	    6.21561e-05	    6.61506e-05
    1.61018e+00	    1.40000e-01	    3.46463e-05	    3.74207e-05	    9.20563e-05	    9.56038e-05	    1.00626e-04	   -5.84468e-05	   -5.99996e-05	    4.24803e-04	    4.67363e-04	    5.64897e-05	    5.77008e-05	    6.13650e-05
    1.62328e+00	    1.40000e-01	    3.18854e-05	    3.44003e-05	    8.61144e-05	    8.93560e-05	    9.40097e-05	   -5.43486e-05	   -5.58042e-05	    3.93653e-04	    4.32431e-04	    5.24134e-05	    5.35111e-05	    5.68686e-05
    1.63654e+00	    1.40000e-01	    2.93134e-05	    3.15905e-05	    8.04753e-05	    8.34340e-05	    8.77410e-05	   -5.04852e-05	   -5.18473e-05	    3.64414e-04	    3.99706e-04	    4.85811e-05	    4.95750e-05	    5.26478e-05
    1.64995e+00	    1.40000e-01	    2.69197e-05	    2.89791e-05	    7.51286e-05	    7.78259e-05	    8.18073e-05	   -4.68468e-05	   -4.81191e-05	    3.36995e-04	    3.69079e-04	    4.49817e-05	    4.58804e-05	    4.86895e-05
    1.66353e+00	    1.40000e-01	    2.46944e-05	    2.65545e-05	    7.00639e-05	    7.25201e-05	    7.61959e-05	   -4.34238e-05	   -4.46102e-05	    3.11309e-04	    3.40440e-04	    4.16043e-05	    4.24160e-05	    4.49808e-05
    1.67727e+00	    1.40000e-01	    2.26275e-05	    2.43056e-05	    6.52712e-05	    6.75051e-05	    7.08946e-05	   -4.02062e-05	   -4.13108e-05	    2.87268e-04	    3.13688e-04	    3.84384e-05	    3.91706e-05	    4.15096e-05
    1.69117e+00	    1.40000e-01	    2.07098e-05	    2.22219e-05	    6.07404e-05	    6.27695e-05	    6.58910e-05	   -3.71853e-05	   -3.82117e-05	    2.64790e-04	    2.88722e-04	    3.54739e-05	    3.61335e-05	    3.82637e-05
    1.70525e+00	    1.40000e-01	    1.89325e-05	    2.02931e-05	    5.64614e-05	    5.83023e-05	    6.11733e-05	   -3.43526e-05	   -3.53040e-05	    2.43795e-04	    2.65446e-04	    3.27007e-05	    3.32942e-05	    3.52319e-05
    1.71951e+00	    1.40000e-01	    1.72871e-05	    1.85098e-05	    5.24246e-05	    5.40925e-05	    5.67297e-05	   -3.16981e-05	   -3.25790e-05	    2.24206e-04	    2.43768e-04	    3.01092e-05	    3.06425e-05	    3.24028e-05
    1.73394e+00	    1.40000e-01	    1.57654e-05	    1.68628e-05	    4.86202e-05	    5.01294e-05	    5.25487e-05	   -2.92138e-05	   -3.00276e-05	    2.05948e-04	    2.23601e-04	    2.76903e-05	    2.81689e-05	    2.97658e-05
    1.74856e+00	    1.40000e-01	    1.43598e-05	    1.53434e-05	    4.50387e-05	    4.64026e-05	    4.86188e-05	   -2.68913e-05	   -2.76422e-05	    1.88950e-04	    2.04858e-04	    2.54348e-05	    2.58637e-05	    2.73105e-05
    1.76336e+00	    1.40000e-01	    1.30629e-05	    1.39432e-05	    4.16711e-05	    4.29017e-05	    4.49291e-05	   -2.47227e-05	   -2.54142e-05	    1.73142e-04	    1.87458e-04	    2.33342e-05	    2.37179e-05	    2.50270e-05
    1.77835e+00	    1.40000e-01	    1.18677e-05	    1.26545e-05	    3.85077e-05	    3.96167e-05	    4.14688e-05	   -2.26999e-05	   -2.33356e-05	    1.58457e-04	    1.71324e-04	    2.13800e-05	    2.17230e-05	    2.29056e-05
    1.79354e+00	    1.40000e-01	    1.07676e-05	    1.14697e-05	    3.55399e-05	    3.65378e-05	    3.82273e-05	   -2.08159e-05	   -2.13991e-05	    1.44832e-04	    1.56379e-04	    1.95642e-05	    1.98702e-05	    2.09372e-05
    1.80893e+00	    1.40000e-01	    9.75625e-06	    1.03819e-05	    3.27588e-05	    3.36554e-05	    3.51943e-05	   -1.90628e-05	   -1.95968e-05	    1.32206e-04	    1.42554e-04	    1.78791e-05	    1.81517e-05	    1.91129e-05
    1.82452e+00	    1.40000e-01	    8.82765e-06	    9.38432e-06	    3.01557e-05	    3.09603e-05	    3.23599e-05	   -1.74336e-05	   -1.79215e-05	    1.20519e-04	    1.29779e-04	    1.63171e-05	    1.65597e-05	    1.74242e-05
    1.84032e+00	    1.40000e-01	    7.97619e-06	    8.47068e-06	    2.77224e-05	    2.84431e-05	    2.97141e-05	   -1.59217e-05	   -1.63669e-05	    1.09715e-04	    1.17989e-04	    1.48711e-05	    1.50865e-05	    1.58630e-05
    1.85633e+00	    1.40000e-01	    7.19642e-06	    7.63501e-06	    2.54505e-05	    2.60952e-05	    2.72476e-05	   -1.45203e-05	   -1.49257e-05	    9.97397e-05	    1.07121e-04	    1.35341e-05	    1.37253e-05	    1.44215e-05
    1.87255e+00	    1.40000e-01	    6.48331e-06	    6.87168e-06	    2.33322e-05	    2.39079e-05	    2.49513e-05	   -1.32231e-05	   -1.35916e-05	    9.05421e-05	    9.71169e-05	    1.22997e-05	    1.24689e-05	    1.30923e-05
    1.88900e+00	    1.40000e-01	    5.83205e-06	    6.17539e-06	    2.13596e-05	    2.18730e-05	    2.28159e-05	   -1.20240e-05	   -1.23582e-05	    8.20727e-05	    8.79197e-05	    1.11615e-05	    1.13110e-05	    1.18682e-05
    1.90568e+00	    1.40000e-01	    5.23811e-06	    5.54114e-06	    1.95253e-05	    1.99822e-05	    2.08330e-05	   -1.09171e-05	   -1.12196e-05	    7.42844e-05	    7.94757e-05	    1.01133e-05	    1.02453e-05	    1.07425e-05
    1.92258e+00	    1.40000e-01	    4.69726e-06	    4.96422e-06	    1.78217e-05	    1.82278e-05	    1.89941e-05	   -9.89676e-06	   -1.01701e-05	    6.71328e-05	    7.17339e-05	    9.14957e-06	    9.26586e-06	    9.70875e-06
    1.93973e+00	    1.40000e-01	    4.20544e-06	    4.44028e-06	    1.62420e-05	    1.66022e-05	    1.72912e-05	   -8.95762e-06	   -9.20413e-06	    6.05747e-05	    6.46460e-05	    8.26466e-06	    8.36690e-06	    8.76074e-06
    1.95712e+00	    1.40000e-01	    3.75890e-06	    3.96507e-06	    1.47791e-05	    1.50981e-05	    1.57167e-05	   -8.09449e-06	   -8.31632e-06	    5.45699e-05	    5.81661e-05	    7.45333e-06	    7.54307e-06	    7.89266e-06
    1.97475e+00	    1.40000e-01	    3.35410e-06	    3.53477e-06	    1.34264e-05	    1.37084e-05	    1.42626e-05	   -7.30242e-06	   -7.50164e-06	    4.90800e-05	    5.22509e-05	    6.71058e-06	    6.78920e-06	    7.09896e-06
    1.99264e+00	    1.40000e-01	    2.98773e-06	    3.14574e-06	    1.21776e-05	    1.24264e-05	    1.29221e-05	   -6.57670e-06	   -6.75523e-06	    4.40685e-05	    4.68591e-05	    6.03169e-06	    6.10044e-06	    6.37440e-06
    2.01079e+00	    1.40000e-01	    2.65667e-06	    2.79460e-06	    1.10264e-05	    1.12455e-05	    1.16880e-05	   -5.91285e-06	   -6.07248e-06	    3.95009e-05	    4.19523e-05	    5.41213e-06	    5.47215e-06	    5.71397e-06
    2.02921e+00	    1.40000e-01	    2.35801e-06	    2.47820e-06	    9.96692e-06	    1.01595e-05	    1.05537e-05	   -5.30657e-06	   -5.44900e-06	    3.53446e-05	    3.74941e-05	    4.84767e-06	    4.89993e-06	    5.11297e-06
    2.04790e+00	    1.40000e-01	    2.08905e-06	    2.19355e-06	    8.99343e-06	    9.16231e-06	    9.51279e-06	   -4.75380e-06	   -4.88060e-06	    3.15689e-05	    3.34498e-05	    4.33422e-06	    4.37966e-06	    4.56701e-06
    2.06687e+00	    1.40000e-01	    1.84725e-06	    1.93792e-06	    8.10036e-06	    8.24821e-06	    8.55921e-06	   -4.25070e-06	   -4.36333e-06	    2.81446e-05	    2.97871e-05	    3.86799e-06	    3.90741e-06	    4.07180e-06
    2.08612e+00	    1.40000e-01	    1.63026e-06	    1.70877e-06	    7.28253e-06	    7.41168e-06	    7.68708e-06	   -3.79359e-06	   -3.89340e-06	    2.50445e-05	    2.64758e-05	    3.44537e-06	    3.47950e-06	    3.62344e-06
    2.10567e+00	    1.40000e-01	    1.43590e-06	    1.50372e-06	    6.53489e-06	    6.64747e-06	    6.89084e-06	   -3.37899e-06	   -3.46727e-06	    2.22427e-05	    2.34874e-05	    3.06297e-06	    3.09245e-06	    3.21822e-06
    2.12552e+00	    1.40000e-01	    1.26212e-06	    1.32059e-06	    5.85265e-06	    5.95057e-06	    6.16515e-06	   -3.00375e-06	   -3.08158e-06	    1.97155e-05	    2.07955e-05	    2.71760e-06	    2.74301e-06	    2.85268e-06
    2.14568e+00	    1.40000e-01	    1.10706e-06	    1.15734e-06	    5.23125e-06	    5.31621e-06	    5.50499e-06	   -2.66468e-06	   -2.73316e-06	    1.74397e-05	    1.83749e-05	    2.40625e-06	    2.42810e-06	    2.52350e-06
    2.16616e+00	    1.40000e-01	    9.68959e-07	    1.01210e-06	    4.66628e-06	    4.73985e-06	    4.90560e-06	   -2.35891e-06	   -2.41901e-06	    1.53945e-05	    1.62025e-05	    2.12613e-06	    2.14487e-06	    2.22767e-06
    2.18696e+00	    1.40000e-01	    8.46224e-07	    8.83156e-07	    4.15364e-06	    4.21719e-06	    4.36235e-06	   -2.08373e-06	   -2.13635e-06	    1.35604e-05	    1.42566e-05	    1.87458e-06	    1.89062e-06	    1.96231e-06
    2.20809e+00	    1.40000e-01	    7.37368e-07	    7.68904e-07	    3.68939e-06	    3.74417e-06	    3.87100e-06	   -1.83658e-06	   -1.88252e-06	    1.19184e-05	    1.25172e-05	    1.64916e-06	    1.66286e-06	    1.72479e-06
    2.22956e+00	    1.40000e-01	    6.41028e-07	    6.67890e-07	    3.26984e-06	    3.31693e-06	    3.42746e-06	   -1.61508e-06	   -1.65509e-06	    1.04518e-05	    1.09654e-05	    1.44758e-06	    1.45925e-06	    1.51260e-06
    2.25138e+00	    1.40000e-01	    5.55953e-07	    5.78773e-07	    2.89147e-06	    2.93185e-06	    3.02796e-06	   -1.41697e-06	   -1.45173e-06	    9.14449e-06	    9.58414e-06	    1.26770e-06	    1.27761e-06	    1.32346e-06
    2.27356e+00	    1.40000e-01	    4.81003e-07	    5.00329e-07	    2.55096e-06	    2.58549e-06	    2.66884e-06	   -1.24021e-06	   -1.27031e-06	    7.98180e-06	    8.35697e-06	    1.10753e-06	    1.11593e-06	    1.15523e-06
    2.29611e+00	    1.40000e-01	    4.15110e-07	    4.31445e-07	    2.24520e-06	    2.27466e-06	    2.34674e-06	   -1.08284e-06	   -1.10884e-06	    6.95001e-06	    7.26932e-06	    9.65242e-07	    9.72335e-07	    1.00594e-06
    2.31904e+00	    1.40000e-01	    3.57324e-07	    3.71095e-07	    1.97127e-06	    1.99633e-06	    2.05850e-06	   -9.43057e-07	   -9.65431e-07	    6.03650e-06	    6.30753e-06	    8.39129e-07	    8.45104e-07	    8.73755e-07
    2.34236e+00	    1.40000e-01	    3.06771e-07	    3.18342e-07	    1.72642e-06	    1.74768e-06	    1.80116e-06	   -8.19198e-07	   -8.38407e-07	    5.22965e-06	    5.45904e-06	    7.27616e-07	    7.32637e-07	    7.56995e-07
    2.36607e+00	    1.40000e-01	    2.62657e-07	    2.72352e-07	    1.50809e-06	    1.52608e-06	    1.57195e-06	   -7.09718e-07	   -7.26160e-07	    4.51871e-06	    4.71233e-06	    6.29256e-07	    6.33462e-07	    6.54112e-07
    2.39020e+00	    1.40000e-01	    2.24261e-07	    2.32359e-07	    1.31389e-06	    1.32906e-06	    1.36829e-06	   -6.13192e-07	   -6.27222e-07	    3.89396e-06	    4.05679e-06	    5.42726e-07	    5.46229e-07	    5.63683e-07
    2.41475e+00	    1.40000e-01	    1.90931e-07	    1.97673e-07	    1.14158e-06	    1.15434e-06	    1.18778e-06	   -5.28310e-07	   -5.40244e-07	    3.34620e-06	    3.48281e-06	    4.66781e-07	    4.69702e-07	    4.84404e-07
    2.43973e+00	    1.40000e-01	    1.62077e-07	    1.67673e-07	    9.89095e-07	    9.99787e-07	    1.02822e-06	   -4.53866e-07	   -4.63984e-07	    2.86726e-06	    2.98153e-06	    4.00313e-07	    4.02736e-07	    4.15097e-07
    2.46516e+00	    1.40000e-01	    1.37167e-07	    1.41797e-07	    8.54513e-07	    8.63447e-07	    8.87535e-07	   -3.88758e-07	   -3.97306e-07	    2.44964e-06	    2.54503e-06	    3.42297e-07	    3.44301e-07	    3.54651e-07
    2.49105e+00	    1.40000e-01	    1.15725e-07	    1.19543e-07	    7.36058e-07	    7.43499e-07	    7.63843e-07	   -3.31974e-07	   -3.39173e-07	    2.08653e-06	    2.16580e-06	    2.91801e-07	    2.93454e-07	    3.02091e-07
    2.51741e+00	    1.40000e-01	    9.73227e-08	    1.00460e-07	    6.32093e-07	    6.38270e-07	    6.55395e-07	   -2.82597e-07	   -2.88637e-07	    1.77176e-06	    1.83738e-06	    2.47978e-07	    2.49336e-07	    2.56520e-07
    2.54425e+00	    1.40000e-01	    8.15775e-08	    8.41458e-08	    5.41117e-07	    5.46221e-07	    5.60586e-07	   -2.39787e-07	   -2.44837e-07	    1.49962e-06	    1.55378e-06	    2.10060e-07	    2.11172e-07	    2.17126e-07
    2.57159e+00	    1.40000e-01	    6.81480e-08	    7.02431e-08	    4.61744e-07	    4.65948e-07	    4.77950e-07	   -2.02788e-07	   -2.06994e-07	    1.26509e-06	    1.30968e-06	    1.77352e-07	    1.78259e-07	    1.83176e-07
    2.59945e+00	    1.40000e-01	    5.67309e-08	    5.84336e-08	    3.92698e-07	    3.96150e-07	    4.06158e-07	   -1.70911e-07	   -1.74401e-07	    1.06361e-06	    1.10016e-06	    1.49226e-07	    1.49963e-07	    1.54010e-07
    2.62784e+00	    1.40000e-01	    4.70575e-08	    4.84355e-08	    3.32834e-07	    3.35657e-07	    3.43961e-07	   -1.43537e-07	   -1.46422e-07	    8.91101e-07	    9.20932e-07	    1.25121e-07	    1.25718e-07	    1.29034e-07
    2.65677e+00	    1.40000e-01	    3.88888e-08	    4.00004e-08	    2.81100e-07	    2.83401e-07	    2.90265e-07	   -1.20111e-07	   -1.22485e-07	    7.43878e-07	    7.68135e-07	    1.04531e-07	    1.05012e-07	    1.07720e-07
    2.68627e+00	    1.40000e-01	    3.20156e-08	    3.29082e-08	    2.36544e-07	    2.38412e-07	    2.44062e-07	   -1.00132e-07	   -1.02078e-07	    6.18673e-07	    6.38317e-07	    8.70036e-08	    8.73900e-08	    8.95918e-08
    2.71635e+00	    1.40000e-01	    2.62536e-08	    2.69673e-08	    1.98304e-07	    1.99814e-07	    2.04447e-07	   -8.31550e-08	   -8.47435e-08	    5.12571e-07	    5.28415e-07	    7.21373e-08	    7.24463e-08	    7.42293e-08
    2.74703e+00	    1.40000e-01	    2.14414e-08	    2.20096e-08	    1.65604e-07	    1.66818e-07	    1.70601e-07	   -6.87818e-08	   -7.00726e-08	    4.22987e-07	    4.35714e-07	    5.95744e-08	    5.98204e-08	    6.12580e-08
    2.77832e+00	    1.40000e-01	    1.74381e-08	    1.78884e-08	    1.37743e-07	    1.38717e-07	    1.41792e-07	   -5.66598e-08	   -5.77040e-08	    3.47663e-07	    3.57813e-07	    4.89985e-08	    4.91935e-08	    5.03476e-08
    2.81025e+00	    1.40000e-01	    1.41211e-08	    1.44764e-08	    1.14098e-07	    1.14875e-07	    1.17363e-07	   -4.64767e-08	   -4.73175e-08	    2.84532e-07	    2.92637e-07	    4.01306e-08	    4.02844e-08	    4.12068e-08
    2.84283e+00	    1.40000e-01	    1.13841e-08	    1.16631e-08	    9.41102e-08	    9.47266e-08	    9.67313e-08	   -3.79572e-08	   -3.86310e-08	    2.31854e-07	    2.38276e-07	    3.27243e-08	    3.28451e-08	    3.35787e-08
    2.87610e+00	    1.40000e-01	    9.13551e-09	    9.35341e-09	    7.72828e-08	    7.77699e-08	    7.93770e-08	   -3.08597e-08	   -3.13969e-08	    1.88081e-07	    1.93145e-07	    2.65650e-08	    2.66594e-08	    2.72400e-08
    2.91007e+00	    1.40000e-01	    7.29625e-09	    7.46561e-09	    6.31763e-08	    6.35592e-08	    6.48412e-08	   -2.49725e-08	   -2.53986e-08	    1.51866e-07	    1.55838e-07	    2.14649e-08	    2.15383e-08	    2.19955e-08
    2.94476e+00	    1.40000e-01	    5.79871e-09	    5.92965e-09	    5.14025e-08	    5.17020e-08	    5.27195e-08	   -2.01112e-08	   -2.04474e-08	    1.22037e-07	    1.25137e-07	    1.72608e-08	    1.73175e-08	    1.76758e-08
    2.98020e+00	    1.40000e-01	    4.58519e-09	    4.68588e-09	    4.16206e-08	    4.18535e-08	    4.26571e-08	   -1.61156e-08	   -1.63795e-08	    9.75814e-08	    9.99886e-08	    1.38112e-08	    1.38549e-08	    1.41340e-08
    3.01641e+00	    1.40000e-01	    3.60663e-09	    3.68362e-09	    3.35308e-08	    3.37110e-08	    3.43420e-08	   -1.28474e-08	   -1.30534e-08	    7.76274e-08	    7.94860e-08	    1.09944e-08	    1.10278e-08	    1.12442e-08
    3.05343e+00	    1.40000e-01	    2.82154e-09	    2.88006e-09	    2.68732e-08	    2.70119e-08	    2.75046e-08	   -1.01876e-08	   -1.03473e-08	    6.14267e-08	    6.28536e-08	    8.70569e-09	    8.73107e-09	    8.89778e-09
    3.09127e+00	    1.40000e-01	    2.19497e-09	    2.23919e-09	    2.14218e-08	    2.15279e-08	    2.19104e-08	   -8.03388e-09	   -8.15709e-09	    4.83409e-08	    4.94300e-08	    6.85556e-09	    6.87475e-09	    7.00245e-09
    3.12997e+00	    1.40000e-01	    1.69762e-09	    1.73083e-09	    1.69813e-08	    1.70619e-08	    1.73571e-08	   -6.29938e-09	   -6.39381e-09	    3.78279e-08	    3.86542e-08	    5.36793e-09	    5.38236e-09	    5.47957e-09
    3.16956e+00	    1.40000e-01	    1.30508e-09	    1.32985e-09	    1.33837e-08	    1.34446e-08	    1.36709e-08	   -4.91020e-09	   -4.98211e-09	    2.94265e-08	    3.00493e-08	    4.17838e-09	    4.18914e-09	    4.26269e-09
    3.21007e+00	    1.40000e-01	    9.97054e-10	    1.01542e-09	    1.04852e-08	    1.05309e-08	    1.07034e-08	   -3.80396e-09	   -3.85835e-09	    2.27516e-08	    2.32180e-08	    3.23259e-09	    3.24058e-09	    3.29585e-09
    3.25153e+00	    1.40000e-01	    7.56813e-10	    7.70327e-10	    8.16362e-09	    8.19771e-09	    8.32823e-09	   -2.92827e-09	   -2.96913e-09	    1.74797e-08	    1.78266e-08	    2.48507e-09	    2.49095e-09	    2.53221e-09
    3.29398e+00	    1.40000e-01	    5.70614e-10	    5.80489e-10	    6.31523e-09	    6.34048e-09	    6.43857e-09	   -2.23934e-09	   -2.26982e-09	    1.33415e-08	    1.35977e-08	    1.89789e-09	    1.90219e-09	    1.93277e-09
    3.33746e+00	    1.40000e-01	    4.27239e-10	    4.34402e-10	    4.85279e-09	    4.87135e-09	    4.94455e-09	   -1.70082e-09	   -1.72339e-09	    1.01138e-08	    1.03016e-08	    1.43958e-09	    1.44271e-09	    1.46521e-09
    3.38201e+00	    1.40000e-01	    3.17584e-10	    3.22740e-10	    3.70321e-09	    3.71675e-09	    3.77097e-09	   -1.28266e-09	   -1.29924e-09	    7.61286e-09	    7.74960e-09	    1.08424e-09	    1.08649e-09	    1.10292e-09
    3.42766e+00	    1.40000e-01	    2.34308e-10	    2.37989e-10	    2.80564e-09	    2.81545e-09	    2.85529e-09	   -9.60193e-10	   -9.72277e-10	    5.68841e-09	    5.78714e-09	    8.10620e-10	    8.12230e-10	    8.24133e-10
    3.47445e+00	    1.40000e-01	    1.71525e-10	    1.74131e-10	    2.10975e-09	    2.11679e-09	    2.14584e-09	   -7.13308e-10	   -7.22043e-10	    4.21810e-09	    4.28880e-09	    6.01434e-10	    6.02575e-10	    6.11128e-10
    3.52245e+00	    1.40000e-01	    1.24551e-10	    1.26380e-10	    1.57414e-09	    1.57915e-09	    1.60015e-09	   -5.25695e-10	   -5.31956e-10	    3.10308e-09	    3.15329e-09	    4.42695e-10	    4.43497e-10	    4.49591e-10
    3.57168e+00	    1.40000e-01	    8.96814e-11	    9.09543e-11	    1.16501e-09	    1.16856e-09	    1.18361e-09	   -3.84230e-10	   -3.88677e-10	    2.26402e-09	    2.29936e-09	    3.23169e-10	    3.23728e-10	    3.28031e-10
    3.62220e+00	    1.40000e-01	    6.40102e-11	    6.48875e-11	    8.54976e-10	    8.57454e-10	    8.68144e-10	   -2.78421e-10	   -2.81551e-10	    1.63770e-09	    1.66235e-09	    2.33892e-10	    2.34278e-10	    2.37290e-10
    3.67407e+00	    1.40000e-01	    4.52720e-11	    4.58708e-11	    6.21953e-10	    6.23671e-10	    6.31192e-10	   -1.99946e-10	   -2.02127e-10	    1.17409e-09	    1.19112e-09	    1.67768e-10	    1.68032e-10	    1.70119e-10
    3.72735e+00	    1.40000e-01	    3.17160e-11	    3.21206e-11	    4.48313e-10	    4.49492e-10	    4.54732e-10	   -1.42252e-10	   -1.43757e-10	    8.33901e-10	    8.45550e-10	    1.19219e-10	    1.19398e-10	    1.20830e-10
    3.78207e+00	    1.40000e-01	    2.19999e-11	    2.22704e-11	    3.20078e-10	    3.20879e-10	    3.24493e-10	   -1.00224e-10	   -1.01251e-10	    5.86550e-10	    5.94437e-10	    8.38991e-11	    8.40189e-11	    8.49916e-11
    3.83833e+00	    1.40000e-01	    1.51034e-11	    1.52822e-11	    2.26257e-10	    2.26795e-10	    2.29261e-10	   -6.98977e-11	   -7.05920e-11	    4.08405e-10	    4.13686e-10	    5.84464e-11	    5.85259e-11	    5.91793e-11
    3.89616e+00	    1.40000e-01	    1.02575e-11	    1.03744e-11	    1.58281e-10	    1.58639e-10	    1.60303e-10	   -4.82332e-11	   -4.86968e-11	    2.81370e-10	    2.84868e-10	    4.02862e-11	    4.03383e-11	    4.07723e-11
    3.95566e+00	    1.40000e-01	    6.88835e-12	    6.96389e-12	    1.09530e-10	    1.09766e-10	    1.10875e-10	   -3.29166e-11	   -3.32225e-11	    1.91718e-10	    1.94007e-10	    2.74631e-11	    2.74968e-11	    2.77817e-11
    4.01689e+00	    1.40000e-01	    4.57172e-12	    4.61991e-12	    7.49389e-11	    7.50917e-11	    7.58230e-11	   -2.22051e-11	   -2.24045e-11	    1.29131e-10	    1.30611e-10	    1.85063e-11	    1.85279e-11	    1.87127e-11
    4.07992e+00	    1.40000e-01	    2.99710e-12	    3.02745e-12	    5.06665e-11	    5.07645e-11	    5.12403e-11	   -1.47990e-11	   -1.49273e-11	    8.59315e-11	    8.68760e-11	    1.23208e-11	    1.23345e-11	    1.24527e-11
    4.14485e+00	    1.40000e-01	    1.93970e-12	    1.95855e-12	    3.38325e-11	    3.38945e-11	    3.42000e-11	   -9.73889e-12	   -9.82035e-12	    5.64656e-11	    5.70604e-11	    8.09963e-12	    8.10814e-12	    8.18284e-12
    4.21176e+00	    1.40000e-01	    1.23857e-12	    1.25011e-12	    2.22994e-11	    2.23381e-11	    2.25315e-11	   -6.32449e-12	   -6.37547e-12	    3.66156e-11	    3.69850e-11	    5.25458e-12	    5.25981e-12	    5.30633e-12
    4.28075e+00	    1.40000e-01	    7.79785e-13	    7.86745e-13	    1.44985e-11	    1.45224e-11	    1.46431e-11	   -4.05047e-12	   -4.08190e-12	    2.34167e-11	    2.36427e-11	    3.36189e-12	    3.36506e-12	    3.39361e-12
    4.35191e+00	    1.40000e-01	    4.83733e-13	    4.87866e-13	    9.29265e-12	    9.30707e-12	    9.38128e-12	   -2.55656e-12	   -2.57565e-12	    1.47594e-11	    1.48956e-11	    2.11987e-12	    2.12176e-12	    2.13901e-12
    4.42535e+00	    1.40000e-01	    2.95458e-13	    2.97872e-13	    5.86718e-12	    5.87578e-12	    5.92067e-12	   -1.58915e-12	   -1.60055e-12	    9.16184e-12	    9.24257e-12	    1.31644e-12	    1.31755e-12	    1.32780e-12
    4.50119e+00	    1.40000e-01	    1.77545e-13	    1.78932e-13	    3.64641e-12	    3.65145e-12	    3.67816e-12	   -9.72078e-13	   -9.78773e-13	    5.59675e-12	    5.64380e-12	    8.04503e-13	    8.05143e-13	    8.11137e-13
    4.57954e+00	    1.40000e-01	    1.04879e-13	    1.05660e-13	    2.22893e-12	    2.23183e-12	    2.24744e-12	   -5.84666e-13	   -5.88527e-13	    3.36180e-12	    3.38875e-12	    4.83430e-13	    4.83793e-13	    4.87234e-13
    4.66054e+00	    1.40000e-01	    6.08479e-14	    6.12801e-14	    1.33889e-12	    1.34054e-12	    1.34949e-12	   -3.45466e-13	   -3.47651e-13	    1.98387e-12	    1.99901e-12	    2.85391e-13	    2.85593e-13	    2.87531e-13
    4.74432e+00	    1.40000e-01	    3.46396e-14	    3.48740e-14	    7.89608e-13	    7.90522e-13	    7.95559e-13	   -2.00349e-13	   -2.01562e-13	    1.14908e-12	    1.15742e-12	    1.65363e-13	    1.65473e-13	    1.66544e-13
    4.83103e+00	    1.40000e-01	    1.93299e-14	    1.94543e-14	    4.56734e-13	    4.57231e-13	    4.60007e-13	   -1.13925e-13	   -1.14584e-13	    6.52603e-13	    6.57103e-13	    9.39496e-14	    9.40085e-14	    9.45878e-14
    4.92084e+00	    1.40000e-01	    1.05619e-14	    1.06265e-14	    2.58845e-13	    2.59109e-13	    2.60606e-13	   -6.34498e-14	   -6.38000e-14	    3.63030e-13	    3.65406e-13	    5.22807e-14	    5.23115e-14	    5.26181e-14
    5.01391e+00	    1.40000e-01	    5.64427e-15	    5.67702e-15	    1.43563e-13	    1.43700e-13	    1.44490e-13	   -3.45719e-14	   -3.47537e-14	    1.97574e-13	    1.98799e-13	    2.84628e-14	    2.84785e-14	    2.86370e-14
    5.11042e+00	    1.40000e-01	    2.94631e-15	    2.96251e-15	    7.78282e-14	    7.78981e-14	    7.83042e-14	   -1.84058e-14	   -1.84980e-14	    1.05068e-13	    1.05684e-13	    1.51413e-14	    1.51491e-14	    1.52291e-14
    5.21058e+00	    1.40000e-01	    1.50027e-15	    1.50807e-15	    4.11860e-14	    4.12206e-14	    4.14243e-14	   -9.56199e-15	   -9.60749e-15	    5.45232e-14	    5.48256e-14	    7.85987e-15	    7.86369e-15	    7.90301e-15
    5.31459e+00	    1.40000e-01	    7.44124e-16	    7.47782e-16	    2.12451e-14	    2.12618e-14	    2.13612e-14	   -4.84031e-15	   -4.86217e-15	    2.75701e-14	    2.77145e-14	    3.97567e-15	    3.97748e-15	    3.99629e-15
    5.42269e+00	    1.40000e-01	    3.58943e-16	    3.60608e-16	    1.06658e-14	    1.06736e-14	    1.07208e-14	   -2.38371e-15	   -2.39391e-15	    1.35633e-14	    1.36302e-14	    1.95645e-15	    1.95729e-15	    1.96602e-15
    5.53513e+00	    1.40000e-01	    1.68101e-16	    1.68835e-16	    5.20271e-15	    5.20626e-15	    5.22796e-15	   -1.14014e-15	   -1.14475e-15	    6.48079e-15	    6.51087e-15	    9.35107e-16	    9.35477e-16	    9.39414e-16
    5.65217e+00	    1.40000e-01	    7.62918e-17	    7.66052e-17	    2.46138e-15	    2.46295e-15	    2.47261e-15	   -5.28679e-16	   -5.30698e-16	    3.00216e-15	    3.01524e-15	    4.33303e-16	    4.33463e-16	    4.35180e-16
    5.77410e+00	    1.40000e-01	    3.34876e-17	    3.36167e-17	    1.12717e-15	    1.12784e-15	    1.13200e-15	   -2.37190e-16	   -2.38044e-16	    1.34562e-15	    1.35112e-15	    1.94268e-16	    1.94335e-16	    1.95058e-16
    5.90125e+00	    1.40000e-01	    1.41855e-17	    1.42367e-17	    4.98583e-16	    4.98857e-16	    5.00582e-16	   -1.02740e-16	   -1.03087e-16	    5.82321e-16	    5.84547e-16	    8.40928e-17	    8.41195e-17	    8.44128e-17
    6.03396e+00	    1.40000e-01	    5.78546e-18	    5.80497e-18	    2.12527e-16	    2.12635e-16	    2.13323e-16	   -4.28648e-17	   -4.30008e-17	    2.42736e-16	    2.43603e-16	    3.50626e-17	    3.50729e-17	    3.51873e-17
    6.17261e+00	    1.40000e-01	    2.26591e-18	    2.27304e-18	    8.70799e-17	    8.71207e-17	    8.73842e-17	   -1.71820e-17	   -1.72330e-17	    9.72146e-17	    9.75379e-17	    1.40459e-17	    1.40497e-17	    1.40925e-17
    6.31760e+00	    1.40000e-01	    8.49841e-19	    8.52329e-19	    3.42017e-17	    3.42165e-17	    3.43129e-17	   -6.59851e-18	   -6.61681e-18	    3.73028e-17	    3.74180e-17	    5.39094e-18	    5.39229e-18	    5.40758e-18
    6.46939e+00	    1.40000e-01	    3.04289e-19	    3.05116e-19	    1.28377e-17	    1.28428e-17	    1.28764e-17	   -2.42041e-18	   -2.42667e-18	    1.36721e-17	    1.37113e-17	    1.97633e-18	    1.97679e-18	    1.98199e-18
    6.62847e+00	    1.40000e-01	    1.03662e-19	    1.03923e-19	    4.58977e-18	    4.59144e-18	    4.60258e-18	   -8.45180e-19	   -8.47209e-19	    4.77044e-18	    4.78308e-18	    6.89732e-19	    6.89878e-19	    6.91560e-19
    6.79539e+00	    1.40000e-01	    3.34755e-20	    3.35532e-20	    1.55728e-18	    1.55781e-18	    1.56130e-18	   -2.79913e-19	   -2.80535e-19	    1.57873e-18	    1.58259e-18	    2.28309e-19	    2.28354e-19	    2.28868e-19
    6.97073e+00	    1.40000e-01	    1.02053e-20	    1.02271e-20	    4.99421e-19	    4.99573e-19	    5.00605e-19	   -8.75677e-20	   -8.77475e-20	    4.93537e-19	    4.94645e-19	    7.13878e-20	    7.14004e-20	    7.15485e-20
    7.15517e+00	    1.40000e-01	    2.92383e-21	    2.92956e-21	    1.50712e-19	    1.50753e-19	    1.51039e-19	   -2.57608e-20	   -2.58095e-20	    1.45090e-19	    1.45389e-19	    2.09908e-20	    2.09941e-20	    2.10341e-20
    7.34943e+00	    1.40000e-01	    7.83306e-22	    7.84708e-22	    4.25858e-20	    4.25965e-20	    4.26704e-20	   -7.09108e-21	   -7.10336e-21	    3.99123e-20	    3.99873e-20	    5.77534e-21	    5.77619e-21	    5.78624e-21
    7.55432e+00	    1.40000e-01	    1.95155e-22	    1.95473e-22	    1.12066e-20	    1.12092e-20	    1.12269e-20	   -1.81650e-21	   -1.81937e-21	    1.02179e-20	    1.02353e-20	    1.47880e-21	    1.47899e-21	    1.48134e-21
    7.77076e+00	    1.40000e-01	    4.49330e-23	    4.49994e-23	    2.72943e-21	    2.72999e-21	    2.73392e-21	   -4.30338e-22	   -4.30958e-22	    2.41924e-21	    2.42299e-21	    3.50187e-22	    3.50229e-22	    3.50734e-22
    7.99974e+00	    1.40000e-01	    9.49486e-24	    9.50752e-24	    6.11079e-22	    6.11191e-22	    6.11985e-22	   -9.36396e-23	   -9.37617e-23	    5.26119e-22	    5.26854e-22	    7.61685e-23	    7.61767e-23	    7.62757e-23
    8.24239e+00	    1.40000e-01	    1.83414e-24	    1.83644e-24	    1.25284e-22	    1.25306e-22	    1.25459e-22	   -1.86394e-23	   -1.86623e-23	    1.04693e-22	    1.04830e-22	    1.51582e-23	    1.51598e-23	    1.51783e-23
    8.50000e+00	    1.40000e-01	    3.17691e-25	    3.18035e-25	    2.30724e-23	    2.30758e-23	    2.31001e-23	   -3.33066e-24	   -3.33421e-24	    1.86945e-23	    1.87157e-23	    2.70727e-24	    2.70750e-24	    2.71036e-24